#
# There is insufficient memory for the Java Runtime Environment to continue.
# Native memory allocation (malloc) failed to allocate 1492176 bytes for Chunk::new
# Possible reasons:
#   The system is out of physical RAM or swap space
#   The process is running with CompressedOops enabled, and the Java Heap may be blocking the growth of the native heap
# Possible solutions:
#   Reduce memory load on the system
#   Increase physical memory or swap space
#   Check if swap backing store is full
#   Decrease Java heap size (-Xmx/-Xms)
#   Decrease number of Java threads
#   Decrease Java thread stack sizes (-Xss)
#   Set larger code cache with -XX:ReservedCodeCacheSize=
#   JVM is running with Unscaled Compressed Oops mode in which the Java heap is
#     placed in the first 4GB address space. The Java Heap base address is the
#     maximum limit for the native heap growth. Please use -XX:HeapBaseMinAddress
#     to set the Java Heap base and to place the Java Heap above 4GB virtual address.
# This output file may be truncated or incomplete.
#
#  Out of Memory Error (./src/hotspot/share/memory/arena.cpp:197), pid=11924, tid=976
#
# JRE version: OpenJDK Runtime Environment (11.0.8+10) (build 11.0.8+10-b944.6842174)
# Java VM: OpenJDK 64-Bit Server VM (11.0.8+10-b944.6842174, mixed mode, tiered, compressed oops, g1 gc, windows-amd64)
# No core dump will be written. Minidumps are not enabled by default on client versions of Windows
#

---------------  S U M M A R Y ------------

Command Line: --add-opens=java.base/java.util=ALL-UNNAMED --add-opens=java.base/java.lang=ALL-UNNAMED --add-opens=java.base/java.lang.invoke=ALL-UNNAMED --add-opens=java.prefs/java.util.prefs=ALL-UNNAMED -Xmx2048m -Dfile.encoding=UTF-8 -Duser.country=GB -Duser.language=en -Duser.variant org.gradle.launcher.daemon.bootstrap.GradleDaemon 6.5

Host: Intel(R) Core(TM) i7-7700HQ CPU @ 2.80GHz, 8 cores, 7G,  Windows 10 , 64 bit Build 19041 (10.0.19041.1023)
Time: Mon Jun 28 21:51:26 2021 GTB Summer Time elapsed time: 15 seconds (0d 0h 0m 15s)

---------------  T H R E A D  ---------------

Current thread (0x000001cf54630800):  JavaThread "C2 CompilerThread1" daemon [_thread_in_native, id=976, stack(0x0000008a40f00000,0x0000008a41000000)]


Current CompileTask:
C2:  15316 6419       4       sun.reflect.generics.parser.SignatureParser::parseFieldTypeSignature (73 bytes)

Stack: [0x0000008a40f00000,0x0000008a41000000]
Native frames: (J=compiled Java code, j=interpreted, Vv=VM code, C=native code)
V  [jvm.dll+0x5de50a]
V  [jvm.dll+0x7122f5]
V  [jvm.dll+0x71384d]
V  [jvm.dll+0x713f03]
V  [jvm.dll+0x23e728]
V  [jvm.dll+0xb899c]
V  [jvm.dll+0xb8e9c]
V  [jvm.dll+0x35024d]
V  [jvm.dll+0x193ebc]
V  [jvm.dll+0x1f780e]
V  [jvm.dll+0x1f68d4]
V  [jvm.dll+0x17f32c]
V  [jvm.dll+0x205047]
V  [jvm.dll+0x203891]
V  [jvm.dll+0x6dad3f]
V  [jvm.dll+0x6d3895]
V  [jvm.dll+0x5dd4a6]
C  [ucrtbase.dll+0x21bb2]
C  [KERNEL32.DLL+0x17034]
C  [ntdll.dll+0x52651]


---------------  P R O C E S S  ---------------

Threads class SMR info:
_java_thread_list=0x000001cf59d42620, length=156, elements={
0x000001cf373df000, 0x000001cf516d2800, 0x000001cf516d5800, 0x000001cf52042800,
0x000001cf52044000, 0x000001cf52046800, 0x000001cf5204b000, 0x000001cf52050000,
0x000001cf521a2800, 0x000001cf521a5800, 0x000001cf538c9000, 0x000001cf53df1800,
0x000001cf5321f800, 0x000001cf53ea1800, 0x000001cf53e54800, 0x000001cf54428800,
0x000001cf54429000, 0x000001cf53680000, 0x000001cf5394d800, 0x000001cf53cbb800,
0x000001cf53f21800, 0x000001cf53f23000, 0x000001cf53f24000, 0x000001cf53f28000,
0x000001cf53f27000, 0x000001cf53f24800, 0x000001cf53f25800, 0x000001cf53f22000,
0x000001cf53f26000, 0x000001cf53c5d800, 0x000001cf53c62800, 0x000001cf53c5e800,
0x000001cf53c62000, 0x000001cf53c60000, 0x000001cf53c5d000, 0x000001cf53c64000,
0x000001cf53c65000, 0x000001cf53c61000, 0x000001cf53c63800, 0x000001cf53c5f800,
0x000001cf53c6a000, 0x000001cf53c6a800, 0x000001cf53c69000, 0x000001cf53c66800,
0x000001cf53c66000, 0x000001cf53c67800, 0x000001cf53c68800, 0x000001cf54788800,
0x000001cf5478a000, 0x000001cf54786000, 0x000001cf54789800, 0x000001cf54784800,
0x000001cf54785800, 0x000001cf5478b000, 0x000001cf5478c000, 0x000001cf5478c800,
0x000001cf54787800, 0x000001cf54787000, 0x000001cf54791800, 0x000001cf5478d800,
0x000001cf54790000, 0x000001cf54790800, 0x000001cf5478f000, 0x000001cf54792800,
0x000001cf54793000, 0x000001cf5478e000, 0x000001cf57d53000, 0x000001cf57d54000,
0x000001cf57d55000, 0x000001cf57d51800, 0x000001cf57d55800, 0x000001cf57d52800,
0x000001cf57d50000, 0x000001cf57d50800, 0x000001cf57d5c000, 0x000001cf57d58000,
0x000001cf57d59000, 0x000001cf57d56800, 0x000001cf57d59800, 0x000001cf57d57800,
0x000001cf57d5e800, 0x000001cf57d5a800, 0x000001cf57d5b800, 0x000001cf57d5d000,
0x000001cf57d5e000, 0x000001cf52e94800, 0x000001cf52e95800, 0x000001cf52e96000,
0x000001cf52e97000, 0x000001cf52e91000, 0x000001cf52e97800, 0x000001cf52e93000,
0x000001cf52e92000, 0x000001cf52e98800, 0x000001cf52e99800, 0x000001cf52e93800,
0x000001cf52e9a000, 0x000001cf52e9b000, 0x000001cf52e9c800, 0x000001cf52e9e000,
0x000001cf52e9c000, 0x000001cf52e9f000, 0x000001cf52e9d800, 0x000001cf52ea0000,
0x000001cf52b20000, 0x000001cf52b1c000, 0x000001cf52b21000, 0x000001cf52b1b000,
0x000001cf52b1f000, 0x000001cf52b21800, 0x000001cf52b1d000, 0x000001cf52b22800,
0x000001cf52b23800, 0x000001cf52b1d800, 0x000001cf52b24000, 0x000001cf52b1e800,
0x000001cf52b25000, 0x000001cf52b29000, 0x000001cf52b26800, 0x000001cf52b2a000,
0x000001cf52b28000, 0x000001cf52b26000, 0x000001cf52b27800, 0x000001cf528b7000,
0x000001cf528b2000, 0x000001cf528b6000, 0x000001cf528b8800, 0x000001cf528b5000,
0x000001cf528b7800, 0x000001cf528b4800, 0x000001cf528b2800, 0x000001cf528b9800,
0x000001cf528b3800, 0x000001cf528c0000, 0x000001cf528bc800, 0x000001cf528ba000,
0x000001cf528bf000, 0x000001cf528bd800, 0x000001cf528c0800, 0x000001cf528bb000,
0x000001cf528bb800, 0x000001cf528be000, 0x000001cf5653b000, 0x000001cf5653c000,
0x000001cf56538800, 0x000001cf5653c800, 0x000001cf56539800, 0x000001cf56537800,
0x000001cf56537000, 0x000001cf5653a000, 0x000001cf5653d800, 0x000001cf56455800,
0x000001cf56454000, 0x000001cf54630800, 0x000001cf56458000, 0x000001cf56459000
}

Java Threads: ( => current thread )
  0x000001cf373df000 JavaThread "main" [_thread_blocked, id=9396, stack(0x0000008a36500000,0x0000008a36600000)]
  0x000001cf516d2800 JavaThread "Reference Handler" daemon [_thread_blocked, id=19468, stack(0x0000008a36c00000,0x0000008a36d00000)]
  0x000001cf516d5800 JavaThread "Finalizer" daemon [_thread_blocked, id=14108, stack(0x0000008a36d00000,0x0000008a36e00000)]
  0x000001cf52042800 JavaThread "Signal Dispatcher" daemon [_thread_blocked, id=21196, stack(0x0000008a36e00000,0x0000008a36f00000)]
  0x000001cf52044000 JavaThread "Attach Listener" daemon [_thread_blocked, id=17688, stack(0x0000008a36f00000,0x0000008a37000000)]
  0x000001cf52046800 JavaThread "C2 CompilerThread0" daemon [_thread_in_native, id=21240, stack(0x0000008a37000000,0x0000008a37100000)]
  0x000001cf5204b000 JavaThread "C1 CompilerThread0" daemon [_thread_in_vm, id=1704, stack(0x0000008a37100000,0x0000008a37200000)]
  0x000001cf52050000 JavaThread "Sweeper thread" daemon [_thread_blocked, id=9208, stack(0x0000008a37200000,0x0000008a37300000)]
  0x000001cf521a2800 JavaThread "Common-Cleaner" daemon [_thread_blocked, id=8096, stack(0x0000008a37300000,0x0000008a37400000)]
  0x000001cf521a5800 JavaThread "Service Thread" daemon [_thread_blocked, id=5068, stack(0x0000008a37400000,0x0000008a37500000)]
  0x000001cf538c9000 JavaThread "Daemon health stats" [_thread_blocked, id=12460, stack(0x0000008a37a00000,0x0000008a37b00000)]
  0x000001cf53df1800 JavaThread "Incoming local TCP Connector on port 60743" [_thread_in_native, id=11880, stack(0x0000008a37b00000,0x0000008a37c00000)]
  0x000001cf5321f800 JavaThread "Daemon periodic checks" [_thread_blocked, id=15356, stack(0x0000008a37d00000,0x0000008a37e00000)]
  0x000001cf53ea1800 JavaThread "Daemon" [_thread_blocked, id=1808, stack(0x0000008a37e00000,0x0000008a37f00000)]
  0x000001cf53e54800 JavaThread "Handler for socket connection from /127.0.0.1:60743 to /127.0.0.1:60744" [_thread_in_native, id=16136, stack(0x0000008a37f00000,0x0000008a38000000)]
  0x000001cf54428800 JavaThread "Cancel handler" [_thread_blocked, id=15508, stack(0x0000008a38000000,0x0000008a38100000)]
  0x000001cf54429000 JavaThread "Daemon worker" [_thread_in_vm, id=12452, stack(0x0000008a38100000,0x0000008a38200000)]
  0x000001cf53680000 JavaThread "Asynchronous log dispatcher for DefaultDaemonConnection: socket connection from /127.0.0.1:60743 to /127.0.0.1:60744" [_thread_blocked, id=14628, stack(0x0000008a38200000,0x0000008a38300000)]
  0x000001cf5394d800 JavaThread "Stdin handler" [_thread_blocked, id=13748, stack(0x0000008a38300000,0x0000008a38400000)]
  0x000001cf53cbb800 JavaThread "Thread-8" [_thread_blocked, id=2464, stack(0x0000008a38400000,0x0000008a38500000)]
  0x000001cf53f21800 JavaThread "Cache worker for journal cache (C:\Users\DANY99SR\.gradle\caches\journal-1)" [_thread_blocked, id=15572, stack(0x0000008a38500000,0x0000008a38600000)]
  0x000001cf53f23000 JavaThread "File lock request listener" [_thread_in_native, id=2072, stack(0x0000008a38b00000,0x0000008a38c00000)]
  0x000001cf53f24000 JavaThread "Cache worker for file hash cache (C:\Users\DANY99SR\.gradle\caches\6.5\fileHashes)" [_thread_blocked, id=9684, stack(0x0000008a38c00000,0x0000008a38d00000)]
  0x000001cf53f28000 JavaThread "Cache worker for file hash cache (D:\FACULTATE COZMA DANIEL NECULAI\Anul 3\Sem 1\Pam Tabarca\Aplicatie Android Licenta\Robot\.gradle\6.5\fileHashes)" [_thread_blocked, id=15488, stack(0x0000008a38e00000,0x0000008a38f00000)]
  0x000001cf53f27000 JavaThread "Cache worker for checksums cache (D:\FACULTATE COZMA DANIEL NECULAI\Anul 3\Sem 1\Pam Tabarca\Aplicatie Android Licenta\Robot\.gradle\checksums)" [_thread_blocked, id=7868, stack(0x0000008a38f00000,0x0000008a39000000)]
  0x000001cf53f24800 JavaThread "Cache worker for cache directory md-supplier (C:\Users\DANY99SR\.gradle\caches\6.5\md-supplier)" [_thread_blocked, id=12548, stack(0x0000008a39000000,0x0000008a39100000)]
  0x000001cf53f25800 JavaThread "Cache worker for cache directory md-rule (C:\Users\DANY99SR\.gradle\caches\6.5\md-rule)" [_thread_blocked, id=19108, stack(0x0000008a39100000,0x0000008a39200000)]
  0x000001cf53f22000 JavaThread "Cache worker for execution history cache (C:\Users\DANY99SR\.gradle\caches\6.5\executionHistory)" [_thread_blocked, id=19880, stack(0x0000008a39200000,0x0000008a39300000)]
  0x000001cf53f26000 JavaThread "jar transforms" [_thread_blocked, id=15752, stack(0x0000008a39300000,0x0000008a39400000)]
  0x000001cf53c5d800 JavaThread "Cache worker for file content cache (C:\Users\DANY99SR\.gradle\caches\6.5\fileContent)" [_thread_blocked, id=18092, stack(0x0000008a39400000,0x0000008a39500000)]
  0x000001cf53c62800 JavaThread "Build operations" [_thread_blocked, id=3916, stack(0x0000008a39500000,0x0000008a39600000)]
  0x000001cf53c5e800 JavaThread "Build operations Thread 2" [_thread_blocked, id=14144, stack(0x0000008a39600000,0x0000008a39700000)]
  0x000001cf53c62000 JavaThread "Build operations Thread 3" [_thread_blocked, id=6552, stack(0x0000008a39700000,0x0000008a39800000)]
  0x000001cf53c60000 JavaThread "Build operations Thread 4" [_thread_blocked, id=15160, stack(0x0000008a39800000,0x0000008a39900000)]
  0x000001cf53c5d000 JavaThread "Build operations Thread 5" [_thread_blocked, id=19516, stack(0x0000008a39900000,0x0000008a39a00000)]
  0x000001cf53c64000 JavaThread "Build operations Thread 6" [_thread_blocked, id=19732, stack(0x0000008a39a00000,0x0000008a39b00000)]
  0x000001cf53c65000 JavaThread "Build operations Thread 7" [_thread_blocked, id=14400, stack(0x0000008a39b00000,0x0000008a39c00000)]
  0x000001cf53c61000 JavaThread "Build operations Thread 8" [_thread_blocked, id=14652, stack(0x0000008a39c00000,0x0000008a39d00000)]
  0x000001cf53c63800 JavaThread "jar transforms Thread 2" [_thread_blocked, id=2816, stack(0x0000008a39d00000,0x0000008a39e00000)]
  0x000001cf53c5f800 JavaThread "jar transforms Thread 3" [_thread_blocked, id=5976, stack(0x0000008a39e00000,0x0000008a39f00000)]
  0x000001cf53c6a000 JavaThread "jar transforms Thread 4" [_thread_blocked, id=20768, stack(0x0000008a39f00000,0x0000008a3a000000)]
  0x000001cf53c6a800 JavaThread "jar transforms Thread 5" [_thread_blocked, id=12740, stack(0x0000008a3a000000,0x0000008a3a100000)]
  0x000001cf53c69000 JavaThread "jar transforms Thread 6" [_thread_blocked, id=16956, stack(0x0000008a3a100000,0x0000008a3a200000)]
  0x000001cf53c66800 JavaThread "jar transforms Thread 7" [_thread_blocked, id=16936, stack(0x0000008a3a200000,0x0000008a3a300000)]
  0x000001cf53c66000 JavaThread "jar transforms Thread 8" [_thread_blocked, id=14704, stack(0x0000008a3a300000,0x0000008a3a400000)]
  0x000001cf53c67800 JavaThread "jar transforms Thread 9" [_thread_blocked, id=9192, stack(0x0000008a3a400000,0x0000008a3a500000)]
  0x000001cf53c68800 JavaThread "jar transforms Thread 10" [_thread_blocked, id=19344, stack(0x0000008a3a500000,0x0000008a3a600000)]
  0x000001cf54788800 JavaThread "jar transforms Thread 11" [_thread_blocked, id=5956, stack(0x0000008a3a600000,0x0000008a3a700000)]
  0x000001cf5478a000 JavaThread "jar transforms Thread 12" [_thread_blocked, id=14360, stack(0x0000008a3a700000,0x0000008a3a800000)]
  0x000001cf54786000 JavaThread "jar transforms Thread 13" [_thread_blocked, id=8884, stack(0x0000008a3a800000,0x0000008a3a900000)]
  0x000001cf54789800 JavaThread "jar transforms Thread 14" [_thread_blocked, id=19180, stack(0x0000008a3a900000,0x0000008a3aa00000)]
  0x000001cf54784800 JavaThread "jar transforms Thread 15" [_thread_blocked, id=19072, stack(0x0000008a3aa00000,0x0000008a3ab00000)]
  0x000001cf54785800 JavaThread "jar transforms Thread 16" [_thread_blocked, id=18516, stack(0x0000008a3ab00000,0x0000008a3ac00000)]
  0x000001cf5478b000 JavaThread "jar transforms Thread 17" [_thread_blocked, id=15736, stack(0x0000008a3ac00000,0x0000008a3ad00000)]
  0x000001cf5478c000 JavaThread "jar transforms Thread 18" [_thread_blocked, id=13808, stack(0x0000008a3ad00000,0x0000008a3ae00000)]
  0x000001cf5478c800 JavaThread "jar transforms Thread 19" [_thread_blocked, id=9660, stack(0x0000008a3ae00000,0x0000008a3af00000)]
  0x000001cf54787800 JavaThread "jar transforms Thread 20" [_thread_blocked, id=18472, stack(0x0000008a3af00000,0x0000008a3b000000)]
  0x000001cf54787000 JavaThread "jar transforms Thread 21" [_thread_blocked, id=1064, stack(0x0000008a3b000000,0x0000008a3b100000)]
  0x000001cf54791800 JavaThread "jar transforms Thread 22" [_thread_blocked, id=15000, stack(0x0000008a3b100000,0x0000008a3b200000)]
  0x000001cf5478d800 JavaThread "jar transforms Thread 23" [_thread_blocked, id=17376, stack(0x0000008a3b200000,0x0000008a3b300000)]
  0x000001cf54790000 JavaThread "jar transforms Thread 24" [_thread_blocked, id=13004, stack(0x0000008a3b300000,0x0000008a3b400000)]
  0x000001cf54790800 JavaThread "jar transforms Thread 25" [_thread_blocked, id=18024, stack(0x0000008a3b400000,0x0000008a3b500000)]
  0x000001cf5478f000 JavaThread "jar transforms Thread 26" [_thread_blocked, id=19392, stack(0x0000008a3b500000,0x0000008a3b600000)]
  0x000001cf54792800 JavaThread "jar transforms Thread 27" [_thread_blocked, id=1836, stack(0x0000008a3b600000,0x0000008a3b700000)]
  0x000001cf54793000 JavaThread "jar transforms Thread 28" [_thread_blocked, id=20636, stack(0x0000008a3b700000,0x0000008a3b800000)]
  0x000001cf5478e000 JavaThread "jar transforms Thread 29" [_thread_blocked, id=8680, stack(0x0000008a3b800000,0x0000008a3b900000)]
  0x000001cf57d53000 JavaThread "jar transforms Thread 30" [_thread_blocked, id=2084, stack(0x0000008a3b900000,0x0000008a3ba00000)]
  0x000001cf57d54000 JavaThread "jar transforms Thread 31" [_thread_blocked, id=18508, stack(0x0000008a3ba00000,0x0000008a3bb00000)]
  0x000001cf57d55000 JavaThread "jar transforms Thread 32" [_thread_blocked, id=5052, stack(0x0000008a3bb00000,0x0000008a3bc00000)]
  0x000001cf57d51800 JavaThread "jar transforms Thread 33" [_thread_blocked, id=20180, stack(0x0000008a3bc00000,0x0000008a3bd00000)]
  0x000001cf57d55800 JavaThread "jar transforms Thread 34" [_thread_blocked, id=11800, stack(0x0000008a3bd00000,0x0000008a3be00000)]
  0x000001cf57d52800 JavaThread "jar transforms Thread 35" [_thread_blocked, id=17296, stack(0x0000008a3be00000,0x0000008a3bf00000)]
  0x000001cf57d50000 JavaThread "jar transforms Thread 36" [_thread_blocked, id=14988, stack(0x0000008a3bf00000,0x0000008a3c000000)]
  0x000001cf57d50800 JavaThread "jar transforms Thread 37" [_thread_blocked, id=9288, stack(0x0000008a3c000000,0x0000008a3c100000)]
  0x000001cf57d5c000 JavaThread "jar transforms Thread 38" [_thread_blocked, id=20304, stack(0x0000008a3c100000,0x0000008a3c200000)]
  0x000001cf57d58000 JavaThread "jar transforms Thread 39" [_thread_blocked, id=19320, stack(0x0000008a3c200000,0x0000008a3c300000)]
  0x000001cf57d59000 JavaThread "jar transforms Thread 40" [_thread_blocked, id=20580, stack(0x0000008a3c300000,0x0000008a3c400000)]
  0x000001cf57d56800 JavaThread "jar transforms Thread 41" [_thread_blocked, id=10196, stack(0x0000008a3c400000,0x0000008a3c500000)]
  0x000001cf57d59800 JavaThread "jar transforms Thread 42" [_thread_blocked, id=6908, stack(0x0000008a3c500000,0x0000008a3c600000)]
  0x000001cf57d57800 JavaThread "jar transforms Thread 43" [_thread_blocked, id=21476, stack(0x0000008a3c600000,0x0000008a3c700000)]
  0x000001cf57d5e800 JavaThread "jar transforms Thread 44" [_thread_blocked, id=20468, stack(0x0000008a3c700000,0x0000008a3c800000)]
  0x000001cf57d5a800 JavaThread "jar transforms Thread 45" [_thread_blocked, id=1408, stack(0x0000008a3c800000,0x0000008a3c900000)]
  0x000001cf57d5b800 JavaThread "jar transforms Thread 46" [_thread_blocked, id=10008, stack(0x0000008a3c900000,0x0000008a3ca00000)]
  0x000001cf57d5d000 JavaThread "jar transforms Thread 47" [_thread_blocked, id=9188, stack(0x0000008a3ca00000,0x0000008a3cb00000)]
  0x000001cf57d5e000 JavaThread "jar transforms Thread 48" [_thread_blocked, id=10120, stack(0x0000008a3cb00000,0x0000008a3cc00000)]
  0x000001cf52e94800 JavaThread "jar transforms Thread 49" [_thread_blocked, id=13212, stack(0x0000008a3cc00000,0x0000008a3cd00000)]
  0x000001cf52e95800 JavaThread "jar transforms Thread 50" [_thread_blocked, id=9852, stack(0x0000008a3cd00000,0x0000008a3ce00000)]
  0x000001cf52e96000 JavaThread "jar transforms Thread 51" [_thread_blocked, id=17852, stack(0x0000008a3ce00000,0x0000008a3cf00000)]
  0x000001cf52e97000 JavaThread "jar transforms Thread 52" [_thread_blocked, id=16500, stack(0x0000008a3cf00000,0x0000008a3d000000)]
  0x000001cf52e91000 JavaThread "jar transforms Thread 53" [_thread_blocked, id=20036, stack(0x0000008a3d000000,0x0000008a3d100000)]
  0x000001cf52e97800 JavaThread "jar transforms Thread 54" [_thread_blocked, id=14568, stack(0x0000008a3d100000,0x0000008a3d200000)]
  0x000001cf52e93000 JavaThread "jar transforms Thread 55" [_thread_blocked, id=12976, stack(0x0000008a3d200000,0x0000008a3d300000)]
  0x000001cf52e92000 JavaThread "jar transforms Thread 56" [_thread_blocked, id=1056, stack(0x0000008a3d300000,0x0000008a3d400000)]
  0x000001cf52e98800 JavaThread "jar transforms Thread 57" [_thread_blocked, id=20528, stack(0x0000008a3d400000,0x0000008a3d500000)]
  0x000001cf52e99800 JavaThread "jar transforms Thread 58" [_thread_blocked, id=8552, stack(0x0000008a3d500000,0x0000008a3d600000)]
  0x000001cf52e93800 JavaThread "jar transforms Thread 59" [_thread_blocked, id=13992, stack(0x0000008a3d600000,0x0000008a3d700000)]
  0x000001cf52e9a000 JavaThread "jar transforms Thread 60" [_thread_blocked, id=10672, stack(0x0000008a3d700000,0x0000008a3d800000)]
  0x000001cf52e9b000 JavaThread "jar transforms Thread 61" [_thread_blocked, id=19556, stack(0x0000008a3d800000,0x0000008a3d900000)]
  0x000001cf52e9c800 JavaThread "jar transforms Thread 62" [_thread_blocked, id=19648, stack(0x0000008a3d900000,0x0000008a3da00000)]
  0x000001cf52e9e000 JavaThread "jar transforms Thread 63" [_thread_blocked, id=3960, stack(0x0000008a3da00000,0x0000008a3db00000)]
  0x000001cf52e9c000 JavaThread "jar transforms Thread 64" [_thread_blocked, id=11672, stack(0x0000008a3db00000,0x0000008a3dc00000)]
  0x000001cf52e9f000 JavaThread "jar transforms Thread 65" [_thread_blocked, id=16536, stack(0x0000008a3dc00000,0x0000008a3dd00000)]
  0x000001cf52e9d800 JavaThread "jar transforms Thread 66" [_thread_blocked, id=9976, stack(0x0000008a3dd00000,0x0000008a3de00000)]
  0x000001cf52ea0000 JavaThread "jar transforms Thread 67" [_thread_blocked, id=2396, stack(0x0000008a3de00000,0x0000008a3df00000)]
  0x000001cf52b20000 JavaThread "jar transforms Thread 68" [_thread_blocked, id=4520, stack(0x0000008a3df00000,0x0000008a3e000000)]
  0x000001cf52b1c000 JavaThread "jar transforms Thread 69" [_thread_blocked, id=8412, stack(0x0000008a3e000000,0x0000008a3e100000)]
  0x000001cf52b21000 JavaThread "jar transforms Thread 70" [_thread_blocked, id=8464, stack(0x0000008a3e100000,0x0000008a3e200000)]
  0x000001cf52b1b000 JavaThread "jar transforms Thread 71" [_thread_blocked, id=15064, stack(0x0000008a3e200000,0x0000008a3e300000)]
  0x000001cf52b1f000 JavaThread "jar transforms Thread 72" [_thread_blocked, id=2888, stack(0x0000008a3e300000,0x0000008a3e400000)]
  0x000001cf52b21800 JavaThread "jar transforms Thread 73" [_thread_blocked, id=10552, stack(0x0000008a3e400000,0x0000008a3e500000)]
  0x000001cf52b1d000 JavaThread "jar transforms Thread 74" [_thread_blocked, id=11356, stack(0x0000008a3e500000,0x0000008a3e600000)]
  0x000001cf52b22800 JavaThread "jar transforms Thread 75" [_thread_blocked, id=6768, stack(0x0000008a3e600000,0x0000008a3e700000)]
  0x000001cf52b23800 JavaThread "jar transforms Thread 76" [_thread_blocked, id=8608, stack(0x0000008a3e700000,0x0000008a3e800000)]
  0x000001cf52b1d800 JavaThread "jar transforms Thread 77" [_thread_blocked, id=19168, stack(0x0000008a3e800000,0x0000008a3e900000)]
  0x000001cf52b24000 JavaThread "jar transforms Thread 78" [_thread_blocked, id=17416, stack(0x0000008a3e900000,0x0000008a3ea00000)]
  0x000001cf52b1e800 JavaThread "jar transforms Thread 79" [_thread_blocked, id=8128, stack(0x0000008a3ea00000,0x0000008a3eb00000)]
  0x000001cf52b25000 JavaThread "jar transforms Thread 80" [_thread_blocked, id=14876, stack(0x0000008a3eb00000,0x0000008a3ec00000)]
  0x000001cf52b29000 JavaThread "jar transforms Thread 81" [_thread_blocked, id=20124, stack(0x0000008a3ec00000,0x0000008a3ed00000)]
  0x000001cf52b26800 JavaThread "jar transforms Thread 82" [_thread_blocked, id=21472, stack(0x0000008a3ed00000,0x0000008a3ee00000)]
  0x000001cf52b2a000 JavaThread "jar transforms Thread 83" [_thread_blocked, id=1540, stack(0x0000008a3ee00000,0x0000008a3ef00000)]
  0x000001cf52b28000 JavaThread "jar transforms Thread 84" [_thread_blocked, id=14856, stack(0x0000008a3ef00000,0x0000008a3f000000)]
  0x000001cf52b26000 JavaThread "jar transforms Thread 85" [_thread_blocked, id=9520, stack(0x0000008a3f000000,0x0000008a3f100000)]
  0x000001cf52b27800 JavaThread "jar transforms Thread 86" [_thread_blocked, id=5408, stack(0x0000008a3f100000,0x0000008a3f200000)]
  0x000001cf528b7000 JavaThread "jar transforms Thread 87" [_thread_blocked, id=18548, stack(0x0000008a3f200000,0x0000008a3f300000)]
  0x000001cf528b2000 JavaThread "jar transforms Thread 88" [_thread_blocked, id=4608, stack(0x0000008a3f300000,0x0000008a3f400000)]
  0x000001cf528b6000 JavaThread "jar transforms Thread 89" [_thread_blocked, id=1132, stack(0x0000008a3f400000,0x0000008a3f500000)]
  0x000001cf528b8800 JavaThread "jar transforms Thread 90" [_thread_blocked, id=7136, stack(0x0000008a3f500000,0x0000008a3f600000)]
  0x000001cf528b5000 JavaThread "jar transforms Thread 91" [_thread_blocked, id=12732, stack(0x0000008a3f600000,0x0000008a3f700000)]
  0x000001cf528b7800 JavaThread "jar transforms Thread 92" [_thread_blocked, id=18972, stack(0x0000008a3f700000,0x0000008a3f800000)]
  0x000001cf528b4800 JavaThread "jar transforms Thread 93" [_thread_blocked, id=15264, stack(0x0000008a3f800000,0x0000008a3f900000)]
  0x000001cf528b2800 JavaThread "jar transforms Thread 94" [_thread_blocked, id=20656, stack(0x0000008a3f900000,0x0000008a3fa00000)]
  0x000001cf528b9800 JavaThread "jar transforms Thread 95" [_thread_blocked, id=16952, stack(0x0000008a3fa00000,0x0000008a3fb00000)]
  0x000001cf528b3800 JavaThread "jar transforms Thread 96" [_thread_blocked, id=5672, stack(0x0000008a3fb00000,0x0000008a3fc00000)]
  0x000001cf528c0000 JavaThread "jar transforms Thread 97" [_thread_blocked, id=18920, stack(0x0000008a3fc00000,0x0000008a3fd00000)]
  0x000001cf528bc800 JavaThread "jar transforms Thread 98" [_thread_blocked, id=17288, stack(0x0000008a3fd00000,0x0000008a3fe00000)]
  0x000001cf528ba000 JavaThread "jar transforms Thread 99" [_thread_blocked, id=9944, stack(0x0000008a3fe00000,0x0000008a3ff00000)]
  0x000001cf528bf000 JavaThread "jar transforms Thread 100" [_thread_blocked, id=17052, stack(0x0000008a3ff00000,0x0000008a40000000)]
  0x000001cf528bd800 JavaThread "jar transforms Thread 101" [_thread_blocked, id=15456, stack(0x0000008a40000000,0x0000008a40100000)]
  0x000001cf528c0800 JavaThread "jar transforms Thread 102" [_thread_blocked, id=18108, stack(0x0000008a40100000,0x0000008a40200000)]
  0x000001cf528bb000 JavaThread "jar transforms Thread 103" [_thread_blocked, id=1112, stack(0x0000008a40200000,0x0000008a40300000)]
  0x000001cf528bb800 JavaThread "jar transforms Thread 104" [_thread_blocked, id=21424, stack(0x0000008a40300000,0x0000008a40400000)]
  0x000001cf528be000 JavaThread "jar transforms Thread 105" [_thread_blocked, id=17272, stack(0x0000008a40400000,0x0000008a40500000)]
  0x000001cf5653b000 JavaThread "jar transforms Thread 106" [_thread_blocked, id=20248, stack(0x0000008a40500000,0x0000008a40600000)]
  0x000001cf5653c000 JavaThread "jar transforms Thread 107" [_thread_blocked, id=19028, stack(0x0000008a40600000,0x0000008a40700000)]
  0x000001cf56538800 JavaThread "jar transforms Thread 108" [_thread_blocked, id=20696, stack(0x0000008a40700000,0x0000008a40800000)]
  0x000001cf5653c800 JavaThread "jar transforms Thread 109" [_thread_blocked, id=10732, stack(0x0000008a40800000,0x0000008a40900000)]
  0x000001cf56539800 JavaThread "jar transforms Thread 110" [_thread_blocked, id=21084, stack(0x0000008a40900000,0x0000008a40a00000)]
  0x000001cf56537800 JavaThread "jar transforms Thread 111" [_thread_blocked, id=19816, stack(0x0000008a40a00000,0x0000008a40b00000)]
  0x000001cf56537000 JavaThread "jar transforms Thread 112" [_thread_blocked, id=19452, stack(0x0000008a40b00000,0x0000008a40c00000)]
  0x000001cf5653a000 JavaThread "jar transforms Thread 113" [_thread_blocked, id=2944, stack(0x0000008a40c00000,0x0000008a40d00000)]
  0x000001cf5653d800 JavaThread "jar transforms Thread 114" [_thread_blocked, id=17476, stack(0x0000008a40d00000,0x0000008a40e00000)]
  0x000001cf56455800 JavaThread "jar transforms Thread 115" [_thread_blocked, id=4328, stack(0x0000008a40e00000,0x0000008a40f00000)]
  0x000001cf56454000 JavaThread "Cache worker for Build Output Cleanup Cache (D:\FACULTATE COZMA DANIEL NECULAI\Anul 3\Sem 1\Pam Tabarca\Aplicatie Android Licenta\Robot\.gradle\buildOutputCleanup)" [_thread_blocked, id=18452, stack(0x0000008a37c00000,0x0000008a37d00000)]
=>0x000001cf54630800 JavaThread "C2 CompilerThread1" daemon [_thread_in_native, id=976, stack(0x0000008a40f00000,0x0000008a41000000)]
  0x000001cf56458000 JavaThread "Memory manager" [_thread_blocked, id=17540, stack(0x0000008a41000000,0x0000008a41100000)]
  0x000001cf56459000 JavaThread "Cache worker for file content cache (D:\FACULTATE COZMA DANIEL NECULAI\Anul 3\Sem 1\Pam Tabarca\Aplicatie Android Licenta\Robot\.gradle\6.5\fileContent)" [_thread_blocked, id=5796, stack(0x0000008a41100000,0x0000008a41200000)]

Other Threads:
  0x000001cf516cf800 VMThread "VM Thread" [stack: 0x0000008a36b00000,0x0000008a36c00000] [id=19612]
  0x000001cf521bf800 WatcherThread [stack: 0x0000008a37500000,0x0000008a37600000] [id=12340]
  0x000001cf373f5800 GCTaskThread "GC Thread#0" [stack: 0x0000008a36600000,0x0000008a36700000] [id=17808]
  0x000001cf52b7a000 GCTaskThread "GC Thread#1" [stack: 0x0000008a37700000,0x0000008a37800000] [id=17140]
  0x000001cf52a65800 GCTaskThread "GC Thread#2" [stack: 0x0000008a37800000,0x0000008a37900000] [id=16216]
  0x000001cf53b27000 GCTaskThread "GC Thread#3" [stack: 0x0000008a38600000,0x0000008a38700000] [id=18872]
  0x000001cf53d88800 GCTaskThread "GC Thread#4" [stack: 0x0000008a38700000,0x0000008a38800000] [id=14404]
  0x000001cf52e30800 GCTaskThread "GC Thread#5" [stack: 0x0000008a38800000,0x0000008a38900000] [id=16708]
  0x000001cf53f86800 GCTaskThread "GC Thread#6" [stack: 0x0000008a38900000,0x0000008a38a00000] [id=1000]
  0x000001cf52927800 GCTaskThread "GC Thread#7" [stack: 0x0000008a38a00000,0x0000008a38b00000] [id=9668]
  0x000001cf37428000 ConcurrentGCThread "G1 Main Marker" [stack: 0x0000008a36700000,0x0000008a36800000] [id=9292]
  0x000001cf37429800 ConcurrentGCThread "G1 Conc#0" [stack: 0x0000008a36800000,0x0000008a36900000] [id=6408]
  0x000001cf53c84000 ConcurrentGCThread "G1 Conc#1" [stack: 0x0000008a38d00000,0x0000008a38e00000] [id=3540]
  0x000001cf5151a800 ConcurrentGCThread "G1 Refine#0" [stack: 0x0000008a36900000,0x0000008a36a00000] [id=17404]
  0x000001cf5151b000 ConcurrentGCThread "G1 Young RemSet Sampling" [stack: 0x0000008a36a00000,0x0000008a36b00000] [id=16336]

Threads with active compile tasks:
C2 CompilerThread0  15360 6432       4       sun.reflect.generics.parser.SignatureParser::parsePackageNameAndSimpleClassTypeSignature (119 bytes)
C2 CompilerThread1  15360 6419       4       sun.reflect.generics.parser.SignatureParser::parseFieldTypeSignature (73 bytes)

VM state:not at safepoint (normal execution)

VM Mutex/Monitor currently owned by a thread: None

Heap address: 0x0000000080000000, size: 2048 MB, Compressed Oops mode: 32-bit
Narrow klass base: 0x0000000000000000, Narrow klass shift: 3
Compressed class space size: 1073741824 Address: 0x0000000100000000

Heap:
 garbage-first heap   total 157696K, used 111140K [0x0000000080000000, 0x0000000100000000)
  region size 1024K, 59 young (60416K), 6 survivors (6144K)
 Metaspace       used 73191K, capacity 74855K, committed 75088K, reserved 1114112K
  class space    used 9518K, capacity 10131K, committed 10240K, reserved 1048576K
Heap Regions: E=young(eden), S=young(survivor), O=old, HS=humongous(starts), HC=humongous(continues), CS=collection set, F=free, A=archive, TAMS=top-at-mark-start (previous, next)
|   0|0x0000000080000000, 0x0000000080100000, 0x0000000080100000|100%|HS|  |TAMS 0x0000000080100000, 0x0000000080000000| Complete 
|   1|0x0000000080100000, 0x0000000080200000, 0x0000000080200000|100%| O|  |TAMS 0x0000000080200000, 0x0000000080100000| Untracked 
|   2|0x0000000080200000, 0x0000000080300000, 0x0000000080300000|100%| O|  |TAMS 0x0000000080300000, 0x0000000080200000| Untracked 
|   3|0x0000000080300000, 0x0000000080400000, 0x0000000080400000|100%|HS|  |TAMS 0x0000000080400000, 0x0000000080300000| Complete 
|   4|0x0000000080400000, 0x0000000080500000, 0x0000000080500000|100%|HC|  |TAMS 0x0000000080500000, 0x0000000080400000| Complete 
|   5|0x0000000080500000, 0x0000000080600000, 0x0000000080600000|100%|HC|  |TAMS 0x0000000080600000, 0x0000000080500000| Complete 
|   6|0x0000000080600000, 0x0000000080700000, 0x0000000080700000|100%| O|  |TAMS 0x0000000080700000, 0x0000000080600000| Untracked 
|   7|0x0000000080700000, 0x0000000080800000, 0x0000000080800000|100%| O|  |TAMS 0x0000000080800000, 0x0000000080700000| Untracked 
|   8|0x0000000080800000, 0x0000000080900000, 0x0000000080900000|100%| O|  |TAMS 0x0000000080900000, 0x0000000080800000| Untracked 
|   9|0x0000000080900000, 0x0000000080a00000, 0x0000000080a00000|100%| O|  |TAMS 0x0000000080a00000, 0x0000000080900000| Untracked 
|  10|0x0000000080a00000, 0x0000000080b00000, 0x0000000080b00000|100%| O|  |TAMS 0x0000000080b00000, 0x0000000080a00000| Untracked 
|  11|0x0000000080b00000, 0x0000000080c00000, 0x0000000080c00000|100%| O|  |TAMS 0x0000000080c00000, 0x0000000080b00000| Untracked 
|  12|0x0000000080c00000, 0x0000000080d00000, 0x0000000080d00000|100%| O|  |TAMS 0x0000000080d00000, 0x0000000080c00000| Untracked 
|  13|0x0000000080d00000, 0x0000000080e00000, 0x0000000080e00000|100%| O|  |TAMS 0x0000000080e00000, 0x0000000080d00000| Untracked 
|  14|0x0000000080e00000, 0x0000000080f00000, 0x0000000080f00000|100%| O|  |TAMS 0x0000000080f00000, 0x0000000080e00000| Untracked 
|  15|0x0000000080f00000, 0x0000000081000000, 0x0000000081000000|100%| O|  |TAMS 0x0000000081000000, 0x0000000080f00000| Untracked 
|  16|0x0000000081000000, 0x0000000081100000, 0x0000000081100000|100%| O|  |TAMS 0x0000000081100000, 0x0000000081000000| Untracked 
|  17|0x0000000081100000, 0x0000000081200000, 0x0000000081200000|100%| O|  |TAMS 0x0000000081200000, 0x0000000081100000| Untracked 
|  18|0x0000000081200000, 0x0000000081300000, 0x0000000081300000|100%| O|  |TAMS 0x0000000081300000, 0x0000000081200000| Untracked 
|  19|0x0000000081300000, 0x0000000081400000, 0x0000000081400000|100%| O|  |TAMS 0x0000000081400000, 0x0000000081300000| Untracked 
|  20|0x0000000081400000, 0x0000000081500000, 0x0000000081500000|100%| O|  |TAMS 0x0000000081500000, 0x0000000081400000| Untracked 
|  21|0x0000000081500000, 0x0000000081600000, 0x0000000081600000|100%|HS|  |TAMS 0x0000000081600000, 0x0000000081500000| Complete 
|  22|0x0000000081600000, 0x0000000081700000, 0x0000000081700000|100%|HC|  |TAMS 0x0000000081700000, 0x0000000081600000| Complete 
|  23|0x0000000081700000, 0x0000000081800000, 0x0000000081800000|100%|HC|  |TAMS 0x0000000081800000, 0x0000000081700000| Complete 
|  24|0x0000000081800000, 0x0000000081900000, 0x0000000081900000|100%| O|  |TAMS 0x0000000081900000, 0x0000000081800000| Untracked 
|  25|0x0000000081900000, 0x0000000081a00000, 0x0000000081a00000|100%|HS|  |TAMS 0x0000000081a00000, 0x0000000081900000| Complete 
|  26|0x0000000081a00000, 0x0000000081b00000, 0x0000000081b00000|100%|HC|  |TAMS 0x0000000081b00000, 0x0000000081a00000| Complete 
|  27|0x0000000081b00000, 0x0000000081c00000, 0x0000000081c00000|100%| O|  |TAMS 0x0000000081c00000, 0x0000000081b00000| Untracked 
|  28|0x0000000081c00000, 0x0000000081d00000, 0x0000000081d00000|100%| O|  |TAMS 0x0000000081d00000, 0x0000000081c00000| Untracked 
|  29|0x0000000081d00000, 0x0000000081e00000, 0x0000000081e00000|100%| O|  |TAMS 0x0000000081e00000, 0x0000000081d00000| Untracked 
|  30|0x0000000081e00000, 0x0000000081f00000, 0x0000000081f00000|100%| O|  |TAMS 0x0000000081f00000, 0x0000000081e00000| Untracked 
|  31|0x0000000081f00000, 0x0000000082000000, 0x0000000082000000|100%| O|  |TAMS 0x0000000082000000, 0x0000000081f00000| Untracked 
|  32|0x0000000082000000, 0x0000000082100000, 0x0000000082100000|100%| O|  |TAMS 0x0000000082100000, 0x0000000082000000| Untracked 
|  33|0x0000000082100000, 0x0000000082200000, 0x0000000082200000|100%| O|  |TAMS 0x0000000082200000, 0x0000000082100000| Untracked 
|  34|0x0000000082200000, 0x0000000082300000, 0x0000000082300000|100%| O|  |TAMS 0x0000000082300000, 0x0000000082200000| Untracked 
|  35|0x0000000082300000, 0x0000000082400000, 0x0000000082400000|100%| O|  |TAMS 0x0000000082400000, 0x0000000082300000| Untracked 
|  36|0x0000000082400000, 0x0000000082500000, 0x0000000082500000|100%| O|  |TAMS 0x0000000082500000, 0x0000000082400000| Untracked 
|  37|0x0000000082500000, 0x0000000082600000, 0x0000000082600000|100%| O|  |TAMS 0x0000000082600000, 0x0000000082500000| Untracked 
|  38|0x0000000082600000, 0x0000000082700000, 0x0000000082700000|100%| O|  |TAMS 0x0000000082700000, 0x0000000082600000| Untracked 
|  39|0x0000000082700000, 0x0000000082800000, 0x0000000082800000|100%| O|  |TAMS 0x0000000082800000, 0x0000000082700000| Untracked 
|  40|0x0000000082800000, 0x0000000082900000, 0x0000000082900000|100%| O|  |TAMS 0x0000000082900000, 0x0000000082800000| Untracked 
|  41|0x0000000082900000, 0x0000000082a00000, 0x0000000082a00000|100%| O|  |TAMS 0x0000000082a00000, 0x0000000082900000| Untracked 
|  42|0x0000000082a00000, 0x0000000082b00000, 0x0000000082b00000|100%| O|  |TAMS 0x0000000082b00000, 0x0000000082a00000| Untracked 
|  43|0x0000000082b00000, 0x0000000082c00000, 0x0000000082c00000|100%| O|  |TAMS 0x0000000082c00000, 0x0000000082b00000| Untracked 
|  44|0x0000000082c00000, 0x0000000082d00000, 0x0000000082d00000|100%| O|  |TAMS 0x0000000082d00000, 0x0000000082c00000| Untracked 
|  45|0x0000000082d00000, 0x0000000082e00000, 0x0000000082e00000|100%| O|  |TAMS 0x0000000082e00000, 0x0000000082d00000| Untracked 
|  46|0x0000000082e00000, 0x0000000082f00000, 0x0000000082f00000|100%| O|  |TAMS 0x0000000082e00000, 0x0000000082e00000| Untracked 
|  47|0x0000000082f00000, 0x0000000083000000, 0x0000000083000000|100%| O|  |TAMS 0x0000000082f00000, 0x0000000082f00000| Untracked 
|  48|0x0000000083000000, 0x0000000083100000, 0x0000000083100000|100%| O|  |TAMS 0x0000000083000000, 0x0000000083000000| Untracked 
|  49|0x0000000083100000, 0x0000000083200000, 0x0000000083200000|100%| O|  |TAMS 0x0000000083100000, 0x0000000083100000| Untracked 
|  50|0x0000000083200000, 0x0000000083300000, 0x0000000083300000|100%| O|  |TAMS 0x0000000083200000, 0x0000000083200000| Untracked 
|  51|0x0000000083300000, 0x0000000083369400, 0x0000000083400000| 41%| O|  |TAMS 0x0000000083300000, 0x0000000083300000| Untracked 
|  52|0x0000000083400000, 0x0000000083400000, 0x0000000083500000|  0%| F|  |TAMS 0x0000000083400000, 0x0000000083400000| Untracked 
|  53|0x0000000083500000, 0x0000000083500000, 0x0000000083600000|  0%| F|  |TAMS 0x0000000083500000, 0x0000000083500000| Untracked 
|  54|0x0000000083600000, 0x0000000083600000, 0x0000000083700000|  0%| F|  |TAMS 0x0000000083600000, 0x0000000083600000| Untracked 
|  55|0x0000000083700000, 0x0000000083700000, 0x0000000083800000|  0%| F|  |TAMS 0x0000000083700000, 0x0000000083700000| Untracked 
|  56|0x0000000083800000, 0x0000000083800000, 0x0000000083900000|  0%| F|  |TAMS 0x0000000083800000, 0x0000000083800000| Untracked 
|  57|0x0000000083900000, 0x0000000083900000, 0x0000000083a00000|  0%| F|  |TAMS 0x0000000083900000, 0x0000000083900000| Untracked 
|  58|0x0000000083a00000, 0x0000000083a00000, 0x0000000083b00000|  0%| F|  |TAMS 0x0000000083a00000, 0x0000000083a00000| Untracked 
|  59|0x0000000083b00000, 0x0000000083b00000, 0x0000000083c00000|  0%| F|  |TAMS 0x0000000083b00000, 0x0000000083b00000| Untracked 
|  60|0x0000000083c00000, 0x0000000083c00000, 0x0000000083d00000|  0%| F|  |TAMS 0x0000000083c00000, 0x0000000083c00000| Untracked 
|  61|0x0000000083d00000, 0x0000000083d00000, 0x0000000083e00000|  0%| F|  |TAMS 0x0000000083d00000, 0x0000000083d00000| Untracked 
|  62|0x0000000083e00000, 0x0000000083e00000, 0x0000000083f00000|  0%| F|  |TAMS 0x0000000083e00000, 0x0000000083e00000| Untracked 
|  63|0x0000000083f00000, 0x0000000083f00000, 0x0000000084000000|  0%| F|  |TAMS 0x0000000083f00000, 0x0000000083f00000| Untracked 
|  64|0x0000000084000000, 0x0000000084000000, 0x0000000084100000|  0%| F|  |TAMS 0x0000000084000000, 0x0000000084000000| Untracked 
|  65|0x0000000084100000, 0x0000000084100000, 0x0000000084200000|  0%| F|  |TAMS 0x0000000084100000, 0x0000000084100000| Untracked 
|  66|0x0000000084200000, 0x0000000084200000, 0x0000000084300000|  0%| F|  |TAMS 0x0000000084200000, 0x0000000084200000| Untracked 
|  67|0x0000000084300000, 0x0000000084300000, 0x0000000084400000|  0%| F|  |TAMS 0x0000000084300000, 0x0000000084300000| Untracked 
|  68|0x0000000084400000, 0x0000000084400000, 0x0000000084500000|  0%| F|  |TAMS 0x0000000084400000, 0x0000000084400000| Untracked 
|  69|0x0000000084500000, 0x0000000084500000, 0x0000000084600000|  0%| F|  |TAMS 0x0000000084500000, 0x0000000084500000| Untracked 
|  70|0x0000000084600000, 0x0000000084600000, 0x0000000084700000|  0%| F|  |TAMS 0x0000000084600000, 0x0000000084600000| Untracked 
|  71|0x0000000084700000, 0x0000000084700000, 0x0000000084800000|  0%| F|  |TAMS 0x0000000084700000, 0x0000000084700000| Untracked 
|  72|0x0000000084800000, 0x0000000084800000, 0x0000000084900000|  0%| F|  |TAMS 0x0000000084800000, 0x0000000084800000| Untracked 
|  73|0x0000000084900000, 0x0000000084900000, 0x0000000084a00000|  0%| F|  |TAMS 0x0000000084900000, 0x0000000084900000| Untracked 
|  74|0x0000000084a00000, 0x0000000084a00000, 0x0000000084b00000|  0%| F|  |TAMS 0x0000000084a00000, 0x0000000084a00000| Untracked 
|  75|0x0000000084b00000, 0x0000000084b00000, 0x0000000084c00000|  0%| F|  |TAMS 0x0000000084b00000, 0x0000000084b00000| Untracked 
|  76|0x0000000084c00000, 0x0000000084c00000, 0x0000000084d00000|  0%| F|  |TAMS 0x0000000084c00000, 0x0000000084c00000| Untracked 
|  77|0x0000000084d00000, 0x0000000084d00000, 0x0000000084e00000|  0%| F|  |TAMS 0x0000000084d00000, 0x0000000084d00000| Untracked 
|  78|0x0000000084e00000, 0x0000000084e00000, 0x0000000084f00000|  0%| F|  |TAMS 0x0000000084e00000, 0x0000000084e00000| Untracked 
|  79|0x0000000084f00000, 0x0000000084f00000, 0x0000000085000000|  0%| F|  |TAMS 0x0000000084f00000, 0x0000000084f00000| Untracked 
|  80|0x0000000085000000, 0x0000000085000000, 0x0000000085100000|  0%| F|  |TAMS 0x0000000085000000, 0x0000000085000000| Untracked 
|  81|0x0000000085100000, 0x0000000085100000, 0x0000000085200000|  0%| F|  |TAMS 0x0000000085100000, 0x0000000085100000| Untracked 
|  82|0x0000000085200000, 0x0000000085200000, 0x0000000085300000|  0%| F|  |TAMS 0x0000000085200000, 0x0000000085200000| Untracked 
|  83|0x0000000085300000, 0x0000000085300000, 0x0000000085400000|  0%| F|  |TAMS 0x0000000085300000, 0x0000000085300000| Untracked 
|  84|0x0000000085400000, 0x0000000085400000, 0x0000000085500000|  0%| F|  |TAMS 0x0000000085400000, 0x0000000085400000| Untracked 
|  85|0x0000000085500000, 0x000000008551fce0, 0x0000000085600000| 12%| S|CS|TAMS 0x0000000085500000, 0x0000000085500000| Complete 
|  86|0x0000000085600000, 0x0000000085700000, 0x0000000085700000|100%| S|CS|TAMS 0x0000000085600000, 0x0000000085600000| Complete 
|  87|0x0000000085700000, 0x0000000085800000, 0x0000000085800000|100%| S|CS|TAMS 0x0000000085700000, 0x0000000085700000| Complete 
|  88|0x0000000085800000, 0x0000000085900000, 0x0000000085900000|100%| S|CS|TAMS 0x0000000085800000, 0x0000000085800000| Complete 
|  89|0x0000000085900000, 0x0000000085a00000, 0x0000000085a00000|100%| S|CS|TAMS 0x0000000085900000, 0x0000000085900000| Complete 
|  90|0x0000000085a00000, 0x0000000085b00000, 0x0000000085b00000|100%| S|CS|TAMS 0x0000000085a00000, 0x0000000085a00000| Complete 
|  91|0x0000000085b00000, 0x0000000085b00000, 0x0000000085c00000|  0%| F|  |TAMS 0x0000000085b00000, 0x0000000085b00000| Untracked 
|  92|0x0000000085c00000, 0x0000000085c00000, 0x0000000085d00000|  0%| F|  |TAMS 0x0000000085c00000, 0x0000000085c00000| Untracked 
|  93|0x0000000085d00000, 0x0000000085d00000, 0x0000000085e00000|  0%| F|  |TAMS 0x0000000085d00000, 0x0000000085d00000| Untracked 
|  94|0x0000000085e00000, 0x0000000085e00000, 0x0000000085f00000|  0%| F|  |TAMS 0x0000000085e00000, 0x0000000085e00000| Untracked 
|  95|0x0000000085f00000, 0x0000000085f00000, 0x0000000086000000|  0%| F|  |TAMS 0x0000000085f00000, 0x0000000085f00000| Untracked 
|  96|0x0000000086000000, 0x0000000086000000, 0x0000000086100000|  0%| F|  |TAMS 0x0000000086000000, 0x0000000086000000| Untracked 
|  97|0x0000000086100000, 0x0000000086100000, 0x0000000086200000|  0%| F|  |TAMS 0x0000000086100000, 0x0000000086100000| Untracked 
|  98|0x0000000086200000, 0x0000000086200000, 0x0000000086300000|  0%| F|  |TAMS 0x0000000086200000, 0x0000000086200000| Untracked 
|  99|0x0000000086300000, 0x0000000086300000, 0x0000000086400000|  0%| F|  |TAMS 0x0000000086300000, 0x0000000086300000| Untracked 
| 100|0x0000000086400000, 0x0000000086480800, 0x0000000086500000| 50%| E|  |TAMS 0x0000000086400000, 0x0000000086400000| Complete 
| 101|0x0000000086500000, 0x0000000086600000, 0x0000000086600000|100%| E|CS|TAMS 0x0000000086500000, 0x0000000086500000| Complete 
| 102|0x0000000086600000, 0x0000000086700000, 0x0000000086700000|100%| E|CS|TAMS 0x0000000086600000, 0x0000000086600000| Complete 
| 103|0x0000000086700000, 0x0000000086800000, 0x0000000086800000|100%| E|CS|TAMS 0x0000000086700000, 0x0000000086700000| Complete 
| 104|0x0000000086800000, 0x0000000086900000, 0x0000000086900000|100%| E|CS|TAMS 0x0000000086800000, 0x0000000086800000| Complete 
| 105|0x0000000086900000, 0x0000000086a00000, 0x0000000086a00000|100%| E|CS|TAMS 0x0000000086900000, 0x0000000086900000| Complete 
| 106|0x0000000086a00000, 0x0000000086b00000, 0x0000000086b00000|100%| E|CS|TAMS 0x0000000086a00000, 0x0000000086a00000| Complete 
| 107|0x0000000086b00000, 0x0000000086c00000, 0x0000000086c00000|100%| E|CS|TAMS 0x0000000086b00000, 0x0000000086b00000| Complete 
| 108|0x0000000086c00000, 0x0000000086d00000, 0x0000000086d00000|100%| E|CS|TAMS 0x0000000086c00000, 0x0000000086c00000| Complete 
| 109|0x0000000086d00000, 0x0000000086e00000, 0x0000000086e00000|100%| E|CS|TAMS 0x0000000086d00000, 0x0000000086d00000| Complete 
| 110|0x0000000086e00000, 0x0000000086f00000, 0x0000000086f00000|100%| E|CS|TAMS 0x0000000086e00000, 0x0000000086e00000| Complete 
| 111|0x0000000086f00000, 0x0000000087000000, 0x0000000087000000|100%| E|CS|TAMS 0x0000000086f00000, 0x0000000086f00000| Complete 
| 112|0x0000000087000000, 0x0000000087100000, 0x0000000087100000|100%| E|CS|TAMS 0x0000000087000000, 0x0000000087000000| Complete 
| 113|0x0000000087100000, 0x0000000087200000, 0x0000000087200000|100%| E|CS|TAMS 0x0000000087100000, 0x0000000087100000| Complete 
| 114|0x0000000087200000, 0x0000000087300000, 0x0000000087300000|100%| E|CS|TAMS 0x0000000087200000, 0x0000000087200000| Complete 
| 115|0x0000000087300000, 0x0000000087400000, 0x0000000087400000|100%| E|CS|TAMS 0x0000000087300000, 0x0000000087300000| Complete 
| 116|0x0000000087400000, 0x0000000087500000, 0x0000000087500000|100%| E|CS|TAMS 0x0000000087400000, 0x0000000087400000| Complete 
| 117|0x0000000087500000, 0x0000000087600000, 0x0000000087600000|100%| E|CS|TAMS 0x0000000087500000, 0x0000000087500000| Complete 
| 118|0x0000000087600000, 0x0000000087700000, 0x0000000087700000|100%| E|CS|TAMS 0x0000000087600000, 0x0000000087600000| Complete 
| 119|0x0000000087700000, 0x0000000087800000, 0x0000000087800000|100%| E|CS|TAMS 0x0000000087700000, 0x0000000087700000| Complete 
| 120|0x0000000087800000, 0x0000000087900000, 0x0000000087900000|100%| E|CS|TAMS 0x0000000087800000, 0x0000000087800000| Complete 
| 121|0x0000000087900000, 0x0000000087a00000, 0x0000000087a00000|100%| E|CS|TAMS 0x0000000087900000, 0x0000000087900000| Complete 
| 122|0x0000000087a00000, 0x0000000087b00000, 0x0000000087b00000|100%| E|CS|TAMS 0x0000000087a00000, 0x0000000087a00000| Complete 
| 123|0x0000000087b00000, 0x0000000087c00000, 0x0000000087c00000|100%| E|CS|TAMS 0x0000000087b00000, 0x0000000087b00000| Complete 
| 124|0x0000000087c00000, 0x0000000087d00000, 0x0000000087d00000|100%| E|CS|TAMS 0x0000000087c00000, 0x0000000087c00000| Complete 
| 125|0x0000000087d00000, 0x0000000087e00000, 0x0000000087e00000|100%| E|CS|TAMS 0x0000000087d00000, 0x0000000087d00000| Complete 
| 126|0x0000000087e00000, 0x0000000087f00000, 0x0000000087f00000|100%| E|CS|TAMS 0x0000000087e00000, 0x0000000087e00000| Complete 
| 127|0x0000000087f00000, 0x0000000088000000, 0x0000000088000000|100%| E|CS|TAMS 0x0000000087f00000, 0x0000000087f00000| Complete 
| 128|0x0000000088000000, 0x0000000088100000, 0x0000000088100000|100%| E|CS|TAMS 0x0000000088000000, 0x0000000088000000| Complete 
| 129|0x0000000088100000, 0x0000000088200000, 0x0000000088200000|100%| E|CS|TAMS 0x0000000088100000, 0x0000000088100000| Complete 
| 130|0x0000000088200000, 0x0000000088300000, 0x0000000088300000|100%| E|CS|TAMS 0x0000000088200000, 0x0000000088200000| Complete 
| 131|0x0000000088300000, 0x0000000088400000, 0x0000000088400000|100%| E|CS|TAMS 0x0000000088300000, 0x0000000088300000| Complete 
| 132|0x0000000088400000, 0x0000000088500000, 0x0000000088500000|100%| E|CS|TAMS 0x0000000088400000, 0x0000000088400000| Complete 
| 133|0x0000000088500000, 0x0000000088600000, 0x0000000088600000|100%| E|CS|TAMS 0x0000000088500000, 0x0000000088500000| Complete 
| 134|0x0000000088600000, 0x0000000088700000, 0x0000000088700000|100%| E|CS|TAMS 0x0000000088600000, 0x0000000088600000| Complete 
| 135|0x0000000088700000, 0x0000000088800000, 0x0000000088800000|100%| E|CS|TAMS 0x0000000088700000, 0x0000000088700000| Complete 
| 136|0x0000000088800000, 0x0000000088900000, 0x0000000088900000|100%| E|CS|TAMS 0x0000000088800000, 0x0000000088800000| Complete 
| 137|0x0000000088900000, 0x0000000088a00000, 0x0000000088a00000|100%| E|CS|TAMS 0x0000000088900000, 0x0000000088900000| Complete 
| 138|0x0000000088a00000, 0x0000000088b00000, 0x0000000088b00000|100%| E|CS|TAMS 0x0000000088a00000, 0x0000000088a00000| Complete 
| 139|0x0000000088b00000, 0x0000000088c00000, 0x0000000088c00000|100%| E|CS|TAMS 0x0000000088b00000, 0x0000000088b00000| Complete 
| 140|0x0000000088c00000, 0x0000000088d00000, 0x0000000088d00000|100%| E|CS|TAMS 0x0000000088c00000, 0x0000000088c00000| Complete 
| 141|0x0000000088d00000, 0x0000000088e00000, 0x0000000088e00000|100%| E|CS|TAMS 0x0000000088d00000, 0x0000000088d00000| Complete 
| 142|0x0000000088e00000, 0x0000000088f00000, 0x0000000088f00000|100%| E|CS|TAMS 0x0000000088e00000, 0x0000000088e00000| Complete 
| 143|0x0000000088f00000, 0x0000000089000000, 0x0000000089000000|100%| E|CS|TAMS 0x0000000088f00000, 0x0000000088f00000| Complete 
| 144|0x0000000089000000, 0x0000000089100000, 0x0000000089100000|100%| E|CS|TAMS 0x0000000089000000, 0x0000000089000000| Complete 
| 145|0x0000000089100000, 0x0000000089200000, 0x0000000089200000|100%| E|CS|TAMS 0x0000000089100000, 0x0000000089100000| Complete 
| 146|0x0000000089200000, 0x0000000089300000, 0x0000000089300000|100%| E|CS|TAMS 0x0000000089200000, 0x0000000089200000| Complete 
| 147|0x0000000089300000, 0x0000000089400000, 0x0000000089400000|100%| E|CS|TAMS 0x0000000089300000, 0x0000000089300000| Complete 
| 148|0x0000000089400000, 0x0000000089500000, 0x0000000089500000|100%| E|CS|TAMS 0x0000000089400000, 0x0000000089400000| Complete 
| 149|0x0000000089500000, 0x0000000089600000, 0x0000000089600000|100%| E|CS|TAMS 0x0000000089500000, 0x0000000089500000| Complete 
| 150|0x0000000089600000, 0x0000000089700000, 0x0000000089700000|100%| E|CS|TAMS 0x0000000089600000, 0x0000000089600000| Complete 
| 151|0x0000000089700000, 0x0000000089800000, 0x0000000089800000|100%| E|CS|TAMS 0x0000000089700000, 0x0000000089700000| Complete 
| 152|0x0000000089800000, 0x0000000089900000, 0x0000000089900000|100%| E|CS|TAMS 0x0000000089800000, 0x0000000089800000| Complete 
| 153|0x0000000089900000, 0x0000000089a00000, 0x0000000089a00000|100%| E|CS|TAMS 0x0000000089900000, 0x0000000089900000| Complete 

Card table byte_map: [0x000001cf4a480000,0x000001cf4a880000] _byte_map_base: 0x000001cf4a080000

Marking Bits (Prev, Next): (CMBitMap*) 0x000001cf3741f5c8, (CMBitMap*) 0x000001cf3741f600
 Prev Bits: [0x000001cf4ac80000, 0x000001cf4cc80000)
 Next Bits: [0x000001cf4cc80000, 0x000001cf4ec80000)

Polling page: 0x000001cf353f0000

Metaspace:

Usage:
  Non-class:     63.21 MB capacity,    62.18 MB ( 98%) used,   882.68 KB (  1%) free+waste,   165.31 KB ( <1%) overhead. 
      Class:      9.89 MB capacity,     9.30 MB ( 94%) used,   533.29 KB (  5%) free+waste,    78.25 KB ( <1%) overhead. 
       Both:     73.10 MB capacity,    71.48 MB ( 98%) used,     1.38 MB (  2%) free+waste,   243.56 KB ( <1%) overhead. 

Virtual space:
  Non-class space:       64.00 MB reserved,      63.33 MB ( 99%) committed 
      Class space:        1.00 GB reserved,      10.00 MB ( <1%) committed 
             Both:        1.06 GB reserved,      73.33 MB (  7%) committed 

Chunk freelists:
   Non-Class:  60.00 KB
       Class:  13.00 KB
        Both:  73.00 KB

MaxMetaspaceSize: 17179869184.00 GB
CompressedClassSpaceSize: 1.00 GB

CodeHeap 'non-profiled nmethods': size=120000Kb used=3629Kb max_used=3629Kb free=116370Kb
 bounds [0x000001cf42820000, 0x000001cf42bb0000, 0x000001cf49d50000]
CodeHeap 'profiled nmethods': size=120000Kb used=14245Kb max_used=14245Kb free=105754Kb
 bounds [0x000001cf3b2f0000, 0x000001cf3c0e0000, 0x000001cf42820000]
CodeHeap 'non-nmethods': size=5760Kb used=2246Kb max_used=2311Kb free=3513Kb
 bounds [0x000001cf3ad50000, 0x000001cf3afc0000, 0x000001cf3b2f0000]
 total_blobs=7234 nmethods=6403 adapters=741
 compilation: enabled
              stopped_count=0, restarted_count=0
 full_count=0

Compilation events (20 events):
Event: 15.310 Thread 0x000001cf5204b000 nmethod 6603 0x000001cf42ba5710 code [0x000001cf42ba58c0, 0x000001cf42ba5978]
Event: 15.310 Thread 0x000001cf5204b000 6602       1       org.gradle.api.internal.artifacts.configurations.DefaultConfigurationPublications::access$000 (5 bytes)
Event: 15.310 Thread 0x000001cf5204b000 nmethod 6602 0x000001cf42ba5a10 code [0x000001cf42ba5bc0, 0x000001cf42ba5c58]
Event: 15.310 Thread 0x000001cf5204b000 6613       2       org.gradle.api.internal.DefaultDomainObjectCollection::iterator (18 bytes)
Event: 15.310 Thread 0x000001cf5204b000 nmethod 6613 0x000001cf3c0b9510 code [0x000001cf3c0b96e0, 0x000001cf3c0b9928]
Event: 15.310 Thread 0x000001cf5204b000 6610       1       org.gradle.api.internal.artifacts.configurations.LeafOutgoingVariant::asDescribable (5 bytes)
Event: 15.310 Thread 0x000001cf5204b000 nmethod 6610 0x000001cf42ba5d10 code [0x000001cf42ba5ec0, 0x000001cf42ba5f78]
Event: 15.310 Thread 0x000001cf5204b000 6612       1       org.gradle.api.internal.provider.AbstractProperty::getDeclaredDisplayName (5 bytes)
Event: 15.310 Thread 0x000001cf5204b000 nmethod 6612 0x000001cf42ba6010 code [0x000001cf42ba61c0, 0x000001cf42ba6278]
Event: 15.310 Thread 0x000001cf5204b000 6611       1       org.gradle.api.internal.artifacts.configurations.LeafOutgoingVariant::getAttributes (5 bytes)
Event: 15.310 Thread 0x000001cf5204b000 nmethod 6611 0x000001cf42ba6310 code [0x000001cf42ba64c0, 0x000001cf42ba6578]
Event: 15.311 Thread 0x000001cf5204b000 6614       2       org.gradle.api.internal.provider.AbstractProperty::calculateOwnValue (15 bytes)
Event: 15.311 Thread 0x000001cf5204b000 nmethod 6614 0x000001cf3c0b9a10 code [0x000001cf3c0b9be0, 0x000001cf3c0b9db8]
Event: 15.311 Thread 0x000001cf5204b000 6615   !   2       org.gradle.api.internal.provider.AbstractProperty::doCalculateValue (48 bytes)
Event: 15.312 Thread 0x000001cf5204b000 nmethod 6615 0x000001cf3c0b9f10 code [0x000001cf3c0ba160, 0x000001cf3c0ba808]
Event: 15.312 Thread 0x000001cf5204b000 6616       1       org.gradle.api.internal.file.DefaultFileSystemLocation::getAsFile (5 bytes)
Event: 15.312 Thread 0x000001cf5204b000 nmethod 6616 0x000001cf42ba6610 code [0x000001cf42ba67c0, 0x000001cf42ba6878]
Event: 15.312 Thread 0x000001cf5204b000 6617       2       org.gradle.api.internal.provider.ValueSanitizers$2::sanitize (2 bytes)
Event: 15.313 Thread 0x000001cf5204b000 nmethod 6617 0x000001cf3c0bab90 code [0x000001cf3c0bad40, 0x000001cf3c0bae38]
Event: 15.313 Thread 0x000001cf5204b000 6618   !   2       org.gradle.api.internal.DefaultMutationGuard$2::execute (70 bytes)

GC Heap History (20 events):
Event: 3.314 GC heap before
{Heap before GC invocations=1 (full 0):
 garbage-first heap   total 131072K, used 82261K [0x0000000080000000, 0x0000000100000000)
  region size 1024K, 76 young (77824K), 3 survivors (3072K)
 Metaspace       used 19384K, capacity 19761K, committed 19968K, reserved 1067008K
  class space    used 2347K, capacity 2470K, committed 2560K, reserved 1048576K
}
Event: 3.322 GC heap after
{Heap after GC invocations=2 (full 0):
 garbage-first heap   total 131072K, used 15281K [0x0000000080000000, 0x0000000100000000)
  region size 1024K, 10 young (10240K), 10 survivors (10240K)
 Metaspace       used 19384K, capacity 19761K, committed 19968K, reserved 1067008K
  class space    used 2347K, capacity 2470K, committed 2560K, reserved 1048576K
}
Event: 3.486 GC heap before
{Heap before GC invocations=2 (full 0):
 garbage-first heap   total 131072K, used 19377K [0x0000000080000000, 0x0000000100000000)
  region size 1024K, 15 young (15360K), 10 survivors (10240K)
 Metaspace       used 20670K, capacity 21120K, committed 21296K, reserved 1069056K
  class space    used 2431K, capacity 2607K, committed 2688K, reserved 1048576K
}
Event: 3.497 GC heap after
{Heap after GC invocations=3 (full 0):
 garbage-first heap   total 131072K, used 16120K [0x0000000080000000, 0x0000000100000000)
  region size 1024K, 1 young (1024K), 1 survivors (1024K)
 Metaspace       used 20670K, capacity 21120K, committed 21296K, reserved 1069056K
  class space    used 2431K, capacity 2607K, committed 2688K, reserved 1048576K
}
Event: 4.702 GC heap before
{Heap before GC invocations=4 (full 0):
 garbage-first heap   total 131072K, used 70392K [0x0000000080000000, 0x0000000100000000)
  region size 1024K, 54 young (55296K), 1 survivors (1024K)
 Metaspace       used 26817K, capacity 27402K, committed 27696K, reserved 1073152K
  class space    used 3442K, capacity 3643K, committed 3712K, reserved 1048576K
}
Event: 4.706 GC heap after
{Heap after GC invocations=5 (full 0):
 garbage-first heap   total 131072K, used 17634K [0x0000000080000000, 0x0000000100000000)
  region size 1024K, 3 young (3072K), 3 survivors (3072K)
 Metaspace       used 26817K, capacity 27402K, committed 27696K, reserved 1073152K
  class space    used 3442K, capacity 3643K, committed 3712K, reserved 1048576K
}
Event: 5.584 GC heap before
{Heap before GC invocations=5 (full 0):
 garbage-first heap   total 131072K, used 58594K [0x0000000080000000, 0x0000000100000000)
  region size 1024K, 45 young (46080K), 3 survivors (3072K)
 Metaspace       used 35092K, capacity 35755K, committed 35920K, reserved 1081344K
  class space    used 4489K, capacity 4745K, committed 4864K, reserved 1048576K
}
Event: 5.593 GC heap after
{Heap after GC invocations=6 (full 0):
 garbage-first heap   total 131072K, used 20732K [0x0000000080000000, 0x0000000100000000)
  region size 1024K, 6 young (6144K), 6 survivors (6144K)
 Metaspace       used 35092K, capacity 35755K, committed 35920K, reserved 1081344K
  class space    used 4489K, capacity 4745K, committed 4864K, reserved 1048576K
}
Event: 6.596 GC heap before
{Heap before GC invocations=7 (full 0):
 garbage-first heap   total 131072K, used 88316K [0x0000000080000000, 0x0000000100000000)
  region size 1024K, 69 young (70656K), 6 survivors (6144K)
 Metaspace       used 40571K, capacity 41482K, committed 41680K, reserved 1085440K
  class space    used 5196K, capacity 5495K, committed 5504K, reserved 1048576K
}
Event: 6.606 GC heap after
{Heap after GC invocations=8 (full 0):
 garbage-first heap   total 131072K, used 24687K [0x0000000080000000, 0x0000000100000000)
  region size 1024K, 7 young (7168K), 7 survivors (7168K)
 Metaspace       used 40571K, capacity 41482K, committed 41680K, reserved 1085440K
  class space    used 5196K, capacity 5495K, committed 5504K, reserved 1048576K
}
Event: 7.951 GC heap before
{Heap before GC invocations=8 (full 0):
 garbage-first heap   total 131072K, used 92271K [0x0000000080000000, 0x0000000100000000)
  region size 1024K, 70 young (71680K), 7 survivors (7168K)
 Metaspace       used 43557K, capacity 44574K, committed 44752K, reserved 1087488K
  class space    used 5563K, capacity 5926K, committed 6016K, reserved 1048576K
}
Event: 7.962 GC heap after
{Heap after GC invocations=9 (full 0):
 garbage-first heap   total 131072K, used 34756K [0x0000000080000000, 0x0000000100000000)
  region size 1024K, 9 young (9216K), 9 survivors (9216K)
 Metaspace       used 43557K, capacity 44574K, committed 44752K, reserved 1087488K
  class space    used 5563K, capacity 5926K, committed 6016K, reserved 1048576K
}
Event: 10.042 GC heap before
{Heap before GC invocations=9 (full 0):
 garbage-first heap   total 131072K, used 95172K [0x0000000080000000, 0x0000000100000000)
  region size 1024K, 67 young (68608K), 9 survivors (9216K)
 Metaspace       used 51762K, capacity 52982K, committed 53200K, reserved 1095680K
  class space    used 6553K, capacity 6990K, committed 7040K, reserved 1048576K
}
Event: 10.055 GC heap after
{Heap after GC invocations=10 (full 0):
 garbage-first heap   total 157696K, used 42629K [0x0000000080000000, 0x0000000100000000)
  region size 1024K, 6 young (6144K), 6 survivors (6144K)
 Metaspace       used 51762K, capacity 52982K, committed 53200K, reserved 1095680K
  class space    used 6553K, capacity 6990K, committed 7040K, reserved 1048576K
}
Event: 11.739 GC heap before
{Heap before GC invocations=10 (full 0):
 garbage-first heap   total 157696K, used 99973K [0x0000000080000000, 0x0000000100000000)
  region size 1024K, 63 young (64512K), 6 survivors (6144K)
 Metaspace       used 58852K, capacity 60163K, committed 60240K, reserved 1101824K
  class space    used 7416K, capacity 7905K, committed 7936K, reserved 1048576K
}
Event: 11.757 GC heap after
{Heap after GC invocations=11 (full 0):
 garbage-first heap   total 157696K, used 47444K [0x0000000080000000, 0x0000000100000000)
  region size 1024K, 5 young (5120K), 5 survivors (5120K)
 Metaspace       used 58852K, capacity 60163K, committed 60240K, reserved 1101824K
  class space    used 7416K, capacity 7905K, committed 7936K, reserved 1048576K
}
Event: 12.865 GC heap before
{Heap before GC invocations=12 (full 0):
 garbage-first heap   total 157696K, used 112980K [0x0000000080000000, 0x0000000100000000)
  region size 1024K, 69 young (70656K), 5 survivors (5120K)
 Metaspace       used 63434K, capacity 64920K, committed 64976K, reserved 1105920K
  class space    used 8006K, capacity 8531K, committed 8576K, reserved 1048576K
}
Event: 12.875 GC heap after
{Heap after GC invocations=13 (full 0):
 garbage-first heap   total 157696K, used 52903K [0x0000000080000000, 0x0000000100000000)
  region size 1024K, 6 young (6144K), 6 survivors (6144K)
 Metaspace       used 63434K, capacity 64920K, committed 64976K, reserved 1105920K
  class space    used 8006K, capacity 8531K, committed 8576K, reserved 1048576K
}
Event: 14.283 GC heap before
{Heap before GC invocations=14 (full 0):
 garbage-first heap   total 157696K, used 117415K [0x0000000080000000, 0x0000000100000000)
  region size 1024K, 69 young (70656K), 6 survivors (6144K)
 Metaspace       used 68354K, capacity 69939K, committed 70224K, reserved 1110016K
  class space    used 8802K, capacity 9389K, committed 9472K, reserved 1048576K
}
Event: 14.295 GC heap after
{Heap after GC invocations=15 (full 0):
 garbage-first heap   total 157696K, used 57892K [0x0000000080000000, 0x0000000100000000)
  region size 1024K, 6 young (6144K), 6 survivors (6144K)
 Metaspace       used 68354K, capacity 69939K, committed 70224K, reserved 1110016K
  class space    used 8802K, capacity 9389K, committed 9472K, reserved 1048576K
}

Deoptimization events (20 events):
Event: 15.070 Thread 0x000001cf54429000 Uncommon trap: trap_request=0xffffff4d fr.pc=0x000001cf42ae6ab4 relative=0x00000000000005d4
Event: 15.070 Thread 0x000001cf54429000 Uncommon trap: reason=unstable_if action=reinterpret pc=0x000001cf42ae6ab4 method=com.sun.org.apache.xerces.internal.impl.XMLEntityScanner.scanLiteral(ILcom/sun/org/apache/xerces/internal/xni/XMLString;Z)I @ 660 c2
Event: 15.071 Thread 0x000001cf54429000 DEOPT PACKING pc=0x000001cf42ae6ab4 sp=0x0000008a381f9ea0
Event: 15.071 Thread 0x000001cf54429000 DEOPT UNPACKING pc=0x000001cf3ad774af sp=0x0000008a381f9e48 mode 2
Event: 15.084 Thread 0x000001cf54429000 Uncommon trap: trap_request=0xffffff4d fr.pc=0x000001cf42b649f8 relative=0x0000000000000298
Event: 15.084 Thread 0x000001cf54429000 Uncommon trap: reason=unstable_if action=reinterpret pc=0x000001cf42b649f8 method=java.lang.CharacterDataLatin1.digit(II)I @ 12 c2
Event: 15.084 Thread 0x000001cf54429000 DEOPT PACKING pc=0x000001cf42b649f8 sp=0x0000008a381f9f90
Event: 15.084 Thread 0x000001cf54429000 DEOPT UNPACKING pc=0x000001cf3ad774af sp=0x0000008a381f9db0 mode 2
Event: 15.106 Thread 0x000001cf54429000 Uncommon trap: trap_request=0xffffff4d fr.pc=0x000001cf42b087c4 relative=0x00000000000000a4
Event: 15.106 Thread 0x000001cf54429000 Uncommon trap: reason=unstable_if action=reinterpret pc=0x000001cf42b087c4 method=java.lang.CharacterDataLatin1.digit(II)I @ 12 c2
Event: 15.106 Thread 0x000001cf54429000 DEOPT PACKING pc=0x000001cf42b087c4 sp=0x0000008a381f9e90
Event: 15.106 Thread 0x000001cf54429000 DEOPT UNPACKING pc=0x000001cf3ad774af sp=0x0000008a381f9e08 mode 2
Event: 15.212 Thread 0x000001cf54429000 Uncommon trap: trap_request=0xffffff4d fr.pc=0x000001cf4299eb78 relative=0x00000000000006f8
Event: 15.212 Thread 0x000001cf54429000 Uncommon trap: reason=unstable_if action=reinterpret pc=0x000001cf4299eb78 method=java.util.HashMap.putVal(ILjava/lang/Object;Ljava/lang/Object;ZZ)Ljava/lang/Object; @ 109 c2
Event: 15.212 Thread 0x000001cf54429000 DEOPT PACKING pc=0x000001cf4299eb78 sp=0x0000008a381f8c00
Event: 15.212 Thread 0x000001cf54429000 DEOPT UNPACKING pc=0x000001cf3ad774af sp=0x0000008a381f8b18 mode 2
Event: 15.212 Thread 0x000001cf54429000 Uncommon trap: trap_request=0xffffff4d fr.pc=0x000001cf42987280 relative=0x0000000000000680
Event: 15.212 Thread 0x000001cf54429000 Uncommon trap: reason=unstable_if action=reinterpret pc=0x000001cf42987280 method=java.util.HashMap.putVal(ILjava/lang/Object;Ljava/lang/Object;ZZ)Ljava/lang/Object; @ 109 c2
Event: 15.212 Thread 0x000001cf54429000 DEOPT PACKING pc=0x000001cf42987280 sp=0x0000008a381f8b50
Event: 15.212 Thread 0x000001cf54429000 DEOPT UNPACKING pc=0x000001cf3ad774af sp=0x0000008a381f8b08 mode 2

Classes redefined (0 events):
No events

Internal exceptions (20 events):
Event: 14.270 Thread 0x000001cf54429000 Exception <a 'java/lang/ClassNotFoundException'{0x0000000085c6f8d8}: org/gradle/api/internal/artifacts/configurations/DefaultConfigurationContainer_DecoratedBeanInfo> (0x0000000085c6f8d8) thrown at [./src/hotspot/share/classfile/systemDictionary.cpp, line 231]
Event: 14.271 Thread 0x000001cf54429000 Exception <a 'java/lang/ClassNotFoundException'{0x0000000085c8e810}: org/gradle/api/internal/artifacts/configurations/DefaultConfigurationContainerBeanInfo> (0x0000000085c8e810) thrown at [./src/hotspot/share/classfile/systemDictionary.cpp, line 231]
Event: 14.272 Thread 0x000001cf54429000 Exception <a 'java/lang/ClassNotFoundException'{0x0000000085ca08d8}: org/gradle/api/internal/AbstractValidatingNamedDomainObjectContainerBeanInfo> (0x0000000085ca08d8) thrown at [./src/hotspot/share/classfile/systemDictionary.cpp, line 231]
Event: 14.272 Thread 0x000001cf54429000 Exception <a 'java/lang/ClassNotFoundException'{0x0000000085cb2980}: org/gradle/api/internal/AbstractValidatingNamedDomainObjectContainerCustomizer> (0x0000000085cb2980) thrown at [./src/hotspot/share/classfile/systemDictionary.cpp, line 231]
Event: 14.274 Thread 0x000001cf54429000 Exception <a 'java/lang/ClassNotFoundException'{0x0000000085cdc380}: org/gradle/api/internal/artifacts/configurations/DefaultConfigurationContainerCustomizer> (0x0000000085cdc380) thrown at [./src/hotspot/share/classfile/systemDictionary.cpp, line 231]
Event: 14.276 Thread 0x000001cf54429000 Exception <a 'java/lang/ClassNotFoundException'{0x0000000085b10ba0}: org/gradle/api/internal/artifacts/configurations/DefaultConfigurationContainer_DecoratedCustomizer> (0x0000000085b10ba0) thrown at [./src/hotspot/share/classfile/systemDictionary.cpp, line 231]
Event: 14.298 Thread 0x000001cf54429000 Exception <a 'java/lang/ClassNotFoundException'{0x000000008983e4b0}: org/gradle/api/internal/artifacts/configurations/DefaultConfiguration_DecoratedBeanInfo> (0x000000008983e4b0) thrown at [./src/hotspot/share/classfile/systemDictionary.cpp, line 231]
Event: 14.299 Thread 0x000001cf54429000 Exception <a 'java/lang/ClassNotFoundException'{0x000000008985cef0}: org/gradle/api/internal/artifacts/configurations/DefaultConfigurationBeanInfo> (0x000000008985cef0) thrown at [./src/hotspot/share/classfile/systemDictionary.cpp, line 231]
Event: 14.299 Thread 0x000001cf54429000 Exception <a 'java/lang/ClassNotFoundException'{0x000000008987b9a0}: org/gradle/api/internal/artifacts/configurations/DefaultConfigurationCustomizer> (0x000000008987b9a0) thrown at [./src/hotspot/share/classfile/systemDictionary.cpp, line 231]
Event: 14.302 Thread 0x000001cf54429000 Exception <a 'java/lang/ClassNotFoundException'{0x00000000898e6d68}: org/gradle/api/internal/artifacts/configurations/DefaultConfiguration_DecoratedCustomizer> (0x00000000898e6d68) thrown at [./src/hotspot/share/classfile/systemDictionary.cpp, line 231]
Event: 14.306 Thread 0x000001cf54429000 Implicit null exception at 0x000001cf42b5f75b to 0x000001cf42b61b20
Event: 14.312 Thread 0x000001cf54429000 Exception <a 'java/lang/ClassNotFoundException'{0x000000008979f8b8}: org/codehaus/groovy/runtime/MethodClosureBeanInfo> (0x000000008979f8b8) thrown at [./src/hotspot/share/classfile/systemDictionary.cpp, line 231]
Event: 14.313 Thread 0x000001cf54429000 Exception <a 'java/lang/ClassNotFoundException'{0x00000000897b0838}: org/codehaus/groovy/runtime/MethodClosureCustomizer> (0x00000000897b0838) thrown at [./src/hotspot/share/classfile/systemDictionary.cpp, line 231]
Event: 14.318 Thread 0x000001cf54429000 Exception <a 'java/lang/ClassNotFoundException'{0x00000000896066f0}: org/gradle/api/internal/artifacts/configurations/DefaultConfiguration$ConfigurationResolvableDependencies_DecoratedBeanInfo> (0x00000000896066f0) thrown at [./src/hotspot/share/classfile/systemDictionary.cpp, line 231]
Event: 14.319 Thread 0x000001cf54429000 Exception <a 'java/lang/ClassNotFoundException'{0x000000008962afd0}: org/gradle/api/internal/artifacts/configurations/DefaultConfiguration$ConfigurationResolvableDependenciesBeanInfo> (0x000000008962afd0) thrown at [./src/hotspot/share/classfile/systemDictionary.cpp, line 231]
Event: 14.320 Thread 0x000001cf54429000 Exception <a 'java/lang/ClassNotFoundException'{0x0000000089650e58}: org/gradle/api/internal/artifacts/configurations/DefaultConfiguration$ConfigurationResolvableDependenciesCustomizer> (0x0000000089650e58) thrown at [./src/hotspot/share/classfile/systemDictionary.cpp, line 231]
Event: 14.321 Thread 0x000001cf54429000 Exception <a 'java/lang/ClassNotFoundException'{0x0000000089687b98}: org/gradle/api/internal/artifacts/configurations/DefaultConfiguration$ConfigurationResolvableDependencies_DecoratedCustomizer> (0x0000000089687b98) thrown at [./src/hotspot/share/classfile/systemDictionary.cpp, line 231]
Event: 14.574 Thread 0x000001cf54429000 Exception <a 'sun/nio/fs/WindowsException'{0x0000000088cf6930}> (0x0000000088cf6930) thrown at [./src/hotspot/share/prims/jni.cpp, line 615]
Event: 14.727 Thread 0x000001cf54429000 Exception <a 'java/lang/NullPointerException'{0x000000008835da90}> (0x000000008835da90) thrown at [./src/hotspot/share/interpreter/linkResolver.cpp, line 1440]
Event: 15.048 Thread 0x000001cf54429000 Exception <a 'java/lang/NoSuchMethodError'{0x00000000873476d8}: 'int java.lang.invoke.DirectMethodHandle$Holder.invokeStatic(java.lang.Object, java.lang.Object, int, java.lang.Object)'> (0x00000000873476d8) thrown at [./src/hotspot/share/interpreter/linkResolver.cpp, line 773]

Events (20 events):
Event: 15.282 loading class com/android/ide/common/rendering/api/ResourceNamespace$AaptNamespace
Event: 15.282 loading class com/android/ide/common/rendering/api/ResourceNamespace$AaptNamespace done
Event: 15.283 loading class com/google/common/collect/LinkedListMultimap
Event: 15.283 loading class com/google/common/collect/LinkedListMultimap done
Event: 15.285 loading class com/android/ide/common/resources/PatternBasedFileFilter
Event: 15.285 loading class com/android/ide/common/resources/PatternBasedFileFilter done
Event: 15.286 loading class com/android/ide/common/resources/AndroidAaptIgnore
Event: 15.286 loading class com/android/ide/common/resources/AndroidAaptIgnore done
Event: 15.287 loading class com/android/ide/common/resources/NoOpResourcePreprocessor
Event: 15.287 loading class com/android/ide/common/resources/NoOpResourcePreprocessor done
Event: 15.288 loading class com/android/build/gradle/tasks/ExtractDeepLinksTask$CreationAction$configure$1
Event: 15.288 loading class com/android/build/gradle/tasks/ExtractDeepLinksTask$CreationAction$configure$1 done
Event: 15.289 loading class com/android/build/gradle/tasks/ExtractDeepLinksTask$CreationAction$configure$1$1
Event: 15.289 loading class com/android/build/gradle/tasks/ExtractDeepLinksTask$CreationAction$configure$1$1 done
Event: 15.295 loading class com/android/build/gradle/internal/tasks/featuresplit/PackagedDependenciesWriterTask$CreationAction$configure$1
Event: 15.295 loading class com/android/build/gradle/internal/tasks/featuresplit/PackagedDependenciesWriterTask$CreationAction$configure$1 done
Event: 15.296 loading class com/android/build/gradle/internal/tasks/featuresplit/PackagedDependenciesWriterTaskKt
Event: 15.296 loading class com/android/build/gradle/internal/tasks/featuresplit/PackagedDependenciesWriterTaskKt done
Event: 15.296 loading class com/android/build/gradle/internal/tasks/featuresplit/PackagedDependenciesWriterTaskKt$aarOrJarType$1
Event: 15.296 loading class com/android/build/gradle/internal/tasks/featuresplit/PackagedDependenciesWriterTaskKt$aarOrJarType$1 done


Dynamic libraries:
0x00007ff6f74f0000 - 0x00007ff6f74fa000 	C:\Program Files\Android\Android Studio1\jre\bin\java.exe
0x00007ffba5110000 - 0x00007ffba5305000 	C:\WINDOWS\SYSTEM32\ntdll.dll
0x00007ffba3f60000 - 0x00007ffba401d000 	C:\WINDOWS\System32\KERNEL32.DLL
0x00007ffba2bf0000 - 0x00007ffba2eb8000 	C:\WINDOWS\System32\KERNELBASE.dll
0x00007ffb9fcd0000 - 0x00007ffb9fd60000 	C:\WINDOWS\SYSTEM32\apphelp.dll
0x00007ffba2f20000 - 0x00007ffba3020000 	C:\WINDOWS\System32\ucrtbase.dll
0x00007ffb78a50000 - 0x00007ffb78a69000 	C:\Program Files\Android\Android Studio1\jre\bin\jli.dll
0x00007ffb73060000 - 0x00007ffb73077000 	C:\Program Files\Android\Android Studio1\jre\bin\VCRUNTIME140.dll
0x00007ffba3930000 - 0x00007ffba3ad0000 	C:\WINDOWS\System32\USER32.dll
0x00007ffb8d670000 - 0x00007ffb8d90a000 	C:\WINDOWS\WinSxS\amd64_microsoft.windows.common-controls_6595b64144ccf1df_6.0.19041.1052_none_60b8f8fd71f5e8cb\COMCTL32.dll
0x00007ffba3150000 - 0x00007ffba3172000 	C:\WINDOWS\System32\win32u.dll
0x00007ffba4020000 - 0x00007ffba404a000 	C:\WINDOWS\System32\GDI32.dll
0x00007ffba3e40000 - 0x00007ffba3ede000 	C:\WINDOWS\System32\msvcrt.dll
0x00007ffba2950000 - 0x00007ffba2a5b000 	C:\WINDOWS\System32\gdi32full.dll
0x00007ffba3020000 - 0x00007ffba30bd000 	C:\WINDOWS\System32\msvcp_win.dll
0x00007ffba4070000 - 0x00007ffba40a0000 	C:\WINDOWS\System32\IMM32.DLL
0x00007ffb61a80000 - 0x00007ffb61b1d000 	C:\Program Files\Android\Android Studio1\jre\bin\msvcp140.dll
0x00007ffb5b560000 - 0x00007ffb5c01c000 	C:\Program Files\Android\Android Studio1\jre\bin\server\jvm.dll
0x00007ffba4f40000 - 0x00007ffba4fec000 	C:\WINDOWS\System32\ADVAPI32.dll
0x00007ffba40a0000 - 0x00007ffba413b000 	C:\WINDOWS\System32\sechost.dll
0x00007ffba3750000 - 0x00007ffba387b000 	C:\WINDOWS\System32\RPCRT4.dll
0x00007ffba4ad0000 - 0x00007ffba4ad8000 	C:\WINDOWS\System32\PSAPI.DLL
0x00007ffb88160000 - 0x00007ffb88169000 	C:\WINDOWS\SYSTEM32\WSOCK32.dll
0x00007ffb8f3f0000 - 0x00007ffb8f417000 	C:\WINDOWS\SYSTEM32\WINMM.dll
0x00007ffba3ef0000 - 0x00007ffba3f5b000 	C:\WINDOWS\System32\WS2_32.dll
0x00007ffb99ec0000 - 0x00007ffb99eca000 	C:\WINDOWS\SYSTEM32\VERSION.dll
0x00007ffba1120000 - 0x00007ffba1132000 	C:\WINDOWS\SYSTEM32\kernel.appcore.dll
0x00007ffb9b2f0000 - 0x00007ffb9b301000 	C:\Program Files\Android\Android Studio1\jre\bin\verify.dll
0x00007ffba04c0000 - 0x00007ffba06a4000 	C:\WINDOWS\SYSTEM32\DBGHELP.DLL
0x00007ffb8a280000 - 0x00007ffb8a2ac000 	C:\WINDOWS\SYSTEM32\dbgcore.DLL
0x00007ffba30c0000 - 0x00007ffba3143000 	C:\WINDOWS\System32\bcryptPrimitives.dll
0x00007ffb90750000 - 0x00007ffb90779000 	C:\Program Files\Android\Android Studio1\jre\bin\java.dll
0x00007ffba0480000 - 0x00007ffba048b000 	C:\Program Files\Android\Android Studio1\jre\bin\jimage.dll
0x00007ffb8f1e0000 - 0x00007ffb8f1f8000 	C:\Program Files\Android\Android Studio1\jre\bin\zip.dll
0x00007ffba4260000 - 0x00007ffba499f000 	C:\WINDOWS\System32\SHELL32.dll
0x00007ffba0980000 - 0x00007ffba1110000 	C:\WINDOWS\SYSTEM32\windows.storage.dll
0x00007ffba3ae0000 - 0x00007ffba3e35000 	C:\WINDOWS\System32\combase.dll
0x00007ffba22c0000 - 0x00007ffba22ec000 	C:\WINDOWS\SYSTEM32\Wldp.dll
0x00007ffba4a20000 - 0x00007ffba4ace000 	C:\WINDOWS\System32\SHCORE.dll
0x00007ffba4ee0000 - 0x00007ffba4f35000 	C:\WINDOWS\System32\shlwapi.dll
0x00007ffba2790000 - 0x00007ffba27af000 	C:\WINDOWS\SYSTEM32\profapi.dll
0x00007ffb8e9e0000 - 0x00007ffb8e9fa000 	C:\Program Files\Android\Android Studio1\jre\bin\net.dll
0x00007ffb8f760000 - 0x00007ffb8f86b000 	C:\WINDOWS\SYSTEM32\WINHTTP.dll
0x00007ffba2030000 - 0x00007ffba209a000 	C:\WINDOWS\system32\mswsock.dll
0x00007ffb8cd60000 - 0x00007ffb8cd74000 	C:\Program Files\Android\Android Studio1\jre\bin\nio.dll
0x00007ffb71d90000 - 0x00007ffb71db7000 	C:\Users\DANY99SR\.gradle\native\f6784746aeab05261644944871eae4fe03e0ef1612fff0a4a95f87b438bc6780\windows-amd64\native-platform.dll
0x00007ffb9c700000 - 0x00007ffb9c70a000 	C:\Program Files\Android\Android Studio1\jre\bin\management.dll
0x00007ffb9c250000 - 0x00007ffb9c25c000 	C:\Program Files\Android\Android Studio1\jre\bin\management_ext.dll
0x00007ffba2210000 - 0x00007ffba2228000 	C:\WINDOWS\SYSTEM32\CRYPTSP.dll
0x00007ffba1960000 - 0x00007ffba1994000 	C:\WINDOWS\system32\rsaenh.dll
0x00007ffba2a60000 - 0x00007ffba2a87000 	C:\WINDOWS\System32\bcrypt.dll
0x00007ffba2750000 - 0x00007ffba277e000 	C:\WINDOWS\SYSTEM32\USERENV.dll
0x00007ffba2200000 - 0x00007ffba220c000 	C:\WINDOWS\SYSTEM32\CRYPTBASE.dll
0x00007ffba1cd0000 - 0x00007ffba1d0b000 	C:\WINDOWS\SYSTEM32\IPHLPAPI.DLL
0x00007ffba3ee0000 - 0x00007ffba3ee8000 	C:\WINDOWS\System32\NSI.dll
0x00007ffb98860000 - 0x00007ffb98877000 	C:\WINDOWS\SYSTEM32\dhcpcsvc6.DLL
0x00007ffb99180000 - 0x00007ffb9919d000 	C:\WINDOWS\SYSTEM32\dhcpcsvc.DLL
0x00007ffba1d20000 - 0x00007ffba1dec000 	C:\WINDOWS\SYSTEM32\DNSAPI.dll
0x00007ffb99ed0000 - 0x00007ffb99edb000 	C:\WINDOWS\SYSTEM32\WINNSI.DLL

dbghelp: loaded successfully - version: 4.0.5 - missing functions: none
symbol engine: initialized successfully - sym options: 0x614 - pdb path: .;C:\Program Files\Android\Android Studio1\jre\bin;C:\WINDOWS\SYSTEM32;C:\WINDOWS\WinSxS\amd64_microsoft.windows.common-controls_6595b64144ccf1df_6.0.19041.1052_none_60b8f8fd71f5e8cb;C:\Program Files\Android\Android Studio1\jre\bin\server;C:\Users\DANY99SR\.gradle\native\f6784746aeab05261644944871eae4fe03e0ef1612fff0a4a95f87b438bc6780\windows-amd64

VM Arguments:
jvm_args: --add-opens=java.base/java.util=ALL-UNNAMED --add-opens=java.base/java.lang=ALL-UNNAMED --add-opens=java.base/java.lang.invoke=ALL-UNNAMED --add-opens=java.prefs/java.util.prefs=ALL-UNNAMED -Xmx2048m -Dfile.encoding=UTF-8 -Duser.country=GB -Duser.language=en -Duser.variant 
java_command: org.gradle.launcher.daemon.bootstrap.GradleDaemon 6.5
java_class_path (initial): C:\Users\DANY99SR\.gradle\wrapper\dists\gradle-6.5-bin\6nifqtx7604sqp1q6g8wikw7p\gradle-6.5\lib\gradle-launcher-6.5.jar
Launcher Type: SUN_STANDARD

[Global flags]
     intx CICompilerCount                          = 4                                         {product} {ergonomic}
     uint ConcGCThreads                            = 2                                         {product} {ergonomic}
     uint G1ConcRefinementThreads                  = 8                                         {product} {ergonomic}
   size_t G1HeapRegionSize                         = 1048576                                   {product} {ergonomic}
    uintx GCDrainStackTargetSize                   = 64                                        {product} {ergonomic}
   size_t InitialHeapSize                          = 134217728                                 {product} {ergonomic}
   size_t MarkStackSize                            = 4194304                                   {product} {ergonomic}
   size_t MaxHeapSize                              = 2147483648                                {product} {command line}
   size_t MaxNewSize                               = 1287651328                                {product} {ergonomic}
   size_t MinHeapDeltaBytes                        = 1048576                                   {product} {ergonomic}
    uintx NonNMethodCodeHeapSize                   = 5836300                                {pd product} {ergonomic}
    uintx NonProfiledCodeHeapSize                  = 122910970                              {pd product} {ergonomic}
    uintx ProfiledCodeHeapSize                     = 122910970                              {pd product} {ergonomic}
    uintx ReservedCodeCacheSize                    = 251658240                              {pd product} {ergonomic}
     bool SegmentedCodeCache                       = true                                      {product} {ergonomic}
     bool UseCompressedClassPointers               = true                                 {lp64_product} {ergonomic}
     bool UseCompressedOops                        = true                                 {lp64_product} {ergonomic}
     bool UseG1GC                                  = true                                      {product} {ergonomic}
     bool UseLargePagesIndividualAllocation        = false                                  {pd product} {ergonomic}

Logging:
Log output configuration:
 #0: stdout all=warning uptime,level,tags
 #1: stderr all=off uptime,level,tags

Environment Variables:
JAVA_HOME=C:\Program Files\AdoptOpenJDK\jdk-8.0.252.09-hotspot
PATH=C:\Program Files\Microsoft MPI\Bin\;C:\Program Files\AdoptOpenJDK\jdk-8.0.252.09-hotspot\bin;C:\Program Files (x86)\Common Files\Oracle\Java\javapath;C:\Windows\system32;C:\Windows;C:\Windows\System32\Wbem;C:\Windows\System32\WindowsPowerShell\v1.0\;C:\Windows\System32\OpenSSH\;C:\Program Files\dotnet\;C:\Program Files\NVIDIA Corporation\NVIDIA NvDLISR;C:\Program Files (x86)\NVIDIA Corporation\PhysX\Common;C:\Android;C:\Program Files (x86)\Microsoft SQL Server\150\DTS\Binn\;C:\Program Files\Microsoft SQL Server\Client SDK\ODBC\170\Tools\Binn\;C:\Program Files (x86)\Microsoft SQL Server\150\Tools\Binn\;C:\Program Files\Microsoft SQL Server\150\Tools\Binn\;C:\Program Files\Microsoft SQL Server\150\DTS\Binn\;C:\Program Files\nodejs\;C:\Program Files\PostgreSQL\12\bin;C:\Program Files\Git\cmd;C:\Program Files\Microsoft SQL Server\130\Tools\Binn\;C:\WINDOWS\system32;C:\WINDOWS;C:\WINDOWS\System32\Wbem;C:\WINDOWS\System32\WindowsPowerShell\v1.0\;C:\WINDOWS\System32\OpenSSH\;C:\Program Files\Go\bin;C:\Users\DANY99SR\AppData\Local\Programs\Python\Python37\Scripts\;C:\Users\DANY99SR\AppData\Local\Programs\Python\Python37\;C:\Users\DANY99SR\AppData\Local\Microsoft\WindowsApps;C:\Users\DANY99SR\AppData\Local\Programs\Microsoft VS Code\bin;C:\Users\DANY99SR\AppData\Local\GitHubDesktop\bin;C:\Program Files\JetBrains\PyCharm 2020.1\bin;;C:\Users\DANY99SR\AppData\Roaming\npm;C:\Users\DANY99SR\.dotnet\tools;C:\Users\DANY99SR\AppData\Local\Microsoft\WindowsApps;C:\Users\DANY99SR\go\bin
USERNAME=DANY99SR
OS=Windows_NT
PROCESSOR_IDENTIFIER=Intel64 Family 6 Model 158 Stepping 9, GenuineIntel



---------------  S Y S T E M  ---------------

OS: Windows 10 , 64 bit Build 19041 (10.0.19041.1023)
OS uptime: 17 days 11:49 hours

CPU:total 8 (initial active 8) (4 cores per cpu, 2 threads per core) family 6 model 158 stepping 9, cmov, cx8, fxsr, mmx, sse, sse2, sse3, ssse3, sse4.1, sse4.2, popcnt, avx, avx2, aes, clmul, erms, 3dnowpref, lzcnt, ht, tsc, tscinvbit, bmi1, bmi2, adx, fma

Memory: 4k page, system-wide physical 8076M (368M free)
TotalPageFile size 32652M (AvailPageFile size 3M)
current process WorkingSet (physical memory assigned to process): 382M, peak: 385M
current process commit charge ("private bytes"): 424M, peak: 426M

vm_info: OpenJDK 64-Bit Server VM (11.0.8+10-b944.6842174) for windows-amd64 JRE (11.0.8+10-b944.6842174), built on Sep 19 2020 01:11:42 by "builder" with MS VC++ 14.0 (VS2015)

END.
