#
# There is insufficient memory for the Java Runtime Environment to continue.
# Native memory allocation (malloc) failed to allocate 1677936 bytes for Chunk::new
# Possible reasons:
#   The system is out of physical RAM or swap space
#   The process is running with CompressedOops enabled, and the Java Heap may be blocking the growth of the native heap
# Possible solutions:
#   Reduce memory load on the system
#   Increase physical memory or swap space
#   Check if swap backing store is full
#   Decrease Java heap size (-Xmx/-Xms)
#   Decrease number of Java threads
#   Decrease Java thread stack sizes (-Xss)
#   Set larger code cache with -XX:ReservedCodeCacheSize=
#   JVM is running with Unscaled Compressed Oops mode in which the Java heap is
#     placed in the first 4GB address space. The Java Heap base address is the
#     maximum limit for the native heap growth. Please use -XX:HeapBaseMinAddress
#     to set the Java Heap base and to place the Java Heap above 4GB virtual address.
# This output file may be truncated or incomplete.
#
#  Out of Memory Error (./src/hotspot/share/memory/arena.cpp:197), pid=6580, tid=3432
#
# JRE version: OpenJDK Runtime Environment (11.0.8+10) (build 11.0.8+10-b944.6842174)
# Java VM: OpenJDK 64-Bit Server VM (11.0.8+10-b944.6842174, mixed mode, tiered, compressed oops, g1 gc, windows-amd64)
# No core dump will be written. Minidumps are not enabled by default on client versions of Windows
#

---------------  S U M M A R Y ------------

Command Line: --add-opens=java.base/java.util=ALL-UNNAMED --add-opens=java.base/java.lang=ALL-UNNAMED --add-opens=java.base/java.lang.invoke=ALL-UNNAMED --add-opens=java.prefs/java.util.prefs=ALL-UNNAMED -Xmx2048m -Dfile.encoding=UTF-8 -Duser.country=GB -Duser.language=en -Duser.variant org.gradle.launcher.daemon.bootstrap.GradleDaemon 6.5

Host: Intel(R) Core(TM) i7-7700HQ CPU @ 2.80GHz, 8 cores, 7G,  Windows 10 , 64 bit Build 19041 (10.0.19041.1023)
Time: Mon Jun 28 22:40:46 2021 GTB Summer Time elapsed time: 13 seconds (0d 0h 0m 13s)

---------------  T H R E A D  ---------------

Current thread (0x000001e6bacff800):  JavaThread "C2 CompilerThread0" daemon [_thread_in_native, id=3432, stack(0x00000034dc500000,0x00000034dc600000)]


Current CompileTask:
C2:  13030 6445       4       java.net.URLClassLoader$1::run (5 bytes)

Stack: [0x00000034dc500000,0x00000034dc600000]
Native frames: (J=compiled Java code, j=interpreted, Vv=VM code, C=native code)
V  [jvm.dll+0x5de50a]
V  [jvm.dll+0x7122f5]
V  [jvm.dll+0x71384d]
V  [jvm.dll+0x713f03]
V  [jvm.dll+0x23e728]
V  [jvm.dll+0xb899c]
V  [jvm.dll+0xb8e9c]
V  [jvm.dll+0x35020b]
V  [jvm.dll+0x193ebc]
V  [jvm.dll+0x1f780e]
V  [jvm.dll+0x1f68d4]
V  [jvm.dll+0x17f32c]
V  [jvm.dll+0x205047]
V  [jvm.dll+0x203891]
V  [jvm.dll+0x6dad3f]
V  [jvm.dll+0x6d3895]
V  [jvm.dll+0x5dd4a6]
C  [ucrtbase.dll+0x21bb2]
C  [KERNEL32.DLL+0x17034]
C  [ntdll.dll+0x52651]


---------------  P R O C E S S  ---------------

Threads class SMR info:
_java_thread_list=0x000001e6bcf66a20, length=155, elements={
0x000001e69e9ee000, 0x000001e6bace9800, 0x000001e6bacea800, 0x000001e6bacfc800,
0x000001e6bacfd800, 0x000001e6bacff800, 0x000001e6bad06000, 0x000001e6bad12800,
0x000001e6bb7b8000, 0x000001e6bb7dd000, 0x000001e6bc948000, 0x000001e6bcb79800,
0x000001e6bd098800, 0x000001e6bd1a7800, 0x000001e6bd1a8000, 0x000001e6bd07d000,
0x000001e6bd07e000, 0x000001e6bd07e800, 0x000001e6bd56c000, 0x000001e6bd127800,
0x000001e6bd73c000, 0x000001e6bd73e000, 0x000001e6bd73e800, 0x000001e6bd73a800,
0x000001e6bd73f800, 0x000001e6bd740800, 0x000001e6bd741000, 0x000001e6bd73d000,
0x000001e6bd73b800, 0x000001e6c14f7000, 0x000001e6c14f8800, 0x000001e6c14fa800,
0x000001e6c14f8000, 0x000001e6c14f6800, 0x000001e6c14f4800, 0x000001e6c14fb000,
0x000001e6c14f5800, 0x000001e6c14fd800, 0x000001e6c14fc000, 0x000001e6c1501800,
0x000001e6c1502800, 0x000001e6c1500000, 0x000001e6c14fd000, 0x000001e6c14ff800,
0x000001e6c1503800, 0x000001e6c14fe800, 0x000001e6c1501000, 0x000001e6c1c32800,
0x000001e6c1c37800, 0x000001e6c1c32000, 0x000001e6c1c36800, 0x000001e6c1c36000,
0x000001e6c1c33800, 0x000001e6c1c38800, 0x000001e6c1c39000, 0x000001e6c1c35000,
0x000001e6c1c3a000, 0x000001e6c1c34000, 0x000001e6c1c3b800, 0x000001e6c1c3f800,
0x000001e6c1c3b000, 0x000001e6c1c40800, 0x000001e6c1c3c800, 0x000001e6c1c3d000,
0x000001e6c1c3e000, 0x000001e6c1c3f000, 0x000001e6c02f2000, 0x000001e6c02f3800,
0x000001e6c02f5800, 0x000001e6c02f3000, 0x000001e6c02f0800, 0x000001e6c02f4800,
0x000001e6c02ef800, 0x000001e6c02f6000, 0x000001e6c02f1000, 0x000001e6c02fc800,
0x000001e6c02f9800, 0x000001e6c02fc000, 0x000001e6c02f7000, 0x000001e6c02fd800,
0x000001e6c02f8800, 0x000001e6c02fa000, 0x000001e6c02fb000, 0x000001e6c02f8000,
0x000001e6c02fe800, 0x000001e6c21b5000, 0x000001e6c21b8800, 0x000001e6c21b3800,
0x000001e6c21b9000, 0x000001e6c21ba000, 0x000001e6c21b4000, 0x000001e6c21ba800,
0x000001e6c21bb800, 0x000001e6c21b7800, 0x000001e6c21b6800, 0x000001e6c21b6000,
0x000001e6c21bf800, 0x000001e6c21bf000, 0x000001e6c21c1800, 0x000001e6c21bd000,
0x000001e6c21c0800, 0x000001e6c21c2000, 0x000001e6c21bc800, 0x000001e6c21be000,
0x000001e6c0744000, 0x000001e6c0745800, 0x000001e6c0746800, 0x000001e6c0745000,
0x000001e6c0747800, 0x000001e6c0741800, 0x000001e6c0748000, 0x000001e6c0742800,
0x000001e6c0749000, 0x000001e6c0743000, 0x000001e6c074a000, 0x000001e6c0750800,
0x000001e6c074e000, 0x000001e6c074e800, 0x000001e6c074f800, 0x000001e6c074a800,
0x000001e6c074b800, 0x000001e6c074c000, 0x000001e6c074d000, 0x000001e6c1ea3800,
0x000001e6c1e9f000, 0x000001e6c1ea4000, 0x000001e6c1ea5000, 0x000001e6c1ea1000,
0x000001e6c1ea5800, 0x000001e6c1ea0000, 0x000001e6c1ea6800, 0x000001e6c1ea7800,
0x000001e6c1ea1800, 0x000001e6c1ea8000, 0x000001e6c1ea2800, 0x000001e6c1ea9000,
0x000001e6c1ead000, 0x000001e6c1eae000, 0x000001e6c1eaa000, 0x000001e6c1eaa800,
0x000001e6c1eab800, 0x000001e6c1eac000, 0x000001e6c1684000, 0x000001e6c1686800,
0x000001e6c1686000, 0x000001e6c1687800, 0x000001e6c1682000, 0x000001e6c1685000,
0x000001e6c1683800, 0x000001e6c1688800, 0x000001e6c1682800, 0x000001e6c1689000,
0x000001e6c168a000, 0x000001e6c168b800, 0x000001e6c168c800
}

Java Threads: ( => current thread )
  0x000001e69e9ee000 JavaThread "main" [_thread_blocked, id=9996, stack(0x00000034dba00000,0x00000034dbb00000)]
  0x000001e6bace9800 JavaThread "Reference Handler" daemon [_thread_blocked, id=10792, stack(0x00000034dc100000,0x00000034dc200000)]
  0x000001e6bacea800 JavaThread "Finalizer" daemon [_thread_blocked, id=17932, stack(0x00000034dc200000,0x00000034dc300000)]
  0x000001e6bacfc800 JavaThread "Signal Dispatcher" daemon [_thread_blocked, id=8536, stack(0x00000034dc300000,0x00000034dc400000)]
  0x000001e6bacfd800 JavaThread "Attach Listener" daemon [_thread_blocked, id=21116, stack(0x00000034dc400000,0x00000034dc500000)]
=>0x000001e6bacff800 JavaThread "C2 CompilerThread0" daemon [_thread_in_native, id=3432, stack(0x00000034dc500000,0x00000034dc600000)]
  0x000001e6bad06000 JavaThread "C1 CompilerThread0" daemon [_thread_blocked, id=18044, stack(0x00000034dc600000,0x00000034dc700000)]
  0x000001e6bad12800 JavaThread "Sweeper thread" daemon [_thread_blocked, id=19108, stack(0x00000034dc700000,0x00000034dc800000)]
  0x000001e6bb7b8000 JavaThread "Common-Cleaner" daemon [_thread_blocked, id=17820, stack(0x00000034dc800000,0x00000034dc900000)]
  0x000001e6bb7dd000 JavaThread "Service Thread" daemon [_thread_blocked, id=18932, stack(0x00000034dc900000,0x00000034dca00000)]
  0x000001e6bc948000 JavaThread "Daemon health stats" [_thread_blocked, id=6200, stack(0x00000034dce00000,0x00000034dcf00000)]
  0x000001e6bcb79800 JavaThread "Incoming local TCP Connector on port 53916" [_thread_in_native, id=14224, stack(0x00000034dd000000,0x00000034dd100000)]
  0x000001e6bd098800 JavaThread "Daemon periodic checks" [_thread_blocked, id=12928, stack(0x00000034dd200000,0x00000034dd300000)]
  0x000001e6bd1a7800 JavaThread "Daemon" [_thread_blocked, id=17716, stack(0x00000034dd300000,0x00000034dd400000)]
  0x000001e6bd1a8000 JavaThread "Handler for socket connection from /127.0.0.1:53916 to /127.0.0.1:53917" [_thread_in_native, id=4808, stack(0x00000034dd400000,0x00000034dd500000)]
  0x000001e6bd07d000 JavaThread "Cancel handler" [_thread_blocked, id=1248, stack(0x00000034dd500000,0x00000034dd600000)]
  0x000001e6bd07e000 JavaThread "Daemon worker" [_thread_in_vm, id=10592, stack(0x00000034dd600000,0x00000034dd700000)]
  0x000001e6bd07e800 JavaThread "Asynchronous log dispatcher for DefaultDaemonConnection: socket connection from /127.0.0.1:53916 to /127.0.0.1:53917" [_thread_blocked, id=1268, stack(0x00000034dd700000,0x00000034dd800000)]
  0x000001e6bd56c000 JavaThread "Stdin handler" [_thread_blocked, id=12852, stack(0x00000034dd800000,0x00000034dd900000)]
  0x000001e6bd127800 JavaThread "Thread-8" [_thread_blocked, id=9276, stack(0x00000034dd900000,0x00000034dda00000)]
  0x000001e6bd73c000 JavaThread "Cache worker for journal cache (C:\Users\DANY99SR\.gradle\caches\journal-1)" [_thread_blocked, id=20280, stack(0x00000034dda00000,0x00000034ddb00000)]
  0x000001e6bd73e000 JavaThread "File lock request listener" [_thread_in_native, id=13668, stack(0x00000034de000000,0x00000034de100000)]
  0x000001e6bd73e800 JavaThread "Cache worker for file hash cache (C:\Users\DANY99SR\.gradle\caches\6.5\fileHashes)" [_thread_blocked, id=17656, stack(0x00000034dd100000,0x00000034dd200000)]
  0x000001e6bd73a800 JavaThread "Cache worker for file hash cache (D:\FACULTATE COZMA DANIEL NECULAI\Anul 3\Sem 1\Pam Tabarca\Aplicatie Android Licenta\Robot\.gradle\6.5\fileHashes)" [_thread_blocked, id=12340, stack(0x00000034de300000,0x00000034de400000)]
  0x000001e6bd73f800 JavaThread "Cache worker for checksums cache (D:\FACULTATE COZMA DANIEL NECULAI\Anul 3\Sem 1\Pam Tabarca\Aplicatie Android Licenta\Robot\.gradle\checksums)" [_thread_blocked, id=10248, stack(0x00000034de400000,0x00000034de500000)]
  0x000001e6bd740800 JavaThread "Cache worker for cache directory md-supplier (C:\Users\DANY99SR\.gradle\caches\6.5\md-supplier)" [_thread_blocked, id=5708, stack(0x00000034de500000,0x00000034de600000)]
  0x000001e6bd741000 JavaThread "Cache worker for cache directory md-rule (C:\Users\DANY99SR\.gradle\caches\6.5\md-rule)" [_thread_blocked, id=4400, stack(0x00000034de600000,0x00000034de700000)]
  0x000001e6bd73d000 JavaThread "Cache worker for execution history cache (C:\Users\DANY99SR\.gradle\caches\6.5\executionHistory)" [_thread_blocked, id=7616, stack(0x00000034de700000,0x00000034de800000)]
  0x000001e6bd73b800 JavaThread "jar transforms" [_thread_blocked, id=18452, stack(0x00000034de800000,0x00000034de900000)]
  0x000001e6c14f7000 JavaThread "Cache worker for file content cache (C:\Users\DANY99SR\.gradle\caches\6.5\fileContent)" [_thread_blocked, id=11960, stack(0x00000034de900000,0x00000034dea00000)]
  0x000001e6c14f8800 JavaThread "Build operations" [_thread_blocked, id=840, stack(0x00000034dea00000,0x00000034deb00000)]
  0x000001e6c14fa800 JavaThread "Build operations Thread 2" [_thread_blocked, id=18888, stack(0x00000034deb00000,0x00000034dec00000)]
  0x000001e6c14f8000 JavaThread "Build operations Thread 3" [_thread_blocked, id=2184, stack(0x00000034dec00000,0x00000034ded00000)]
  0x000001e6c14f6800 JavaThread "Build operations Thread 4" [_thread_blocked, id=8040, stack(0x00000034ded00000,0x00000034dee00000)]
  0x000001e6c14f4800 JavaThread "Build operations Thread 5" [_thread_blocked, id=13688, stack(0x00000034dee00000,0x00000034def00000)]
  0x000001e6c14fb000 JavaThread "Build operations Thread 6" [_thread_blocked, id=6720, stack(0x00000034def00000,0x00000034df000000)]
  0x000001e6c14f5800 JavaThread "Build operations Thread 7" [_thread_blocked, id=3056, stack(0x00000034df000000,0x00000034df100000)]
  0x000001e6c14fd800 JavaThread "Build operations Thread 8" [_thread_blocked, id=1284, stack(0x00000034df100000,0x00000034df200000)]
  0x000001e6c14fc000 JavaThread "jar transforms Thread 2" [_thread_blocked, id=18120, stack(0x00000034df200000,0x00000034df300000)]
  0x000001e6c1501800 JavaThread "jar transforms Thread 3" [_thread_blocked, id=10476, stack(0x00000034df300000,0x00000034df400000)]
  0x000001e6c1502800 JavaThread "jar transforms Thread 4" [_thread_blocked, id=19696, stack(0x00000034df400000,0x00000034df500000)]
  0x000001e6c1500000 JavaThread "jar transforms Thread 5" [_thread_blocked, id=10432, stack(0x00000034df500000,0x00000034df600000)]
  0x000001e6c14fd000 JavaThread "jar transforms Thread 6" [_thread_blocked, id=1388, stack(0x00000034df600000,0x00000034df700000)]
  0x000001e6c14ff800 JavaThread "jar transforms Thread 7" [_thread_blocked, id=1624, stack(0x00000034df700000,0x00000034df800000)]
  0x000001e6c1503800 JavaThread "jar transforms Thread 8" [_thread_blocked, id=16812, stack(0x00000034df800000,0x00000034df900000)]
  0x000001e6c14fe800 JavaThread "jar transforms Thread 9" [_thread_blocked, id=10116, stack(0x00000034df900000,0x00000034dfa00000)]
  0x000001e6c1501000 JavaThread "jar transforms Thread 10" [_thread_blocked, id=4048, stack(0x00000034dfa00000,0x00000034dfb00000)]
  0x000001e6c1c32800 JavaThread "jar transforms Thread 11" [_thread_blocked, id=18144, stack(0x00000034dfb00000,0x00000034dfc00000)]
  0x000001e6c1c37800 JavaThread "jar transforms Thread 12" [_thread_blocked, id=9152, stack(0x00000034dfc00000,0x00000034dfd00000)]
  0x000001e6c1c32000 JavaThread "jar transforms Thread 13" [_thread_blocked, id=16880, stack(0x00000034dfd00000,0x00000034dfe00000)]
  0x000001e6c1c36800 JavaThread "jar transforms Thread 14" [_thread_blocked, id=16724, stack(0x00000034dfe00000,0x00000034dff00000)]
  0x000001e6c1c36000 JavaThread "jar transforms Thread 15" [_thread_blocked, id=19996, stack(0x00000034dff00000,0x00000034e0000000)]
  0x000001e6c1c33800 JavaThread "jar transforms Thread 16" [_thread_blocked, id=4248, stack(0x00000034e0000000,0x00000034e0100000)]
  0x000001e6c1c38800 JavaThread "jar transforms Thread 17" [_thread_blocked, id=2056, stack(0x00000034e0100000,0x00000034e0200000)]
  0x000001e6c1c39000 JavaThread "jar transforms Thread 18" [_thread_blocked, id=1500, stack(0x00000034e0200000,0x00000034e0300000)]
  0x000001e6c1c35000 JavaThread "jar transforms Thread 19" [_thread_blocked, id=11188, stack(0x00000034e0300000,0x00000034e0400000)]
  0x000001e6c1c3a000 JavaThread "jar transforms Thread 20" [_thread_blocked, id=21040, stack(0x00000034e0400000,0x00000034e0500000)]
  0x000001e6c1c34000 JavaThread "jar transforms Thread 21" [_thread_blocked, id=9016, stack(0x00000034e0500000,0x00000034e0600000)]
  0x000001e6c1c3b800 JavaThread "jar transforms Thread 22" [_thread_blocked, id=1556, stack(0x00000034e0600000,0x00000034e0700000)]
  0x000001e6c1c3f800 JavaThread "jar transforms Thread 23" [_thread_blocked, id=13624, stack(0x00000034e0700000,0x00000034e0800000)]
  0x000001e6c1c3b000 JavaThread "jar transforms Thread 24" [_thread_blocked, id=10500, stack(0x00000034e0800000,0x00000034e0900000)]
  0x000001e6c1c40800 JavaThread "jar transforms Thread 25" [_thread_blocked, id=8336, stack(0x00000034e0900000,0x00000034e0a00000)]
  0x000001e6c1c3c800 JavaThread "jar transforms Thread 26" [_thread_blocked, id=13280, stack(0x00000034e0a00000,0x00000034e0b00000)]
  0x000001e6c1c3d000 JavaThread "jar transforms Thread 27" [_thread_blocked, id=3152, stack(0x00000034e0b00000,0x00000034e0c00000)]
  0x000001e6c1c3e000 JavaThread "jar transforms Thread 28" [_thread_blocked, id=2128, stack(0x00000034e0c00000,0x00000034e0d00000)]
  0x000001e6c1c3f000 JavaThread "jar transforms Thread 29" [_thread_blocked, id=11064, stack(0x00000034e0d00000,0x00000034e0e00000)]
  0x000001e6c02f2000 JavaThread "jar transforms Thread 30" [_thread_blocked, id=17960, stack(0x00000034e0e00000,0x00000034e0f00000)]
  0x000001e6c02f3800 JavaThread "jar transforms Thread 31" [_thread_blocked, id=15176, stack(0x00000034e0f00000,0x00000034e1000000)]
  0x000001e6c02f5800 JavaThread "jar transforms Thread 32" [_thread_blocked, id=14424, stack(0x00000034e1000000,0x00000034e1100000)]
  0x000001e6c02f3000 JavaThread "jar transforms Thread 33" [_thread_blocked, id=1312, stack(0x00000034e1100000,0x00000034e1200000)]
  0x000001e6c02f0800 JavaThread "jar transforms Thread 34" [_thread_blocked, id=15752, stack(0x00000034e1200000,0x00000034e1300000)]
  0x000001e6c02f4800 JavaThread "jar transforms Thread 35" [_thread_blocked, id=19436, stack(0x00000034e1300000,0x00000034e1400000)]
  0x000001e6c02ef800 JavaThread "jar transforms Thread 36" [_thread_blocked, id=20020, stack(0x00000034e1400000,0x00000034e1500000)]
  0x000001e6c02f6000 JavaThread "jar transforms Thread 37" [_thread_blocked, id=3832, stack(0x00000034e1500000,0x00000034e1600000)]
  0x000001e6c02f1000 JavaThread "jar transforms Thread 38" [_thread_blocked, id=992, stack(0x00000034e1600000,0x00000034e1700000)]
  0x000001e6c02fc800 JavaThread "jar transforms Thread 39" [_thread_blocked, id=7452, stack(0x00000034e1700000,0x00000034e1800000)]
  0x000001e6c02f9800 JavaThread "jar transforms Thread 40" [_thread_blocked, id=16408, stack(0x00000034e1800000,0x00000034e1900000)]
  0x000001e6c02fc000 JavaThread "jar transforms Thread 41" [_thread_blocked, id=7524, stack(0x00000034e1900000,0x00000034e1a00000)]
  0x000001e6c02f7000 JavaThread "jar transforms Thread 42" [_thread_blocked, id=7888, stack(0x00000034e1a00000,0x00000034e1b00000)]
  0x000001e6c02fd800 JavaThread "jar transforms Thread 43" [_thread_blocked, id=2336, stack(0x00000034e1b00000,0x00000034e1c00000)]
  0x000001e6c02f8800 JavaThread "jar transforms Thread 44" [_thread_blocked, id=6276, stack(0x00000034e1c00000,0x00000034e1d00000)]
  0x000001e6c02fa000 JavaThread "jar transforms Thread 45" [_thread_blocked, id=568, stack(0x00000034e1d00000,0x00000034e1e00000)]
  0x000001e6c02fb000 JavaThread "jar transforms Thread 46" [_thread_blocked, id=18816, stack(0x00000034e1e00000,0x00000034e1f00000)]
  0x000001e6c02f8000 JavaThread "jar transforms Thread 47" [_thread_blocked, id=12456, stack(0x00000034e1f00000,0x00000034e2000000)]
  0x000001e6c02fe800 JavaThread "jar transforms Thread 48" [_thread_blocked, id=15644, stack(0x00000034e2000000,0x00000034e2100000)]
  0x000001e6c21b5000 JavaThread "jar transforms Thread 49" [_thread_blocked, id=3920, stack(0x00000034e2100000,0x00000034e2200000)]
  0x000001e6c21b8800 JavaThread "jar transforms Thread 50" [_thread_blocked, id=14928, stack(0x00000034e2200000,0x00000034e2300000)]
  0x000001e6c21b3800 JavaThread "jar transforms Thread 51" [_thread_blocked, id=412, stack(0x00000034e2300000,0x00000034e2400000)]
  0x000001e6c21b9000 JavaThread "jar transforms Thread 52" [_thread_blocked, id=12224, stack(0x00000034e2400000,0x00000034e2500000)]
  0x000001e6c21ba000 JavaThread "jar transforms Thread 53" [_thread_blocked, id=7548, stack(0x00000034e2500000,0x00000034e2600000)]
  0x000001e6c21b4000 JavaThread "jar transforms Thread 54" [_thread_blocked, id=18308, stack(0x00000034e2600000,0x00000034e2700000)]
  0x000001e6c21ba800 JavaThread "jar transforms Thread 55" [_thread_blocked, id=19524, stack(0x00000034e2700000,0x00000034e2800000)]
  0x000001e6c21bb800 JavaThread "jar transforms Thread 56" [_thread_blocked, id=15188, stack(0x00000034e2800000,0x00000034e2900000)]
  0x000001e6c21b7800 JavaThread "jar transforms Thread 57" [_thread_blocked, id=14628, stack(0x00000034e2900000,0x00000034e2a00000)]
  0x000001e6c21b6800 JavaThread "jar transforms Thread 58" [_thread_blocked, id=1408, stack(0x00000034e2a00000,0x00000034e2b00000)]
  0x000001e6c21b6000 JavaThread "jar transforms Thread 59" [_thread_blocked, id=18448, stack(0x00000034e2b00000,0x00000034e2c00000)]
  0x000001e6c21bf800 JavaThread "jar transforms Thread 60" [_thread_blocked, id=5216, stack(0x00000034e2c00000,0x00000034e2d00000)]
  0x000001e6c21bf000 JavaThread "jar transforms Thread 61" [_thread_blocked, id=15744, stack(0x00000034e2d00000,0x00000034e2e00000)]
  0x000001e6c21c1800 JavaThread "jar transforms Thread 62" [_thread_blocked, id=15032, stack(0x00000034e2e00000,0x00000034e2f00000)]
  0x000001e6c21bd000 JavaThread "jar transforms Thread 63" [_thread_blocked, id=524, stack(0x00000034e2f00000,0x00000034e3000000)]
  0x000001e6c21c0800 JavaThread "jar transforms Thread 64" [_thread_blocked, id=11128, stack(0x00000034e3000000,0x00000034e3100000)]
  0x000001e6c21c2000 JavaThread "jar transforms Thread 65" [_thread_blocked, id=4952, stack(0x00000034e3100000,0x00000034e3200000)]
  0x000001e6c21bc800 JavaThread "jar transforms Thread 66" [_thread_blocked, id=6424, stack(0x00000034e3200000,0x00000034e3300000)]
  0x000001e6c21be000 JavaThread "jar transforms Thread 67" [_thread_blocked, id=3368, stack(0x00000034e3300000,0x00000034e3400000)]
  0x000001e6c0744000 JavaThread "jar transforms Thread 68" [_thread_blocked, id=14500, stack(0x00000034e3400000,0x00000034e3500000)]
  0x000001e6c0745800 JavaThread "jar transforms Thread 69" [_thread_blocked, id=8180, stack(0x00000034e3500000,0x00000034e3600000)]
  0x000001e6c0746800 JavaThread "jar transforms Thread 70" [_thread_blocked, id=17080, stack(0x00000034e3600000,0x00000034e3700000)]
  0x000001e6c0745000 JavaThread "jar transforms Thread 71" [_thread_blocked, id=19072, stack(0x00000034e3700000,0x00000034e3800000)]
  0x000001e6c0747800 JavaThread "jar transforms Thread 72" [_thread_blocked, id=8188, stack(0x00000034e3800000,0x00000034e3900000)]
  0x000001e6c0741800 JavaThread "jar transforms Thread 73" [_thread_blocked, id=9856, stack(0x00000034e3900000,0x00000034e3a00000)]
  0x000001e6c0748000 JavaThread "jar transforms Thread 74" [_thread_blocked, id=1440, stack(0x00000034e3a00000,0x00000034e3b00000)]
  0x000001e6c0742800 JavaThread "jar transforms Thread 75" [_thread_blocked, id=18076, stack(0x00000034e3b00000,0x00000034e3c00000)]
  0x000001e6c0749000 JavaThread "jar transforms Thread 76" [_thread_blocked, id=10580, stack(0x00000034e3c00000,0x00000034e3d00000)]
  0x000001e6c0743000 JavaThread "jar transforms Thread 77" [_thread_blocked, id=17012, stack(0x00000034e3d00000,0x00000034e3e00000)]
  0x000001e6c074a000 JavaThread "jar transforms Thread 78" [_thread_blocked, id=8620, stack(0x00000034e3e00000,0x00000034e3f00000)]
  0x000001e6c0750800 JavaThread "jar transforms Thread 79" [_thread_blocked, id=9028, stack(0x00000034e3f00000,0x00000034e4000000)]
  0x000001e6c074e000 JavaThread "jar transforms Thread 80" [_thread_blocked, id=20084, stack(0x00000034e4000000,0x00000034e4100000)]
  0x000001e6c074e800 JavaThread "jar transforms Thread 81" [_thread_blocked, id=15748, stack(0x00000034e4100000,0x00000034e4200000)]
  0x000001e6c074f800 JavaThread "jar transforms Thread 82" [_thread_blocked, id=6936, stack(0x00000034e4200000,0x00000034e4300000)]
  0x000001e6c074a800 JavaThread "jar transforms Thread 83" [_thread_blocked, id=9904, stack(0x00000034e4300000,0x00000034e4400000)]
  0x000001e6c074b800 JavaThread "jar transforms Thread 84" [_thread_blocked, id=18240, stack(0x00000034e4400000,0x00000034e4500000)]
  0x000001e6c074c000 JavaThread "jar transforms Thread 85" [_thread_blocked, id=16252, stack(0x00000034e4500000,0x00000034e4600000)]
  0x000001e6c074d000 JavaThread "jar transforms Thread 86" [_thread_blocked, id=12156, stack(0x00000034e4600000,0x00000034e4700000)]
  0x000001e6c1ea3800 JavaThread "jar transforms Thread 87" [_thread_blocked, id=2404, stack(0x00000034e4700000,0x00000034e4800000)]
  0x000001e6c1e9f000 JavaThread "jar transforms Thread 88" [_thread_blocked, id=16740, stack(0x00000034e4800000,0x00000034e4900000)]
  0x000001e6c1ea4000 JavaThread "jar transforms Thread 89" [_thread_blocked, id=19960, stack(0x00000034e4900000,0x00000034e4a00000)]
  0x000001e6c1ea5000 JavaThread "jar transforms Thread 90" [_thread_blocked, id=12292, stack(0x00000034e4a00000,0x00000034e4b00000)]
  0x000001e6c1ea1000 JavaThread "jar transforms Thread 91" [_thread_blocked, id=14876, stack(0x00000034e4b00000,0x00000034e4c00000)]
  0x000001e6c1ea5800 JavaThread "jar transforms Thread 92" [_thread_blocked, id=10196, stack(0x00000034e4c00000,0x00000034e4d00000)]
  0x000001e6c1ea0000 JavaThread "jar transforms Thread 93" [_thread_blocked, id=13740, stack(0x00000034e4d00000,0x00000034e4e00000)]
  0x000001e6c1ea6800 JavaThread "jar transforms Thread 94" [_thread_blocked, id=12548, stack(0x00000034e4e00000,0x00000034e4f00000)]
  0x000001e6c1ea7800 JavaThread "jar transforms Thread 95" [_thread_blocked, id=11924, stack(0x00000034e4f00000,0x00000034e5000000)]
  0x000001e6c1ea1800 JavaThread "jar transforms Thread 96" [_thread_blocked, id=16976, stack(0x00000034e5000000,0x00000034e5100000)]
  0x000001e6c1ea8000 JavaThread "jar transforms Thread 97" [_thread_blocked, id=19940, stack(0x00000034e5100000,0x00000034e5200000)]
  0x000001e6c1ea2800 JavaThread "jar transforms Thread 98" [_thread_blocked, id=12140, stack(0x00000034e5200000,0x00000034e5300000)]
  0x000001e6c1ea9000 JavaThread "jar transforms Thread 99" [_thread_blocked, id=4784, stack(0x00000034e5300000,0x00000034e5400000)]
  0x000001e6c1ead000 JavaThread "jar transforms Thread 100" [_thread_blocked, id=18548, stack(0x00000034e5400000,0x00000034e5500000)]
  0x000001e6c1eae000 JavaThread "jar transforms Thread 101" [_thread_blocked, id=17424, stack(0x00000034e5500000,0x00000034e5600000)]
  0x000001e6c1eaa000 JavaThread "jar transforms Thread 102" [_thread_blocked, id=5048, stack(0x00000034e5600000,0x00000034e5700000)]
  0x000001e6c1eaa800 JavaThread "jar transforms Thread 103" [_thread_blocked, id=15264, stack(0x00000034e5700000,0x00000034e5800000)]
  0x000001e6c1eab800 JavaThread "jar transforms Thread 104" [_thread_blocked, id=21456, stack(0x00000034e5800000,0x00000034e5900000)]
  0x000001e6c1eac000 JavaThread "jar transforms Thread 105" [_thread_blocked, id=13068, stack(0x00000034e5900000,0x00000034e5a00000)]
  0x000001e6c1684000 JavaThread "jar transforms Thread 106" [_thread_blocked, id=8532, stack(0x00000034e5a00000,0x00000034e5b00000)]
  0x000001e6c1686800 JavaThread "jar transforms Thread 107" [_thread_blocked, id=16060, stack(0x00000034e5b00000,0x00000034e5c00000)]
  0x000001e6c1686000 JavaThread "jar transforms Thread 108" [_thread_blocked, id=20936, stack(0x00000034e5c00000,0x00000034e5d00000)]
  0x000001e6c1687800 JavaThread "jar transforms Thread 109" [_thread_blocked, id=15052, stack(0x00000034e5d00000,0x00000034e5e00000)]
  0x000001e6c1682000 JavaThread "jar transforms Thread 110" [_thread_blocked, id=12400, stack(0x00000034e5e00000,0x00000034e5f00000)]
  0x000001e6c1685000 JavaThread "jar transforms Thread 111" [_thread_blocked, id=6284, stack(0x00000034e5f00000,0x00000034e6000000)]
  0x000001e6c1683800 JavaThread "jar transforms Thread 112" [_thread_blocked, id=13216, stack(0x00000034e6000000,0x00000034e6100000)]
  0x000001e6c1688800 JavaThread "jar transforms Thread 113" [_thread_blocked, id=2396, stack(0x00000034e6100000,0x00000034e6200000)]
  0x000001e6c1682800 JavaThread "jar transforms Thread 114" [_thread_blocked, id=19596, stack(0x00000034e6200000,0x00000034e6300000)]
  0x000001e6c1689000 JavaThread "jar transforms Thread 115" [_thread_blocked, id=2064, stack(0x00000034e6300000,0x00000034e6400000)]
  0x000001e6c168a000 JavaThread "Cache worker for Build Output Cleanup Cache (D:\FACULTATE COZMA DANIEL NECULAI\Anul 3\Sem 1\Pam Tabarca\Aplicatie Android Licenta\Robot\.gradle\buildOutputCleanup)" [_thread_blocked, id=19180, stack(0x00000034e6400000,0x00000034e6500000)]
  0x000001e6c168b800 JavaThread "Memory manager" [_thread_blocked, id=11840, stack(0x00000034de200000,0x00000034de300000)]
  0x000001e6c168c800 JavaThread "Cache worker for file content cache (D:\FACULTATE COZMA DANIEL NECULAI\Anul 3\Sem 1\Pam Tabarca\Aplicatie Android Licenta\Robot\.gradle\6.5\fileContent)" [_thread_blocked, id=16948, stack(0x00000034e6500000,0x00000034e6600000)]

Other Threads:
  0x000001e6bace3000 VMThread "VM Thread" [stack: 0x00000034dc000000,0x00000034dc100000] [id=18564]
  0x000001e6bb7de000 WatcherThread [stack: 0x00000034dca00000,0x00000034dcb00000] [id=9508]
  0x000001e69ea05800 GCTaskThread "GC Thread#0" [stack: 0x00000034dbb00000,0x00000034dbc00000] [id=20232]
  0x000001e6bc328000 GCTaskThread "GC Thread#1" [stack: 0x00000034dcc00000,0x00000034dcd00000] [id=2852]
  0x000001e6bc18d800 GCTaskThread "GC Thread#2" [stack: 0x00000034dcd00000,0x00000034dce00000] [id=976]
  0x000001e6bd53e000 GCTaskThread "GC Thread#3" [stack: 0x00000034ddb00000,0x00000034ddc00000] [id=20892]
  0x000001e6bd4d3800 GCTaskThread "GC Thread#4" [stack: 0x00000034ddc00000,0x00000034ddd00000] [id=1560]
  0x000001e6bd61f000 GCTaskThread "GC Thread#5" [stack: 0x00000034ddd00000,0x00000034dde00000] [id=16916]
  0x000001e6bd5d6800 GCTaskThread "GC Thread#6" [stack: 0x00000034dde00000,0x00000034ddf00000] [id=21288]
  0x000001e6bd536800 GCTaskThread "GC Thread#7" [stack: 0x00000034ddf00000,0x00000034de000000] [id=6388]
  0x000001e69ea37000 ConcurrentGCThread "G1 Main Marker" [stack: 0x00000034dbc00000,0x00000034dbd00000] [id=1664]
  0x000001e69ea39800 ConcurrentGCThread "G1 Conc#0" [stack: 0x00000034dbd00000,0x00000034dbe00000] [id=21184]
  0x000001e6bd55e800 ConcurrentGCThread "G1 Conc#1" [stack: 0x00000034de100000,0x00000034de200000] [id=14176]
  0x000001e69eace800 ConcurrentGCThread "G1 Refine#0" [stack: 0x00000034dbe00000,0x00000034dbf00000] [id=11044]
  0x000001e6bab30800 ConcurrentGCThread "G1 Young RemSet Sampling" [stack: 0x00000034dbf00000,0x00000034dc000000] [id=10488]

Threads with active compile tasks:
C2 CompilerThread0  13094 6445       4       java.net.URLClassLoader$1::run (5 bytes)

VM state:not at safepoint (normal execution)

VM Mutex/Monitor currently owned by a thread: None

Heap address: 0x0000000080000000, size: 2048 MB, Compressed Oops mode: 32-bit
Narrow klass base: 0x0000000000000000, Narrow klass shift: 3
Compressed class space size: 1073741824 Address: 0x0000000100000000

Heap:
 garbage-first heap   total 157696K, used 63450K [0x0000000080000000, 0x0000000100000000)
  region size 1024K, 11 young (11264K), 8 survivors (8192K)
 Metaspace       used 72831K, capacity 74507K, committed 74704K, reserved 1114112K
  class space    used 9474K, capacity 10099K, committed 10112K, reserved 1048576K
Heap Regions: E=young(eden), S=young(survivor), O=old, HS=humongous(starts), HC=humongous(continues), CS=collection set, F=free, A=archive, TAMS=top-at-mark-start (previous, next)
|   0|0x0000000080000000, 0x0000000080100000, 0x0000000080100000|100%| O|  |TAMS 0x0000000080100000, 0x0000000080000000| Untracked 
|   1|0x0000000080100000, 0x0000000080200000, 0x0000000080200000|100%| O|  |TAMS 0x0000000080200000, 0x0000000080100000| Untracked 
|   2|0x0000000080200000, 0x0000000080300000, 0x0000000080300000|100%| O|  |TAMS 0x0000000080300000, 0x0000000080200000| Untracked 
|   3|0x0000000080300000, 0x0000000080400000, 0x0000000080400000|100%|HS|  |TAMS 0x0000000080400000, 0x0000000080300000| Complete 
|   4|0x0000000080400000, 0x0000000080500000, 0x0000000080500000|100%|HC|  |TAMS 0x0000000080500000, 0x0000000080400000| Complete 
|   5|0x0000000080500000, 0x0000000080600000, 0x0000000080600000|100%|HC|  |TAMS 0x0000000080600000, 0x0000000080500000| Complete 
|   6|0x0000000080600000, 0x0000000080700000, 0x0000000080700000|100%| O|  |TAMS 0x0000000080700000, 0x0000000080600000| Untracked 
|   7|0x0000000080700000, 0x0000000080800000, 0x0000000080800000|100%| O|  |TAMS 0x0000000080800000, 0x0000000080700000| Untracked 
|   8|0x0000000080800000, 0x0000000080900000, 0x0000000080900000|100%| O|  |TAMS 0x0000000080900000, 0x0000000080800000| Untracked 
|   9|0x0000000080900000, 0x0000000080a00000, 0x0000000080a00000|100%| O|  |TAMS 0x0000000080a00000, 0x0000000080900000| Untracked 
|  10|0x0000000080a00000, 0x0000000080b00000, 0x0000000080b00000|100%| O|  |TAMS 0x0000000080b00000, 0x0000000080a00000| Untracked 
|  11|0x0000000080b00000, 0x0000000080c00000, 0x0000000080c00000|100%| O|  |TAMS 0x0000000080c00000, 0x0000000080b00000| Untracked 
|  12|0x0000000080c00000, 0x0000000080d00000, 0x0000000080d00000|100%| O|  |TAMS 0x0000000080d00000, 0x0000000080c00000| Untracked 
|  13|0x0000000080d00000, 0x0000000080e00000, 0x0000000080e00000|100%| O|  |TAMS 0x0000000080e00000, 0x0000000080d00000| Untracked 
|  14|0x0000000080e00000, 0x0000000080f00000, 0x0000000080f00000|100%| O|  |TAMS 0x0000000080f00000, 0x0000000080e00000| Untracked 
|  15|0x0000000080f00000, 0x0000000081000000, 0x0000000081000000|100%| O|  |TAMS 0x0000000081000000, 0x0000000080f00000| Untracked 
|  16|0x0000000081000000, 0x0000000081100000, 0x0000000081100000|100%| O|  |TAMS 0x0000000081100000, 0x0000000081000000| Untracked 
|  17|0x0000000081100000, 0x0000000081200000, 0x0000000081200000|100%| O|  |TAMS 0x0000000081200000, 0x0000000081100000| Untracked 
|  18|0x0000000081200000, 0x0000000081300000, 0x0000000081300000|100%| O|  |TAMS 0x0000000081300000, 0x0000000081200000| Untracked 
|  19|0x0000000081300000, 0x0000000081400000, 0x0000000081400000|100%| O|  |TAMS 0x0000000081400000, 0x0000000081300000| Untracked 
|  20|0x0000000081400000, 0x0000000081500000, 0x0000000081500000|100%| O|  |TAMS 0x0000000081500000, 0x0000000081400000| Untracked 
|  21|0x0000000081500000, 0x0000000081600000, 0x0000000081600000|100%|HS|  |TAMS 0x0000000081600000, 0x0000000081500000| Complete 
|  22|0x0000000081600000, 0x0000000081700000, 0x0000000081700000|100%|HS|  |TAMS 0x0000000081700000, 0x0000000081600000| Complete 
|  23|0x0000000081700000, 0x0000000081800000, 0x0000000081800000|100%|HC|  |TAMS 0x0000000081800000, 0x0000000081700000| Complete 
|  24|0x0000000081800000, 0x0000000081900000, 0x0000000081900000|100%|HC|  |TAMS 0x0000000081900000, 0x0000000081800000| Complete 
|  25|0x0000000081900000, 0x0000000081a00000, 0x0000000081a00000|100%|HS|  |TAMS 0x0000000081a00000, 0x0000000081900000| Complete 
|  26|0x0000000081a00000, 0x0000000081b00000, 0x0000000081b00000|100%|HC|  |TAMS 0x0000000081b00000, 0x0000000081a00000| Complete 
|  27|0x0000000081b00000, 0x0000000081c00000, 0x0000000081c00000|100%| O|  |TAMS 0x0000000081c00000, 0x0000000081b00000| Untracked 
|  28|0x0000000081c00000, 0x0000000081d00000, 0x0000000081d00000|100%| O|  |TAMS 0x0000000081d00000, 0x0000000081c00000| Untracked 
|  29|0x0000000081d00000, 0x0000000081e00000, 0x0000000081e00000|100%| O|  |TAMS 0x0000000081e00000, 0x0000000081d00000| Untracked 
|  30|0x0000000081e00000, 0x0000000081f00000, 0x0000000081f00000|100%| O|  |TAMS 0x0000000081f00000, 0x0000000081e00000| Untracked 
|  31|0x0000000081f00000, 0x0000000082000000, 0x0000000082000000|100%| O|  |TAMS 0x0000000082000000, 0x0000000081f00000| Untracked 
|  32|0x0000000082000000, 0x0000000082100000, 0x0000000082100000|100%| O|  |TAMS 0x00000000820faa00, 0x0000000082000000| Untracked 
|  33|0x0000000082100000, 0x0000000082200000, 0x0000000082200000|100%| O|  |TAMS 0x0000000082200000, 0x0000000082100000| Untracked 
|  34|0x0000000082200000, 0x0000000082300000, 0x0000000082300000|100%| O|  |TAMS 0x0000000082300000, 0x0000000082200000| Untracked 
|  35|0x0000000082300000, 0x0000000082400000, 0x0000000082400000|100%| O|  |TAMS 0x0000000082400000, 0x0000000082300000| Untracked 
|  36|0x0000000082400000, 0x0000000082500000, 0x0000000082500000|100%| O|  |TAMS 0x0000000082500000, 0x0000000082400000| Untracked 
|  37|0x0000000082500000, 0x0000000082600000, 0x0000000082600000|100%| O|  |TAMS 0x0000000082600000, 0x0000000082500000| Untracked 
|  38|0x0000000082600000, 0x0000000082700000, 0x0000000082700000|100%| O|  |TAMS 0x0000000082700000, 0x0000000082600000| Untracked 
|  39|0x0000000082700000, 0x0000000082800000, 0x0000000082800000|100%| O|  |TAMS 0x0000000082800000, 0x0000000082700000| Untracked 
|  40|0x0000000082800000, 0x0000000082900000, 0x0000000082900000|100%| O|  |TAMS 0x0000000082900000, 0x0000000082800000| Untracked 
|  41|0x0000000082900000, 0x0000000082a00000, 0x0000000082a00000|100%| O|  |TAMS 0x0000000082a00000, 0x0000000082900000| Untracked 
|  42|0x0000000082a00000, 0x0000000082b00000, 0x0000000082b00000|100%| O|  |TAMS 0x0000000082b00000, 0x0000000082a00000| Untracked 
|  43|0x0000000082b00000, 0x0000000082c00000, 0x0000000082c00000|100%| O|  |TAMS 0x0000000082c00000, 0x0000000082b00000| Untracked 
|  44|0x0000000082c00000, 0x0000000082d00000, 0x0000000082d00000|100%| O|  |TAMS 0x0000000082c00000, 0x0000000082c00000| Untracked 
|  45|0x0000000082d00000, 0x0000000082e00000, 0x0000000082e00000|100%| O|  |TAMS 0x0000000082d00000, 0x0000000082d00000| Untracked 
|  46|0x0000000082e00000, 0x0000000082f00000, 0x0000000082f00000|100%| O|  |TAMS 0x0000000082e00000, 0x0000000082e00000| Untracked 
|  47|0x0000000082f00000, 0x0000000083000000, 0x0000000083000000|100%| O|  |TAMS 0x0000000082f00000, 0x0000000082f00000| Untracked 
|  48|0x0000000083000000, 0x0000000083100000, 0x0000000083100000|100%| O|  |TAMS 0x0000000083000000, 0x0000000083000000| Untracked 
|  49|0x0000000083100000, 0x0000000083200000, 0x0000000083200000|100%| O|  |TAMS 0x0000000083100000, 0x0000000083100000| Untracked 
|  50|0x0000000083200000, 0x0000000083300000, 0x0000000083300000|100%| O|  |TAMS 0x0000000083200000, 0x0000000083200000| Untracked 
|  51|0x0000000083300000, 0x0000000083400000, 0x0000000083400000|100%| O|  |TAMS 0x0000000083300000, 0x0000000083300000| Untracked 
|  52|0x0000000083400000, 0x0000000083425400, 0x0000000083500000| 14%| O|  |TAMS 0x0000000083400000, 0x0000000083400000| Untracked 
|  53|0x0000000083500000, 0x0000000083500000, 0x0000000083600000|  0%| F|  |TAMS 0x0000000083500000, 0x0000000083500000| Untracked 
|  54|0x0000000083600000, 0x0000000083600000, 0x0000000083700000|  0%| F|  |TAMS 0x0000000083600000, 0x0000000083600000| Untracked 
|  55|0x0000000083700000, 0x0000000083700000, 0x0000000083800000|  0%| F|  |TAMS 0x0000000083700000, 0x0000000083700000| Untracked 
|  56|0x0000000083800000, 0x0000000083800000, 0x0000000083900000|  0%| F|  |TAMS 0x0000000083800000, 0x0000000083800000| Untracked 
|  57|0x0000000083900000, 0x0000000083900000, 0x0000000083a00000|  0%| F|  |TAMS 0x0000000083900000, 0x0000000083900000| Untracked 
|  58|0x0000000083a00000, 0x0000000083a00000, 0x0000000083b00000|  0%| F|  |TAMS 0x0000000083a00000, 0x0000000083a00000| Untracked 
|  59|0x0000000083b00000, 0x0000000083b00000, 0x0000000083c00000|  0%| F|  |TAMS 0x0000000083b00000, 0x0000000083b00000| Untracked 
|  60|0x0000000083c00000, 0x0000000083c00000, 0x0000000083d00000|  0%| F|  |TAMS 0x0000000083c00000, 0x0000000083c00000| Untracked 
|  61|0x0000000083d00000, 0x0000000083d00000, 0x0000000083e00000|  0%| F|  |TAMS 0x0000000083d00000, 0x0000000083d00000| Untracked 
|  62|0x0000000083e00000, 0x0000000083e00000, 0x0000000083f00000|  0%| F|  |TAMS 0x0000000083e00000, 0x0000000083e00000| Untracked 
|  63|0x0000000083f00000, 0x0000000083f00000, 0x0000000084000000|  0%| F|  |TAMS 0x0000000083f00000, 0x0000000083f00000| Untracked 
|  64|0x0000000084000000, 0x0000000084000000, 0x0000000084100000|  0%| F|  |TAMS 0x0000000084000000, 0x0000000084000000| Untracked 
|  65|0x0000000084100000, 0x0000000084100000, 0x0000000084200000|  0%| F|  |TAMS 0x0000000084100000, 0x0000000084100000| Untracked 
|  66|0x0000000084200000, 0x0000000084200000, 0x0000000084300000|  0%| F|  |TAMS 0x0000000084200000, 0x0000000084200000| Untracked 
|  67|0x0000000084300000, 0x0000000084300000, 0x0000000084400000|  0%| F|  |TAMS 0x0000000084300000, 0x0000000084300000| Untracked 
|  68|0x0000000084400000, 0x0000000084400000, 0x0000000084500000|  0%| F|  |TAMS 0x0000000084400000, 0x0000000084400000| Untracked 
|  69|0x0000000084500000, 0x0000000084500000, 0x0000000084600000|  0%| F|  |TAMS 0x0000000084500000, 0x0000000084500000| Untracked 
|  70|0x0000000084600000, 0x0000000084600000, 0x0000000084700000|  0%| F|  |TAMS 0x0000000084600000, 0x0000000084600000| Untracked 
|  71|0x0000000084700000, 0x0000000084700000, 0x0000000084800000|  0%| F|  |TAMS 0x0000000084700000, 0x0000000084700000| Untracked 
|  72|0x0000000084800000, 0x0000000084800000, 0x0000000084900000|  0%| F|  |TAMS 0x0000000084800000, 0x0000000084800000| Untracked 
|  73|0x0000000084900000, 0x0000000084900000, 0x0000000084a00000|  0%| F|  |TAMS 0x0000000084900000, 0x0000000084900000| Untracked 
|  74|0x0000000084a00000, 0x0000000084a00000, 0x0000000084b00000|  0%| F|  |TAMS 0x0000000084a00000, 0x0000000084a00000| Untracked 
|  75|0x0000000084b00000, 0x0000000084b00000, 0x0000000084c00000|  0%| F|  |TAMS 0x0000000084b00000, 0x0000000084b00000| Untracked 
|  76|0x0000000084c00000, 0x0000000084c00000, 0x0000000084d00000|  0%| F|  |TAMS 0x0000000084c00000, 0x0000000084c00000| Untracked 
|  77|0x0000000084d00000, 0x0000000084d00000, 0x0000000084e00000|  0%| F|  |TAMS 0x0000000084d00000, 0x0000000084d00000| Untracked 
|  78|0x0000000084e00000, 0x0000000084e00000, 0x0000000084f00000|  0%| F|  |TAMS 0x0000000084e00000, 0x0000000084e00000| Untracked 
|  79|0x0000000084f00000, 0x0000000084f00000, 0x0000000085000000|  0%| F|  |TAMS 0x0000000084f00000, 0x0000000084f00000| Untracked 
|  80|0x0000000085000000, 0x0000000085000000, 0x0000000085100000|  0%| F|  |TAMS 0x0000000085000000, 0x0000000085000000| Untracked 
|  81|0x0000000085100000, 0x0000000085100000, 0x0000000085200000|  0%| F|  |TAMS 0x0000000085100000, 0x0000000085100000| Untracked 
|  82|0x0000000085200000, 0x0000000085200000, 0x0000000085300000|  0%| F|  |TAMS 0x0000000085200000, 0x0000000085200000| Untracked 
|  83|0x0000000085300000, 0x0000000085300000, 0x0000000085400000|  0%| F|  |TAMS 0x0000000085300000, 0x0000000085300000| Untracked 
|  84|0x0000000085400000, 0x00000000854d14e0, 0x0000000085500000| 81%| S|CS|TAMS 0x0000000085400000, 0x0000000085400000| Complete 
|  85|0x0000000085500000, 0x0000000085600000, 0x0000000085600000|100%| S|CS|TAMS 0x0000000085500000, 0x0000000085500000| Complete 
|  86|0x0000000085600000, 0x0000000085700000, 0x0000000085700000|100%| S|CS|TAMS 0x0000000085600000, 0x0000000085600000| Complete 
|  87|0x0000000085700000, 0x0000000085800000, 0x0000000085800000|100%| S|CS|TAMS 0x0000000085700000, 0x0000000085700000| Complete 
|  88|0x0000000085800000, 0x0000000085900000, 0x0000000085900000|100%| S|CS|TAMS 0x0000000085800000, 0x0000000085800000| Complete 
|  89|0x0000000085900000, 0x0000000085a00000, 0x0000000085a00000|100%| S|CS|TAMS 0x0000000085900000, 0x0000000085900000| Complete 
|  90|0x0000000085a00000, 0x0000000085b00000, 0x0000000085b00000|100%| S|CS|TAMS 0x0000000085a00000, 0x0000000085a00000| Complete 
|  91|0x0000000085b00000, 0x0000000085b00000, 0x0000000085c00000|  0%| F|  |TAMS 0x0000000085b00000, 0x0000000085b00000| Untracked 
|  92|0x0000000085c00000, 0x0000000085c00000, 0x0000000085d00000|  0%| F|  |TAMS 0x0000000085c00000, 0x0000000085c00000| Untracked 
|  93|0x0000000085d00000, 0x0000000085d00000, 0x0000000085e00000|  0%| F|  |TAMS 0x0000000085d00000, 0x0000000085d00000| Untracked 
|  94|0x0000000085e00000, 0x0000000085e00000, 0x0000000085f00000|  0%| F|  |TAMS 0x0000000085e00000, 0x0000000085e00000| Untracked 
|  95|0x0000000085f00000, 0x0000000085f00000, 0x0000000086000000|  0%| F|  |TAMS 0x0000000085f00000, 0x0000000085f00000| Untracked 
|  96|0x0000000086000000, 0x0000000086100000, 0x0000000086100000|100%| S|CS|TAMS 0x0000000086000000, 0x0000000086000000| Complete 
|  97|0x0000000086100000, 0x0000000086100000, 0x0000000086200000|  0%| F|  |TAMS 0x0000000086100000, 0x0000000086100000| Untracked 
|  98|0x0000000086200000, 0x0000000086200000, 0x0000000086300000|  0%| F|  |TAMS 0x0000000086200000, 0x0000000086200000| Untracked 
|  99|0x0000000086300000, 0x0000000086300000, 0x0000000086400000|  0%| F|  |TAMS 0x0000000086300000, 0x0000000086300000| Untracked 
| 100|0x0000000086400000, 0x0000000086400000, 0x0000000086500000|  0%| F|  |TAMS 0x0000000086400000, 0x0000000086400000| Untracked 
| 101|0x0000000086500000, 0x0000000086500000, 0x0000000086600000|  0%| F|  |TAMS 0x0000000086500000, 0x0000000086500000| Untracked 
| 102|0x0000000086600000, 0x0000000086600000, 0x0000000086700000|  0%| F|  |TAMS 0x0000000086600000, 0x0000000086600000| Untracked 
| 103|0x0000000086700000, 0x0000000086700000, 0x0000000086800000|  0%| F|  |TAMS 0x0000000086700000, 0x0000000086700000| Untracked 
| 104|0x0000000086800000, 0x0000000086800000, 0x0000000086900000|  0%| F|  |TAMS 0x0000000086800000, 0x0000000086800000| Untracked 
| 105|0x0000000086900000, 0x0000000086900000, 0x0000000086a00000|  0%| F|  |TAMS 0x0000000086900000, 0x0000000086900000| Untracked 
| 106|0x0000000086a00000, 0x0000000086a00000, 0x0000000086b00000|  0%| F|  |TAMS 0x0000000086a00000, 0x0000000086a00000| Untracked 
| 107|0x0000000086b00000, 0x0000000086b00000, 0x0000000086c00000|  0%| F|  |TAMS 0x0000000086b00000, 0x0000000086b00000| Untracked 
| 108|0x0000000086c00000, 0x0000000086c00000, 0x0000000086d00000|  0%| F|  |TAMS 0x0000000086c00000, 0x0000000086c00000| Untracked 
| 109|0x0000000086d00000, 0x0000000086d00000, 0x0000000086e00000|  0%| F|  |TAMS 0x0000000086d00000, 0x0000000086d00000| Untracked 
| 110|0x0000000086e00000, 0x0000000086e00000, 0x0000000086f00000|  0%| F|  |TAMS 0x0000000086e00000, 0x0000000086e00000| Untracked 
| 111|0x0000000086f00000, 0x0000000086f00000, 0x0000000087000000|  0%| F|  |TAMS 0x0000000086f00000, 0x0000000086f00000| Untracked 
| 112|0x0000000087000000, 0x0000000087000000, 0x0000000087100000|  0%| F|  |TAMS 0x0000000087000000, 0x0000000087000000| Untracked 
| 113|0x0000000087100000, 0x0000000087100000, 0x0000000087200000|  0%| F|  |TAMS 0x0000000087100000, 0x0000000087100000| Untracked 
| 114|0x0000000087200000, 0x0000000087200000, 0x0000000087300000|  0%| F|  |TAMS 0x0000000087200000, 0x0000000087200000| Untracked 
| 115|0x0000000087300000, 0x0000000087300000, 0x0000000087400000|  0%| F|  |TAMS 0x0000000087300000, 0x0000000087300000| Untracked 
| 116|0x0000000087400000, 0x0000000087400000, 0x0000000087500000|  0%| F|  |TAMS 0x0000000087400000, 0x0000000087400000| Untracked 
| 117|0x0000000087500000, 0x0000000087500000, 0x0000000087600000|  0%| F|  |TAMS 0x0000000087500000, 0x0000000087500000| Untracked 
| 118|0x0000000087600000, 0x0000000087600000, 0x0000000087700000|  0%| F|  |TAMS 0x0000000087600000, 0x0000000087600000| Untracked 
| 119|0x0000000087700000, 0x0000000087700000, 0x0000000087800000|  0%| F|  |TAMS 0x0000000087700000, 0x0000000087700000| Untracked 
| 120|0x0000000087800000, 0x0000000087800000, 0x0000000087900000|  0%| F|  |TAMS 0x0000000087800000, 0x0000000087800000| Untracked 
| 121|0x0000000087900000, 0x0000000087900000, 0x0000000087a00000|  0%| F|  |TAMS 0x0000000087900000, 0x0000000087900000| Untracked 
| 122|0x0000000087a00000, 0x0000000087a00000, 0x0000000087b00000|  0%| F|  |TAMS 0x0000000087a00000, 0x0000000087a00000| Untracked 
| 123|0x0000000087b00000, 0x0000000087b00000, 0x0000000087c00000|  0%| F|  |TAMS 0x0000000087b00000, 0x0000000087b00000| Untracked 
| 124|0x0000000087c00000, 0x0000000087c00000, 0x0000000087d00000|  0%| F|  |TAMS 0x0000000087c00000, 0x0000000087c00000| Untracked 
| 125|0x0000000087d00000, 0x0000000087d00000, 0x0000000087e00000|  0%| F|  |TAMS 0x0000000087d00000, 0x0000000087d00000| Untracked 
| 126|0x0000000087e00000, 0x0000000087e00000, 0x0000000087f00000|  0%| F|  |TAMS 0x0000000087e00000, 0x0000000087e00000| Untracked 
| 127|0x0000000087f00000, 0x0000000087f00000, 0x0000000088000000|  0%| F|  |TAMS 0x0000000087f00000, 0x0000000087f00000| Untracked 
| 128|0x0000000088000000, 0x0000000088000000, 0x0000000088100000|  0%| F|  |TAMS 0x0000000088000000, 0x0000000088000000| Untracked 
| 129|0x0000000088100000, 0x0000000088100000, 0x0000000088200000|  0%| F|  |TAMS 0x0000000088100000, 0x0000000088100000| Untracked 
| 130|0x0000000088200000, 0x0000000088200000, 0x0000000088300000|  0%| F|  |TAMS 0x0000000088200000, 0x0000000088200000| Untracked 
| 131|0x0000000088300000, 0x0000000088300000, 0x0000000088400000|  0%| F|  |TAMS 0x0000000088300000, 0x0000000088300000| Untracked 
| 132|0x0000000088400000, 0x0000000088400000, 0x0000000088500000|  0%| F|  |TAMS 0x0000000088400000, 0x0000000088400000| Untracked 
| 133|0x0000000088500000, 0x0000000088500000, 0x0000000088600000|  0%| F|  |TAMS 0x0000000088500000, 0x0000000088500000| Untracked 
| 134|0x0000000088600000, 0x0000000088600000, 0x0000000088700000|  0%| F|  |TAMS 0x0000000088600000, 0x0000000088600000| Untracked 
| 135|0x0000000088700000, 0x0000000088700000, 0x0000000088800000|  0%| F|  |TAMS 0x0000000088700000, 0x0000000088700000| Untracked 
| 136|0x0000000088800000, 0x0000000088800000, 0x0000000088900000|  0%| F|  |TAMS 0x0000000088800000, 0x0000000088800000| Untracked 
| 137|0x0000000088900000, 0x0000000088900000, 0x0000000088a00000|  0%| F|  |TAMS 0x0000000088900000, 0x0000000088900000| Untracked 
| 138|0x0000000088a00000, 0x0000000088a00000, 0x0000000088b00000|  0%| F|  |TAMS 0x0000000088a00000, 0x0000000088a00000| Untracked 
| 139|0x0000000088b00000, 0x0000000088b00000, 0x0000000088c00000|  0%| F|  |TAMS 0x0000000088b00000, 0x0000000088b00000| Untracked 
| 140|0x0000000088c00000, 0x0000000088c00000, 0x0000000088d00000|  0%| F|  |TAMS 0x0000000088c00000, 0x0000000088c00000| Untracked 
| 141|0x0000000088d00000, 0x0000000088d00000, 0x0000000088e00000|  0%| F|  |TAMS 0x0000000088d00000, 0x0000000088d00000| Untracked 
| 142|0x0000000088e00000, 0x0000000088e00000, 0x0000000088f00000|  0%| F|  |TAMS 0x0000000088e00000, 0x0000000088e00000| Untracked 
| 143|0x0000000088f00000, 0x0000000088f00000, 0x0000000089000000|  0%| F|  |TAMS 0x0000000088f00000, 0x0000000088f00000| Untracked 
| 144|0x0000000089000000, 0x0000000089000000, 0x0000000089100000|  0%| F|  |TAMS 0x0000000089000000, 0x0000000089000000| Untracked 
| 145|0x0000000089100000, 0x0000000089100000, 0x0000000089200000|  0%| F|  |TAMS 0x0000000089100000, 0x0000000089100000| Untracked 
| 146|0x0000000089200000, 0x0000000089200000, 0x0000000089300000|  0%| F|  |TAMS 0x0000000089200000, 0x0000000089200000| Untracked 
| 147|0x0000000089300000, 0x0000000089300000, 0x0000000089400000|  0%| F|  |TAMS 0x0000000089300000, 0x0000000089300000| Untracked 
| 148|0x0000000089400000, 0x0000000089400000, 0x0000000089500000|  0%| F|  |TAMS 0x0000000089400000, 0x0000000089400000| Untracked 
| 149|0x0000000089500000, 0x0000000089500000, 0x0000000089600000|  0%| F|  |TAMS 0x0000000089500000, 0x0000000089500000| Untracked 
| 150|0x0000000089600000, 0x0000000089600000, 0x0000000089700000|  0%| F|  |TAMS 0x0000000089600000, 0x0000000089600000| Untracked 
| 151|0x0000000089700000, 0x0000000089800000, 0x0000000089800000|100%| E|  |TAMS 0x0000000089700000, 0x0000000089700000| Complete 
| 152|0x0000000089800000, 0x0000000089900000, 0x0000000089900000|100%| E|CS|TAMS 0x0000000089800000, 0x0000000089800000| Complete 
| 153|0x0000000089900000, 0x0000000089a00000, 0x0000000089a00000|100%| E|CS|TAMS 0x0000000089900000, 0x0000000089900000| Complete 

Card table byte_map: [0x000001e6b39f0000,0x000001e6b3df0000] _byte_map_base: 0x000001e6b35f0000

Marking Bits (Prev, Next): (CMBitMap*) 0x000001e69ea2e3c8, (CMBitMap*) 0x000001e69ea2e400
 Prev Bits: [0x000001e6b41f0000, 0x000001e6b61f0000)
 Next Bits: [0x000001e6b61f0000, 0x000001e6b81f0000)

Polling page: 0x000001e69ead0000

Metaspace:

Usage:
  Non-class:     62.96 MB capacity,    61.88 MB ( 98%) used,   943.61 KB (  1%) free+waste,   165.13 KB ( <1%) overhead. 
      Class:      9.86 MB capacity,     9.25 MB ( 94%) used,   545.95 KB (  5%) free+waste,    78.19 KB ( <1%) overhead. 
       Both:     72.82 MB capacity,    71.13 MB ( 98%) used,     1.45 MB (  2%) free+waste,   243.31 KB ( <1%) overhead. 

Virtual space:
  Non-class space:       64.00 MB reserved,      63.08 MB ( 99%) committed 
      Class space:        1.00 GB reserved,       9.88 MB ( <1%) committed 
             Both:        1.06 GB reserved,      72.95 MB (  7%) committed 

Chunk freelists:
   Non-Class:  56.00 KB
       Class:  13.00 KB
        Both:  69.00 KB

MaxMetaspaceSize: 17179869184.00 GB
CompressedClassSpaceSize: 1.00 GB

CodeHeap 'non-profiled nmethods': size=120000Kb used=3163Kb max_used=3163Kb free=116836Kb
 bounds [0x000001e6ab660000, 0x000001e6ab980000, 0x000001e6b2b90000]
CodeHeap 'profiled nmethods': size=120000Kb used=13490Kb max_used=13490Kb free=106509Kb
 bounds [0x000001e6a4130000, 0x000001e6a4e60000, 0x000001e6ab660000]
CodeHeap 'non-nmethods': size=5760Kb used=2246Kb max_used=2299Kb free=3513Kb
 bounds [0x000001e6a3b90000, 0x000001e6a3e00000, 0x000001e6a4130000]
 total_blobs=7059 nmethods=6228 adapters=741
 compilation: enabled
              stopped_count=0, restarted_count=0
 full_count=0

Compilation events (20 events):
Event: 12.852 Thread 0x000001e6bad06000 6523       2       org.gradle.internal.ImmutableActionSet$SetWithManyActions::unpackInto (10 bytes)
Event: 12.852 Thread 0x000001e6bad06000 nmethod 6523 0x000001e6a4e58d90 code [0x000001e6a4e58f40, 0x000001e6a4e59068]
Event: 12.865 Thread 0x000001e6bad06000 6524       2       java.lang.reflect.Constructor::getExceptionTypes (11 bytes)
Event: 12.866 Thread 0x000001e6bad06000 nmethod 6524 0x000001e6a4e59110 code [0x000001e6a4e592c0, 0x000001e6a4e59408]
Event: 12.869 Thread 0x000001e6bad06000 6525       2       java.lang.reflect.Constructor::isSynthetic (5 bytes)
Event: 12.870 Thread 0x000001e6bad06000 nmethod 6525 0x000001e6a4e59510 code [0x000001e6a4e596c0, 0x000001e6a4e597d8]
Event: 12.870 Thread 0x000001e6bad06000 6526       2       org.gradle.api.internal.provider.Providers$FixedValueProvider::<init> (10 bytes)
Event: 12.870 Thread 0x000001e6bad06000 nmethod 6526 0x000001e6a4e59890 code [0x000001e6a4e59a40, 0x000001e6a4e59b78]
Event: 12.870 Thread 0x000001e6bad06000 6527       2       org.gradle.api.internal.provider.AbstractProviderWithValue::<init> (5 bytes)
Event: 12.870 Thread 0x000001e6bad06000 nmethod 6527 0x000001e6a4e59c10 code [0x000001e6a4e59dc0, 0x000001e6a4e59eb8]
Event: 12.888 Thread 0x000001e6bad06000 6528       2       java.util.HashMap::put (13 bytes)
Event: 12.888 Thread 0x000001e6bad06000 nmethod 6528 0x000001e6a4e59f90 code [0x000001e6a4e5a160, 0x000001e6a4e5a2f8]
Event: 12.889 Thread 0x000001e6bad06000 6529       2       java.util.HashMap::putVal (300 bytes)
Event: 12.890 Thread 0x000001e6bad06000 nmethod 6529 0x000001e6a4e5a410 code [0x000001e6a4e5a680, 0x000001e6a4e5adf8]
Event: 12.891 Thread 0x000001e6bad06000 6530       2       java.util.HashMap::comparableClassFor (115 bytes)
Event: 12.893 Thread 0x000001e6bad06000 nmethod 6530 0x000001e6a4e5b290 code [0x000001e6a4e5b4c0, 0x000001e6a4e5b9d8]
Event: 12.921 Thread 0x000001e6bad06000 6531       1       org.gradle.internal.instantiation.generator.AbstractClassGenerator$ExtensibleTypePropertyHandler::access$1300 (5 bytes)
Event: 12.921 Thread 0x000001e6bad06000 nmethod 6531 0x000001e6ab976a10 code [0x000001e6ab976bc0, 0x000001e6ab976c58]
Event: 13.016 Thread 0x000001e6bad06000 6532       2       java.util.HashMap$TreeNode::find (172 bytes)
Event: 13.017 Thread 0x000001e6bad06000 nmethod 6532 0x000001e6a4e5bc90 code [0x000001e6a4e5be80, 0x000001e6a4e5c298]

GC Heap History (20 events):
Event: 2.759 GC heap before
{Heap before GC invocations=2 (full 0):
 garbage-first heap   total 131072K, used 19370K [0x0000000080000000, 0x0000000100000000)
  region size 1024K, 15 young (15360K), 10 survivors (10240K)
 Metaspace       used 20672K, capacity 21124K, committed 21296K, reserved 1069056K
  class space    used 2430K, capacity 2607K, committed 2688K, reserved 1048576K
}
Event: 2.768 GC heap after
{Heap after GC invocations=3 (full 0):
 garbage-first heap   total 131072K, used 16314K [0x0000000080000000, 0x0000000100000000)
  region size 1024K, 1 young (1024K), 1 survivors (1024K)
 Metaspace       used 20672K, capacity 21124K, committed 21296K, reserved 1069056K
  class space    used 2430K, capacity 2607K, committed 2688K, reserved 1048576K
}
Event: 3.580 GC heap before
{Heap before GC invocations=4 (full 0):
 garbage-first heap   total 131072K, used 67514K [0x0000000080000000, 0x0000000100000000)
  region size 1024K, 51 young (52224K), 1 survivors (1024K)
 Metaspace       used 26594K, capacity 27214K, committed 27440K, reserved 1073152K
  class space    used 3407K, capacity 3599K, committed 3712K, reserved 1048576K
}
Event: 3.583 GC heap after
{Heap after GC invocations=5 (full 0):
 garbage-first heap   total 131072K, used 17722K [0x0000000080000000, 0x0000000100000000)
  region size 1024K, 3 young (3072K), 3 survivors (3072K)
 Metaspace       used 26594K, capacity 27214K, committed 27440K, reserved 1073152K
  class space    used 3407K, capacity 3599K, committed 3712K, reserved 1048576K
}
Event: 4.315 GC heap before
{Heap before GC invocations=5 (full 0):
 garbage-first heap   total 131072K, used 61754K [0x0000000080000000, 0x0000000100000000)
  region size 1024K, 47 young (48128K), 3 survivors (3072K)
 Metaspace       used 35099K, capacity 35759K, committed 35920K, reserved 1081344K
  class space    used 4487K, capacity 4745K, committed 4864K, reserved 1048576K
}
Event: 4.325 GC heap after
{Heap after GC invocations=6 (full 0):
 garbage-first heap   total 131072K, used 20924K [0x0000000080000000, 0x0000000100000000)
  region size 1024K, 6 young (6144K), 6 survivors (6144K)
 Metaspace       used 35099K, capacity 35759K, committed 35920K, reserved 1081344K
  class space    used 4487K, capacity 4745K, committed 4864K, reserved 1048576K
}
Event: 5.428 GC heap before
{Heap before GC invocations=7 (full 0):
 garbage-first heap   total 131072K, used 85436K [0x0000000080000000, 0x0000000100000000)
  region size 1024K, 66 young (67584K), 6 survivors (6144K)
 Metaspace       used 40360K, capacity 41171K, committed 41424K, reserved 1085440K
  class space    used 5158K, capacity 5453K, committed 5504K, reserved 1048576K
}
Event: 5.439 GC heap after
{Heap after GC invocations=8 (full 0):
 garbage-first heap   total 131072K, used 25130K [0x0000000080000000, 0x0000000100000000)
  region size 1024K, 8 young (8192K), 8 survivors (8192K)
 Metaspace       used 40360K, capacity 41171K, committed 41424K, reserved 1085440K
  class space    used 5158K, capacity 5453K, committed 5504K, reserved 1048576K
}
Event: 6.374 GC heap before
{Heap before GC invocations=8 (full 0):
 garbage-first heap   total 131072K, used 87594K [0x0000000080000000, 0x0000000100000000)
  region size 1024K, 69 young (70656K), 8 survivors (8192K)
 Metaspace       used 43499K, capacity 44489K, committed 44752K, reserved 1087488K
  class space    used 5559K, capacity 5897K, committed 6016K, reserved 1048576K
}
Event: 6.381 GC heap after
{Heap after GC invocations=9 (full 0):
 garbage-first heap   total 157696K, used 28073K [0x0000000080000000, 0x0000000100000000)
  region size 1024K, 7 young (7168K), 7 survivors (7168K)
 Metaspace       used 43499K, capacity 44489K, committed 44752K, reserved 1087488K
  class space    used 5559K, capacity 5897K, committed 6016K, reserved 1048576K
}
Event: 7.942 GC heap before
{Heap before GC invocations=9 (full 0):
 garbage-first heap   total 157696K, used 113065K [0x0000000080000000, 0x0000000100000000)
  region size 1024K, 85 young (87040K), 7 survivors (7168K)
 Metaspace       used 53784K, capacity 55035K, committed 55248K, reserved 1097728K
  class space    used 6818K, capacity 7267K, committed 7296K, reserved 1048576K
}
Event: 7.952 GC heap after
{Heap after GC invocations=10 (full 0):
 garbage-first heap   total 157696K, used 43405K [0x0000000080000000, 0x0000000100000000)
  region size 1024K, 11 young (11264K), 11 survivors (11264K)
 Metaspace       used 53784K, capacity 55035K, committed 55248K, reserved 1097728K
  class space    used 6818K, capacity 7267K, committed 7296K, reserved 1048576K
}
Event: 8.753 GC heap before
{Heap before GC invocations=10 (full 0):
 garbage-first heap   total 157696K, used 86413K [0x0000000080000000, 0x0000000100000000)
  region size 1024K, 54 young (55296K), 11 survivors (11264K)
 Metaspace       used 58874K, capacity 60205K, committed 60240K, reserved 1101824K
  class space    used 7422K, capacity 7917K, committed 7936K, reserved 1048576K
}
Event: 8.767 GC heap after
{Heap after GC invocations=11 (full 0):
 garbage-first heap   total 157696K, used 48492K [0x0000000080000000, 0x0000000100000000)
  region size 1024K, 5 young (5120K), 5 survivors (5120K)
 Metaspace       used 58874K, capacity 60205K, committed 60240K, reserved 1101824K
  class space    used 7422K, capacity 7917K, committed 7936K, reserved 1048576K
}
Event: 9.681 GC heap before
{Heap before GC invocations=12 (full 0):
 garbage-first heap   total 157696K, used 107884K [0x0000000080000000, 0x0000000100000000)
  region size 1024K, 63 young (64512K), 5 survivors (5120K)
 Metaspace       used 62707K, capacity 64229K, committed 64464K, reserved 1105920K
  class space    used 7915K, capacity 8466K, committed 8576K, reserved 1048576K
}
Event: 9.697 GC heap after
{Heap after GC invocations=13 (full 0):
 garbage-first heap   total 157696K, used 53226K [0x0000000080000000, 0x0000000100000000)
  region size 1024K, 8 young (8192K), 8 survivors (8192K)
 Metaspace       used 62707K, capacity 64229K, committed 64464K, reserved 1105920K
  class space    used 7915K, capacity 8466K, committed 8576K, reserved 1048576K
}
Event: 10.682 GC heap before
{Heap before GC invocations=14 (full 0):
 garbage-first heap   total 157696K, used 112618K [0x0000000080000000, 0x0000000100000000)
  region size 1024K, 66 young (67584K), 8 survivors (8192K)
 Metaspace       used 67603K, capacity 69164K, committed 69328K, reserved 1110016K
  class space    used 8709K, capacity 9255K, committed 9344K, reserved 1048576K
}
Event: 10.691 GC heap after
{Heap after GC invocations=15 (full 0):
 garbage-first heap   total 157696K, used 57954K [0x0000000080000000, 0x0000000100000000)
  region size 1024K, 9 young (9216K), 9 survivors (9216K)
 Metaspace       used 67603K, capacity 69164K, committed 69328K, reserved 1110016K
  class space    used 8709K, capacity 9255K, committed 9344K, reserved 1048576K
}
Event: 12.835 GC heap before
{Heap before GC invocations=15 (full 0):
 garbage-first heap   total 157696K, used 116322K [0x0000000080000000, 0x0000000100000000)
  region size 1024K, 66 young (67584K), 9 survivors (9216K)
 Metaspace       used 72595K, capacity 74245K, committed 74448K, reserved 1114112K
  class space    used 9434K, capacity 10054K, committed 10112K, reserved 1048576K
}
Event: 12.845 GC heap after
{Heap after GC invocations=16 (full 0):
 garbage-first heap   total 157696K, used 61402K [0x0000000080000000, 0x0000000100000000)
  region size 1024K, 8 young (8192K), 8 survivors (8192K)
 Metaspace       used 72595K, capacity 74245K, committed 74448K, reserved 1114112K
  class space    used 9434K, capacity 10054K, committed 10112K, reserved 1048576K
}

Deoptimization events (20 events):
Event: 10.981 Thread 0x000001e6bd07e000 DEOPT PACKING pc=0x000001e6ab8d59f0 sp=0x00000034dd6fbc30
Event: 10.981 Thread 0x000001e6bd07e000 DEOPT UNPACKING pc=0x000001e6a3bb74af sp=0x00000034dd6fbc08 mode 2
Event: 11.592 Thread 0x000001e6bd07e000 Uncommon trap: trap_request=0xffffff4d fr.pc=0x000001e6ab893738 relative=0x0000000000000838
Event: 11.592 Thread 0x000001e6bd07e000 Uncommon trap: reason=unstable_if action=reinterpret pc=0x000001e6ab893738 method=java.util.jar.JarFile.getVersionedEntry(Ljava/lang/String;Ljava/util/jar/JarEntry;)Ljava/util/jar/JarEntry; @ 67 c2
Event: 11.592 Thread 0x000001e6bd07e000 DEOPT PACKING pc=0x000001e6ab893738 sp=0x00000034dd6f8370
Event: 11.592 Thread 0x000001e6bd07e000 DEOPT UNPACKING pc=0x000001e6a3bb74af sp=0x00000034dd6f8358 mode 2
Event: 12.154 Thread 0x000001e6bd07e000 Uncommon trap: trap_request=0xffffff4d fr.pc=0x000001e6ab8d9034 relative=0x00000000000005d4
Event: 12.154 Thread 0x000001e6bd07e000 Uncommon trap: reason=unstable_if action=reinterpret pc=0x000001e6ab8d9034 method=com.sun.org.apache.xerces.internal.impl.XMLEntityScanner.scanLiteral(ILcom/sun/org/apache/xerces/internal/xni/XMLString;Z)I @ 660 c2
Event: 12.154 Thread 0x000001e6bd07e000 DEOPT PACKING pc=0x000001e6ab8d9034 sp=0x00000034dd6fa390
Event: 12.154 Thread 0x000001e6bd07e000 DEOPT UNPACKING pc=0x000001e6a3bb74af sp=0x00000034dd6fa338 mode 2
Event: 12.544 Thread 0x000001e6bd07e000 DEOPT PACKING pc=0x000001e6a4ad80db sp=0x00000034dd6f9160
Event: 12.544 Thread 0x000001e6bd07e000 DEOPT UNPACKING pc=0x000001e6a3bb72ce sp=0x00000034dd6f8610 mode 0
Event: 12.886 Thread 0x000001e6bd07e000 Uncommon trap: trap_request=0xffffff4d fr.pc=0x000001e6ab7c8784 relative=0x0000000000000704
Event: 12.886 Thread 0x000001e6bd07e000 Uncommon trap: reason=unstable_if action=reinterpret pc=0x000001e6ab7c8784 method=java.util.HashMap.putVal(ILjava/lang/Object;Ljava/lang/Object;ZZ)Ljava/lang/Object; @ 109 c2
Event: 12.886 Thread 0x000001e6bd07e000 DEOPT PACKING pc=0x000001e6ab7c8784 sp=0x00000034dd6f90f0
Event: 12.886 Thread 0x000001e6bd07e000 DEOPT UNPACKING pc=0x000001e6a3bb74af sp=0x00000034dd6f9008 mode 2
Event: 12.886 Thread 0x000001e6bd07e000 Uncommon trap: trap_request=0xffffff4d fr.pc=0x000001e6ab7c7488 relative=0x0000000000000688
Event: 12.886 Thread 0x000001e6bd07e000 Uncommon trap: reason=unstable_if action=reinterpret pc=0x000001e6ab7c7488 method=java.util.HashMap.putVal(ILjava/lang/Object;Ljava/lang/Object;ZZ)Ljava/lang/Object; @ 109 c2
Event: 12.887 Thread 0x000001e6bd07e000 DEOPT PACKING pc=0x000001e6ab7c7488 sp=0x00000034dd6f9040
Event: 12.887 Thread 0x000001e6bd07e000 DEOPT UNPACKING pc=0x000001e6a3bb74af sp=0x00000034dd6f8ff8 mode 2

Classes redefined (0 events):
No events

Internal exceptions (20 events):
Event: 10.902 Thread 0x000001e6bd07e000 Exception <a 'java/lang/ClassNotFoundException'{0x00000000890894c0}: org/gradle/api/internal/artifacts/configurations/DefaultConfigurationContainer_DecoratedBeanInfo> (0x00000000890894c0) thrown at [./src/hotspot/share/classfile/systemDictionary.cpp, line 231]
Event: 10.902 Thread 0x000001e6bd07e000 Exception <a 'java/lang/ClassNotFoundException'{0x00000000890a8190}: org/gradle/api/internal/artifacts/configurations/DefaultConfigurationContainerBeanInfo> (0x00000000890a8190) thrown at [./src/hotspot/share/classfile/systemDictionary.cpp, line 231]
Event: 10.903 Thread 0x000001e6bd07e000 Exception <a 'java/lang/ClassNotFoundException'{0x00000000890ba258}: org/gradle/api/internal/AbstractValidatingNamedDomainObjectContainerBeanInfo> (0x00000000890ba258) thrown at [./src/hotspot/share/classfile/systemDictionary.cpp, line 231]
Event: 10.903 Thread 0x000001e6bd07e000 Exception <a 'java/lang/ClassNotFoundException'{0x00000000890cc300}: org/gradle/api/internal/AbstractValidatingNamedDomainObjectContainerCustomizer> (0x00000000890cc300) thrown at [./src/hotspot/share/classfile/systemDictionary.cpp, line 231]
Event: 10.904 Thread 0x000001e6bd07e000 Exception <a 'java/lang/ClassNotFoundException'{0x00000000890f5d00}: org/gradle/api/internal/artifacts/configurations/DefaultConfigurationContainerCustomizer> (0x00000000890f5d00) thrown at [./src/hotspot/share/classfile/systemDictionary.cpp, line 231]
Event: 10.905 Thread 0x000001e6bd07e000 Exception <a 'java/lang/ClassNotFoundException'{0x0000000088f2a690}: org/gradle/api/internal/artifacts/configurations/DefaultConfigurationContainer_DecoratedCustomizer> (0x0000000088f2a690) thrown at [./src/hotspot/share/classfile/systemDictionary.cpp, line 231]
Event: 10.913 Thread 0x000001e6bd07e000 Exception <a 'java/lang/ClassNotFoundException'{0x0000000088d562c0}: org/gradle/api/internal/artifacts/configurations/DefaultConfiguration_DecoratedBeanInfo> (0x0000000088d562c0) thrown at [./src/hotspot/share/classfile/systemDictionary.cpp, line 231]
Event: 10.914 Thread 0x000001e6bd07e000 Exception <a 'java/lang/ClassNotFoundException'{0x0000000088d74d00}: org/gradle/api/internal/artifacts/configurations/DefaultConfigurationBeanInfo> (0x0000000088d74d00) thrown at [./src/hotspot/share/classfile/systemDictionary.cpp, line 231]
Event: 10.914 Thread 0x000001e6bd07e000 Exception <a 'java/lang/ClassNotFoundException'{0x0000000088d939f0}: org/gradle/api/internal/artifacts/configurations/DefaultConfigurationCustomizer> (0x0000000088d939f0) thrown at [./src/hotspot/share/classfile/systemDictionary.cpp, line 231]
Event: 10.917 Thread 0x000001e6bd07e000 Exception <a 'java/lang/ClassNotFoundException'{0x0000000088dfeab8}: org/gradle/api/internal/artifacts/configurations/DefaultConfiguration_DecoratedCustomizer> (0x0000000088dfeab8) thrown at [./src/hotspot/share/classfile/systemDictionary.cpp, line 231]
Event: 10.920 Thread 0x000001e6bd07e000 Implicit null exception at 0x000001e6ab93ac20 to 0x000001e6ab93f46c
Event: 10.925 Thread 0x000001e6bd07e000 Exception <a 'java/lang/ClassNotFoundException'{0x0000000088cb75a0}: org/codehaus/groovy/runtime/MethodClosureBeanInfo> (0x0000000088cb75a0) thrown at [./src/hotspot/share/classfile/systemDictionary.cpp, line 231]
Event: 10.925 Thread 0x000001e6bd07e000 Exception <a 'java/lang/ClassNotFoundException'{0x0000000088cc8520}: org/codehaus/groovy/runtime/MethodClosureCustomizer> (0x0000000088cc8520) thrown at [./src/hotspot/share/classfile/systemDictionary.cpp, line 231]
Event: 10.929 Thread 0x000001e6bd07e000 Exception <a 'java/lang/ClassNotFoundException'{0x0000000088b1e3c0}: org/gradle/api/internal/artifacts/configurations/DefaultConfiguration$ConfigurationResolvableDependencies_DecoratedBeanInfo> (0x0000000088b1e3c0) thrown at [./src/hotspot/share/classfile/systemDictionary.cpp, line 231]
Event: 10.929 Thread 0x000001e6bd07e000 Exception <a 'java/lang/ClassNotFoundException'{0x0000000088b42ca0}: org/gradle/api/internal/artifacts/configurations/DefaultConfiguration$ConfigurationResolvableDependenciesBeanInfo> (0x0000000088b42ca0) thrown at [./src/hotspot/share/classfile/systemDictionary.cpp, line 231]
Event: 10.930 Thread 0x000001e6bd07e000 Exception <a 'java/lang/ClassNotFoundException'{0x0000000088b68b28}: org/gradle/api/internal/artifacts/configurations/DefaultConfiguration$ConfigurationResolvableDependenciesCustomizer> (0x0000000088b68b28) thrown at [./src/hotspot/share/classfile/systemDictionary.cpp, line 231]
Event: 10.931 Thread 0x000001e6bd07e000 Exception <a 'java/lang/ClassNotFoundException'{0x0000000088b9f888}: org/gradle/api/internal/artifacts/configurations/DefaultConfiguration$ConfigurationResolvableDependencies_DecoratedCustomizer> (0x0000000088b9f888) thrown at [./src/hotspot/share/classfile/systemDictionary.cpp, line 231]
Event: 11.367 Thread 0x000001e6bd07e000 Exception <a 'sun/nio/fs/WindowsException'{0x000000008800ff90}> (0x000000008800ff90) thrown at [./src/hotspot/share/prims/jni.cpp, line 615]
Event: 11.742 Thread 0x000001e6bd07e000 Exception <a 'java/lang/NullPointerException'{0x0000000087877c80}> (0x0000000087877c80) thrown at [./src/hotspot/share/interpreter/linkResolver.cpp, line 1440]
Event: 12.135 Thread 0x000001e6bd07e000 Exception <a 'java/lang/NoSuchMethodError'{0x00000000868f90d8}: 'int java.lang.invoke.DirectMethodHandle$Holder.invokeStatic(java.lang.Object, java.lang.Object, int, java.lang.Object)'> (0x00000000868f90d8) thrown at [./src/hotspot/share/interpreter/linkResolver.cpp, line 773]

Events (20 events):
Event: 12.875 loading class org/gradle/api/internal/file/copy/DelegatingCopySpecInternal
Event: 12.875 loading class org/gradle/api/internal/file/copy/DelegatingCopySpecInternal done
Event: 12.878 loading class org/gradle/api/internal/file/copy/CopySpecResolver
Event: 12.878 loading class org/gradle/api/internal/file/copy/CopySpecResolver done
Event: 12.884 loading class org/gradle/api/internal/file/copy/CopySpecInternal$CopySpecAddress
Event: 12.884 loading class org/gradle/api/internal/file/copy/CopySpecInternal$CopySpecAddress done
Event: 12.885 loading class org/gradle/api/file/DuplicatesStrategy
Event: 12.885 loading class org/gradle/api/file/DuplicatesStrategy done
Event: 12.885 loading class org/gradle/api/internal/file/copy/CopyActionExecuter
Event: 12.885 loading class org/gradle/api/internal/file/copy/CopyActionExecuter done
Event: 12.931 loading class org/gradle/api/internal/file/copy/DefaultCopySpec
Event: 12.931 loading class org/gradle/api/internal/file/copy/DefaultCopySpec done
Event: 12.950 loading class org/gradle/api/internal/file/copy/CopySpecInternal$CopySpecVisitor
Event: 12.950 loading class org/gradle/api/internal/file/copy/CopySpecInternal$CopySpecVisitor done
Event: 12.954 loading class org/gradle/api/internal/file/copy/CopySpecInternal$CopySpecListener
Event: 12.954 loading class org/gradle/api/internal/file/copy/CopySpecInternal$CopySpecListener done
Event: 12.984 loading class org/gradle/api/file/FileCopyDetails
Event: 12.984 loading class org/gradle/api/file/FileCopyDetails done
Event: 12.988 loading class org/gradle/api/internal/file/copy/PathNotationConverter
Event: 12.988 loading class org/gradle/api/internal/file/copy/PathNotationConverter done


Dynamic libraries:
0x00007ff6e9f10000 - 0x00007ff6e9f1a000 	C:\Program Files\Android\Android Studio1\jre\bin\java.exe
0x00007ffba5110000 - 0x00007ffba5305000 	C:\WINDOWS\SYSTEM32\ntdll.dll
0x00007ffba3f60000 - 0x00007ffba401d000 	C:\WINDOWS\System32\KERNEL32.DLL
0x00007ffba2bf0000 - 0x00007ffba2eb8000 	C:\WINDOWS\System32\KERNELBASE.dll
0x00007ffba2f20000 - 0x00007ffba3020000 	C:\WINDOWS\System32\ucrtbase.dll
0x00007ffb8de80000 - 0x00007ffb8de99000 	C:\Program Files\Android\Android Studio1\jre\bin\jli.dll
0x00007ffb8c9e0000 - 0x00007ffb8c9f7000 	C:\Program Files\Android\Android Studio1\jre\bin\VCRUNTIME140.dll
0x00007ffba3930000 - 0x00007ffba3ad0000 	C:\WINDOWS\System32\USER32.dll
0x00007ffba3150000 - 0x00007ffba3172000 	C:\WINDOWS\System32\win32u.dll
0x00007ffb8d670000 - 0x00007ffb8d90a000 	C:\WINDOWS\WinSxS\amd64_microsoft.windows.common-controls_6595b64144ccf1df_6.0.19041.1052_none_60b8f8fd71f5e8cb\COMCTL32.dll
0x00007ffba4020000 - 0x00007ffba404a000 	C:\WINDOWS\System32\GDI32.dll
0x00007ffba3e40000 - 0x00007ffba3ede000 	C:\WINDOWS\System32\msvcrt.dll
0x00007ffba2950000 - 0x00007ffba2a5b000 	C:\WINDOWS\System32\gdi32full.dll
0x00007ffba3020000 - 0x00007ffba30bd000 	C:\WINDOWS\System32\msvcp_win.dll
0x00007ffba4070000 - 0x00007ffba40a0000 	C:\WINDOWS\System32\IMM32.DLL
0x00007ffb65a00000 - 0x00007ffb65a9d000 	C:\Program Files\Android\Android Studio1\jre\bin\msvcp140.dll
0x00007ffb5b560000 - 0x00007ffb5c01c000 	C:\Program Files\Android\Android Studio1\jre\bin\server\jvm.dll
0x00007ffba4f40000 - 0x00007ffba4fec000 	C:\WINDOWS\System32\ADVAPI32.dll
0x00007ffba40a0000 - 0x00007ffba413b000 	C:\WINDOWS\System32\sechost.dll
0x00007ffba3750000 - 0x00007ffba387b000 	C:\WINDOWS\System32\RPCRT4.dll
0x00007ffba4ad0000 - 0x00007ffba4ad8000 	C:\WINDOWS\System32\PSAPI.DLL
0x00007ffb88160000 - 0x00007ffb88169000 	C:\WINDOWS\SYSTEM32\WSOCK32.dll
0x00007ffb8f3f0000 - 0x00007ffb8f417000 	C:\WINDOWS\SYSTEM32\WINMM.dll
0x00007ffb99ec0000 - 0x00007ffb99eca000 	C:\WINDOWS\SYSTEM32\VERSION.dll
0x00007ffba3ef0000 - 0x00007ffba3f5b000 	C:\WINDOWS\System32\WS2_32.dll
0x00007ffba1120000 - 0x00007ffba1132000 	C:\WINDOWS\SYSTEM32\kernel.appcore.dll
0x00007ffb9b2f0000 - 0x00007ffb9b301000 	C:\Program Files\Android\Android Studio1\jre\bin\verify.dll
0x00007ffba04c0000 - 0x00007ffba06a4000 	C:\WINDOWS\SYSTEM32\DBGHELP.DLL
0x00007ffb8a280000 - 0x00007ffb8a2ac000 	C:\WINDOWS\SYSTEM32\dbgcore.DLL
0x00007ffba30c0000 - 0x00007ffba3143000 	C:\WINDOWS\System32\bcryptPrimitives.dll
0x00007ffb8e9d0000 - 0x00007ffb8e9f9000 	C:\Program Files\Android\Android Studio1\jre\bin\java.dll
0x00007ffba0480000 - 0x00007ffba048b000 	C:\Program Files\Android\Android Studio1\jre\bin\jimage.dll
0x00007ffb8f1e0000 - 0x00007ffb8f1f8000 	C:\Program Files\Android\Android Studio1\jre\bin\zip.dll
0x00007ffba4260000 - 0x00007ffba499f000 	C:\WINDOWS\System32\SHELL32.dll
0x00007ffba0980000 - 0x00007ffba1110000 	C:\WINDOWS\SYSTEM32\windows.storage.dll
0x00007ffba3ae0000 - 0x00007ffba3e35000 	C:\WINDOWS\System32\combase.dll
0x00007ffba22c0000 - 0x00007ffba22ec000 	C:\WINDOWS\SYSTEM32\Wldp.dll
0x00007ffba4a20000 - 0x00007ffba4ace000 	C:\WINDOWS\System32\SHCORE.dll
0x00007ffba4ee0000 - 0x00007ffba4f35000 	C:\WINDOWS\System32\shlwapi.dll
0x00007ffba2790000 - 0x00007ffba27af000 	C:\WINDOWS\SYSTEM32\profapi.dll
0x00007ffb8cd60000 - 0x00007ffb8cd7a000 	C:\Program Files\Android\Android Studio1\jre\bin\net.dll
0x00007ffb8f760000 - 0x00007ffb8f86b000 	C:\WINDOWS\SYSTEM32\WINHTTP.dll
0x00007ffba2030000 - 0x00007ffba209a000 	C:\WINDOWS\system32\mswsock.dll
0x00007ffb8cd40000 - 0x00007ffb8cd54000 	C:\Program Files\Android\Android Studio1\jre\bin\nio.dll
0x00007ffb71d90000 - 0x00007ffb71db7000 	C:\Users\DANY99SR\.gradle\native\f6784746aeab05261644944871eae4fe03e0ef1612fff0a4a95f87b438bc6780\windows-amd64\native-platform.dll
0x00007ffb9c700000 - 0x00007ffb9c70a000 	C:\Program Files\Android\Android Studio1\jre\bin\management.dll
0x00007ffb9c250000 - 0x00007ffb9c25c000 	C:\Program Files\Android\Android Studio1\jre\bin\management_ext.dll
0x00007ffba2210000 - 0x00007ffba2228000 	C:\WINDOWS\SYSTEM32\CRYPTSP.dll
0x00007ffba1960000 - 0x00007ffba1994000 	C:\WINDOWS\system32\rsaenh.dll
0x00007ffba2a60000 - 0x00007ffba2a87000 	C:\WINDOWS\System32\bcrypt.dll
0x00007ffba2750000 - 0x00007ffba277e000 	C:\WINDOWS\SYSTEM32\USERENV.dll
0x00007ffba2200000 - 0x00007ffba220c000 	C:\WINDOWS\SYSTEM32\CRYPTBASE.dll
0x00007ffba1cd0000 - 0x00007ffba1d0b000 	C:\WINDOWS\SYSTEM32\IPHLPAPI.DLL
0x00007ffba3ee0000 - 0x00007ffba3ee8000 	C:\WINDOWS\System32\NSI.dll
0x00007ffb98860000 - 0x00007ffb98877000 	C:\WINDOWS\SYSTEM32\dhcpcsvc6.DLL
0x00007ffb99180000 - 0x00007ffb9919d000 	C:\WINDOWS\SYSTEM32\dhcpcsvc.DLL
0x00007ffba1d20000 - 0x00007ffba1dec000 	C:\WINDOWS\SYSTEM32\DNSAPI.dll
0x00007ffb99ed0000 - 0x00007ffb99edb000 	C:\WINDOWS\SYSTEM32\WINNSI.DLL

dbghelp: loaded successfully - version: 4.0.5 - missing functions: none
symbol engine: initialized successfully - sym options: 0x614 - pdb path: .;C:\Program Files\Android\Android Studio1\jre\bin;C:\WINDOWS\SYSTEM32;C:\WINDOWS\WinSxS\amd64_microsoft.windows.common-controls_6595b64144ccf1df_6.0.19041.1052_none_60b8f8fd71f5e8cb;C:\Program Files\Android\Android Studio1\jre\bin\server;C:\Users\DANY99SR\.gradle\native\f6784746aeab05261644944871eae4fe03e0ef1612fff0a4a95f87b438bc6780\windows-amd64

VM Arguments:
jvm_args: --add-opens=java.base/java.util=ALL-UNNAMED --add-opens=java.base/java.lang=ALL-UNNAMED --add-opens=java.base/java.lang.invoke=ALL-UNNAMED --add-opens=java.prefs/java.util.prefs=ALL-UNNAMED -Xmx2048m -Dfile.encoding=UTF-8 -Duser.country=GB -Duser.language=en -Duser.variant 
java_command: org.gradle.launcher.daemon.bootstrap.GradleDaemon 6.5
java_class_path (initial): C:\Users\DANY99SR\.gradle\wrapper\dists\gradle-6.5-bin\6nifqtx7604sqp1q6g8wikw7p\gradle-6.5\lib\gradle-launcher-6.5.jar
Launcher Type: SUN_STANDARD

[Global flags]
     intx CICompilerCount                          = 4                                         {product} {ergonomic}
     uint ConcGCThreads                            = 2                                         {product} {ergonomic}
     uint G1ConcRefinementThreads                  = 8                                         {product} {ergonomic}
   size_t G1HeapRegionSize                         = 1048576                                   {product} {ergonomic}
    uintx GCDrainStackTargetSize                   = 64                                        {product} {ergonomic}
   size_t InitialHeapSize                          = 134217728                                 {product} {ergonomic}
   size_t MarkStackSize                            = 4194304                                   {product} {ergonomic}
   size_t MaxHeapSize                              = 2147483648                                {product} {command line}
   size_t MaxNewSize                               = 1287651328                                {product} {ergonomic}
   size_t MinHeapDeltaBytes                        = 1048576                                   {product} {ergonomic}
    uintx NonNMethodCodeHeapSize                   = 5836300                                {pd product} {ergonomic}
    uintx NonProfiledCodeHeapSize                  = 122910970                              {pd product} {ergonomic}
    uintx ProfiledCodeHeapSize                     = 122910970                              {pd product} {ergonomic}
    uintx ReservedCodeCacheSize                    = 251658240                              {pd product} {ergonomic}
     bool SegmentedCodeCache                       = true                                      {product} {ergonomic}
     bool UseCompressedClassPointers               = true                                 {lp64_product} {ergonomic}
     bool UseCompressedOops                        = true                                 {lp64_product} {ergonomic}
     bool UseG1GC                                  = true                                      {product} {ergonomic}
     bool UseLargePagesIndividualAllocation        = false                                  {pd product} {ergonomic}

Logging:
Log output configuration:
 #0: stdout all=warning uptime,level,tags
 #1: stderr all=off uptime,level,tags

Environment Variables:
JAVA_HOME=C:\Program Files\AdoptOpenJDK\jdk-8.0.252.09-hotspot
PATH=C:\Program Files\Microsoft MPI\Bin\;C:\Program Files\AdoptOpenJDK\jdk-8.0.252.09-hotspot\bin;C:\Program Files (x86)\Common Files\Oracle\Java\javapath;C:\Windows\system32;C:\Windows;C:\Windows\System32\Wbem;C:\Windows\System32\WindowsPowerShell\v1.0\;C:\Windows\System32\OpenSSH\;C:\Program Files\dotnet\;C:\Program Files\NVIDIA Corporation\NVIDIA NvDLISR;C:\Program Files (x86)\NVIDIA Corporation\PhysX\Common;C:\Android;C:\Program Files (x86)\Microsoft SQL Server\150\DTS\Binn\;C:\Program Files\Microsoft SQL Server\Client SDK\ODBC\170\Tools\Binn\;C:\Program Files (x86)\Microsoft SQL Server\150\Tools\Binn\;C:\Program Files\Microsoft SQL Server\150\Tools\Binn\;C:\Program Files\Microsoft SQL Server\150\DTS\Binn\;C:\Program Files\nodejs\;C:\Program Files\PostgreSQL\12\bin;C:\Program Files\Git\cmd;C:\Program Files\Microsoft SQL Server\130\Tools\Binn\;C:\WINDOWS\system32;C:\WINDOWS;C:\WINDOWS\System32\Wbem;C:\WINDOWS\System32\WindowsPowerShell\v1.0\;C:\WINDOWS\System32\OpenSSH\;C:\Program Files\Go\bin;C:\Users\DANY99SR\AppData\Local\Programs\Python\Python37\Scripts\;C:\Users\DANY99SR\AppData\Local\Programs\Python\Python37\;C:\Users\DANY99SR\AppData\Local\Microsoft\WindowsApps;C:\Users\DANY99SR\AppData\Local\Programs\Microsoft VS Code\bin;C:\Users\DANY99SR\AppData\Local\GitHubDesktop\bin;C:\Program Files\JetBrains\PyCharm 2020.1\bin;;C:\Users\DANY99SR\AppData\Roaming\npm;C:\Users\DANY99SR\.dotnet\tools;C:\Users\DANY99SR\AppData\Local\Microsoft\WindowsApps;C:\Users\DANY99SR\go\bin
USERNAME=DANY99SR
OS=Windows_NT
PROCESSOR_IDENTIFIER=Intel64 Family 6 Model 158 Stepping 9, GenuineIntel



---------------  S Y S T E M  ---------------

OS: Windows 10 , 64 bit Build 19041 (10.0.19041.1023)
OS uptime: 17 days 12:38 hours

CPU:total 8 (initial active 8) (4 cores per cpu, 2 threads per core) family 6 model 158 stepping 9, cmov, cx8, fxsr, mmx, sse, sse2, sse3, ssse3, sse4.1, sse4.2, popcnt, avx, avx2, aes, clmul, erms, 3dnowpref, lzcnt, ht, tsc, tscinvbit, bmi1, bmi2, adx, fma

Memory: 4k page, system-wide physical 8076M (289M free)
TotalPageFile size 32652M (AvailPageFile size 0M)
current process WorkingSet (physical memory assigned to process): 360M, peak: 363M
current process commit charge ("private bytes"): 402M, peak: 405M

vm_info: OpenJDK 64-Bit Server VM (11.0.8+10-b944.6842174) for windows-amd64 JRE (11.0.8+10-b944.6842174), built on Sep 19 2020 01:11:42 by "builder" with MS VC++ 14.0 (VS2015)

END.
