#
# There is insufficient memory for the Java Runtime Environment to continue.
# Native memory allocation (malloc) failed to allocate 1885776 bytes for Chunk::new
# Possible reasons:
#   The system is out of physical RAM or swap space
#   The process is running with CompressedOops enabled, and the Java Heap may be blocking the growth of the native heap
# Possible solutions:
#   Reduce memory load on the system
#   Increase physical memory or swap space
#   Check if swap backing store is full
#   Decrease Java heap size (-Xmx/-Xms)
#   Decrease number of Java threads
#   Decrease Java thread stack sizes (-Xss)
#   Set larger code cache with -XX:ReservedCodeCacheSize=
#   JVM is running with Unscaled Compressed Oops mode in which the Java heap is
#     placed in the first 4GB address space. The Java Heap base address is the
#     maximum limit for the native heap growth. Please use -XX:HeapBaseMinAddress
#     to set the Java Heap base and to place the Java Heap above 4GB virtual address.
# This output file may be truncated or incomplete.
#
#  Out of Memory Error (./src/hotspot/share/memory/arena.cpp:197), pid=19508, tid=19880
#
# JRE version: OpenJDK Runtime Environment (11.0.8+10) (build 11.0.8+10-b944.6842174)
# Java VM: OpenJDK 64-Bit Server VM (11.0.8+10-b944.6842174, mixed mode, tiered, compressed oops, g1 gc, windows-amd64)
# No core dump will be written. Minidumps are not enabled by default on client versions of Windows
#

---------------  S U M M A R Y ------------

Command Line: --add-opens=java.base/java.util=ALL-UNNAMED --add-opens=java.base/java.lang=ALL-UNNAMED --add-opens=java.base/java.lang.invoke=ALL-UNNAMED --add-opens=java.prefs/java.util.prefs=ALL-UNNAMED -Xmx2048m -Dfile.encoding=UTF-8 -Duser.country=GB -Duser.language=en -Duser.variant org.gradle.launcher.daemon.bootstrap.GradleDaemon 6.5

Host: Intel(R) Core(TM) i7-7700HQ CPU @ 2.80GHz, 8 cores, 7G,  Windows 10 , 64 bit Build 19041 (10.0.19041.1023)
Time: Mon Jun 28 22:17:27 2021 GTB Summer Time elapsed time: 15 seconds (0d 0h 0m 15s)

---------------  T H R E A D  ---------------

Current thread (0x000001dab8b07800):  JavaThread "C2 CompilerThread1" daemon [_thread_in_native, id=19880, stack(0x0000003d96600000,0x0000003d96700000)]


Current CompileTask:
C2:  15763 6541 %     4       org.gradle.internal.instantiation.generator.AbstractClassGenerator::inspectType @ 107 (560 bytes)

Stack: [0x0000003d96600000,0x0000003d96700000]
Native frames: (J=compiled Java code, j=interpreted, Vv=VM code, C=native code)
V  [jvm.dll+0x5de50a]
V  [jvm.dll+0x7122f5]
V  [jvm.dll+0x71384d]
V  [jvm.dll+0x713f03]
V  [jvm.dll+0x23e728]
V  [jvm.dll+0xb899c]
V  [jvm.dll+0xb8e9c]
V  [jvm.dll+0x35024d]
V  [jvm.dll+0x31dea3]
V  [jvm.dll+0x31d39a]
V  [jvm.dll+0x1f7702]
V  [jvm.dll+0x1f68d4]
V  [jvm.dll+0x17f32c]
V  [jvm.dll+0x205047]
V  [jvm.dll+0x203891]
V  [jvm.dll+0x6dad3f]
V  [jvm.dll+0x6d3895]
V  [jvm.dll+0x5dd4a6]
C  [ucrtbase.dll+0x21bb2]
C  [KERNEL32.DLL+0x17034]
C  [ntdll.dll+0x52651]


---------------  P R O C E S S  ---------------

Threads class SMR info:
_java_thread_list=0x000001dab740c580, length=164, elements={
0x000001da9bafd800, 0x000001dab5df2800, 0x000001dab5dfb800, 0x000001dab6772800,
0x000001dab5e0c000, 0x000001dab5e0c800, 0x000001dab5e1d800, 0x000001dab5e1f000,
0x000001dab68cf800, 0x000001dab68f8000, 0x000001dab852f000, 0x000001dab7fd3800,
0x000001dab793c000, 0x000001dab7bee000, 0x000001dab7bef000, 0x000001dab82b2800,
0x000001dab7b84800, 0x000001dab796d800, 0x000001dab82de000, 0x000001dab796e800,
0x000001dab8793800, 0x000001dab8796000, 0x000001dab8794800, 0x000001dab8795000,
0x000001dab8796800, 0x000001dab8792800, 0x000001dab8791000, 0x000001dab8797800,
0x000001dab8792000, 0x000001dabb05b000, 0x000001dabb057000, 0x000001dabb05d800,
0x000001dabb057800, 0x000001dabb05b800, 0x000001dabb05e000, 0x000001dabb058800,
0x000001dabb05f000, 0x000001dabb059000, 0x000001dabb062000, 0x000001dabb064000,
0x000001dabb064800, 0x000001dabb05f800, 0x000001dabb063000, 0x000001dabb060800,
0x000001dabb065800, 0x000001dabb061800, 0x000001dabaf4d000, 0x000001dabaf4d800,
0x000001dabaf4a800, 0x000001dabaf4b000, 0x000001dabaf49800, 0x000001dabaf4e800,
0x000001dabaf51800, 0x000001dabaf4c000, 0x000001dabaf50000, 0x000001dabaf52800,
0x000001dabaf51000, 0x000001dabaf55000, 0x000001dabaf53800, 0x000001dabaf54000,
0x000001dabaf4f000, 0x000001dabaf55800, 0x000001dabaf56800, 0x000001dabaf57800,
0x000001dabaf58000, 0x000001dab8e76800, 0x000001dab8e77800, 0x000001dab8e79000,
0x000001dab8e74000, 0x000001dab8e73800, 0x000001dab8e75000, 0x000001dab8e7a000,
0x000001dab8e78800, 0x000001dab8e76000, 0x000001dab8e7b800, 0x000001dab8e7d000,
0x000001dab8e80800, 0x000001dab8e7c800, 0x000001dab8e7a800, 0x000001dab8e82000,
0x000001dab8e7f800, 0x000001dab8e7e000, 0x000001dab8e7f000, 0x000001dab8e81000,
0x000001dab8ad8000, 0x000001dab8ad8800, 0x000001dab8adb000, 0x000001dab8ad9800,
0x000001dab8ada000, 0x000001dab8ad5800, 0x000001dab8adc000, 0x000001dab8ad6000,
0x000001dab8adc800, 0x000001dab8ad7000, 0x000001dab8ade800, 0x000001dab8ae0000,
0x000001dab8ae3000, 0x000001dab8adf000, 0x000001dab8ae0800, 0x000001dab8ae1800,
0x000001dab8add800, 0x000001dab8ae2800, 0x000001dab8ae4000, 0x000001dab94c4800,
0x000001dab94c0800, 0x000001dab94c2000, 0x000001dab94c0000, 0x000001dab94c1800,
0x000001dab94c3000, 0x000001dab94c4000, 0x000001dab94bf000, 0x000001dab94c6800,
0x000001dab94c5800, 0x000001dab94c9800, 0x000001dab94c8000, 0x000001dab94cd000,
0x000001dab94cb000, 0x000001dab94ca800, 0x000001dab94c9000, 0x000001dab94cc000,
0x000001dab94c7000, 0x000001dab94cd800, 0x000001dab76ac800, 0x000001dab76ad000,
0x000001dab76ab800, 0x000001dab76a8800, 0x000001dab76ae000, 0x000001dab76af000,
0x000001dab76ab000, 0x000001dab76aa000, 0x000001dab76a9000, 0x000001dab76b4000,
0x000001dab76b2000, 0x000001dab76b4800, 0x000001dab76b5800, 0x000001dab76b0800,
0x000001dab76af800, 0x000001dab76b3000, 0x000001dab76b7000, 0x000001dab76b6000,
0x000001dab76b1800, 0x000001dab8f03800, 0x000001dab8f0a000, 0x000001dab8f06800,
0x000001dab8f08000, 0x000001dab8f04000, 0x000001dab8f09000, 0x000001dab8f0a800,
0x000001dab8f05800, 0x000001dab8f05000, 0x000001dab8f0b800, 0x000001dab8f0c800,
0x000001dab8f0d000, 0x000001dab8b07800, 0x000001dab8f07800, 0x000001dab8f0e000,
0x000001dab8f0e800, 0x000001dab8f0f800, 0x000001dab8f10800, 0x000001dab8f11000,
0x000001dab8f12000, 0x000001dab8ee4000, 0x000001dab8ee5000, 0x000001dab8ee6000
}

Java Threads: ( => current thread )
  0x000001da9bafd800 JavaThread "main" [_thread_blocked, id=4432, stack(0x0000003d93e00000,0x0000003d93f00000)]
  0x000001dab5df2800 JavaThread "Reference Handler" daemon [_thread_blocked, id=6312, stack(0x0000003d94500000,0x0000003d94600000)]
  0x000001dab5dfb800 JavaThread "Finalizer" daemon [_thread_blocked, id=15588, stack(0x0000003d94600000,0x0000003d94700000)]
  0x000001dab6772800 JavaThread "Signal Dispatcher" daemon [_thread_blocked, id=18108, stack(0x0000003d94700000,0x0000003d94800000)]
  0x000001dab5e0c000 JavaThread "Attach Listener" daemon [_thread_blocked, id=17916, stack(0x0000003d94800000,0x0000003d94900000)]
  0x000001dab5e0c800 JavaThread "C2 CompilerThread0" daemon [_thread_in_native, id=21068, stack(0x0000003d94900000,0x0000003d94a00000)]
  0x000001dab5e1d800 JavaThread "C1 CompilerThread0" daemon [_thread_blocked, id=11752, stack(0x0000003d94a00000,0x0000003d94b00000)]
  0x000001dab5e1f000 JavaThread "Sweeper thread" daemon [_thread_blocked, id=10732, stack(0x0000003d94b00000,0x0000003d94c00000)]
  0x000001dab68cf800 JavaThread "Common-Cleaner" daemon [_thread_blocked, id=6360, stack(0x0000003d94c00000,0x0000003d94d00000)]
  0x000001dab68f8000 JavaThread "Service Thread" daemon [_thread_blocked, id=14872, stack(0x0000003d94d00000,0x0000003d94e00000)]
  0x000001dab852f000 JavaThread "Daemon health stats" [_thread_blocked, id=18312, stack(0x0000003d95200000,0x0000003d95300000)]
  0x000001dab7fd3800 JavaThread "Incoming local TCP Connector on port 61191" [_thread_in_native, id=4324, stack(0x0000003d95400000,0x0000003d95500000)]
  0x000001dab793c000 JavaThread "Daemon periodic checks" [_thread_blocked, id=9136, stack(0x0000003d95600000,0x0000003d95700000)]
  0x000001dab7bee000 JavaThread "Daemon" [_thread_blocked, id=21444, stack(0x0000003d95700000,0x0000003d95800000)]
  0x000001dab7bef000 JavaThread "Handler for socket connection from /127.0.0.1:61191 to /127.0.0.1:61192" [_thread_in_native, id=8668, stack(0x0000003d95800000,0x0000003d95900000)]
  0x000001dab82b2800 JavaThread "Cancel handler" [_thread_blocked, id=11612, stack(0x0000003d95900000,0x0000003d95a00000)]
  0x000001dab7b84800 JavaThread "Daemon worker" [_thread_blocked, id=6952, stack(0x0000003d95a00000,0x0000003d95b00000)]
  0x000001dab796d800 JavaThread "Asynchronous log dispatcher for DefaultDaemonConnection: socket connection from /127.0.0.1:61191 to /127.0.0.1:61192" [_thread_blocked, id=14652, stack(0x0000003d95b00000,0x0000003d95c00000)]
  0x000001dab82de000 JavaThread "Stdin handler" [_thread_blocked, id=5568, stack(0x0000003d95c00000,0x0000003d95d00000)]
  0x000001dab796e800 JavaThread "Thread-8" [_thread_blocked, id=19360, stack(0x0000003d95d00000,0x0000003d95e00000)]
  0x000001dab8793800 JavaThread "Cache worker for journal cache (C:\Users\DANY99SR\.gradle\caches\journal-1)" [_thread_blocked, id=11368, stack(0x0000003d95e00000,0x0000003d95f00000)]
  0x000001dab8796000 JavaThread "File lock request listener" [_thread_in_native, id=2816, stack(0x0000003d96400000,0x0000003d96500000)]
  0x000001dab8794800 JavaThread "Cache worker for file hash cache (C:\Users\DANY99SR\.gradle\caches\6.5\fileHashes)" [_thread_blocked, id=18144, stack(0x0000003d95500000,0x0000003d95600000)]
  0x000001dab8795000 JavaThread "Cache worker for file hash cache (D:\FACULTATE COZMA DANIEL NECULAI\Anul 3\Sem 1\Pam Tabarca\Aplicatie Android Licenta\Robot\.gradle\6.5\fileHashes)" [_thread_blocked, id=20792, stack(0x0000003d96700000,0x0000003d96800000)]
  0x000001dab8796800 JavaThread "Cache worker for checksums cache (D:\FACULTATE COZMA DANIEL NECULAI\Anul 3\Sem 1\Pam Tabarca\Aplicatie Android Licenta\Robot\.gradle\checksums)" [_thread_blocked, id=10968, stack(0x0000003d96800000,0x0000003d96900000)]
  0x000001dab8792800 JavaThread "Cache worker for cache directory md-supplier (C:\Users\DANY99SR\.gradle\caches\6.5\md-supplier)" [_thread_blocked, id=1888, stack(0x0000003d96900000,0x0000003d96a00000)]
  0x000001dab8791000 JavaThread "Cache worker for cache directory md-rule (C:\Users\DANY99SR\.gradle\caches\6.5\md-rule)" [_thread_blocked, id=14244, stack(0x0000003d96a00000,0x0000003d96b00000)]
  0x000001dab8797800 JavaThread "Cache worker for execution history cache (C:\Users\DANY99SR\.gradle\caches\6.5\executionHistory)" [_thread_blocked, id=9520, stack(0x0000003d96b00000,0x0000003d96c00000)]
  0x000001dab8792000 JavaThread "jar transforms" [_thread_blocked, id=15712, stack(0x0000003d96c00000,0x0000003d96d00000)]
  0x000001dabb05b000 JavaThread "Cache worker for file content cache (C:\Users\DANY99SR\.gradle\caches\6.5\fileContent)" [_thread_blocked, id=12508, stack(0x0000003d96d00000,0x0000003d96e00000)]
  0x000001dabb057000 JavaThread "Build operations" [_thread_blocked, id=9104, stack(0x0000003d96e00000,0x0000003d96f00000)]
  0x000001dabb05d800 JavaThread "Build operations Thread 2" [_thread_blocked, id=15684, stack(0x0000003d96f00000,0x0000003d97000000)]
  0x000001dabb057800 JavaThread "Build operations Thread 3" [_thread_blocked, id=6424, stack(0x0000003d97000000,0x0000003d97100000)]
  0x000001dabb05b800 JavaThread "Build operations Thread 4" [_thread_blocked, id=19672, stack(0x0000003d97100000,0x0000003d97200000)]
  0x000001dabb05e000 JavaThread "Build operations Thread 5" [_thread_blocked, id=17140, stack(0x0000003d97200000,0x0000003d97300000)]
  0x000001dabb058800 JavaThread "Build operations Thread 6" [_thread_blocked, id=15004, stack(0x0000003d97300000,0x0000003d97400000)]
  0x000001dabb05f000 JavaThread "Build operations Thread 7" [_thread_blocked, id=14596, stack(0x0000003d97400000,0x0000003d97500000)]
  0x000001dabb059000 JavaThread "Build operations Thread 8" [_thread_blocked, id=10792, stack(0x0000003d97500000,0x0000003d97600000)]
  0x000001dabb062000 JavaThread "jar transforms Thread 2" [_thread_blocked, id=2760, stack(0x0000003d97600000,0x0000003d97700000)]
  0x000001dabb064000 JavaThread "jar transforms Thread 3" [_thread_blocked, id=16148, stack(0x0000003d97700000,0x0000003d97800000)]
  0x000001dabb064800 JavaThread "jar transforms Thread 4" [_thread_blocked, id=18508, stack(0x0000003d97800000,0x0000003d97900000)]
  0x000001dabb05f800 JavaThread "jar transforms Thread 5" [_thread_blocked, id=11472, stack(0x0000003d97900000,0x0000003d97a00000)]
  0x000001dabb063000 JavaThread "jar transforms Thread 6" [_thread_blocked, id=12588, stack(0x0000003d97a00000,0x0000003d97b00000)]
  0x000001dabb060800 JavaThread "jar transforms Thread 7" [_thread_blocked, id=14988, stack(0x0000003d97b00000,0x0000003d97c00000)]
  0x000001dabb065800 JavaThread "jar transforms Thread 8" [_thread_blocked, id=20416, stack(0x0000003d97c00000,0x0000003d97d00000)]
  0x000001dabb061800 JavaThread "jar transforms Thread 9" [_thread_blocked, id=8824, stack(0x0000003d97d00000,0x0000003d97e00000)]
  0x000001dabaf4d000 JavaThread "jar transforms Thread 10" [_thread_blocked, id=8536, stack(0x0000003d97e00000,0x0000003d97f00000)]
  0x000001dabaf4d800 JavaThread "jar transforms Thread 11" [_thread_blocked, id=15520, stack(0x0000003d97f00000,0x0000003d98000000)]
  0x000001dabaf4a800 JavaThread "jar transforms Thread 12" [_thread_blocked, id=9016, stack(0x0000003d98000000,0x0000003d98100000)]
  0x000001dabaf4b000 JavaThread "jar transforms Thread 13" [_thread_blocked, id=21000, stack(0x0000003d98100000,0x0000003d98200000)]
  0x000001dabaf49800 JavaThread "jar transforms Thread 14" [_thread_blocked, id=20152, stack(0x0000003d98200000,0x0000003d98300000)]
  0x000001dabaf4e800 JavaThread "jar transforms Thread 15" [_thread_blocked, id=14936, stack(0x0000003d98300000,0x0000003d98400000)]
  0x000001dabaf51800 JavaThread "jar transforms Thread 16" [_thread_blocked, id=13660, stack(0x0000003d98400000,0x0000003d98500000)]
  0x000001dabaf4c000 JavaThread "jar transforms Thread 17" [_thread_blocked, id=18760, stack(0x0000003d98500000,0x0000003d98600000)]
  0x000001dabaf50000 JavaThread "jar transforms Thread 18" [_thread_blocked, id=2724, stack(0x0000003d98600000,0x0000003d98700000)]
  0x000001dabaf52800 JavaThread "jar transforms Thread 19" [_thread_blocked, id=21496, stack(0x0000003d98700000,0x0000003d98800000)]
  0x000001dabaf51000 JavaThread "jar transforms Thread 20" [_thread_blocked, id=13308, stack(0x0000003d98800000,0x0000003d98900000)]
  0x000001dabaf55000 JavaThread "jar transforms Thread 21" [_thread_blocked, id=14384, stack(0x0000003d98900000,0x0000003d98a00000)]
  0x000001dabaf53800 JavaThread "jar transforms Thread 22" [_thread_blocked, id=9580, stack(0x0000003d98a00000,0x0000003d98b00000)]
  0x000001dabaf54000 JavaThread "jar transforms Thread 23" [_thread_blocked, id=19768, stack(0x0000003d98b00000,0x0000003d98c00000)]
  0x000001dabaf4f000 JavaThread "jar transforms Thread 24" [_thread_blocked, id=17884, stack(0x0000003d98c00000,0x0000003d98d00000)]
  0x000001dabaf55800 JavaThread "jar transforms Thread 25" [_thread_blocked, id=17280, stack(0x0000003d98d00000,0x0000003d98e00000)]
  0x000001dabaf56800 JavaThread "jar transforms Thread 26" [_thread_blocked, id=16720, stack(0x0000003d98e00000,0x0000003d98f00000)]
  0x000001dabaf57800 JavaThread "jar transforms Thread 27" [_thread_blocked, id=2812, stack(0x0000003d98f00000,0x0000003d99000000)]
  0x000001dabaf58000 JavaThread "jar transforms Thread 28" [_thread_blocked, id=4560, stack(0x0000003d99000000,0x0000003d99100000)]
  0x000001dab8e76800 JavaThread "jar transforms Thread 29" [_thread_blocked, id=21180, stack(0x0000003d99100000,0x0000003d99200000)]
  0x000001dab8e77800 JavaThread "jar transforms Thread 30" [_thread_blocked, id=6908, stack(0x0000003d99200000,0x0000003d99300000)]
  0x000001dab8e79000 JavaThread "jar transforms Thread 31" [_thread_blocked, id=15456, stack(0x0000003d99300000,0x0000003d99400000)]
  0x000001dab8e74000 JavaThread "jar transforms Thread 32" [_thread_blocked, id=2116, stack(0x0000003d99400000,0x0000003d99500000)]
  0x000001dab8e73800 JavaThread "jar transforms Thread 33" [_thread_blocked, id=15556, stack(0x0000003d99500000,0x0000003d99600000)]
  0x000001dab8e75000 JavaThread "jar transforms Thread 34" [_thread_blocked, id=18712, stack(0x0000003d99600000,0x0000003d99700000)]
  0x000001dab8e7a000 JavaThread "jar transforms Thread 35" [_thread_blocked, id=21436, stack(0x0000003d99700000,0x0000003d99800000)]
  0x000001dab8e78800 JavaThread "jar transforms Thread 36" [_thread_blocked, id=2404, stack(0x0000003d99800000,0x0000003d99900000)]
  0x000001dab8e76000 JavaThread "jar transforms Thread 37" [_thread_blocked, id=8924, stack(0x0000003d99900000,0x0000003d99a00000)]
  0x000001dab8e7b800 JavaThread "jar transforms Thread 38" [_thread_blocked, id=10424, stack(0x0000003d99a00000,0x0000003d99b00000)]
  0x000001dab8e7d000 JavaThread "jar transforms Thread 39" [_thread_blocked, id=5212, stack(0x0000003d99b00000,0x0000003d99c00000)]
  0x000001dab8e80800 JavaThread "jar transforms Thread 40" [_thread_blocked, id=5116, stack(0x0000003d99c00000,0x0000003d99d00000)]
  0x000001dab8e7c800 JavaThread "jar transforms Thread 41" [_thread_blocked, id=568, stack(0x0000003d99d00000,0x0000003d99e00000)]
  0x000001dab8e7a800 JavaThread "jar transforms Thread 42" [_thread_blocked, id=14940, stack(0x0000003d99e00000,0x0000003d99f00000)]
  0x000001dab8e82000 JavaThread "jar transforms Thread 43" [_thread_blocked, id=13424, stack(0x0000003d99f00000,0x0000003d9a000000)]
  0x000001dab8e7f800 JavaThread "jar transforms Thread 44" [_thread_blocked, id=14648, stack(0x0000003d9a000000,0x0000003d9a100000)]
  0x000001dab8e7e000 JavaThread "jar transforms Thread 45" [_thread_blocked, id=15572, stack(0x0000003d9a100000,0x0000003d9a200000)]
  0x000001dab8e7f000 JavaThread "jar transforms Thread 46" [_thread_blocked, id=9616, stack(0x0000003d9a200000,0x0000003d9a300000)]
  0x000001dab8e81000 JavaThread "jar transforms Thread 47" [_thread_blocked, id=8336, stack(0x0000003d9a300000,0x0000003d9a400000)]
  0x000001dab8ad8000 JavaThread "jar transforms Thread 48" [_thread_blocked, id=12460, stack(0x0000003d9a400000,0x0000003d9a500000)]
  0x000001dab8ad8800 JavaThread "jar transforms Thread 49" [_thread_blocked, id=20768, stack(0x0000003d9a500000,0x0000003d9a600000)]
  0x000001dab8adb000 JavaThread "jar transforms Thread 50" [_thread_blocked, id=2800, stack(0x0000003d9a600000,0x0000003d9a700000)]
  0x000001dab8ad9800 JavaThread "jar transforms Thread 51" [_thread_blocked, id=7508, stack(0x0000003d9a700000,0x0000003d9a800000)]
  0x000001dab8ada000 JavaThread "jar transforms Thread 52" [_thread_blocked, id=9528, stack(0x0000003d9a800000,0x0000003d9a900000)]
  0x000001dab8ad5800 JavaThread "jar transforms Thread 53" [_thread_blocked, id=8684, stack(0x0000003d9a900000,0x0000003d9aa00000)]
  0x000001dab8adc000 JavaThread "jar transforms Thread 54" [_thread_blocked, id=5356, stack(0x0000003d9aa00000,0x0000003d9ab00000)]
  0x000001dab8ad6000 JavaThread "jar transforms Thread 55" [_thread_blocked, id=10312, stack(0x0000003d9ab00000,0x0000003d9ac00000)]
  0x000001dab8adc800 JavaThread "jar transforms Thread 56" [_thread_blocked, id=13212, stack(0x0000003d9ac00000,0x0000003d9ad00000)]
  0x000001dab8ad7000 JavaThread "jar transforms Thread 57" [_thread_blocked, id=11164, stack(0x0000003d9ad00000,0x0000003d9ae00000)]
  0x000001dab8ade800 JavaThread "jar transforms Thread 58" [_thread_blocked, id=18460, stack(0x0000003d9ae00000,0x0000003d9af00000)]
  0x000001dab8ae0000 JavaThread "jar transforms Thread 59" [_thread_blocked, id=15640, stack(0x0000003d9af00000,0x0000003d9b000000)]
  0x000001dab8ae3000 JavaThread "jar transforms Thread 60" [_thread_blocked, id=10832, stack(0x0000003d9b000000,0x0000003d9b100000)]
  0x000001dab8adf000 JavaThread "jar transforms Thread 61" [_thread_blocked, id=13816, stack(0x0000003d9b100000,0x0000003d9b200000)]
  0x000001dab8ae0800 JavaThread "jar transforms Thread 62" [_thread_blocked, id=13564, stack(0x0000003d9b200000,0x0000003d9b300000)]
  0x000001dab8ae1800 JavaThread "jar transforms Thread 63" [_thread_blocked, id=18800, stack(0x0000003d9b300000,0x0000003d9b400000)]
  0x000001dab8add800 JavaThread "jar transforms Thread 64" [_thread_blocked, id=19108, stack(0x0000003d9b400000,0x0000003d9b500000)]
  0x000001dab8ae2800 JavaThread "jar transforms Thread 65" [_thread_blocked, id=18724, stack(0x0000003d9b500000,0x0000003d9b600000)]
  0x000001dab8ae4000 JavaThread "jar transforms Thread 66" [_thread_blocked, id=16180, stack(0x0000003d9b600000,0x0000003d9b700000)]
  0x000001dab94c4800 JavaThread "jar transforms Thread 67" [_thread_blocked, id=19188, stack(0x0000003d9b700000,0x0000003d9b800000)]
  0x000001dab94c0800 JavaThread "jar transforms Thread 68" [_thread_blocked, id=10868, stack(0x0000003d9b800000,0x0000003d9b900000)]
  0x000001dab94c2000 JavaThread "jar transforms Thread 69" [_thread_blocked, id=20284, stack(0x0000003d9b900000,0x0000003d9ba00000)]
  0x000001dab94c0000 JavaThread "jar transforms Thread 70" [_thread_blocked, id=13108, stack(0x0000003d9ba00000,0x0000003d9bb00000)]
  0x000001dab94c1800 JavaThread "jar transforms Thread 71" [_thread_blocked, id=11324, stack(0x0000003d9bb00000,0x0000003d9bc00000)]
  0x000001dab94c3000 JavaThread "jar transforms Thread 72" [_thread_blocked, id=17176, stack(0x0000003d9bc00000,0x0000003d9bd00000)]
  0x000001dab94c4000 JavaThread "jar transforms Thread 73" [_thread_blocked, id=12972, stack(0x0000003d9bd00000,0x0000003d9be00000)]
  0x000001dab94bf000 JavaThread "jar transforms Thread 74" [_thread_blocked, id=5976, stack(0x0000003d9be00000,0x0000003d9bf00000)]
  0x000001dab94c6800 JavaThread "jar transforms Thread 75" [_thread_blocked, id=3652, stack(0x0000003d9bf00000,0x0000003d9c000000)]
  0x000001dab94c5800 JavaThread "jar transforms Thread 76" [_thread_blocked, id=18280, stack(0x0000003d9c000000,0x0000003d9c100000)]
  0x000001dab94c9800 JavaThread "jar transforms Thread 77" [_thread_blocked, id=19284, stack(0x0000003d9c100000,0x0000003d9c200000)]
  0x000001dab94c8000 JavaThread "jar transforms Thread 78" [_thread_blocked, id=14344, stack(0x0000003d9c200000,0x0000003d9c300000)]
  0x000001dab94cd000 JavaThread "jar transforms Thread 79" [_thread_blocked, id=9472, stack(0x0000003d9c300000,0x0000003d9c400000)]
  0x000001dab94cb000 JavaThread "jar transforms Thread 80" [_thread_blocked, id=10428, stack(0x0000003d9c400000,0x0000003d9c500000)]
  0x000001dab94ca800 JavaThread "jar transforms Thread 81" [_thread_blocked, id=5048, stack(0x0000003d9c500000,0x0000003d9c600000)]
  0x000001dab94c9000 JavaThread "jar transforms Thread 82" [_thread_blocked, id=7888, stack(0x0000003d9c600000,0x0000003d9c700000)]
  0x000001dab94cc000 JavaThread "jar transforms Thread 83" [_thread_blocked, id=13368, stack(0x0000003d9c700000,0x0000003d9c800000)]
  0x000001dab94c7000 JavaThread "jar transforms Thread 84" [_thread_blocked, id=10580, stack(0x0000003d9c800000,0x0000003d9c900000)]
  0x000001dab94cd800 JavaThread "jar transforms Thread 85" [_thread_blocked, id=3248, stack(0x0000003d9c900000,0x0000003d9ca00000)]
  0x000001dab76ac800 JavaThread "jar transforms Thread 86" [_thread_blocked, id=18932, stack(0x0000003d9ca00000,0x0000003d9cb00000)]
  0x000001dab76ad000 JavaThread "jar transforms Thread 87" [_thread_blocked, id=7452, stack(0x0000003d9cb00000,0x0000003d9cc00000)]
  0x000001dab76ab800 JavaThread "jar transforms Thread 88" [_thread_blocked, id=15400, stack(0x0000003d9cc00000,0x0000003d9cd00000)]
  0x000001dab76a8800 JavaThread "jar transforms Thread 89" [_thread_blocked, id=10244, stack(0x0000003d9cd00000,0x0000003d9ce00000)]
  0x000001dab76ae000 JavaThread "jar transforms Thread 90" [_thread_blocked, id=18100, stack(0x0000003d9ce00000,0x0000003d9cf00000)]
  0x000001dab76af000 JavaThread "jar transforms Thread 91" [_thread_blocked, id=17520, stack(0x0000003d9cf00000,0x0000003d9d000000)]
  0x000001dab76ab000 JavaThread "jar transforms Thread 92" [_thread_blocked, id=11896, stack(0x0000003d9d000000,0x0000003d9d100000)]
  0x000001dab76aa000 JavaThread "jar transforms Thread 93" [_thread_blocked, id=15744, stack(0x0000003d9d100000,0x0000003d9d200000)]
  0x000001dab76a9000 JavaThread "jar transforms Thread 94" [_thread_blocked, id=15532, stack(0x0000003d9d200000,0x0000003d9d300000)]
  0x000001dab76b4000 JavaThread "jar transforms Thread 95" [_thread_blocked, id=13684, stack(0x0000003d9d300000,0x0000003d9d400000)]
  0x000001dab76b2000 JavaThread "jar transforms Thread 96" [_thread_blocked, id=14212, stack(0x0000003d9d400000,0x0000003d9d500000)]
  0x000001dab76b4800 JavaThread "jar transforms Thread 97" [_thread_blocked, id=17116, stack(0x0000003d9d500000,0x0000003d9d600000)]
  0x000001dab76b5800 JavaThread "jar transforms Thread 98" [_thread_blocked, id=7516, stack(0x0000003d9d600000,0x0000003d9d700000)]
  0x000001dab76b0800 JavaThread "jar transforms Thread 99" [_thread_blocked, id=12320, stack(0x0000003d9d700000,0x0000003d9d800000)]
  0x000001dab76af800 JavaThread "jar transforms Thread 100" [_thread_blocked, id=13272, stack(0x0000003d9d800000,0x0000003d9d900000)]
  0x000001dab76b3000 JavaThread "jar transforms Thread 101" [_thread_blocked, id=21376, stack(0x0000003d9d900000,0x0000003d9da00000)]
  0x000001dab76b7000 JavaThread "jar transforms Thread 102" [_thread_blocked, id=11312, stack(0x0000003d9da00000,0x0000003d9db00000)]
  0x000001dab76b6000 JavaThread "jar transforms Thread 103" [_thread_blocked, id=10888, stack(0x0000003d9db00000,0x0000003d9dc00000)]
  0x000001dab76b1800 JavaThread "jar transforms Thread 104" [_thread_blocked, id=7768, stack(0x0000003d9dc00000,0x0000003d9dd00000)]
  0x000001dab8f03800 JavaThread "jar transforms Thread 105" [_thread_blocked, id=17348, stack(0x0000003d9dd00000,0x0000003d9de00000)]
  0x000001dab8f0a000 JavaThread "jar transforms Thread 106" [_thread_blocked, id=20688, stack(0x0000003d9de00000,0x0000003d9df00000)]
  0x000001dab8f06800 JavaThread "jar transforms Thread 107" [_thread_blocked, id=13440, stack(0x0000003d9df00000,0x0000003d9e000000)]
  0x000001dab8f08000 JavaThread "jar transforms Thread 108" [_thread_blocked, id=3536, stack(0x0000003d9e000000,0x0000003d9e100000)]
  0x000001dab8f04000 JavaThread "jar transforms Thread 109" [_thread_blocked, id=16068, stack(0x0000003d9e100000,0x0000003d9e200000)]
  0x000001dab8f09000 JavaThread "jar transforms Thread 110" [_thread_blocked, id=19032, stack(0x0000003d9e200000,0x0000003d9e300000)]
  0x000001dab8f0a800 JavaThread "jar transforms Thread 111" [_thread_blocked, id=16468, stack(0x0000003d9e300000,0x0000003d9e400000)]
  0x000001dab8f05800 JavaThread "jar transforms Thread 112" [_thread_blocked, id=13760, stack(0x0000003d9e400000,0x0000003d9e500000)]
  0x000001dab8f05000 JavaThread "jar transforms Thread 113" [_thread_blocked, id=7752, stack(0x0000003d9e500000,0x0000003d9e600000)]
  0x000001dab8f0b800 JavaThread "jar transforms Thread 114" [_thread_blocked, id=280, stack(0x0000003d9e600000,0x0000003d9e700000)]
  0x000001dab8f0c800 JavaThread "jar transforms Thread 115" [_thread_blocked, id=12820, stack(0x0000003d9e700000,0x0000003d9e800000)]
  0x000001dab8f0d000 JavaThread "Cache worker for Build Output Cleanup Cache (D:\FACULTATE COZMA DANIEL NECULAI\Anul 3\Sem 1\Pam Tabarca\Aplicatie Android Licenta\Robot\.gradle\buildOutputCleanup)" [_thread_blocked, id=10908, stack(0x0000003d9e800000,0x0000003d9e900000)]
=>0x000001dab8b07800 JavaThread "C2 CompilerThread1" daemon [_thread_in_native, id=19880, stack(0x0000003d96600000,0x0000003d96700000)]
  0x000001dab8f07800 JavaThread "Memory manager" [_thread_blocked, id=13992, stack(0x0000003d9e900000,0x0000003d9ea00000)]
  0x000001dab8f0e000 JavaThread "Cache worker for file content cache (D:\FACULTATE COZMA DANIEL NECULAI\Anul 3\Sem 1\Pam Tabarca\Aplicatie Android Licenta\Robot\.gradle\6.5\fileContent)" [_thread_blocked, id=10688, stack(0x0000003d9ea00000,0x0000003d9eb00000)]
  0x000001dab8f0e800 JavaThread "Execution worker for ':'" [_thread_in_vm, id=18208, stack(0x0000003d9eb00000,0x0000003d9ec00000)]
  0x000001dab8f0f800 JavaThread "Execution worker for ':' Thread 2" [_thread_blocked, id=18224, stack(0x0000003d9ec00000,0x0000003d9ed00000)]
  0x000001dab8f10800 JavaThread "Execution worker for ':' Thread 3" [_thread_blocked, id=1352, stack(0x0000003d9ed00000,0x0000003d9ee00000)]
  0x000001dab8f11000 JavaThread "Execution worker for ':' Thread 4" [_thread_blocked, id=12132, stack(0x0000003d9ee00000,0x0000003d9ef00000)]
  0x000001dab8f12000 JavaThread "Execution worker for ':' Thread 5" [_thread_blocked, id=16252, stack(0x0000003d9ef00000,0x0000003d9f000000)]
  0x000001dab8ee4000 JavaThread "Execution worker for ':' Thread 6" [_thread_blocked, id=9572, stack(0x0000003d9f000000,0x0000003d9f100000)]
  0x000001dab8ee5000 JavaThread "Execution worker for ':' Thread 7" [_thread_blocked, id=20976, stack(0x0000003d9f100000,0x0000003d9f200000)]
  0x000001dab8ee6000 JavaThread "Cache worker for execution history cache (D:\FACULTATE COZMA DANIEL NECULAI\Anul 3\Sem 1\Pam Tabarca\Aplicatie Android Licenta\Robot\.gradle\6.5\executionHistory)" [_thread_blocked, id=2912, stack(0x0000003d9f200000,0x0000003d9f300000)]

Other Threads:
  0x000001dab5dee800 VMThread "VM Thread" [stack: 0x0000003d94400000,0x0000003d94500000] [id=9996]
  0x000001dab68f9000 WatcherThread [stack: 0x0000003d94e00000,0x0000003d94f00000] [id=15104]
  0x000001da9bb14000 GCTaskThread "GC Thread#0" [stack: 0x0000003d93f00000,0x0000003d94000000] [id=8548]
  0x000001dab7311000 GCTaskThread "GC Thread#1" [stack: 0x0000003d95000000,0x0000003d95100000] [id=15224]
  0x000001dab749c800 GCTaskThread "GC Thread#2" [stack: 0x0000003d95100000,0x0000003d95200000] [id=1768]
  0x000001dab821d800 GCTaskThread "GC Thread#3" [stack: 0x0000003d95f00000,0x0000003d96000000] [id=9944]
  0x000001dab77de800 GCTaskThread "GC Thread#4" [stack: 0x0000003d96000000,0x0000003d96100000] [id=8432]
  0x000001dab75a3800 GCTaskThread "GC Thread#5" [stack: 0x0000003d96100000,0x0000003d96200000] [id=1252]
  0x000001dab8221800 GCTaskThread "GC Thread#6" [stack: 0x0000003d96200000,0x0000003d96300000] [id=7996]
  0x000001dab82dd000 GCTaskThread "GC Thread#7" [stack: 0x0000003d96300000,0x0000003d96400000] [id=18700]
  0x000001da9bb45000 ConcurrentGCThread "G1 Main Marker" [stack: 0x0000003d94000000,0x0000003d94100000] [id=15356]
  0x000001da9bb48000 ConcurrentGCThread "G1 Conc#0" [stack: 0x0000003d94100000,0x0000003d94200000] [id=9940]
  0x000001dab8689800 ConcurrentGCThread "G1 Conc#1" [stack: 0x0000003d96500000,0x0000003d96600000] [id=8620]
  0x000001dab5c40800 ConcurrentGCThread "G1 Refine#0" [stack: 0x0000003d94200000,0x0000003d94300000] [id=10812]
  0x000001dab5c41800 ConcurrentGCThread "G1 Young RemSet Sampling" [stack: 0x0000003d94300000,0x0000003d94400000] [id=13688]

Threads with active compile tasks:
C2 CompilerThread0  15881 6906       4       sun.reflect.generics.parser.SignatureParser::parsePackageNameAndSimpleClassTypeSignature (119 bytes)
C2 CompilerThread1  15881 6541 %     4       org.gradle.internal.instantiation.generator.AbstractClassGenerator::inspectType @ 107 (560 bytes)

VM state:not at safepoint (normal execution)

VM Mutex/Monitor currently owned by a thread: None

Heap address: 0x0000000080000000, size: 2048 MB, Compressed Oops mode: 32-bit
Narrow klass base: 0x0000000000000000, Narrow klass shift: 3
Compressed class space size: 1073741824 Address: 0x0000000100000000

Heap:
 garbage-first heap   total 157696K, used 82309K [0x0000000080000000, 0x0000000100000000)
  region size 1024K, 30 young (30720K), 9 survivors (9216K)
 Metaspace       used 75262K, capacity 77036K, committed 77136K, reserved 1116160K
  class space    used 9786K, capacity 10441K, committed 10496K, reserved 1048576K
Heap Regions: E=young(eden), S=young(survivor), O=old, HS=humongous(starts), HC=humongous(continues), CS=collection set, F=free, A=archive, TAMS=top-at-mark-start (previous, next)
|   0|0x0000000080000000, 0x0000000080100000, 0x0000000080100000|100%| O|  |TAMS 0x0000000080100000, 0x0000000080000000| Untracked 
|   1|0x0000000080100000, 0x0000000080200000, 0x0000000080200000|100%| O|  |TAMS 0x0000000080200000, 0x0000000080100000| Untracked 
|   2|0x0000000080200000, 0x0000000080300000, 0x0000000080300000|100%| O|  |TAMS 0x0000000080300000, 0x0000000080200000| Untracked 
|   3|0x0000000080300000, 0x0000000080400000, 0x0000000080400000|100%|HS|  |TAMS 0x0000000080400000, 0x0000000080300000| Complete 
|   4|0x0000000080400000, 0x0000000080500000, 0x0000000080500000|100%|HC|  |TAMS 0x0000000080500000, 0x0000000080400000| Complete 
|   5|0x0000000080500000, 0x0000000080600000, 0x0000000080600000|100%|HC|  |TAMS 0x0000000080600000, 0x0000000080500000| Complete 
|   6|0x0000000080600000, 0x0000000080700000, 0x0000000080700000|100%| O|  |TAMS 0x0000000080700000, 0x0000000080600000| Untracked 
|   7|0x0000000080700000, 0x0000000080800000, 0x0000000080800000|100%| O|  |TAMS 0x0000000080800000, 0x0000000080700000| Untracked 
|   8|0x0000000080800000, 0x0000000080900000, 0x0000000080900000|100%| O|  |TAMS 0x0000000080900000, 0x0000000080800000| Untracked 
|   9|0x0000000080900000, 0x0000000080a00000, 0x0000000080a00000|100%| O|  |TAMS 0x0000000080a00000, 0x0000000080900000| Untracked 
|  10|0x0000000080a00000, 0x0000000080b00000, 0x0000000080b00000|100%| O|  |TAMS 0x0000000080b00000, 0x0000000080a00000| Untracked 
|  11|0x0000000080b00000, 0x0000000080c00000, 0x0000000080c00000|100%| O|  |TAMS 0x0000000080c00000, 0x0000000080b00000| Untracked 
|  12|0x0000000080c00000, 0x0000000080d00000, 0x0000000080d00000|100%| O|  |TAMS 0x0000000080d00000, 0x0000000080c00000| Untracked 
|  13|0x0000000080d00000, 0x0000000080e00000, 0x0000000080e00000|100%| O|  |TAMS 0x0000000080e00000, 0x0000000080d00000| Untracked 
|  14|0x0000000080e00000, 0x0000000080f00000, 0x0000000080f00000|100%| O|  |TAMS 0x0000000080f00000, 0x0000000080e00000| Untracked 
|  15|0x0000000080f00000, 0x0000000081000000, 0x0000000081000000|100%| O|  |TAMS 0x0000000081000000, 0x0000000080f00000| Untracked 
|  16|0x0000000081000000, 0x0000000081100000, 0x0000000081100000|100%| O|  |TAMS 0x0000000081100000, 0x0000000081000000| Untracked 
|  17|0x0000000081100000, 0x0000000081200000, 0x0000000081200000|100%| O|  |TAMS 0x0000000081200000, 0x0000000081100000| Untracked 
|  18|0x0000000081200000, 0x0000000081300000, 0x0000000081300000|100%| O|  |TAMS 0x0000000081300000, 0x0000000081200000| Untracked 
|  19|0x0000000081300000, 0x0000000081400000, 0x0000000081400000|100%| O|  |TAMS 0x0000000081400000, 0x0000000081300000| Untracked 
|  20|0x0000000081400000, 0x0000000081500000, 0x0000000081500000|100%| O|  |TAMS 0x0000000081500000, 0x0000000081400000| Untracked 
|  21|0x0000000081500000, 0x0000000081600000, 0x0000000081600000|100%|HS|  |TAMS 0x0000000081600000, 0x0000000081500000| Complete 
|  22|0x0000000081600000, 0x0000000081700000, 0x0000000081700000|100%|HS|  |TAMS 0x0000000081700000, 0x0000000081600000| Complete 
|  23|0x0000000081700000, 0x0000000081800000, 0x0000000081800000|100%|HC|  |TAMS 0x0000000081800000, 0x0000000081700000| Complete 
|  24|0x0000000081800000, 0x0000000081900000, 0x0000000081900000|100%|HC|  |TAMS 0x0000000081900000, 0x0000000081800000| Complete 
|  25|0x0000000081900000, 0x0000000081a00000, 0x0000000081a00000|100%|HS|  |TAMS 0x0000000081a00000, 0x0000000081900000| Complete 
|  26|0x0000000081a00000, 0x0000000081b00000, 0x0000000081b00000|100%|HC|  |TAMS 0x0000000081b00000, 0x0000000081a00000| Complete 
|  27|0x0000000081b00000, 0x0000000081c00000, 0x0000000081c00000|100%| O|  |TAMS 0x0000000081c00000, 0x0000000081b00000| Untracked 
|  28|0x0000000081c00000, 0x0000000081d00000, 0x0000000081d00000|100%| O|  |TAMS 0x0000000081d00000, 0x0000000081c00000| Untracked 
|  29|0x0000000081d00000, 0x0000000081e00000, 0x0000000081e00000|100%| O|  |TAMS 0x0000000081e00000, 0x0000000081d00000| Untracked 
|  30|0x0000000081e00000, 0x0000000081f00000, 0x0000000081f00000|100%| O|  |TAMS 0x0000000081f00000, 0x0000000081e00000| Untracked 
|  31|0x0000000081f00000, 0x0000000082000000, 0x0000000082000000|100%| O|  |TAMS 0x0000000082000000, 0x0000000081f00000| Untracked 
|  32|0x0000000082000000, 0x0000000082100000, 0x0000000082100000|100%| O|  |TAMS 0x0000000082000000, 0x0000000082000000| Untracked 
|  33|0x0000000082100000, 0x0000000082200000, 0x0000000082200000|100%| O|  |TAMS 0x0000000082200000, 0x0000000082100000| Untracked 
|  34|0x0000000082200000, 0x0000000082300000, 0x0000000082300000|100%| O|  |TAMS 0x0000000082300000, 0x0000000082200000| Untracked 
|  35|0x0000000082300000, 0x0000000082400000, 0x0000000082400000|100%| O|  |TAMS 0x0000000082400000, 0x0000000082300000| Untracked 
|  36|0x0000000082400000, 0x0000000082500000, 0x0000000082500000|100%| O|  |TAMS 0x0000000082500000, 0x0000000082400000| Untracked 
|  37|0x0000000082500000, 0x0000000082600000, 0x0000000082600000|100%| O|  |TAMS 0x0000000082600000, 0x0000000082500000| Untracked 
|  38|0x0000000082600000, 0x0000000082700000, 0x0000000082700000|100%| O|  |TAMS 0x0000000082700000, 0x0000000082600000| Untracked 
|  39|0x0000000082700000, 0x0000000082800000, 0x0000000082800000|100%| O|  |TAMS 0x0000000082800000, 0x0000000082700000| Untracked 
|  40|0x0000000082800000, 0x0000000082900000, 0x0000000082900000|100%| O|  |TAMS 0x0000000082900000, 0x0000000082800000| Untracked 
|  41|0x0000000082900000, 0x0000000082a00000, 0x0000000082a00000|100%| O|  |TAMS 0x0000000082a00000, 0x0000000082900000| Untracked 
|  42|0x0000000082a00000, 0x0000000082b00000, 0x0000000082b00000|100%| O|  |TAMS 0x0000000082a93e00, 0x0000000082a00000| Untracked 
|  43|0x0000000082b00000, 0x0000000082c00000, 0x0000000082c00000|100%| O|  |TAMS 0x0000000082b00000, 0x0000000082b00000| Untracked 
|  44|0x0000000082c00000, 0x0000000082d00000, 0x0000000082d00000|100%| O|  |TAMS 0x0000000082c00000, 0x0000000082c00000| Untracked 
|  45|0x0000000082d00000, 0x0000000082e00000, 0x0000000082e00000|100%| O|  |TAMS 0x0000000082d00000, 0x0000000082d00000| Untracked 
|  46|0x0000000082e00000, 0x0000000082f00000, 0x0000000082f00000|100%| O|  |TAMS 0x0000000082e00000, 0x0000000082e00000| Untracked 
|  47|0x0000000082f00000, 0x0000000083000000, 0x0000000083000000|100%| O|  |TAMS 0x0000000082f00000, 0x0000000082f00000| Untracked 
|  48|0x0000000083000000, 0x0000000083100000, 0x0000000083100000|100%| O|  |TAMS 0x0000000083000000, 0x0000000083000000| Untracked 
|  49|0x0000000083100000, 0x0000000083200000, 0x0000000083200000|100%| O|  |TAMS 0x0000000083100000, 0x0000000083100000| Untracked 
|  50|0x0000000083200000, 0x0000000083300000, 0x0000000083300000|100%| O|  |TAMS 0x0000000083200000, 0x0000000083200000| Untracked 
|  51|0x0000000083300000, 0x00000000833ee200, 0x0000000083400000| 93%| O|  |TAMS 0x0000000083300000, 0x0000000083300000| Untracked 
|  52|0x0000000083400000, 0x0000000083400000, 0x0000000083500000|  0%| F|  |TAMS 0x0000000083400000, 0x0000000083400000| Untracked 
|  53|0x0000000083500000, 0x0000000083500000, 0x0000000083600000|  0%| F|  |TAMS 0x0000000083500000, 0x0000000083500000| Untracked 
|  54|0x0000000083600000, 0x0000000083600000, 0x0000000083700000|  0%| F|  |TAMS 0x0000000083600000, 0x0000000083600000| Untracked 
|  55|0x0000000083700000, 0x0000000083700000, 0x0000000083800000|  0%| F|  |TAMS 0x0000000083700000, 0x0000000083700000| Untracked 
|  56|0x0000000083800000, 0x0000000083800000, 0x0000000083900000|  0%| F|  |TAMS 0x0000000083800000, 0x0000000083800000| Untracked 
|  57|0x0000000083900000, 0x0000000083900000, 0x0000000083a00000|  0%| F|  |TAMS 0x0000000083900000, 0x0000000083900000| Untracked 
|  58|0x0000000083a00000, 0x0000000083a00000, 0x0000000083b00000|  0%| F|  |TAMS 0x0000000083a00000, 0x0000000083a00000| Untracked 
|  59|0x0000000083b00000, 0x0000000083b00000, 0x0000000083c00000|  0%| F|  |TAMS 0x0000000083b00000, 0x0000000083b00000| Untracked 
|  60|0x0000000083c00000, 0x0000000083c00000, 0x0000000083d00000|  0%| F|  |TAMS 0x0000000083c00000, 0x0000000083c00000| Untracked 
|  61|0x0000000083d00000, 0x0000000083d00000, 0x0000000083e00000|  0%| F|  |TAMS 0x0000000083d00000, 0x0000000083d00000| Untracked 
|  62|0x0000000083e00000, 0x0000000083e00000, 0x0000000083f00000|  0%| F|  |TAMS 0x0000000083e00000, 0x0000000083e00000| Untracked 
|  63|0x0000000083f00000, 0x0000000083f00000, 0x0000000084000000|  0%| F|  |TAMS 0x0000000083f00000, 0x0000000083f00000| Untracked 
|  64|0x0000000084000000, 0x0000000084000000, 0x0000000084100000|  0%| F|  |TAMS 0x0000000084000000, 0x0000000084000000| Untracked 
|  65|0x0000000084100000, 0x0000000084100000, 0x0000000084200000|  0%| F|  |TAMS 0x0000000084100000, 0x0000000084100000| Untracked 
|  66|0x0000000084200000, 0x0000000084200000, 0x0000000084300000|  0%| F|  |TAMS 0x0000000084200000, 0x0000000084200000| Untracked 
|  67|0x0000000084300000, 0x0000000084300000, 0x0000000084400000|  0%| F|  |TAMS 0x0000000084300000, 0x0000000084300000| Untracked 
|  68|0x0000000084400000, 0x0000000084400000, 0x0000000084500000|  0%| F|  |TAMS 0x0000000084400000, 0x0000000084400000| Untracked 
|  69|0x0000000084500000, 0x0000000084500000, 0x0000000084600000|  0%| F|  |TAMS 0x0000000084500000, 0x0000000084500000| Untracked 
|  70|0x0000000084600000, 0x0000000084600000, 0x0000000084700000|  0%| F|  |TAMS 0x0000000084600000, 0x0000000084600000| Untracked 
|  71|0x0000000084700000, 0x0000000084700000, 0x0000000084800000|  0%| F|  |TAMS 0x0000000084700000, 0x0000000084700000| Untracked 
|  72|0x0000000084800000, 0x0000000084800000, 0x0000000084900000|  0%| F|  |TAMS 0x0000000084800000, 0x0000000084800000| Untracked 
|  73|0x0000000084900000, 0x0000000084900000, 0x0000000084a00000|  0%| F|  |TAMS 0x0000000084900000, 0x0000000084900000| Untracked 
|  74|0x0000000084a00000, 0x0000000084a00000, 0x0000000084b00000|  0%| F|  |TAMS 0x0000000084a00000, 0x0000000084a00000| Untracked 
|  75|0x0000000084b00000, 0x0000000084b00000, 0x0000000084c00000|  0%| F|  |TAMS 0x0000000084b00000, 0x0000000084b00000| Untracked 
|  76|0x0000000084c00000, 0x0000000084c00000, 0x0000000084d00000|  0%| F|  |TAMS 0x0000000084c00000, 0x0000000084c00000| Untracked 
|  77|0x0000000084d00000, 0x0000000084d00000, 0x0000000084e00000|  0%| F|  |TAMS 0x0000000084d00000, 0x0000000084d00000| Untracked 
|  78|0x0000000084e00000, 0x0000000084e00000, 0x0000000084f00000|  0%| F|  |TAMS 0x0000000084e00000, 0x0000000084e00000| Untracked 
|  79|0x0000000084f00000, 0x0000000084f00000, 0x0000000085000000|  0%| F|  |TAMS 0x0000000084f00000, 0x0000000084f00000| Untracked 
|  80|0x0000000085000000, 0x0000000085073280, 0x0000000085100000| 44%| S|CS|TAMS 0x0000000085000000, 0x0000000085000000| Complete 
|  81|0x0000000085100000, 0x0000000085200000, 0x0000000085200000|100%| S|CS|TAMS 0x0000000085100000, 0x0000000085100000| Complete 
|  82|0x0000000085200000, 0x0000000085300000, 0x0000000085300000|100%| S|CS|TAMS 0x0000000085200000, 0x0000000085200000| Complete 
|  83|0x0000000085300000, 0x0000000085400000, 0x0000000085400000|100%| S|CS|TAMS 0x0000000085300000, 0x0000000085300000| Complete 
|  84|0x0000000085400000, 0x0000000085500000, 0x0000000085500000|100%| S|CS|TAMS 0x0000000085400000, 0x0000000085400000| Complete 
|  85|0x0000000085500000, 0x0000000085600000, 0x0000000085600000|100%| S|CS|TAMS 0x0000000085500000, 0x0000000085500000| Complete 
|  86|0x0000000085600000, 0x0000000085700000, 0x0000000085700000|100%| S|CS|TAMS 0x0000000085600000, 0x0000000085600000| Complete 
|  87|0x0000000085700000, 0x0000000085800000, 0x0000000085800000|100%| S|CS|TAMS 0x0000000085700000, 0x0000000085700000| Complete 
|  88|0x0000000085800000, 0x0000000085800000, 0x0000000085900000|  0%| F|  |TAMS 0x0000000085800000, 0x0000000085800000| Untracked 
|  89|0x0000000085900000, 0x0000000085900000, 0x0000000085a00000|  0%| F|  |TAMS 0x0000000085900000, 0x0000000085900000| Untracked 
|  90|0x0000000085a00000, 0x0000000085a00000, 0x0000000085b00000|  0%| F|  |TAMS 0x0000000085a00000, 0x0000000085a00000| Untracked 
|  91|0x0000000085b00000, 0x0000000085b00000, 0x0000000085c00000|  0%| F|  |TAMS 0x0000000085b00000, 0x0000000085b00000| Untracked 
|  92|0x0000000085c00000, 0x0000000085c00000, 0x0000000085d00000|  0%| F|  |TAMS 0x0000000085c00000, 0x0000000085c00000| Untracked 
|  93|0x0000000085d00000, 0x0000000085e00000, 0x0000000085e00000|100%| S|CS|TAMS 0x0000000085d00000, 0x0000000085d00000| Complete 
|  94|0x0000000085e00000, 0x0000000085e00000, 0x0000000085f00000|  0%| F|  |TAMS 0x0000000085e00000, 0x0000000085e00000| Untracked 
|  95|0x0000000085f00000, 0x0000000085f00000, 0x0000000086000000|  0%| F|  |TAMS 0x0000000085f00000, 0x0000000085f00000| Untracked 
|  96|0x0000000086000000, 0x0000000086000000, 0x0000000086100000|  0%| F|  |TAMS 0x0000000086000000, 0x0000000086000000| Untracked 
|  97|0x0000000086100000, 0x0000000086100000, 0x0000000086200000|  0%| F|  |TAMS 0x0000000086100000, 0x0000000086100000| Untracked 
|  98|0x0000000086200000, 0x0000000086200000, 0x0000000086300000|  0%| F|  |TAMS 0x0000000086200000, 0x0000000086200000| Untracked 
|  99|0x0000000086300000, 0x0000000086300000, 0x0000000086400000|  0%| F|  |TAMS 0x0000000086300000, 0x0000000086300000| Untracked 
| 100|0x0000000086400000, 0x0000000086400000, 0x0000000086500000|  0%| F|  |TAMS 0x0000000086400000, 0x0000000086400000| Untracked 
| 101|0x0000000086500000, 0x0000000086500000, 0x0000000086600000|  0%| F|  |TAMS 0x0000000086500000, 0x0000000086500000| Untracked 
| 102|0x0000000086600000, 0x0000000086600000, 0x0000000086700000|  0%| F|  |TAMS 0x0000000086600000, 0x0000000086600000| Untracked 
| 103|0x0000000086700000, 0x0000000086700000, 0x0000000086800000|  0%| F|  |TAMS 0x0000000086700000, 0x0000000086700000| Untracked 
| 104|0x0000000086800000, 0x0000000086800000, 0x0000000086900000|  0%| F|  |TAMS 0x0000000086800000, 0x0000000086800000| Untracked 
| 105|0x0000000086900000, 0x0000000086900000, 0x0000000086a00000|  0%| F|  |TAMS 0x0000000086900000, 0x0000000086900000| Untracked 
| 106|0x0000000086a00000, 0x0000000086a00000, 0x0000000086b00000|  0%| F|  |TAMS 0x0000000086a00000, 0x0000000086a00000| Untracked 
| 107|0x0000000086b00000, 0x0000000086b00000, 0x0000000086c00000|  0%| F|  |TAMS 0x0000000086b00000, 0x0000000086b00000| Untracked 
| 108|0x0000000086c00000, 0x0000000086c00000, 0x0000000086d00000|  0%| F|  |TAMS 0x0000000086c00000, 0x0000000086c00000| Untracked 
| 109|0x0000000086d00000, 0x0000000086d00000, 0x0000000086e00000|  0%| F|  |TAMS 0x0000000086d00000, 0x0000000086d00000| Untracked 
| 110|0x0000000086e00000, 0x0000000086e00000, 0x0000000086f00000|  0%| F|  |TAMS 0x0000000086e00000, 0x0000000086e00000| Untracked 
| 111|0x0000000086f00000, 0x0000000086f00000, 0x0000000087000000|  0%| F|  |TAMS 0x0000000086f00000, 0x0000000086f00000| Untracked 
| 112|0x0000000087000000, 0x0000000087000000, 0x0000000087100000|  0%| F|  |TAMS 0x0000000087000000, 0x0000000087000000| Untracked 
| 113|0x0000000087100000, 0x0000000087100000, 0x0000000087200000|  0%| F|  |TAMS 0x0000000087100000, 0x0000000087100000| Untracked 
| 114|0x0000000087200000, 0x0000000087200000, 0x0000000087300000|  0%| F|  |TAMS 0x0000000087200000, 0x0000000087200000| Untracked 
| 115|0x0000000087300000, 0x0000000087300000, 0x0000000087400000|  0%| F|  |TAMS 0x0000000087300000, 0x0000000087300000| Untracked 
| 116|0x0000000087400000, 0x0000000087400000, 0x0000000087500000|  0%| F|  |TAMS 0x0000000087400000, 0x0000000087400000| Untracked 
| 117|0x0000000087500000, 0x0000000087500000, 0x0000000087600000|  0%| F|  |TAMS 0x0000000087500000, 0x0000000087500000| Untracked 
| 118|0x0000000087600000, 0x0000000087600000, 0x0000000087700000|  0%| F|  |TAMS 0x0000000087600000, 0x0000000087600000| Untracked 
| 119|0x0000000087700000, 0x0000000087700000, 0x0000000087800000|  0%| F|  |TAMS 0x0000000087700000, 0x0000000087700000| Untracked 
| 120|0x0000000087800000, 0x0000000087800000, 0x0000000087900000|  0%| F|  |TAMS 0x0000000087800000, 0x0000000087800000| Untracked 
| 121|0x0000000087900000, 0x0000000087900000, 0x0000000087a00000|  0%| F|  |TAMS 0x0000000087900000, 0x0000000087900000| Untracked 
| 122|0x0000000087a00000, 0x0000000087a00000, 0x0000000087b00000|  0%| F|  |TAMS 0x0000000087a00000, 0x0000000087a00000| Untracked 
| 123|0x0000000087b00000, 0x0000000087b00000, 0x0000000087c00000|  0%| F|  |TAMS 0x0000000087b00000, 0x0000000087b00000| Untracked 
| 124|0x0000000087c00000, 0x0000000087c00000, 0x0000000087d00000|  0%| F|  |TAMS 0x0000000087c00000, 0x0000000087c00000| Untracked 
| 125|0x0000000087d00000, 0x0000000087d00000, 0x0000000087e00000|  0%| F|  |TAMS 0x0000000087d00000, 0x0000000087d00000| Untracked 
| 126|0x0000000087e00000, 0x0000000087e00000, 0x0000000087f00000|  0%| F|  |TAMS 0x0000000087e00000, 0x0000000087e00000| Untracked 
| 127|0x0000000087f00000, 0x0000000087f00000, 0x0000000088000000|  0%| F|  |TAMS 0x0000000087f00000, 0x0000000087f00000| Untracked 
| 128|0x0000000088000000, 0x0000000088000000, 0x0000000088100000|  0%| F|  |TAMS 0x0000000088000000, 0x0000000088000000| Untracked 
| 129|0x0000000088100000, 0x0000000088100000, 0x0000000088200000|  0%| F|  |TAMS 0x0000000088100000, 0x0000000088100000| Untracked 
| 130|0x0000000088200000, 0x0000000088200000, 0x0000000088300000|  0%| F|  |TAMS 0x0000000088200000, 0x0000000088200000| Untracked 
| 131|0x0000000088300000, 0x0000000088300000, 0x0000000088400000|  0%| F|  |TAMS 0x0000000088300000, 0x0000000088300000| Untracked 
| 132|0x0000000088400000, 0x000000008848aa80, 0x0000000088500000| 54%| E|  |TAMS 0x0000000088400000, 0x0000000088400000| Complete 
| 133|0x0000000088500000, 0x0000000088600000, 0x0000000088600000|100%| E|CS|TAMS 0x0000000088500000, 0x0000000088500000| Complete 
| 134|0x0000000088600000, 0x0000000088700000, 0x0000000088700000|100%| E|CS|TAMS 0x0000000088600000, 0x0000000088600000| Complete 
| 135|0x0000000088700000, 0x0000000088800000, 0x0000000088800000|100%| E|CS|TAMS 0x0000000088700000, 0x0000000088700000| Complete 
| 136|0x0000000088800000, 0x0000000088900000, 0x0000000088900000|100%| E|CS|TAMS 0x0000000088800000, 0x0000000088800000| Complete 
| 137|0x0000000088900000, 0x0000000088a00000, 0x0000000088a00000|100%| E|CS|TAMS 0x0000000088900000, 0x0000000088900000| Complete 
| 138|0x0000000088a00000, 0x0000000088b00000, 0x0000000088b00000|100%| E|CS|TAMS 0x0000000088a00000, 0x0000000088a00000| Complete 
| 139|0x0000000088b00000, 0x0000000088c00000, 0x0000000088c00000|100%| E|CS|TAMS 0x0000000088b00000, 0x0000000088b00000| Complete 
| 140|0x0000000088c00000, 0x0000000088d00000, 0x0000000088d00000|100%| E|CS|TAMS 0x0000000088c00000, 0x0000000088c00000| Complete 
| 141|0x0000000088d00000, 0x0000000088e00000, 0x0000000088e00000|100%| E|CS|TAMS 0x0000000088d00000, 0x0000000088d00000| Complete 
| 142|0x0000000088e00000, 0x0000000088f00000, 0x0000000088f00000|100%| E|CS|TAMS 0x0000000088e00000, 0x0000000088e00000| Complete 
| 143|0x0000000088f00000, 0x0000000089000000, 0x0000000089000000|100%| E|CS|TAMS 0x0000000088f00000, 0x0000000088f00000| Complete 
| 144|0x0000000089000000, 0x0000000089100000, 0x0000000089100000|100%| E|CS|TAMS 0x0000000089000000, 0x0000000089000000| Complete 
| 145|0x0000000089100000, 0x0000000089200000, 0x0000000089200000|100%| E|CS|TAMS 0x0000000089100000, 0x0000000089100000| Complete 
| 146|0x0000000089200000, 0x0000000089300000, 0x0000000089300000|100%| E|CS|TAMS 0x0000000089200000, 0x0000000089200000| Complete 
| 147|0x0000000089300000, 0x0000000089400000, 0x0000000089400000|100%| E|CS|TAMS 0x0000000089300000, 0x0000000089300000| Complete 
| 148|0x0000000089400000, 0x0000000089500000, 0x0000000089500000|100%| E|CS|TAMS 0x0000000089400000, 0x0000000089400000| Complete 
| 149|0x0000000089500000, 0x0000000089600000, 0x0000000089600000|100%| E|CS|TAMS 0x0000000089500000, 0x0000000089500000| Complete 
| 150|0x0000000089600000, 0x0000000089700000, 0x0000000089700000|100%| E|CS|TAMS 0x0000000089600000, 0x0000000089600000| Complete 
| 151|0x0000000089700000, 0x0000000089800000, 0x0000000089800000|100%| E|CS|TAMS 0x0000000089700000, 0x0000000089700000| Complete 
| 152|0x0000000089800000, 0x0000000089900000, 0x0000000089900000|100%| E|CS|TAMS 0x0000000089800000, 0x0000000089800000| Complete 
| 153|0x0000000089900000, 0x0000000089a00000, 0x0000000089a00000|100%| E|CS|TAMS 0x0000000089900000, 0x0000000089900000| Complete 

Card table byte_map: [0x000001daaebb0000,0x000001daaefb0000] _byte_map_base: 0x000001daae7b0000

Marking Bits (Prev, Next): (CMBitMap*) 0x000001da9bb3c0e0, (CMBitMap*) 0x000001da9bb3c0a8
 Prev Bits: [0x000001dab13b0000, 0x000001dab33b0000)
 Next Bits: [0x000001daaf3b0000, 0x000001dab13b0000)

Polling page: 0x000001da99a10000

Metaspace:

Usage:
  Non-class:     65.12 MB capacity,    64.01 MB ( 98%) used,   955.49 KB (  1%) free+waste,   175.63 KB ( <1%) overhead. 
      Class:     10.21 MB capacity,     9.58 MB ( 94%) used,   559.28 KB (  5%) free+waste,    82.69 KB ( <1%) overhead. 
       Both:     75.32 MB capacity,    73.59 MB ( 98%) used,     1.48 MB (  2%) free+waste,   258.31 KB ( <1%) overhead. 

Virtual space:
  Non-class space:       66.00 MB reserved,      65.33 MB ( 99%) committed 
      Class space:        1.00 GB reserved,      10.25 MB (  1%) committed 
             Both:        1.06 GB reserved,      75.58 MB (  7%) committed 

Chunk freelists:
   Non-Class:  24.00 KB
       Class:  14.00 KB
        Both:  38.00 KB

MaxMetaspaceSize: 17179869184.00 GB
CompressedClassSpaceSize: 1.00 GB

CodeHeap 'non-profiled nmethods': size=120000Kb used=3682Kb max_used=3682Kb free=116317Kb
 bounds [0x000001daa6f50000, 0x000001daa72f0000, 0x000001daae480000]
CodeHeap 'profiled nmethods': size=120000Kb used=15072Kb max_used=15072Kb free=104927Kb
 bounds [0x000001da9fa20000, 0x000001daa08e0000, 0x000001daa6f50000]
CodeHeap 'non-nmethods': size=5760Kb used=2261Kb max_used=2333Kb free=3498Kb
 bounds [0x000001da9f480000, 0x000001da9f6f0000, 0x000001da9fa20000]
 total_blobs=7593 nmethods=6735 adapters=768
 compilation: enabled
              stopped_count=0, restarted_count=0
 full_count=0

Compilation events (20 events):
Event: 15.678 Thread 0x000001dab5e1d800 6991       3       sun.management.spi.PlatformMBeanProvider$PlatformComponent::getMBeans (87 bytes)
Event: 15.680 Thread 0x000001dab5e1d800 nmethod 6991 0x000001daa08b4c90 code [0x000001daa08b5080, 0x000001daa08b6cd8]
Event: 15.680 Thread 0x000001dab5e1d800 6992       3       java.lang.management.ManagementFactory$$Lambda$62/0x0000000100173440::apply (12 bytes)
Event: 15.681 Thread 0x000001dab5e1d800 nmethod 6992 0x000001daa08b7590 code [0x000001daa08b7780, 0x000001daa08b7b58]
Event: 15.681 Thread 0x000001dab5e1d800 6993       3       java.lang.management.ManagementFactory::lambda$getPlatformMXBeans$3 (13 bytes)
Event: 15.681 Thread 0x000001dab5e1d800 nmethod 6993 0x000001daa08b7c90 code [0x000001daa08b7e60, 0x000001daa08b80b8]
Event: 15.681 Thread 0x000001dab5e1d800 6994       3       javax.management.ObjectName::addProperty (80 bytes)
Event: 15.682 Thread 0x000001dab5e1d800 nmethod 6994 0x000001daa08b8190 code [0x000001daa08b83c0, 0x000001daa08b8b88]
Event: 15.704 Thread 0x000001dab5e1d800 6995       3       org.gradle.internal.event.DefaultListenerManager$EventBroadcast$ListenerDispatch::dispatch (9 bytes)
Event: 15.704 Thread 0x000001dab5e1d800 nmethod 6995 0x000001daa08b8e10 code [0x000001daa08b8fe0, 0x000001daa08b9208]
Event: 15.707 Thread 0x000001dab5e1d800 6996       2       java.lang.invoke.MethodType::makeImpl (108 bytes)
Event: 15.708 Thread 0x000001dab5e1d800 nmethod 6996 0x000001daa08b9310 code [0x000001daa08b9560, 0x000001daa08b9c58]
Event: 15.708 Thread 0x000001dab5e1d800 6997       3       java.io.ObjectOutputStream$HandleTable::assign (52 bytes)
Event: 15.709 Thread 0x000001dab5e1d800 nmethod 6997 0x000001daa08b9f90 code [0x000001daa08ba160, 0x000001daa08ba3a8]
Event: 15.709 Thread 0x000001dab5e1d800 6998       3       java.io.ObjectOutputStream$HandleTable::insert (39 bytes)
Event: 15.709 Thread 0x000001dab5e1d800 nmethod 6998 0x000001daa08ba490 code [0x000001daa08ba680, 0x000001daa08baa28]
Event: 15.709 Thread 0x000001dab5e1d800 6999       3       java.io.ObjectOutputStream$BlockDataOutputStream::writeUTF (46 bytes)
Event: 15.710 Thread 0x000001dab5e1d800 nmethod 6999 0x000001daa08bac10 code [0x000001daa08bae20, 0x000001daa08bb218]
Event: 15.710 Thread 0x000001dab5e1d800 7000       3       java.io.ObjectStreamField::getClassSignature (27 bytes)
Event: 15.710 Thread 0x000001dab5e1d800 nmethod 7000 0x000001daa08bb410 code [0x000001daa08bb660, 0x000001daa08bbd28]

GC Heap History (20 events):
Event: 3.821 GC heap before
{Heap before GC invocations=4 (full 0):
 garbage-first heap   total 131072K, used 60664K [0x0000000080000000, 0x0000000100000000)
  region size 1024K, 44 young (45056K), 1 survivors (1024K)
 Metaspace       used 25902K, capacity 26442K, committed 26544K, reserved 1073152K
  class space    used 3295K, capacity 3489K, committed 3584K, reserved 1048576K
}
Event: 3.825 GC heap after
{Heap after GC invocations=5 (full 0):
 garbage-first heap   total 131072K, used 17969K [0x0000000080000000, 0x0000000100000000)
  region size 1024K, 3 young (3072K), 3 survivors (3072K)
 Metaspace       used 25902K, capacity 26442K, committed 26544K, reserved 1073152K
  class space    used 3295K, capacity 3489K, committed 3584K, reserved 1048576K
}
Event: 4.923 GC heap before
{Heap before GC invocations=5 (full 0):
 garbage-first heap   total 131072K, used 68145K [0x0000000080000000, 0x0000000100000000)
  region size 1024K, 52 young (53248K), 3 survivors (3072K)
 Metaspace       used 34806K, capacity 35447K, committed 35632K, reserved 1081344K
  class space    used 4453K, capacity 4706K, committed 4736K, reserved 1048576K
}
Event: 4.930 GC heap after
{Heap after GC invocations=6 (full 0):
 garbage-first heap   total 131072K, used 21056K [0x0000000080000000, 0x0000000100000000)
  region size 1024K, 6 young (6144K), 6 survivors (6144K)
 Metaspace       used 34806K, capacity 35447K, committed 35632K, reserved 1081344K
  class space    used 4453K, capacity 4706K, committed 4736K, reserved 1048576K
}
Event: 4.984 GC heap before
{Heap before GC invocations=6 (full 0):
 garbage-first heap   total 131072K, used 24128K [0x0000000080000000, 0x0000000100000000)
  region size 1024K, 10 young (10240K), 6 survivors (6144K)
 Metaspace       used 35142K, capacity 35795K, committed 35920K, reserved 1081344K
  class space    used 4497K, capacity 4779K, committed 4864K, reserved 1048576K
}
Event: 4.994 GC heap after
{Heap after GC invocations=7 (full 0):
 garbage-first heap   total 131072K, used 21565K [0x0000000080000000, 0x0000000100000000)
  region size 1024K, 4 young (4096K), 4 survivors (4096K)
 Metaspace       used 35142K, capacity 35795K, committed 35920K, reserved 1081344K
  class space    used 4497K, capacity 4779K, committed 4864K, reserved 1048576K
}
Event: 6.325 GC heap before
{Heap before GC invocations=8 (full 0):
 garbage-first heap   total 131072K, used 83005K [0x0000000080000000, 0x0000000100000000)
  region size 1024K, 62 young (63488K), 4 survivors (4096K)
 Metaspace       used 40317K, capacity 41171K, committed 41424K, reserved 1085440K
  class space    used 5155K, capacity 5453K, committed 5504K, reserved 1048576K
}
Event: 6.338 GC heap after
{Heap after GC invocations=9 (full 0):
 garbage-first heap   total 131072K, used 25321K [0x0000000080000000, 0x0000000100000000)
  region size 1024K, 8 young (8192K), 8 survivors (8192K)
 Metaspace       used 40317K, capacity 41171K, committed 41424K, reserved 1085440K
  class space    used 5155K, capacity 5453K, committed 5504K, reserved 1048576K
}
Event: 8.075 GC heap before
{Heap before GC invocations=9 (full 0):
 garbage-first heap   total 131072K, used 85737K [0x0000000080000000, 0x0000000100000000)
  region size 1024K, 67 young (68608K), 8 survivors (8192K)
 Metaspace       used 43386K, capacity 44271K, committed 44368K, reserved 1087488K
  class space    used 5538K, capacity 5868K, committed 5888K, reserved 1048576K
}
Event: 8.088 GC heap after
{Heap after GC invocations=10 (full 0):
 garbage-first heap   total 157696K, used 28060K [0x0000000080000000, 0x0000000100000000)
  region size 1024K, 7 young (7168K), 7 survivors (7168K)
 Metaspace       used 43386K, capacity 44271K, committed 44368K, reserved 1087488K
  class space    used 5538K, capacity 5868K, committed 5888K, reserved 1048576K
}
Event: 9.465 GC heap before
{Heap before GC invocations=10 (full 0):
 garbage-first heap   total 157696K, used 109980K [0x0000000080000000, 0x0000000100000000)
  region size 1024K, 82 young (83968K), 7 survivors (7168K)
 Metaspace       used 51558K, capacity 52813K, committed 52944K, reserved 1095680K
  class space    used 6530K, capacity 6974K, committed 7040K, reserved 1048576K
}
Event: 9.478 GC heap after
{Heap after GC invocations=11 (full 0):
 garbage-first heap   total 157696K, used 43238K [0x0000000080000000, 0x0000000100000000)
  region size 1024K, 11 young (11264K), 11 survivors (11264K)
 Metaspace       used 51558K, capacity 52813K, committed 52944K, reserved 1095680K
  class space    used 6530K, capacity 6974K, committed 7040K, reserved 1048576K
}
Event: 10.702 GC heap before
{Heap before GC invocations=11 (full 0):
 garbage-first heap   total 157696K, used 101606K [0x0000000080000000, 0x0000000100000000)
  region size 1024K, 69 young (70656K), 11 survivors (11264K)
 Metaspace       used 58870K, capacity 60225K, committed 60240K, reserved 1101824K
  class space    used 7411K, capacity 7923K, committed 7936K, reserved 1048576K
}
Event: 10.721 GC heap after
{Heap after GC invocations=12 (full 0):
 garbage-first heap   total 157696K, used 47692K [0x0000000080000000, 0x0000000100000000)
  region size 1024K, 5 young (5120K), 5 survivors (5120K)
 Metaspace       used 58870K, capacity 60225K, committed 60240K, reserved 1101824K
  class space    used 7411K, capacity 7923K, committed 7936K, reserved 1048576K
}
Event: 12.418 GC heap before
{Heap before GC invocations=13 (full 0):
 garbage-first heap   total 157696K, used 111180K [0x0000000080000000, 0x0000000100000000)
  region size 1024K, 67 young (68608K), 5 survivors (5120K)
 Metaspace       used 63157K, capacity 64570K, committed 64720K, reserved 1105920K
  class space    used 7959K, capacity 8474K, committed 8576K, reserved 1048576K
}
Event: 12.430 GC heap after
{Heap after GC invocations=14 (full 0):
 garbage-first heap   total 157696K, used 53397K [0x0000000080000000, 0x0000000100000000)
  region size 1024K, 6 young (6144K), 6 survivors (6144K)
 Metaspace       used 63157K, capacity 64570K, committed 64720K, reserved 1105920K
  class space    used 7959K, capacity 8474K, committed 8576K, reserved 1048576K
}
Event: 14.078 GC heap before
{Heap before GC invocations=14 (full 0):
 garbage-first heap   total 157696K, used 115861K [0x0000000080000000, 0x0000000100000000)
  region size 1024K, 67 young (68608K), 6 survivors (6144K)
 Metaspace       used 68423K, capacity 70014K, committed 70224K, reserved 1110016K
  class space    used 8806K, capacity 9391K, committed 9472K, reserved 1048576K
}
Event: 14.089 GC heap after
{Heap after GC invocations=15 (full 0):
 garbage-first heap   total 157696K, used 57916K [0x0000000080000000, 0x0000000100000000)
  region size 1024K, 5 young (5120K), 5 survivors (5120K)
 Metaspace       used 68423K, capacity 70014K, committed 70224K, reserved 1110016K
  class space    used 8806K, capacity 9391K, committed 9472K, reserved 1048576K
}
Event: 15.274 GC heap before
{Heap before GC invocations=15 (full 0):
 garbage-first heap   total 157696K, used 119356K [0x0000000080000000, 0x0000000100000000)
  region size 1024K, 65 young (66560K), 5 survivors (5120K)
 Metaspace       used 73636K, capacity 75271K, committed 75344K, reserved 1114112K
  class space    used 9566K, capacity 10204K, committed 10240K, reserved 1048576K
}
Event: 15.283 GC heap after
{Heap after GC invocations=16 (full 0):
 garbage-first heap   total 157696K, used 61829K [0x0000000080000000, 0x0000000100000000)
  region size 1024K, 9 young (9216K), 9 survivors (9216K)
 Metaspace       used 73636K, capacity 75271K, committed 75344K, reserved 1114112K
  class space    used 9566K, capacity 10204K, committed 10240K, reserved 1048576K
}

Deoptimization events (20 events):
Event: 15.585 Thread 0x000001dab7b84800 Uncommon trap: trap_request=0xffffffde fr.pc=0x000001daa711354c relative=0x00000000000000ac
Event: 15.585 Thread 0x000001dab7b84800 Uncommon trap: reason=class_check action=maybe_recompile pc=0x000001daa711354c method=com.google.common.collect.AbstractIndexedListIterator.next()Ljava/lang/Object; @ 27 c2
Event: 15.585 Thread 0x000001dab7b84800 DEOPT PACKING pc=0x000001daa711354c sp=0x0000003d95afc450
Event: 15.585 Thread 0x000001dab7b84800 DEOPT UNPACKING pc=0x000001da9f4a74af sp=0x0000003d95afc3e8 mode 2
Event: 15.608 Thread 0x000001dab8f0f800 Uncommon trap: trap_request=0xffffffde fr.pc=0x000001daa7244554 relative=0x0000000000001314
Event: 15.608 Thread 0x000001dab8f0f800 Uncommon trap: reason=class_check action=maybe_recompile pc=0x000001daa7244554 method=java.util.concurrent.ConcurrentHashMap.putVal(Ljava/lang/Object;Ljava/lang/Object;Z)Ljava/lang/Object; @ 159 c2
Event: 15.608 Thread 0x000001dab8f0f800 DEOPT PACKING pc=0x000001daa7244554 sp=0x0000003d9ecfe0a0
Event: 15.608 Thread 0x000001dab8f0f800 DEOPT UNPACKING pc=0x000001da9f4a74af sp=0x0000003d9ecfe030 mode 2
Event: 15.609 Thread 0x000001dab8f0f800 Uncommon trap: trap_request=0xffffff5c fr.pc=0x000001daa71a456c relative=0x000000000000140c
Event: 15.609 Thread 0x000001dab8f0f800 Uncommon trap: reason=speculate_null_assert action=make_not_entrant pc=0x000001daa71a456c method=java.lang.invoke.MethodType$ConcurrentWeakInternSet.add(Ljava/lang/Object;)Ljava/lang/Object; @ 47 c2
Event: 15.609 Thread 0x000001dab8f0f800 DEOPT PACKING pc=0x000001daa71a456c sp=0x0000003d9ecfe160
Event: 15.609 Thread 0x000001dab8f0f800 DEOPT UNPACKING pc=0x000001da9f4a74af sp=0x0000003d9ecfe118 mode 2
Event: 15.666 Thread 0x000001dab8f12000 DEOPT PACKING pc=0x000001daa035be5c sp=0x0000003d9effe3e0
Event: 15.666 Thread 0x000001dab8f12000 DEOPT UNPACKING pc=0x000001da9f4a72ce sp=0x0000003d9effd8c8 mode 0
Event: 15.666 Thread 0x000001dab8f12000 DEOPT PACKING pc=0x000001daa035c374 sp=0x0000003d9effe490
Event: 15.666 Thread 0x000001dab8f12000 DEOPT UNPACKING pc=0x000001da9f4a72ce sp=0x0000003d9effd980 mode 0
Event: 15.711 Thread 0x000001dab8f12000 Uncommon trap: trap_request=0xffffffc6 fr.pc=0x000001daa71329b0 relative=0x0000000000000450
Event: 15.712 Thread 0x000001dab8f12000 Uncommon trap: reason=bimorphic_or_optimized_type_check action=maybe_recompile pc=0x000001daa71329b0 method=java.util.Collections$SetFromMap.remove(Ljava/lang/Object;)Z @ 5 c2
Event: 15.712 Thread 0x000001dab8f12000 DEOPT PACKING pc=0x000001daa71329b0 sp=0x0000003d9effeb50
Event: 15.712 Thread 0x000001dab8f12000 DEOPT UNPACKING pc=0x000001da9f4a74af sp=0x0000003d9effeb48 mode 2

Classes redefined (0 events):
No events

Internal exceptions (20 events):
Event: 14.435 Thread 0x000001dab7b84800 Exception <a 'sun/nio/fs/WindowsException'{0x000000008886a8e8}> (0x000000008886a8e8) thrown at [./src/hotspot/share/prims/jni.cpp, line 615]
Event: 14.597 Thread 0x000001dab7b84800 Exception <a 'java/lang/NullPointerException'{0x00000000880b01e0}> (0x00000000880b01e0) thrown at [./src/hotspot/share/interpreter/linkResolver.cpp, line 1440]
Event: 14.906 Thread 0x000001dab7b84800 Exception <a 'java/lang/NoSuchMethodError'{0x0000000086f0e2d8}: 'int java.lang.invoke.DirectMethodHandle$Holder.invokeStatic(java.lang.Object, java.lang.Object, int, java.lang.Object)'> (0x0000000086f0e2d8) thrown at [./src/hotspot/share/interpreter/linkResolver.cpp, line 773]
Event: 15.302 Thread 0x000001dab7b84800 Exception <a 'java/lang/NoSuchMethodError'{0x00000000899eec40}: 'void java.lang.invoke.DirectMethodHandle$Holder.invokeStatic(java.lang.Object, java.lang.Object, java.lang.Object, java.lang.Object, java.lang.Object, java.lang.Object, java.lang.Object)'> (0x00000000899eec40) thrown at [./src/hotspot/share/interpreter/linkResolver.cpp, line 773]
Event: 15.328 Thread 0x000001dab7b84800 Exception <a 'java/lang/NoSuchMethodError'{0x00000000897c1cf8}: 'java.lang.Object java.lang.invoke.DirectMethodHandle$Holder.invokeStatic(java.lang.Object, int, int, java.lang.Object)'> (0x00000000897c1cf8) thrown at [./src/hotspot/share/interpreter/linkResolver.cpp, line 773]
Event: 15.335 Thread 0x000001dab7b84800 Exception <a 'java/lang/ClassNotFoundException'{0x000000008966bae8}: com/android/build/gradle/tasks/MergeResources_DecoratedBeanInfo> (0x000000008966bae8) thrown at [./src/hotspot/share/classfile/systemDictionary.cpp, line 231]
Event: 15.335 Thread 0x000001dab7b84800 Exception <a 'java/lang/ClassNotFoundException'{0x0000000089680800}: com/android/build/gradle/tasks/MergeResourcesBeanInfo> (0x0000000089680800) thrown at [./src/hotspot/share/classfile/systemDictionary.cpp, line 231]
Event: 15.336 Thread 0x000001dab7b84800 Exception <a 'java/lang/ClassNotFoundException'{0x0000000089695400}: com/android/build/gradle/tasks/ResourceAwareTaskBeanInfo> (0x0000000089695400) thrown at [./src/hotspot/share/classfile/systemDictionary.cpp, line 231]
Event: 15.337 Thread 0x000001dab7b84800 Exception <a 'java/lang/ClassNotFoundException'{0x00000000896aaf48}: com/android/build/gradle/internal/tasks/IncrementalTaskBeanInfo> (0x00000000896aaf48) thrown at [./src/hotspot/share/classfile/systemDictionary.cpp, line 231]
Event: 15.337 Thread 0x000001dab7b84800 Exception <a 'java/lang/ClassNotFoundException'{0x00000000896c1428}: com/android/build/gradle/internal/tasks/AndroidVariantTaskBeanInfo> (0x00000000896c1428) thrown at [./src/hotspot/share/classfile/systemDictionary.cpp, line 231]
Event: 15.337 Thread 0x000001dab7b84800 Exception <a 'java/lang/ClassNotFoundException'{0x00000000896d7cc8}: com/android/build/gradle/internal/tasks/AndroidVariantTaskCustomizer> (0x00000000896d7cc8) thrown at [./src/hotspot/share/classfile/systemDictionary.cpp, line 231]
Event: 15.339 Thread 0x000001dab7b84800 Exception <a 'java/lang/ClassNotFoundException'{0x00000000896ff2d8}: com/android/build/gradle/internal/tasks/IncrementalTaskCustomizer> (0x00000000896ff2d8) thrown at [./src/hotspot/share/classfile/systemDictionary.cpp, line 231]
Event: 15.340 Thread 0x000001dab7b84800 Exception <a 'java/lang/ClassNotFoundException'{0x00000000895240f8}: com/android/build/gradle/tasks/ResourceAwareTaskCustomizer> (0x00000000895240f8) thrown at [./src/hotspot/share/classfile/systemDictionary.cpp, line 231]
Event: 15.341 Thread 0x000001dab7b84800 Exception <a 'java/lang/ClassNotFoundException'{0x000000008954fb88}: com/android/build/gradle/tasks/MergeResourcesCustomizer> (0x000000008954fb88) thrown at [./src/hotspot/share/classfile/systemDictionary.cpp, line 231]
Event: 15.343 Thread 0x000001dab7b84800 Exception <a 'java/lang/ClassNotFoundException'{0x0000000089597d68}: com/android/build/gradle/tasks/MergeResources_DecoratedCustomizer> (0x0000000089597d68) thrown at [./src/hotspot/share/classfile/systemDictionary.cpp, line 231]
Event: 15.667 Thread 0x000001dab796e800 Exception <a 'java/lang/NoSuchMethodError'{0x000000008878bcc0}: <clinit>> (0x000000008878bcc0) thrown at [./src/hotspot/share/prims/jni.cpp, line 1362]
Event: 15.668 Thread 0x000001dab796e800 Exception <a 'java/lang/NoSuchMethodError'{0x00000000887a6500}: <clinit>> (0x00000000887a6500) thrown at [./src/hotspot/share/prims/jni.cpp, line 1362]
Event: 15.708 Thread 0x000001dab796e800 Exception <a 'java/lang/NoSuchMethodError'{0x0000000088655d88}: <clinit>> (0x0000000088655d88) thrown at [./src/hotspot/share/prims/jni.cpp, line 1362]
Event: 15.711 Thread 0x000001dab796e800 Exception <a 'java/lang/NoSuchMethodError'{0x0000000088667dd8}: <clinit>> (0x0000000088667dd8) thrown at [./src/hotspot/share/prims/jni.cpp, line 1362]
Event: 15.711 Thread 0x000001dab796e800 Exception <a 'java/lang/NoSuchMethodError'{0x0000000088669300}: <clinit>> (0x0000000088669300) thrown at [./src/hotspot/share/prims/jni.cpp, line 1362]

Events (20 events):
Event: 15.704 loading class org/gradle/internal/logging/events/operations/StyledTextBuildOperationProgressDetails$Span
Event: 15.704 loading class org/gradle/internal/logging/events/operations/StyledTextBuildOperationProgressDetails$Span done
Event: 15.706 loading class org/gradle/internal/build/event/types/DefaultTaskFinishedProgressEvent
Event: 15.706 loading class org/gradle/internal/build/event/types/DefaultTaskFinishedProgressEvent done
Event: 15.706 loading class org/gradle/execution/plan/Node
Event: 15.706 loading class org/gradle/execution/plan/Node done
Event: 15.707 loading class org/gradle/execution/plan/DefaultPlanExecutor$ExecutorWorker
Event: 15.707 loading class org/gradle/execution/plan/DefaultPlanExecutor$ExecutorWorker done
Event: 15.713 loading class org/gradle/execution/plan/Node
Event: 15.713 loading class org/gradle/execution/plan/Node done
Event: 15.713 loading class org/gradle/execution/plan/DefaultExecutionPlan
Event: 15.713 loading class org/gradle/execution/plan/DefaultExecutionPlan done
Event: 15.716 loading class org/gradle/internal/resources/ResourceLock
Event: 15.716 loading class org/gradle/internal/resources/ResourceLock done
Event: 15.718 loading class org/gradle/execution/plan/Node
Event: 15.718 loading class org/gradle/execution/plan/Node done
Event: 15.718 loading class org/gradle/tooling/internal/provider/runner/OperationDependencyLookup
Event: 15.718 loading class org/gradle/tooling/internal/provider/runner/OperationDependencyLookup done
Event: 15.718 loading class org/gradle/execution/plan/Node
Event: 15.718 loading class org/gradle/execution/plan/Node done


Dynamic libraries:
0x00007ff6e9f10000 - 0x00007ff6e9f1a000 	C:\Program Files\Android\Android Studio1\jre\bin\java.exe
0x00007ffba5110000 - 0x00007ffba5305000 	C:\WINDOWS\SYSTEM32\ntdll.dll
0x00007ffba3f60000 - 0x00007ffba401d000 	C:\WINDOWS\System32\KERNEL32.DLL
0x00007ffba2bf0000 - 0x00007ffba2eb8000 	C:\WINDOWS\System32\KERNELBASE.dll
0x00007ffba2f20000 - 0x00007ffba3020000 	C:\WINDOWS\System32\ucrtbase.dll
0x00007ffb8c9e0000 - 0x00007ffb8c9f7000 	C:\Program Files\Android\Android Studio1\jre\bin\VCRUNTIME140.dll
0x00007ffb8de80000 - 0x00007ffb8de99000 	C:\Program Files\Android\Android Studio1\jre\bin\jli.dll
0x00007ffba3930000 - 0x00007ffba3ad0000 	C:\WINDOWS\System32\USER32.dll
0x00007ffb8d670000 - 0x00007ffb8d90a000 	C:\WINDOWS\WinSxS\amd64_microsoft.windows.common-controls_6595b64144ccf1df_6.0.19041.1052_none_60b8f8fd71f5e8cb\COMCTL32.dll
0x00007ffba3150000 - 0x00007ffba3172000 	C:\WINDOWS\System32\win32u.dll
0x00007ffba3e40000 - 0x00007ffba3ede000 	C:\WINDOWS\System32\msvcrt.dll
0x00007ffba4020000 - 0x00007ffba404a000 	C:\WINDOWS\System32\GDI32.dll
0x00007ffba2950000 - 0x00007ffba2a5b000 	C:\WINDOWS\System32\gdi32full.dll
0x00007ffba3020000 - 0x00007ffba30bd000 	C:\WINDOWS\System32\msvcp_win.dll
0x00007ffba4070000 - 0x00007ffba40a0000 	C:\WINDOWS\System32\IMM32.DLL
0x00007ffb65a00000 - 0x00007ffb65a9d000 	C:\Program Files\Android\Android Studio1\jre\bin\msvcp140.dll
0x00007ffb5b560000 - 0x00007ffb5c01c000 	C:\Program Files\Android\Android Studio1\jre\bin\server\jvm.dll
0x00007ffba4f40000 - 0x00007ffba4fec000 	C:\WINDOWS\System32\ADVAPI32.dll
0x00007ffba40a0000 - 0x00007ffba413b000 	C:\WINDOWS\System32\sechost.dll
0x00007ffba3750000 - 0x00007ffba387b000 	C:\WINDOWS\System32\RPCRT4.dll
0x00007ffba4ad0000 - 0x00007ffba4ad8000 	C:\WINDOWS\System32\PSAPI.DLL
0x00007ffb88160000 - 0x00007ffb88169000 	C:\WINDOWS\SYSTEM32\WSOCK32.dll
0x00007ffb8f3f0000 - 0x00007ffb8f417000 	C:\WINDOWS\SYSTEM32\WINMM.dll
0x00007ffba3ef0000 - 0x00007ffba3f5b000 	C:\WINDOWS\System32\WS2_32.dll
0x00007ffb99ec0000 - 0x00007ffb99eca000 	C:\WINDOWS\SYSTEM32\VERSION.dll
0x00007ffba1120000 - 0x00007ffba1132000 	C:\WINDOWS\SYSTEM32\kernel.appcore.dll
0x00007ffb9b2f0000 - 0x00007ffb9b301000 	C:\Program Files\Android\Android Studio1\jre\bin\verify.dll
0x00007ffba04c0000 - 0x00007ffba06a4000 	C:\WINDOWS\SYSTEM32\DBGHELP.DLL
0x00007ffb8a280000 - 0x00007ffb8a2ac000 	C:\WINDOWS\SYSTEM32\dbgcore.DLL
0x00007ffba30c0000 - 0x00007ffba3143000 	C:\WINDOWS\System32\bcryptPrimitives.dll
0x00007ffb8e9d0000 - 0x00007ffb8e9f9000 	C:\Program Files\Android\Android Studio1\jre\bin\java.dll
0x00007ffba0480000 - 0x00007ffba048b000 	C:\Program Files\Android\Android Studio1\jre\bin\jimage.dll
0x00007ffb8f1e0000 - 0x00007ffb8f1f8000 	C:\Program Files\Android\Android Studio1\jre\bin\zip.dll
0x00007ffba4260000 - 0x00007ffba499f000 	C:\WINDOWS\System32\SHELL32.dll
0x00007ffba0980000 - 0x00007ffba1110000 	C:\WINDOWS\SYSTEM32\windows.storage.dll
0x00007ffba3ae0000 - 0x00007ffba3e35000 	C:\WINDOWS\System32\combase.dll
0x00007ffba22c0000 - 0x00007ffba22ec000 	C:\WINDOWS\SYSTEM32\Wldp.dll
0x00007ffba4a20000 - 0x00007ffba4ace000 	C:\WINDOWS\System32\SHCORE.dll
0x00007ffba4ee0000 - 0x00007ffba4f35000 	C:\WINDOWS\System32\shlwapi.dll
0x00007ffba2790000 - 0x00007ffba27af000 	C:\WINDOWS\SYSTEM32\profapi.dll
0x00007ffb8cd60000 - 0x00007ffb8cd7a000 	C:\Program Files\Android\Android Studio1\jre\bin\net.dll
0x00007ffb8f760000 - 0x00007ffb8f86b000 	C:\WINDOWS\SYSTEM32\WINHTTP.dll
0x00007ffba2030000 - 0x00007ffba209a000 	C:\WINDOWS\system32\mswsock.dll
0x00007ffb8cd40000 - 0x00007ffb8cd54000 	C:\Program Files\Android\Android Studio1\jre\bin\nio.dll
0x00007ffb71d90000 - 0x00007ffb71db7000 	C:\Users\DANY99SR\.gradle\native\f6784746aeab05261644944871eae4fe03e0ef1612fff0a4a95f87b438bc6780\windows-amd64\native-platform.dll
0x00007ffb9c700000 - 0x00007ffb9c70a000 	C:\Program Files\Android\Android Studio1\jre\bin\management.dll
0x00007ffb9c250000 - 0x00007ffb9c25c000 	C:\Program Files\Android\Android Studio1\jre\bin\management_ext.dll
0x00007ffba2210000 - 0x00007ffba2228000 	C:\WINDOWS\SYSTEM32\CRYPTSP.dll
0x00007ffba1960000 - 0x00007ffba1994000 	C:\WINDOWS\system32\rsaenh.dll
0x00007ffba2a60000 - 0x00007ffba2a87000 	C:\WINDOWS\System32\bcrypt.dll
0x00007ffba2750000 - 0x00007ffba277e000 	C:\WINDOWS\SYSTEM32\USERENV.dll
0x00007ffba2200000 - 0x00007ffba220c000 	C:\WINDOWS\SYSTEM32\CRYPTBASE.dll
0x00007ffba1cd0000 - 0x00007ffba1d0b000 	C:\WINDOWS\SYSTEM32\IPHLPAPI.DLL
0x00007ffba3ee0000 - 0x00007ffba3ee8000 	C:\WINDOWS\System32\NSI.dll
0x00007ffb98860000 - 0x00007ffb98877000 	C:\WINDOWS\SYSTEM32\dhcpcsvc6.DLL
0x00007ffb99180000 - 0x00007ffb9919d000 	C:\WINDOWS\SYSTEM32\dhcpcsvc.DLL
0x00007ffba1d20000 - 0x00007ffba1dec000 	C:\WINDOWS\SYSTEM32\DNSAPI.dll
0x00007ffb99ed0000 - 0x00007ffb99edb000 	C:\WINDOWS\SYSTEM32\WINNSI.DLL

dbghelp: loaded successfully - version: 4.0.5 - missing functions: none
symbol engine: initialized successfully - sym options: 0x614 - pdb path: .;C:\Program Files\Android\Android Studio1\jre\bin;C:\WINDOWS\SYSTEM32;C:\WINDOWS\WinSxS\amd64_microsoft.windows.common-controls_6595b64144ccf1df_6.0.19041.1052_none_60b8f8fd71f5e8cb;C:\Program Files\Android\Android Studio1\jre\bin\server;C:\Users\DANY99SR\.gradle\native\f6784746aeab05261644944871eae4fe03e0ef1612fff0a4a95f87b438bc6780\windows-amd64

VM Arguments:
jvm_args: --add-opens=java.base/java.util=ALL-UNNAMED --add-opens=java.base/java.lang=ALL-UNNAMED --add-opens=java.base/java.lang.invoke=ALL-UNNAMED --add-opens=java.prefs/java.util.prefs=ALL-UNNAMED -Xmx2048m -Dfile.encoding=UTF-8 -Duser.country=GB -Duser.language=en -Duser.variant 
java_command: org.gradle.launcher.daemon.bootstrap.GradleDaemon 6.5
java_class_path (initial): C:\Users\DANY99SR\.gradle\wrapper\dists\gradle-6.5-bin\6nifqtx7604sqp1q6g8wikw7p\gradle-6.5\lib\gradle-launcher-6.5.jar
Launcher Type: SUN_STANDARD

[Global flags]
     intx CICompilerCount                          = 4                                         {product} {ergonomic}
     uint ConcGCThreads                            = 2                                         {product} {ergonomic}
     uint G1ConcRefinementThreads                  = 8                                         {product} {ergonomic}
   size_t G1HeapRegionSize                         = 1048576                                   {product} {ergonomic}
    uintx GCDrainStackTargetSize                   = 64                                        {product} {ergonomic}
   size_t InitialHeapSize                          = 134217728                                 {product} {ergonomic}
   size_t MarkStackSize                            = 4194304                                   {product} {ergonomic}
   size_t MaxHeapSize                              = 2147483648                                {product} {command line}
   size_t MaxNewSize                               = 1287651328                                {product} {ergonomic}
   size_t MinHeapDeltaBytes                        = 1048576                                   {product} {ergonomic}
    uintx NonNMethodCodeHeapSize                   = 5836300                                {pd product} {ergonomic}
    uintx NonProfiledCodeHeapSize                  = 122910970                              {pd product} {ergonomic}
    uintx ProfiledCodeHeapSize                     = 122910970                              {pd product} {ergonomic}
    uintx ReservedCodeCacheSize                    = 251658240                              {pd product} {ergonomic}
     bool SegmentedCodeCache                       = true                                      {product} {ergonomic}
     bool UseCompressedClassPointers               = true                                 {lp64_product} {ergonomic}
     bool UseCompressedOops                        = true                                 {lp64_product} {ergonomic}
     bool UseG1GC                                  = true                                      {product} {ergonomic}
     bool UseLargePagesIndividualAllocation        = false                                  {pd product} {ergonomic}

Logging:
Log output configuration:
 #0: stdout all=warning uptime,level,tags
 #1: stderr all=off uptime,level,tags

Environment Variables:
JAVA_HOME=C:\Program Files\AdoptOpenJDK\jdk-8.0.252.09-hotspot
PATH=C:\Program Files\Microsoft MPI\Bin\;C:\Program Files\AdoptOpenJDK\jdk-8.0.252.09-hotspot\bin;C:\Program Files (x86)\Common Files\Oracle\Java\javapath;C:\Windows\system32;C:\Windows;C:\Windows\System32\Wbem;C:\Windows\System32\WindowsPowerShell\v1.0\;C:\Windows\System32\OpenSSH\;C:\Program Files\dotnet\;C:\Program Files\NVIDIA Corporation\NVIDIA NvDLISR;C:\Program Files (x86)\NVIDIA Corporation\PhysX\Common;C:\Android;C:\Program Files (x86)\Microsoft SQL Server\150\DTS\Binn\;C:\Program Files\Microsoft SQL Server\Client SDK\ODBC\170\Tools\Binn\;C:\Program Files (x86)\Microsoft SQL Server\150\Tools\Binn\;C:\Program Files\Microsoft SQL Server\150\Tools\Binn\;C:\Program Files\Microsoft SQL Server\150\DTS\Binn\;C:\Program Files\nodejs\;C:\Program Files\PostgreSQL\12\bin;C:\Program Files\Git\cmd;C:\Program Files\Microsoft SQL Server\130\Tools\Binn\;C:\WINDOWS\system32;C:\WINDOWS;C:\WINDOWS\System32\Wbem;C:\WINDOWS\System32\WindowsPowerShell\v1.0\;C:\WINDOWS\System32\OpenSSH\;C:\Program Files\Go\bin;C:\Users\DANY99SR\AppData\Local\Programs\Python\Python37\Scripts\;C:\Users\DANY99SR\AppData\Local\Programs\Python\Python37\;C:\Users\DANY99SR\AppData\Local\Microsoft\WindowsApps;C:\Users\DANY99SR\AppData\Local\Programs\Microsoft VS Code\bin;C:\Users\DANY99SR\AppData\Local\GitHubDesktop\bin;C:\Program Files\JetBrains\PyCharm 2020.1\bin;;C:\Users\DANY99SR\AppData\Roaming\npm;C:\Users\DANY99SR\.dotnet\tools;C:\Users\DANY99SR\AppData\Local\Microsoft\WindowsApps;C:\Users\DANY99SR\go\bin
USERNAME=DANY99SR
OS=Windows_NT
PROCESSOR_IDENTIFIER=Intel64 Family 6 Model 158 Stepping 9, GenuineIntel



---------------  S Y S T E M  ---------------

OS: Windows 10 , 64 bit Build 19041 (10.0.19041.1023)
OS uptime: 17 days 12:15 hours

CPU:total 8 (initial active 8) (4 cores per cpu, 2 threads per core) family 6 model 158 stepping 9, cmov, cx8, fxsr, mmx, sse, sse2, sse3, ssse3, sse4.1, sse4.2, popcnt, avx, avx2, aes, clmul, erms, 3dnowpref, lzcnt, ht, tsc, tscinvbit, bmi1, bmi2, adx, fma

Memory: 4k page, system-wide physical 8076M (393M free)
TotalPageFile size 32652M (AvailPageFile size 1M)
current process WorkingSet (physical memory assigned to process): 373M, peak: 373M
current process commit charge ("private bytes"): 418M, peak: 419M

vm_info: OpenJDK 64-Bit Server VM (11.0.8+10-b944.6842174) for windows-amd64 JRE (11.0.8+10-b944.6842174), built on Sep 19 2020 01:11:42 by "builder" with MS VC++ 14.0 (VS2015)

END.
