#
# There is insufficient memory for the Java Runtime Environment to continue.
# Native memory allocation (malloc) failed to allocate 1525616 bytes for Chunk::new
# Possible reasons:
#   The system is out of physical RAM or swap space
#   The process is running with CompressedOops enabled, and the Java Heap may be blocking the growth of the native heap
# Possible solutions:
#   Reduce memory load on the system
#   Increase physical memory or swap space
#   Check if swap backing store is full
#   Decrease Java heap size (-Xmx/-Xms)
#   Decrease number of Java threads
#   Decrease Java thread stack sizes (-Xss)
#   Set larger code cache with -XX:ReservedCodeCacheSize=
#   JVM is running with Unscaled Compressed Oops mode in which the Java heap is
#     placed in the first 4GB address space. The Java Heap base address is the
#     maximum limit for the native heap growth. Please use -XX:HeapBaseMinAddress
#     to set the Java Heap base and to place the Java Heap above 4GB virtual address.
# This output file may be truncated or incomplete.
#
#  Out of Memory Error (./src/hotspot/share/memory/arena.cpp:197), pid=13288, tid=1000
#
# JRE version: OpenJDK Runtime Environment (11.0.8+10) (build 11.0.8+10-b944.6842174)
# Java VM: OpenJDK 64-Bit Server VM (11.0.8+10-b944.6842174, mixed mode, tiered, compressed oops, g1 gc, windows-amd64)
# No core dump will be written. Minidumps are not enabled by default on client versions of Windows
#

---------------  S U M M A R Y ------------

Command Line: --add-opens=java.base/java.util=ALL-UNNAMED --add-opens=java.base/java.lang=ALL-UNNAMED --add-opens=java.base/java.lang.invoke=ALL-UNNAMED --add-opens=java.prefs/java.util.prefs=ALL-UNNAMED -Xmx2048m -Dfile.encoding=UTF-8 -Duser.country=GB -Duser.language=en -Duser.variant org.gradle.launcher.daemon.bootstrap.GradleDaemon 6.5

Host: Intel(R) Core(TM) i7-7700HQ CPU @ 2.80GHz, 8 cores, 7G,  Windows 10 , 64 bit Build 19041 (10.0.19041.1023)
Time: Mon Jun 28 22:51:30 2021 GTB Summer Time elapsed time: 6 seconds (0d 0h 0m 6s)

---------------  T H R E A D  ---------------

Current thread (0x0000018a9fc85800):  JavaThread "C2 CompilerThread0" daemon [_thread_in_native, id=1000, stack(0x0000005bb4100000,0x0000005bb4200000)]


Current CompileTask:
C2:   6762 4696       4       java.net.URLClassLoader$1::run (5 bytes)

Stack: [0x0000005bb4100000,0x0000005bb4200000]
Native frames: (J=compiled Java code, j=interpreted, Vv=VM code, C=native code)
V  [jvm.dll+0x5de50a]
V  [jvm.dll+0x7122f5]
V  [jvm.dll+0x71384d]
V  [jvm.dll+0x713f03]
V  [jvm.dll+0x23e728]
V  [jvm.dll+0xb899c]
V  [jvm.dll+0xb8e9c]
V  [jvm.dll+0x35024d]
V  [jvm.dll+0x193ebc]
V  [jvm.dll+0x1f780e]
V  [jvm.dll+0x1f68d4]
V  [jvm.dll+0x17f32c]
V  [jvm.dll+0x205047]
V  [jvm.dll+0x203891]
V  [jvm.dll+0x6dad3f]
V  [jvm.dll+0x6d3895]
V  [jvm.dll+0x5dd4a6]
C  [ucrtbase.dll+0x21bb2]
C  [KERNEL32.DLL+0x17034]
C  [ntdll.dll+0x52651]


---------------  P R O C E S S  ---------------

Threads class SMR info:
_java_thread_list=0x0000018aa10f95e0, length=155, elements={
0x0000018a83095800, 0x0000018a9f318000, 0x0000018a9f319000, 0x0000018a9fc82800,
0x0000018a9fc83800, 0x0000018a9fc85800, 0x0000018a9f32d000, 0x0000018a9f331000,
0x0000018a9fdf9800, 0x0000018a9fe0b800, 0x0000018aa1782800, 0x0000018aa171b800,
0x0000018aa0fbd800, 0x0000018aa0f56000, 0x0000018aa0f5b000, 0x0000018aa16a0000,
0x0000018aa177a800, 0x0000018aa177d800, 0x0000018aa1d7d800, 0x0000018aa1d34000,
0x0000018aa1b12800, 0x0000018aa1b13800, 0x0000018aa1b15000, 0x0000018aa1b14800,
0x0000018aa1b16000, 0x0000018aa1b10800, 0x0000018aa1b17000, 0x0000018aa1b11000,
0x0000018aa1b12000, 0x0000018aa4fd7800, 0x0000018aa4fd1800, 0x0000018aa4fd8800,
0x0000018aa4fd5000, 0x0000018aa4fd4000, 0x0000018aa4fd9000, 0x0000018aa4fd6000,
0x0000018aa4fd3800, 0x0000018aa4fda800, 0x0000018aa4fd6800, 0x0000018aa4fdb800,
0x0000018aa4fdf800, 0x0000018aa4fdc800, 0x0000018aa4fda000, 0x0000018aa4fde000,
0x0000018aa4fe0800, 0x0000018aa4fdd000, 0x0000018aa4fdf000, 0x0000018aa2227000,
0x0000018aa2229800, 0x0000018aa2228800, 0x0000018aa2228000, 0x0000018aa222a800,
0x0000018aa222c000, 0x0000018aa2226000, 0x0000018aa222b000, 0x0000018aa222d800,
0x0000018aa2232800, 0x0000018aa222c800, 0x0000018aa2231800, 0x0000018aa2230000,
0x0000018aa2233800, 0x0000018aa2234000, 0x0000018aa222e800, 0x0000018aa2235000,
0x0000018aa2231000, 0x0000018aa222f000, 0x0000018aa4b66800, 0x0000018aa4b67800,
0x0000018aa4b65000, 0x0000018aa4b62000, 0x0000018aa4b63800, 0x0000018aa4b64800,
0x0000018aa4b68800, 0x0000018aa4b62800, 0x0000018aa4b6b800, 0x0000018aa4b6a000,
0x0000018aa4b69000, 0x0000018aa4b6b000, 0x0000018aa4b66000, 0x0000018aa4b6f800,
0x0000018aa4b6c800, 0x0000018aa4b70800, 0x0000018aa4b6d800, 0x0000018aa4b6f000,
0x0000018aa4b6e000, 0x0000018aa5af5000, 0x0000018aa5af7000, 0x0000018aa5af4800,
0x0000018aa5af2000, 0x0000018aa5af8800, 0x0000018aa5af6000, 0x0000018aa5af7800,
0x0000018aa5af3000, 0x0000018aa5af9800, 0x0000018aa5af3800, 0x0000018aa5afb000,
0x0000018aa5afd800, 0x0000018aa5afe000, 0x0000018aa5aff000, 0x0000018aa5b00000,
0x0000018aa5afa000, 0x0000018aa5b00800, 0x0000018aa5afb800, 0x0000018aa5afc800,
0x0000018aa4a93800, 0x0000018aa4a95000, 0x0000018aa4a94800, 0x0000018aa4a96000,
0x0000018aa4a92800, 0x0000018aa4a92000, 0x0000018aa4a9b800, 0x0000018aa4a99800,
0x0000018aa4a97000, 0x0000018aa4a9a000, 0x0000018aa4a9c800, 0x0000018aa4a9d800,
0x0000018aa4a9b000, 0x0000018aa4a97800, 0x0000018aa4a98800, 0x0000018aa4a9e000,
0x0000018aa4a9f000, 0x0000018aa4aa0000, 0x0000018aa4aa0800, 0x0000018aa41a5800,
0x0000018aa41a3000, 0x0000018aa41a6000, 0x0000018aa41a2000, 0x0000018aa41a7000,
0x0000018aa41a1800, 0x0000018aa41a8000, 0x0000018aa41a4800, 0x0000018aa41a8800,
0x0000018aa41a9800, 0x0000018aa41a3800, 0x0000018aa41aa000, 0x0000018aa41ac000,
0x0000018aa41ac800, 0x0000018aa41af000, 0x0000018aa41ab000, 0x0000018aa41b0000,
0x0000018aa41ad800, 0x0000018aa41ae800, 0x0000018aa1511800, 0x0000018aa1512800,
0x0000018aa150e800, 0x0000018aa1513000, 0x0000018aa1510800, 0x0000018aa1510000,
0x0000018aa1514000, 0x0000018aa1515000, 0x0000018aa150f000, 0x0000018aa1518000,
0x0000018aa1515800, 0x0000018aa1bc2000, 0x0000018aa469d800
}

Java Threads: ( => current thread )
  0x0000018a83095800 JavaThread "main" [_thread_blocked, id=12244, stack(0x0000005bb3600000,0x0000005bb3700000)]
  0x0000018a9f318000 JavaThread "Reference Handler" daemon [_thread_blocked, id=10228, stack(0x0000005bb3d00000,0x0000005bb3e00000)]
  0x0000018a9f319000 JavaThread "Finalizer" daemon [_thread_blocked, id=860, stack(0x0000005bb3e00000,0x0000005bb3f00000)]
  0x0000018a9fc82800 JavaThread "Signal Dispatcher" daemon [_thread_blocked, id=10524, stack(0x0000005bb3f00000,0x0000005bb4000000)]
  0x0000018a9fc83800 JavaThread "Attach Listener" daemon [_thread_blocked, id=11824, stack(0x0000005bb4000000,0x0000005bb4100000)]
=>0x0000018a9fc85800 JavaThread "C2 CompilerThread0" daemon [_thread_in_native, id=1000, stack(0x0000005bb4100000,0x0000005bb4200000)]
  0x0000018a9f32d000 JavaThread "C1 CompilerThread0" daemon [_thread_blocked, id=18192, stack(0x0000005bb4200000,0x0000005bb4300000)]
  0x0000018a9f331000 JavaThread "Sweeper thread" daemon [_thread_blocked, id=12536, stack(0x0000005bb4300000,0x0000005bb4400000)]
  0x0000018a9fdf9800 JavaThread "Common-Cleaner" daemon [_thread_blocked, id=7752, stack(0x0000005bb4400000,0x0000005bb4500000)]
  0x0000018a9fe0b800 JavaThread "Service Thread" daemon [_thread_blocked, id=10208, stack(0x0000005bb4500000,0x0000005bb4600000)]
  0x0000018aa1782800 JavaThread "Daemon health stats" [_thread_blocked, id=9332, stack(0x0000005bb4a00000,0x0000005bb4b00000)]
  0x0000018aa171b800 JavaThread "Incoming local TCP Connector on port 51759" [_thread_in_native, id=16040, stack(0x0000005bb4c00000,0x0000005bb4d00000)]
  0x0000018aa0fbd800 JavaThread "Daemon periodic checks" [_thread_blocked, id=14956, stack(0x0000005bb4d00000,0x0000005bb4e00000)]
  0x0000018aa0f56000 JavaThread "Daemon" [_thread_blocked, id=4372, stack(0x0000005bb4e00000,0x0000005bb4f00000)]
  0x0000018aa0f5b000 JavaThread "Handler for socket connection from /127.0.0.1:51759 to /127.0.0.1:51760" [_thread_in_native, id=16460, stack(0x0000005bb4f00000,0x0000005bb5000000)]
  0x0000018aa16a0000 JavaThread "Cancel handler" [_thread_blocked, id=10980, stack(0x0000005bb5000000,0x0000005bb5100000)]
  0x0000018aa177a800 JavaThread "Daemon worker" [_thread_in_Java, id=17012, stack(0x0000005bb5100000,0x0000005bb5200000)]
  0x0000018aa177d800 JavaThread "Asynchronous log dispatcher for DefaultDaemonConnection: socket connection from /127.0.0.1:51759 to /127.0.0.1:51760" [_thread_blocked, id=2516, stack(0x0000005bb5200000,0x0000005bb5300000)]
  0x0000018aa1d7d800 JavaThread "Stdin handler" [_thread_blocked, id=3828, stack(0x0000005bb5300000,0x0000005bb5400000)]
  0x0000018aa1d34000 JavaThread "Thread-8" [_thread_blocked, id=14532, stack(0x0000005bb5400000,0x0000005bb5500000)]
  0x0000018aa1b12800 JavaThread "Cache worker for journal cache (C:\Users\DANY99SR\.gradle\caches\journal-1)" [_thread_blocked, id=8536, stack(0x0000005bb5500000,0x0000005bb5600000)]
  0x0000018aa1b13800 JavaThread "File lock request listener" [_thread_in_native, id=6200, stack(0x0000005bb5b00000,0x0000005bb5c00000)]
  0x0000018aa1b15000 JavaThread "Cache worker for file hash cache (C:\Users\DANY99SR\.gradle\caches\6.5\fileHashes)" [_thread_blocked, id=4048, stack(0x0000005bb5c00000,0x0000005bb5d00000)]
  0x0000018aa1b14800 JavaThread "Cache worker for file hash cache (D:\FACULTATE COZMA DANIEL NECULAI\Anul 3\Sem 1\Pam Tabarca\Aplicatie Android Licenta\Robot\.gradle\6.5\fileHashes)" [_thread_blocked, id=1608, stack(0x0000005bb6000000,0x0000005bb6100000)]
  0x0000018aa1b16000 JavaThread "Cache worker for checksums cache (D:\FACULTATE COZMA DANIEL NECULAI\Anul 3\Sem 1\Pam Tabarca\Aplicatie Android Licenta\Robot\.gradle\checksums)" [_thread_blocked, id=10752, stack(0x0000005bb6100000,0x0000005bb6200000)]
  0x0000018aa1b10800 JavaThread "Cache worker for cache directory md-supplier (C:\Users\DANY99SR\.gradle\caches\6.5\md-supplier)" [_thread_blocked, id=912, stack(0x0000005bb6200000,0x0000005bb6300000)]
  0x0000018aa1b17000 JavaThread "Cache worker for cache directory md-rule (C:\Users\DANY99SR\.gradle\caches\6.5\md-rule)" [_thread_blocked, id=14016, stack(0x0000005bb6300000,0x0000005bb6400000)]
  0x0000018aa1b11000 JavaThread "Cache worker for execution history cache (C:\Users\DANY99SR\.gradle\caches\6.5\executionHistory)" [_thread_blocked, id=2464, stack(0x0000005bb6400000,0x0000005bb6500000)]
  0x0000018aa1b12000 JavaThread "jar transforms" [_thread_blocked, id=12168, stack(0x0000005bb6500000,0x0000005bb6600000)]
  0x0000018aa4fd7800 JavaThread "Cache worker for file content cache (C:\Users\DANY99SR\.gradle\caches\6.5\fileContent)" [_thread_blocked, id=3944, stack(0x0000005bb6600000,0x0000005bb6700000)]
  0x0000018aa4fd1800 JavaThread "Build operations" [_thread_blocked, id=14108, stack(0x0000005bb6700000,0x0000005bb6800000)]
  0x0000018aa4fd8800 JavaThread "Build operations Thread 2" [_thread_blocked, id=14900, stack(0x0000005bb6800000,0x0000005bb6900000)]
  0x0000018aa4fd5000 JavaThread "Build operations Thread 3" [_thread_blocked, id=11612, stack(0x0000005bb6900000,0x0000005bb6a00000)]
  0x0000018aa4fd4000 JavaThread "Build operations Thread 4" [_thread_blocked, id=10420, stack(0x0000005bb6a00000,0x0000005bb6b00000)]
  0x0000018aa4fd9000 JavaThread "Build operations Thread 5" [_thread_blocked, id=21320, stack(0x0000005bb6b00000,0x0000005bb6c00000)]
  0x0000018aa4fd6000 JavaThread "Build operations Thread 6" [_thread_blocked, id=14436, stack(0x0000005bb6c00000,0x0000005bb6d00000)]
  0x0000018aa4fd3800 JavaThread "Build operations Thread 7" [_thread_blocked, id=13424, stack(0x0000005bb6d00000,0x0000005bb6e00000)]
  0x0000018aa4fda800 JavaThread "Build operations Thread 8" [_thread_blocked, id=268, stack(0x0000005bb6e00000,0x0000005bb6f00000)]
  0x0000018aa4fd6800 JavaThread "jar transforms Thread 2" [_thread_blocked, id=6952, stack(0x0000005bb6f00000,0x0000005bb7000000)]
  0x0000018aa4fdb800 JavaThread "jar transforms Thread 3" [_thread_blocked, id=15332, stack(0x0000005bb7000000,0x0000005bb7100000)]
  0x0000018aa4fdf800 JavaThread "jar transforms Thread 4" [_thread_blocked, id=11008, stack(0x0000005bb7100000,0x0000005bb7200000)]
  0x0000018aa4fdc800 JavaThread "jar transforms Thread 5" [_thread_blocked, id=19584, stack(0x0000005bb7200000,0x0000005bb7300000)]
  0x0000018aa4fda000 JavaThread "jar transforms Thread 6" [_thread_blocked, id=5380, stack(0x0000005bb7300000,0x0000005bb7400000)]
  0x0000018aa4fde000 JavaThread "jar transforms Thread 7" [_thread_blocked, id=18480, stack(0x0000005bb7400000,0x0000005bb7500000)]
  0x0000018aa4fe0800 JavaThread "jar transforms Thread 8" [_thread_blocked, id=19804, stack(0x0000005bb7500000,0x0000005bb7600000)]
  0x0000018aa4fdd000 JavaThread "jar transforms Thread 9" [_thread_blocked, id=20256, stack(0x0000005bb7600000,0x0000005bb7700000)]
  0x0000018aa4fdf000 JavaThread "jar transforms Thread 10" [_thread_blocked, id=15320, stack(0x0000005bb7700000,0x0000005bb7800000)]
  0x0000018aa2227000 JavaThread "jar transforms Thread 11" [_thread_blocked, id=20524, stack(0x0000005bb7800000,0x0000005bb7900000)]
  0x0000018aa2229800 JavaThread "jar transforms Thread 12" [_thread_blocked, id=8676, stack(0x0000005bb7900000,0x0000005bb7a00000)]
  0x0000018aa2228800 JavaThread "jar transforms Thread 13" [_thread_blocked, id=3692, stack(0x0000005bb7a00000,0x0000005bb7b00000)]
  0x0000018aa2228000 JavaThread "jar transforms Thread 14" [_thread_blocked, id=11000, stack(0x0000005bb7b00000,0x0000005bb7c00000)]
  0x0000018aa222a800 JavaThread "jar transforms Thread 15" [_thread_blocked, id=19160, stack(0x0000005bb7c00000,0x0000005bb7d00000)]
  0x0000018aa222c000 JavaThread "jar transforms Thread 16" [_thread_blocked, id=18000, stack(0x0000005bb7d00000,0x0000005bb7e00000)]
  0x0000018aa2226000 JavaThread "jar transforms Thread 17" [_thread_blocked, id=9328, stack(0x0000005bb7e00000,0x0000005bb7f00000)]
  0x0000018aa222b000 JavaThread "jar transforms Thread 18" [_thread_blocked, id=10488, stack(0x0000005bb7f00000,0x0000005bb8000000)]
  0x0000018aa222d800 JavaThread "jar transforms Thread 19" [_thread_blocked, id=3248, stack(0x0000005bb8000000,0x0000005bb8100000)]
  0x0000018aa2232800 JavaThread "jar transforms Thread 20" [_thread_blocked, id=15428, stack(0x0000005bb8100000,0x0000005bb8200000)]
  0x0000018aa222c800 JavaThread "jar transforms Thread 21" [_thread_blocked, id=21108, stack(0x0000005bb8200000,0x0000005bb8300000)]
  0x0000018aa2231800 JavaThread "jar transforms Thread 22" [_thread_blocked, id=5356, stack(0x0000005bb8300000,0x0000005bb8400000)]
  0x0000018aa2230000 JavaThread "jar transforms Thread 23" [_thread_blocked, id=11044, stack(0x0000005bb8400000,0x0000005bb8500000)]
  0x0000018aa2233800 JavaThread "jar transforms Thread 24" [_thread_blocked, id=14224, stack(0x0000005bb8500000,0x0000005bb8600000)]
  0x0000018aa2234000 JavaThread "jar transforms Thread 25" [_thread_blocked, id=17384, stack(0x0000005bb8600000,0x0000005bb8700000)]
  0x0000018aa222e800 JavaThread "jar transforms Thread 26" [_thread_blocked, id=21284, stack(0x0000005bb8700000,0x0000005bb8800000)]
  0x0000018aa2235000 JavaThread "jar transforms Thread 27" [_thread_blocked, id=9100, stack(0x0000005bb8800000,0x0000005bb8900000)]
  0x0000018aa2231000 JavaThread "jar transforms Thread 28" [_thread_blocked, id=3952, stack(0x0000005bb8900000,0x0000005bb8a00000)]
  0x0000018aa222f000 JavaThread "jar transforms Thread 29" [_thread_blocked, id=14440, stack(0x0000005bb8a00000,0x0000005bb8b00000)]
  0x0000018aa4b66800 JavaThread "jar transforms Thread 30" [_thread_blocked, id=2016, stack(0x0000005bb8b00000,0x0000005bb8c00000)]
  0x0000018aa4b67800 JavaThread "jar transforms Thread 31" [_thread_blocked, id=16772, stack(0x0000005bb8c00000,0x0000005bb8d00000)]
  0x0000018aa4b65000 JavaThread "jar transforms Thread 32" [_thread_blocked, id=7288, stack(0x0000005bb8d00000,0x0000005bb8e00000)]
  0x0000018aa4b62000 JavaThread "jar transforms Thread 33" [_thread_blocked, id=3368, stack(0x0000005bb8e00000,0x0000005bb8f00000)]
  0x0000018aa4b63800 JavaThread "jar transforms Thread 34" [_thread_blocked, id=14360, stack(0x0000005bb8f00000,0x0000005bb9000000)]
  0x0000018aa4b64800 JavaThread "jar transforms Thread 35" [_thread_blocked, id=7964, stack(0x0000005bb9000000,0x0000005bb9100000)]
  0x0000018aa4b68800 JavaThread "jar transforms Thread 36" [_thread_blocked, id=17612, stack(0x0000005bb9100000,0x0000005bb9200000)]
  0x0000018aa4b62800 JavaThread "jar transforms Thread 37" [_thread_blocked, id=12028, stack(0x0000005bb9200000,0x0000005bb9300000)]
  0x0000018aa4b6b800 JavaThread "jar transforms Thread 38" [_thread_blocked, id=19384, stack(0x0000005bb9300000,0x0000005bb9400000)]
  0x0000018aa4b6a000 JavaThread "jar transforms Thread 39" [_thread_blocked, id=18792, stack(0x0000005bb9400000,0x0000005bb9500000)]
  0x0000018aa4b69000 JavaThread "jar transforms Thread 40" [_thread_blocked, id=2592, stack(0x0000005bb9500000,0x0000005bb9600000)]
  0x0000018aa4b6b000 JavaThread "jar transforms Thread 41" [_thread_blocked, id=17944, stack(0x0000005bb9600000,0x0000005bb9700000)]
  0x0000018aa4b66000 JavaThread "jar transforms Thread 42" [_thread_blocked, id=20132, stack(0x0000005bb9700000,0x0000005bb9800000)]
  0x0000018aa4b6f800 JavaThread "jar transforms Thread 43" [_thread_blocked, id=20076, stack(0x0000005bb9800000,0x0000005bb9900000)]
  0x0000018aa4b6c800 JavaThread "jar transforms Thread 44" [_thread_blocked, id=4952, stack(0x0000005bb9900000,0x0000005bb9a00000)]
  0x0000018aa4b70800 JavaThread "jar transforms Thread 45" [_thread_blocked, id=5004, stack(0x0000005bb9a00000,0x0000005bb9b00000)]
  0x0000018aa4b6d800 JavaThread "jar transforms Thread 46" [_thread_blocked, id=11288, stack(0x0000005bb9b00000,0x0000005bb9c00000)]
  0x0000018aa4b6f000 JavaThread "jar transforms Thread 47" [_thread_blocked, id=18684, stack(0x0000005bb9c00000,0x0000005bb9d00000)]
  0x0000018aa4b6e000 JavaThread "jar transforms Thread 48" [_thread_blocked, id=12176, stack(0x0000005bb9d00000,0x0000005bb9e00000)]
  0x0000018aa5af5000 JavaThread "jar transforms Thread 49" [_thread_blocked, id=8728, stack(0x0000005bb9e00000,0x0000005bb9f00000)]
  0x0000018aa5af7000 JavaThread "jar transforms Thread 50" [_thread_blocked, id=10820, stack(0x0000005bb9f00000,0x0000005bba000000)]
  0x0000018aa5af4800 JavaThread "jar transforms Thread 51" [_thread_blocked, id=10268, stack(0x0000005bba000000,0x0000005bba100000)]
  0x0000018aa5af2000 JavaThread "jar transforms Thread 52" [_thread_blocked, id=5924, stack(0x0000005bba100000,0x0000005bba200000)]
  0x0000018aa5af8800 JavaThread "jar transforms Thread 53" [_thread_blocked, id=16068, stack(0x0000005bba200000,0x0000005bba300000)]
  0x0000018aa5af6000 JavaThread "jar transforms Thread 54" [_thread_blocked, id=16076, stack(0x0000005bba300000,0x0000005bba400000)]
  0x0000018aa5af7800 JavaThread "jar transforms Thread 55" [_thread_blocked, id=13904, stack(0x0000005bba400000,0x0000005bba500000)]
  0x0000018aa5af3000 JavaThread "jar transforms Thread 56" [_thread_blocked, id=892, stack(0x0000005bba500000,0x0000005bba600000)]
  0x0000018aa5af9800 JavaThread "jar transforms Thread 57" [_thread_blocked, id=2072, stack(0x0000005bba600000,0x0000005bba700000)]
  0x0000018aa5af3800 JavaThread "jar transforms Thread 58" [_thread_blocked, id=18516, stack(0x0000005bba700000,0x0000005bba800000)]
  0x0000018aa5afb000 JavaThread "jar transforms Thread 59" [_thread_blocked, id=19036, stack(0x0000005bba800000,0x0000005bba900000)]
  0x0000018aa5afd800 JavaThread "jar transforms Thread 60" [_thread_blocked, id=3664, stack(0x0000005bba900000,0x0000005bbaa00000)]
  0x0000018aa5afe000 JavaThread "jar transforms Thread 61" [_thread_blocked, id=19736, stack(0x0000005bbaa00000,0x0000005bbab00000)]
  0x0000018aa5aff000 JavaThread "jar transforms Thread 62" [_thread_blocked, id=21192, stack(0x0000005bbab00000,0x0000005bbac00000)]
  0x0000018aa5b00000 JavaThread "jar transforms Thread 63" [_thread_blocked, id=7392, stack(0x0000005bbac00000,0x0000005bbad00000)]
  0x0000018aa5afa000 JavaThread "jar transforms Thread 64" [_thread_blocked, id=7756, stack(0x0000005bbad00000,0x0000005bbae00000)]
  0x0000018aa5b00800 JavaThread "jar transforms Thread 65" [_thread_blocked, id=11832, stack(0x0000005bbae00000,0x0000005bbaf00000)]
  0x0000018aa5afb800 JavaThread "jar transforms Thread 66" [_thread_blocked, id=5328, stack(0x0000005bbaf00000,0x0000005bbb000000)]
  0x0000018aa5afc800 JavaThread "jar transforms Thread 67" [_thread_blocked, id=5512, stack(0x0000005bbb000000,0x0000005bbb100000)]
  0x0000018aa4a93800 JavaThread "jar transforms Thread 68" [_thread_blocked, id=6276, stack(0x0000005bbb100000,0x0000005bbb200000)]
  0x0000018aa4a95000 JavaThread "jar transforms Thread 69" [_thread_blocked, id=13700, stack(0x0000005bbb200000,0x0000005bbb300000)]
  0x0000018aa4a94800 JavaThread "jar transforms Thread 70" [_thread_blocked, id=4368, stack(0x0000005bbb300000,0x0000005bbb400000)]
  0x0000018aa4a96000 JavaThread "jar transforms Thread 71" [_thread_blocked, id=20328, stack(0x0000005bbb400000,0x0000005bbb500000)]
  0x0000018aa4a92800 JavaThread "jar transforms Thread 72" [_thread_blocked, id=8256, stack(0x0000005bbb500000,0x0000005bbb600000)]
  0x0000018aa4a92000 JavaThread "jar transforms Thread 73" [_thread_blocked, id=17236, stack(0x0000005bbb600000,0x0000005bbb700000)]
  0x0000018aa4a9b800 JavaThread "jar transforms Thread 74" [_thread_blocked, id=19984, stack(0x0000005bbb700000,0x0000005bbb800000)]
  0x0000018aa4a99800 JavaThread "jar transforms Thread 75" [_thread_blocked, id=9068, stack(0x0000005bbb800000,0x0000005bbb900000)]
  0x0000018aa4a97000 JavaThread "jar transforms Thread 76" [_thread_blocked, id=4860, stack(0x0000005bbb900000,0x0000005bbba00000)]
  0x0000018aa4a9a000 JavaThread "jar transforms Thread 77" [_thread_blocked, id=12312, stack(0x0000005bbba00000,0x0000005bbbb00000)]
  0x0000018aa4a9c800 JavaThread "jar transforms Thread 78" [_thread_blocked, id=13668, stack(0x0000005bbbb00000,0x0000005bbbc00000)]
  0x0000018aa4a9d800 JavaThread "jar transforms Thread 79" [_thread_blocked, id=18948, stack(0x0000005bbbc00000,0x0000005bbbd00000)]
  0x0000018aa4a9b000 JavaThread "jar transforms Thread 80" [_thread_blocked, id=7812, stack(0x0000005bbbd00000,0x0000005bbbe00000)]
  0x0000018aa4a97800 JavaThread "jar transforms Thread 81" [_thread_blocked, id=15892, stack(0x0000005bbbe00000,0x0000005bbbf00000)]
  0x0000018aa4a98800 JavaThread "jar transforms Thread 82" [_thread_blocked, id=18892, stack(0x0000005bbbf00000,0x0000005bbc000000)]
  0x0000018aa4a9e000 JavaThread "jar transforms Thread 83" [_thread_blocked, id=3060, stack(0x0000005bbc000000,0x0000005bbc100000)]
  0x0000018aa4a9f000 JavaThread "jar transforms Thread 84" [_thread_blocked, id=10652, stack(0x0000005bbc100000,0x0000005bbc200000)]
  0x0000018aa4aa0000 JavaThread "jar transforms Thread 85" [_thread_blocked, id=4716, stack(0x0000005bbc200000,0x0000005bbc300000)]
  0x0000018aa4aa0800 JavaThread "jar transforms Thread 86" [_thread_blocked, id=9624, stack(0x0000005bbc300000,0x0000005bbc400000)]
  0x0000018aa41a5800 JavaThread "jar transforms Thread 87" [_thread_blocked, id=18500, stack(0x0000005bbc400000,0x0000005bbc500000)]
  0x0000018aa41a3000 JavaThread "jar transforms Thread 88" [_thread_blocked, id=18460, stack(0x0000005bbc500000,0x0000005bbc600000)]
  0x0000018aa41a6000 JavaThread "jar transforms Thread 89" [_thread_blocked, id=16252, stack(0x0000005bbc600000,0x0000005bbc700000)]
  0x0000018aa41a2000 JavaThread "jar transforms Thread 90" [_thread_blocked, id=19572, stack(0x0000005bbc700000,0x0000005bbc800000)]
  0x0000018aa41a7000 JavaThread "jar transforms Thread 91" [_thread_blocked, id=11040, stack(0x0000005bbc800000,0x0000005bbc900000)]
  0x0000018aa41a1800 JavaThread "jar transforms Thread 92" [_thread_blocked, id=20448, stack(0x0000005bbc900000,0x0000005bbca00000)]
  0x0000018aa41a8000 JavaThread "jar transforms Thread 93" [_thread_blocked, id=6252, stack(0x0000005bbca00000,0x0000005bbcb00000)]
  0x0000018aa41a4800 JavaThread "jar transforms Thread 94" [_thread_blocked, id=20704, stack(0x0000005bbcb00000,0x0000005bbcc00000)]
  0x0000018aa41a8800 JavaThread "jar transforms Thread 95" [_thread_blocked, id=5212, stack(0x0000005bbcc00000,0x0000005bbcd00000)]
  0x0000018aa41a9800 JavaThread "jar transforms Thread 96" [_thread_blocked, id=12524, stack(0x0000005bbcd00000,0x0000005bbce00000)]
  0x0000018aa41a3800 JavaThread "jar transforms Thread 97" [_thread_blocked, id=11548, stack(0x0000005bbce00000,0x0000005bbcf00000)]
  0x0000018aa41aa000 JavaThread "jar transforms Thread 98" [_thread_blocked, id=7104, stack(0x0000005bbcf00000,0x0000005bbd000000)]
  0x0000018aa41ac000 JavaThread "jar transforms Thread 99" [_thread_blocked, id=8668, stack(0x0000005bbd000000,0x0000005bbd100000)]
  0x0000018aa41ac800 JavaThread "jar transforms Thread 100" [_thread_blocked, id=15908, stack(0x0000005bbd100000,0x0000005bbd200000)]
  0x0000018aa41af000 JavaThread "jar transforms Thread 101" [_thread_blocked, id=10592, stack(0x0000005bbd200000,0x0000005bbd300000)]
  0x0000018aa41ab000 JavaThread "jar transforms Thread 102" [_thread_blocked, id=21472, stack(0x0000005bbd300000,0x0000005bbd400000)]
  0x0000018aa41b0000 JavaThread "jar transforms Thread 103" [_thread_blocked, id=5136, stack(0x0000005bbd400000,0x0000005bbd500000)]
  0x0000018aa41ad800 JavaThread "jar transforms Thread 104" [_thread_blocked, id=1184, stack(0x0000005bbd500000,0x0000005bbd600000)]
  0x0000018aa41ae800 JavaThread "jar transforms Thread 105" [_thread_blocked, id=1328, stack(0x0000005bbd600000,0x0000005bbd700000)]
  0x0000018aa1511800 JavaThread "jar transforms Thread 106" [_thread_blocked, id=10048, stack(0x0000005bbd700000,0x0000005bbd800000)]
  0x0000018aa1512800 JavaThread "jar transforms Thread 107" [_thread_blocked, id=11472, stack(0x0000005bbd800000,0x0000005bbd900000)]
  0x0000018aa150e800 JavaThread "jar transforms Thread 108" [_thread_blocked, id=18932, stack(0x0000005bbd900000,0x0000005bbda00000)]
  0x0000018aa1513000 JavaThread "jar transforms Thread 109" [_thread_blocked, id=15780, stack(0x0000005bbda00000,0x0000005bbdb00000)]
  0x0000018aa1510800 JavaThread "jar transforms Thread 110" [_thread_blocked, id=15644, stack(0x0000005bbdb00000,0x0000005bbdc00000)]
  0x0000018aa1510000 JavaThread "jar transforms Thread 111" [_thread_blocked, id=4752, stack(0x0000005bbdc00000,0x0000005bbdd00000)]
  0x0000018aa1514000 JavaThread "jar transforms Thread 112" [_thread_blocked, id=15256, stack(0x0000005bbdd00000,0x0000005bbde00000)]
  0x0000018aa1515000 JavaThread "jar transforms Thread 113" [_thread_blocked, id=11316, stack(0x0000005bbde00000,0x0000005bbdf00000)]
  0x0000018aa150f000 JavaThread "jar transforms Thread 114" [_thread_blocked, id=7744, stack(0x0000005bbdf00000,0x0000005bbe000000)]
  0x0000018aa1518000 JavaThread "jar transforms Thread 115" [_thread_blocked, id=15768, stack(0x0000005bbe000000,0x0000005bbe100000)]
  0x0000018aa1515800 JavaThread "Cache worker for Build Output Cleanup Cache (D:\FACULTATE COZMA DANIEL NECULAI\Anul 3\Sem 1\Pam Tabarca\Aplicatie Android Licenta\Robot\.gradle\buildOutputCleanup)" [_thread_blocked, id=13384, stack(0x0000005bb5e00000,0x0000005bb5f00000)]
  0x0000018aa1bc2000 JavaThread "C2 CompilerThread1" daemon [_thread_in_native, id=19392, stack(0x0000005bb5f00000,0x0000005bb6000000)]
  0x0000018aa469d800 JavaThread "C2 CompilerThread2" daemon [_thread_in_native, id=10636, stack(0x0000005bbe100000,0x0000005bbe200000)]

Other Threads:
  0x0000018a9f312800 VMThread "VM Thread" [stack: 0x0000005bb3c00000,0x0000005bb3d00000] [id=16916]
  0x0000018a9fe18800 WatcherThread [stack: 0x0000005bb4600000,0x0000005bb4700000] [id=14236]
  0x0000018a82f7a000 GCTaskThread "GC Thread#0" [stack: 0x0000005bb3700000,0x0000005bb3800000] [id=13552]
  0x0000018aa0724000 GCTaskThread "GC Thread#1" [stack: 0x0000005bb4800000,0x0000005bb4900000] [id=21168]
  0x0000018aa057f000 GCTaskThread "GC Thread#2" [stack: 0x0000005bb4900000,0x0000005bb4a00000] [id=18316]
  0x0000018aa1ac7000 GCTaskThread "GC Thread#3" [stack: 0x0000005bb5600000,0x0000005bb5700000] [id=20184]
  0x0000018aa1d20800 GCTaskThread "GC Thread#4" [stack: 0x0000005bb5700000,0x0000005bb5800000] [id=9164]
  0x0000018aa1d33000 GCTaskThread "GC Thread#5" [stack: 0x0000005bb5800000,0x0000005bb5900000] [id=14176]
  0x0000018aa1d11800 GCTaskThread "GC Thread#6" [stack: 0x0000005bb5900000,0x0000005bb5a00000] [id=10024]
  0x0000018aa1ab9000 GCTaskThread "GC Thread#7" [stack: 0x0000005bb5a00000,0x0000005bb5b00000] [id=10628]
  0x0000018a830c9000 ConcurrentGCThread "G1 Main Marker" [stack: 0x0000005bb3800000,0x0000005bb3900000] [id=15400]
  0x0000018a830ca000 ConcurrentGCThread "G1 Conc#0" [stack: 0x0000005bb3900000,0x0000005bb3a00000] [id=8572]
  0x0000018aa1b7f800 ConcurrentGCThread "G1 Conc#1" [stack: 0x0000005bb5d00000,0x0000005bb5e00000] [id=8264]
  0x0000018a9f162800 ConcurrentGCThread "G1 Refine#0" [stack: 0x0000005bb3a00000,0x0000005bb3b00000] [id=2800]
  0x0000018a8312b800 ConcurrentGCThread "G1 Young RemSet Sampling" [stack: 0x0000005bb3b00000,0x0000005bb3c00000] [id=17048]

Threads with active compile tasks:
C2 CompilerThread0   6807 4696       4       java.net.URLClassLoader$1::run (5 bytes)
C1 CompilerThread0   6807 4876       3       org.gradle.internal.instantiation.generator.ParamsMatchingConstructorSelector::forParams (426 bytes)
C2 CompilerThread1   6807 4875       4       org.objectweb.asm.SymbolTable::addConstantUtf8 (98 bytes)
C2 CompilerThread2   6807 4785   !   4       java.util.jar.Attributes::read (388 bytes)

VM state:not at safepoint (normal execution)

VM Mutex/Monitor currently owned by a thread: None

Heap address: 0x0000000080000000, size: 2048 MB, Compressed Oops mode: 32-bit
Narrow klass base: 0x0000000000000000, Narrow klass shift: 3
Compressed class space size: 1073741824 Address: 0x0000000100000000

Heap:
 garbage-first heap   total 157696K, used 49545K [0x0000000080000000, 0x0000000100000000)
  region size 1024K, 18 young (18432K), 11 survivors (11264K)
 Metaspace       used 53851K, capacity 55127K, committed 55376K, reserved 1097728K
  class space    used 6826K, capacity 7299K, committed 7424K, reserved 1048576K
Heap Regions: E=young(eden), S=young(survivor), O=old, HS=humongous(starts), HC=humongous(continues), CS=collection set, F=free, A=archive, TAMS=top-at-mark-start (previous, next)
|   0|0x0000000080000000, 0x0000000080100000, 0x0000000080100000|100%| O|  |TAMS 0x0000000080000000, 0x0000000080000000| Untracked 
|   1|0x0000000080100000, 0x0000000080200000, 0x0000000080200000|100%| O|  |TAMS 0x0000000080200000, 0x0000000080100000| Untracked 
|   2|0x0000000080200000, 0x0000000080300000, 0x0000000080300000|100%| O|  |TAMS 0x0000000080300000, 0x0000000080200000| Untracked 
|   3|0x0000000080300000, 0x0000000080400000, 0x0000000080400000|100%|HS|  |TAMS 0x0000000080400000, 0x0000000080300000| Complete 
|   4|0x0000000080400000, 0x0000000080500000, 0x0000000080500000|100%|HC|  |TAMS 0x0000000080500000, 0x0000000080400000| Complete 
|   5|0x0000000080500000, 0x0000000080600000, 0x0000000080600000|100%|HC|  |TAMS 0x0000000080600000, 0x0000000080500000| Complete 
|   6|0x0000000080600000, 0x0000000080700000, 0x0000000080700000|100%| O|  |TAMS 0x0000000080700000, 0x0000000080600000| Untracked 
|   7|0x0000000080700000, 0x0000000080800000, 0x0000000080800000|100%| O|  |TAMS 0x0000000080800000, 0x0000000080700000| Untracked 
|   8|0x0000000080800000, 0x0000000080900000, 0x0000000080900000|100%| O|  |TAMS 0x0000000080900000, 0x0000000080800000| Untracked 
|   9|0x0000000080900000, 0x0000000080a00000, 0x0000000080a00000|100%| O|  |TAMS 0x0000000080a00000, 0x0000000080900000| Untracked 
|  10|0x0000000080a00000, 0x0000000080b00000, 0x0000000080b00000|100%| O|  |TAMS 0x0000000080b00000, 0x0000000080a00000| Untracked 
|  11|0x0000000080b00000, 0x0000000080c00000, 0x0000000080c00000|100%| O|  |TAMS 0x0000000080c00000, 0x0000000080b00000| Untracked 
|  12|0x0000000080c00000, 0x0000000080d00000, 0x0000000080d00000|100%| O|  |TAMS 0x0000000080d00000, 0x0000000080c00000| Untracked 
|  13|0x0000000080d00000, 0x0000000080e00000, 0x0000000080e00000|100%| O|  |TAMS 0x0000000080e00000, 0x0000000080d00000| Untracked 
|  14|0x0000000080e00000, 0x0000000080f00000, 0x0000000080f00000|100%| O|  |TAMS 0x0000000080f00000, 0x0000000080e00000| Untracked 
|  15|0x0000000080f00000, 0x0000000081000000, 0x0000000081000000|100%| O|  |TAMS 0x0000000081000000, 0x0000000080f00000| Untracked 
|  16|0x0000000081000000, 0x0000000081100000, 0x0000000081100000|100%| O|  |TAMS 0x0000000081033e00, 0x0000000081000000| Untracked 
|  17|0x0000000081100000, 0x0000000081200000, 0x0000000081200000|100%| O|  |TAMS 0x0000000081100000, 0x0000000081100000| Untracked 
|  18|0x0000000081200000, 0x0000000081300000, 0x0000000081300000|100%| O|  |TAMS 0x0000000081200000, 0x0000000081200000| Untracked 
|  19|0x0000000081300000, 0x0000000081400000, 0x0000000081400000|100%| O|  |TAMS 0x0000000081300000, 0x0000000081300000| Untracked 
|  20|0x0000000081400000, 0x0000000081500000, 0x0000000081500000|100%| O|  |TAMS 0x0000000081400000, 0x0000000081400000| Untracked 
|  21|0x0000000081500000, 0x0000000081600000, 0x0000000081600000|100%|HS|  |TAMS 0x0000000081500000, 0x0000000081500000| Complete 
|  22|0x0000000081600000, 0x0000000081700000, 0x0000000081700000|100%|HS|  |TAMS 0x0000000081600000, 0x0000000081600000| Complete 
|  23|0x0000000081700000, 0x0000000081800000, 0x0000000081800000|100%|HC|  |TAMS 0x0000000081700000, 0x0000000081700000| Complete 
|  24|0x0000000081800000, 0x0000000081900000, 0x0000000081900000|100%|HC|  |TAMS 0x0000000081800000, 0x0000000081800000| Complete 
|  25|0x0000000081900000, 0x0000000081a00000, 0x0000000081a00000|100%|HS|  |TAMS 0x0000000081900000, 0x0000000081900000| Complete 
|  26|0x0000000081a00000, 0x0000000081b00000, 0x0000000081b00000|100%|HC|  |TAMS 0x0000000081a00000, 0x0000000081a00000| Complete 
|  27|0x0000000081b00000, 0x0000000081c00000, 0x0000000081c00000|100%| O|  |TAMS 0x0000000081b00000, 0x0000000081b00000| Untracked 
|  28|0x0000000081c00000, 0x0000000081d00000, 0x0000000081d00000|100%| O|  |TAMS 0x0000000081c00000, 0x0000000081c00000| Untracked 
|  29|0x0000000081d00000, 0x0000000081e00000, 0x0000000081e00000|100%| O|  |TAMS 0x0000000081d00000, 0x0000000081d00000| Untracked 
|  30|0x0000000081e00000, 0x0000000081f00000, 0x0000000081f00000|100%| O|  |TAMS 0x0000000081e00000, 0x0000000081e00000| Untracked 
|  31|0x0000000081f00000, 0x0000000082000000, 0x0000000082000000|100%| O|  |TAMS 0x0000000081f00000, 0x0000000081f00000| Untracked 
|  32|0x0000000082000000, 0x0000000082062600, 0x0000000082100000| 38%| O|  |TAMS 0x0000000082000000, 0x0000000082000000| Untracked 
|  33|0x0000000082100000, 0x0000000082100000, 0x0000000082200000|  0%| F|  |TAMS 0x0000000082100000, 0x0000000082100000| Untracked 
|  34|0x0000000082200000, 0x0000000082200000, 0x0000000082300000|  0%| F|  |TAMS 0x0000000082200000, 0x0000000082200000| Untracked 
|  35|0x0000000082300000, 0x0000000082300000, 0x0000000082400000|  0%| F|  |TAMS 0x0000000082300000, 0x0000000082300000| Untracked 
|  36|0x0000000082400000, 0x0000000082400000, 0x0000000082500000|  0%| F|  |TAMS 0x0000000082400000, 0x0000000082400000| Untracked 
|  37|0x0000000082500000, 0x0000000082500000, 0x0000000082600000|  0%| F|  |TAMS 0x0000000082500000, 0x0000000082500000| Untracked 
|  38|0x0000000082600000, 0x0000000082600000, 0x0000000082700000|  0%| F|  |TAMS 0x0000000082600000, 0x0000000082600000| Untracked 
|  39|0x0000000082700000, 0x0000000082700000, 0x0000000082800000|  0%| F|  |TAMS 0x0000000082700000, 0x0000000082700000| Untracked 
|  40|0x0000000082800000, 0x0000000082800000, 0x0000000082900000|  0%| F|  |TAMS 0x0000000082800000, 0x0000000082800000| Untracked 
|  41|0x0000000082900000, 0x0000000082900000, 0x0000000082a00000|  0%| F|  |TAMS 0x0000000082900000, 0x0000000082900000| Untracked 
|  42|0x0000000082a00000, 0x0000000082a00000, 0x0000000082b00000|  0%| F|  |TAMS 0x0000000082a00000, 0x0000000082a00000| Untracked 
|  43|0x0000000082b00000, 0x0000000082b00000, 0x0000000082c00000|  0%| F|  |TAMS 0x0000000082b00000, 0x0000000082b00000| Untracked 
|  44|0x0000000082c00000, 0x0000000082c00000, 0x0000000082d00000|  0%| F|  |TAMS 0x0000000082c00000, 0x0000000082c00000| Untracked 
|  45|0x0000000082d00000, 0x0000000082d00000, 0x0000000082e00000|  0%| F|  |TAMS 0x0000000082d00000, 0x0000000082d00000| Untracked 
|  46|0x0000000082e00000, 0x0000000082e00000, 0x0000000082f00000|  0%| F|  |TAMS 0x0000000082e00000, 0x0000000082e00000| Untracked 
|  47|0x0000000082f00000, 0x0000000082f00000, 0x0000000083000000|  0%| F|  |TAMS 0x0000000082f00000, 0x0000000082f00000| Untracked 
|  48|0x0000000083000000, 0x0000000083000000, 0x0000000083100000|  0%| F|  |TAMS 0x0000000083000000, 0x0000000083000000| Untracked 
|  49|0x0000000083100000, 0x0000000083100000, 0x0000000083200000|  0%| F|  |TAMS 0x0000000083100000, 0x0000000083100000| Untracked 
|  50|0x0000000083200000, 0x0000000083200000, 0x0000000083300000|  0%| F|  |TAMS 0x0000000083200000, 0x0000000083200000| Untracked 
|  51|0x0000000083300000, 0x0000000083300000, 0x0000000083400000|  0%| F|  |TAMS 0x0000000083300000, 0x0000000083300000| Untracked 
|  52|0x0000000083400000, 0x0000000083400000, 0x0000000083500000|  0%| F|  |TAMS 0x0000000083400000, 0x0000000083400000| Untracked 
|  53|0x0000000083500000, 0x0000000083500000, 0x0000000083600000|  0%| F|  |TAMS 0x0000000083500000, 0x0000000083500000| Untracked 
|  54|0x0000000083600000, 0x0000000083600000, 0x0000000083700000|  0%| F|  |TAMS 0x0000000083600000, 0x0000000083600000| Untracked 
|  55|0x0000000083700000, 0x0000000083700000, 0x0000000083800000|  0%| F|  |TAMS 0x0000000083700000, 0x0000000083700000| Untracked 
|  56|0x0000000083800000, 0x0000000083800000, 0x0000000083900000|  0%| F|  |TAMS 0x0000000083800000, 0x0000000083800000| Untracked 
|  57|0x0000000083900000, 0x0000000083900000, 0x0000000083a00000|  0%| F|  |TAMS 0x0000000083900000, 0x0000000083900000| Untracked 
|  58|0x0000000083a00000, 0x0000000083a00000, 0x0000000083b00000|  0%| F|  |TAMS 0x0000000083a00000, 0x0000000083a00000| Untracked 
|  59|0x0000000083b00000, 0x0000000083b00000, 0x0000000083c00000|  0%| F|  |TAMS 0x0000000083b00000, 0x0000000083b00000| Untracked 
|  60|0x0000000083c00000, 0x0000000083c00000, 0x0000000083d00000|  0%| F|  |TAMS 0x0000000083c00000, 0x0000000083c00000| Untracked 
|  61|0x0000000083d00000, 0x0000000083d00000, 0x0000000083e00000|  0%| F|  |TAMS 0x0000000083d00000, 0x0000000083d00000| Untracked 
|  62|0x0000000083e00000, 0x0000000083e00000, 0x0000000083f00000|  0%| F|  |TAMS 0x0000000083e00000, 0x0000000083e00000| Untracked 
|  63|0x0000000083f00000, 0x0000000083f00000, 0x0000000084000000|  0%| F|  |TAMS 0x0000000083f00000, 0x0000000083f00000| Untracked 
|  64|0x0000000084000000, 0x0000000084000000, 0x0000000084100000|  0%| F|  |TAMS 0x0000000084000000, 0x0000000084000000| Untracked 
|  65|0x0000000084100000, 0x0000000084100000, 0x0000000084200000|  0%| F|  |TAMS 0x0000000084100000, 0x0000000084100000| Untracked 
|  66|0x0000000084200000, 0x0000000084300000, 0x0000000084300000|100%| S|CS|TAMS 0x0000000084200000, 0x0000000084200000| Complete 
|  67|0x0000000084300000, 0x0000000084400000, 0x0000000084400000|100%| S|CS|TAMS 0x0000000084300000, 0x0000000084300000| Complete 
|  68|0x0000000084400000, 0x0000000084500000, 0x0000000084500000|100%| S|CS|TAMS 0x0000000084400000, 0x0000000084400000| Complete 
|  69|0x0000000084500000, 0x0000000084600000, 0x0000000084600000|100%| S|CS|TAMS 0x0000000084500000, 0x0000000084500000| Complete 
|  70|0x0000000084600000, 0x0000000084700000, 0x0000000084700000|100%| S|CS|TAMS 0x0000000084600000, 0x0000000084600000| Complete 
|  71|0x0000000084700000, 0x0000000084800000, 0x0000000084800000|100%| S|CS|TAMS 0x0000000084700000, 0x0000000084700000| Complete 
|  72|0x0000000084800000, 0x0000000084900000, 0x0000000084900000|100%| S|CS|TAMS 0x0000000084800000, 0x0000000084800000| Complete 
|  73|0x0000000084900000, 0x0000000084a00000, 0x0000000084a00000|100%| S|CS|TAMS 0x0000000084900000, 0x0000000084900000| Complete 
|  74|0x0000000084a00000, 0x0000000084b00000, 0x0000000084b00000|100%| S|CS|TAMS 0x0000000084a00000, 0x0000000084a00000| Complete 
|  75|0x0000000084b00000, 0x0000000084c00000, 0x0000000084c00000|100%| S|CS|TAMS 0x0000000084b00000, 0x0000000084b00000| Complete 
|  76|0x0000000084c00000, 0x0000000084d00000, 0x0000000084d00000|100%| S|CS|TAMS 0x0000000084c00000, 0x0000000084c00000| Complete 
|  77|0x0000000084d00000, 0x0000000084d00000, 0x0000000084e00000|  0%| F|  |TAMS 0x0000000084d00000, 0x0000000084d00000| Untracked 
|  78|0x0000000084e00000, 0x0000000084e00000, 0x0000000084f00000|  0%| F|  |TAMS 0x0000000084e00000, 0x0000000084e00000| Untracked 
|  79|0x0000000084f00000, 0x0000000084f00000, 0x0000000085000000|  0%| F|  |TAMS 0x0000000084f00000, 0x0000000084f00000| Untracked 
|  80|0x0000000085000000, 0x0000000085000000, 0x0000000085100000|  0%| F|  |TAMS 0x0000000085000000, 0x0000000085000000| Untracked 
|  81|0x0000000085100000, 0x0000000085100000, 0x0000000085200000|  0%| F|  |TAMS 0x0000000085100000, 0x0000000085100000| Untracked 
|  82|0x0000000085200000, 0x0000000085200000, 0x0000000085300000|  0%| F|  |TAMS 0x0000000085200000, 0x0000000085200000| Untracked 
|  83|0x0000000085300000, 0x0000000085300000, 0x0000000085400000|  0%| F|  |TAMS 0x0000000085300000, 0x0000000085300000| Untracked 
|  84|0x0000000085400000, 0x0000000085400000, 0x0000000085500000|  0%| F|  |TAMS 0x0000000085400000, 0x0000000085400000| Untracked 
|  85|0x0000000085500000, 0x0000000085500000, 0x0000000085600000|  0%| F|  |TAMS 0x0000000085500000, 0x0000000085500000| Untracked 
|  86|0x0000000085600000, 0x0000000085600000, 0x0000000085700000|  0%| F|  |TAMS 0x0000000085600000, 0x0000000085600000| Untracked 
|  87|0x0000000085700000, 0x0000000085700000, 0x0000000085800000|  0%| F|  |TAMS 0x0000000085700000, 0x0000000085700000| Untracked 
|  88|0x0000000085800000, 0x0000000085800000, 0x0000000085900000|  0%| F|  |TAMS 0x0000000085800000, 0x0000000085800000| Untracked 
|  89|0x0000000085900000, 0x0000000085900000, 0x0000000085a00000|  0%| F|  |TAMS 0x0000000085900000, 0x0000000085900000| Untracked 
|  90|0x0000000085a00000, 0x0000000085a00000, 0x0000000085b00000|  0%| F|  |TAMS 0x0000000085a00000, 0x0000000085a00000| Untracked 
|  91|0x0000000085b00000, 0x0000000085b00000, 0x0000000085c00000|  0%| F|  |TAMS 0x0000000085b00000, 0x0000000085b00000| Untracked 
|  92|0x0000000085c00000, 0x0000000085c00000, 0x0000000085d00000|  0%| F|  |TAMS 0x0000000085c00000, 0x0000000085c00000| Untracked 
|  93|0x0000000085d00000, 0x0000000085d00000, 0x0000000085e00000|  0%| F|  |TAMS 0x0000000085d00000, 0x0000000085d00000| Untracked 
|  94|0x0000000085e00000, 0x0000000085e00000, 0x0000000085f00000|  0%| F|  |TAMS 0x0000000085e00000, 0x0000000085e00000| Untracked 
|  95|0x0000000085f00000, 0x0000000085f00000, 0x0000000086000000|  0%| F|  |TAMS 0x0000000085f00000, 0x0000000085f00000| Untracked 
|  96|0x0000000086000000, 0x0000000086000000, 0x0000000086100000|  0%| F|  |TAMS 0x0000000086000000, 0x0000000086000000| Untracked 
|  97|0x0000000086100000, 0x0000000086100000, 0x0000000086200000|  0%| F|  |TAMS 0x0000000086100000, 0x0000000086100000| Untracked 
|  98|0x0000000086200000, 0x0000000086200000, 0x0000000086300000|  0%| F|  |TAMS 0x0000000086200000, 0x0000000086200000| Untracked 
|  99|0x0000000086300000, 0x0000000086300000, 0x0000000086400000|  0%| F|  |TAMS 0x0000000086300000, 0x0000000086300000| Untracked 
| 100|0x0000000086400000, 0x0000000086400000, 0x0000000086500000|  0%| F|  |TAMS 0x0000000086400000, 0x0000000086400000| Untracked 
| 101|0x0000000086500000, 0x0000000086500000, 0x0000000086600000|  0%| F|  |TAMS 0x0000000086500000, 0x0000000086500000| Untracked 
| 102|0x0000000086600000, 0x0000000086600000, 0x0000000086700000|  0%| F|  |TAMS 0x0000000086600000, 0x0000000086600000| Untracked 
| 103|0x0000000086700000, 0x0000000086700000, 0x0000000086800000|  0%| F|  |TAMS 0x0000000086700000, 0x0000000086700000| Untracked 
| 104|0x0000000086800000, 0x0000000086800000, 0x0000000086900000|  0%| F|  |TAMS 0x0000000086800000, 0x0000000086800000| Untracked 
| 105|0x0000000086900000, 0x0000000086900000, 0x0000000086a00000|  0%| F|  |TAMS 0x0000000086900000, 0x0000000086900000| Untracked 
| 106|0x0000000086a00000, 0x0000000086a00000, 0x0000000086b00000|  0%| F|  |TAMS 0x0000000086a00000, 0x0000000086a00000| Untracked 
| 107|0x0000000086b00000, 0x0000000086b00000, 0x0000000086c00000|  0%| F|  |TAMS 0x0000000086b00000, 0x0000000086b00000| Untracked 
| 108|0x0000000086c00000, 0x0000000086c00000, 0x0000000086d00000|  0%| F|  |TAMS 0x0000000086c00000, 0x0000000086c00000| Untracked 
| 109|0x0000000086d00000, 0x0000000086d00000, 0x0000000086e00000|  0%| F|  |TAMS 0x0000000086d00000, 0x0000000086d00000| Untracked 
| 110|0x0000000086e00000, 0x0000000086e00000, 0x0000000086f00000|  0%| F|  |TAMS 0x0000000086e00000, 0x0000000086e00000| Untracked 
| 111|0x0000000086f00000, 0x0000000086f00000, 0x0000000087000000|  0%| F|  |TAMS 0x0000000086f00000, 0x0000000086f00000| Untracked 
| 112|0x0000000087000000, 0x0000000087000000, 0x0000000087100000|  0%| F|  |TAMS 0x0000000087000000, 0x0000000087000000| Untracked 
| 113|0x0000000087100000, 0x0000000087100000, 0x0000000087200000|  0%| F|  |TAMS 0x0000000087100000, 0x0000000087100000| Untracked 
| 114|0x0000000087200000, 0x0000000087200000, 0x0000000087300000|  0%| F|  |TAMS 0x0000000087200000, 0x0000000087200000| Untracked 
| 115|0x0000000087300000, 0x0000000087300000, 0x0000000087400000|  0%| F|  |TAMS 0x0000000087300000, 0x0000000087300000| Untracked 
| 116|0x0000000087400000, 0x0000000087400000, 0x0000000087500000|  0%| F|  |TAMS 0x0000000087400000, 0x0000000087400000| Untracked 
| 117|0x0000000087500000, 0x0000000087500000, 0x0000000087600000|  0%| F|  |TAMS 0x0000000087500000, 0x0000000087500000| Untracked 
| 118|0x0000000087600000, 0x0000000087600000, 0x0000000087700000|  0%| F|  |TAMS 0x0000000087600000, 0x0000000087600000| Untracked 
| 119|0x0000000087700000, 0x0000000087700000, 0x0000000087800000|  0%| F|  |TAMS 0x0000000087700000, 0x0000000087700000| Untracked 
| 120|0x0000000087800000, 0x0000000087800000, 0x0000000087900000|  0%| F|  |TAMS 0x0000000087800000, 0x0000000087800000| Untracked 
| 121|0x0000000087900000, 0x0000000087900000, 0x0000000087a00000|  0%| F|  |TAMS 0x0000000087900000, 0x0000000087900000| Untracked 
| 122|0x0000000087a00000, 0x0000000087a00000, 0x0000000087b00000|  0%| F|  |TAMS 0x0000000087a00000, 0x0000000087a00000| Untracked 
| 123|0x0000000087b00000, 0x0000000087b00000, 0x0000000087c00000|  0%| F|  |TAMS 0x0000000087b00000, 0x0000000087b00000| Untracked 
| 124|0x0000000087c00000, 0x0000000087c00000, 0x0000000087d00000|  0%| F|  |TAMS 0x0000000087c00000, 0x0000000087c00000| Untracked 
| 125|0x0000000087d00000, 0x0000000087d00000, 0x0000000087e00000|  0%| F|  |TAMS 0x0000000087d00000, 0x0000000087d00000| Untracked 
| 126|0x0000000087e00000, 0x0000000087e00000, 0x0000000087f00000|  0%| F|  |TAMS 0x0000000087e00000, 0x0000000087e00000| Untracked 
| 127|0x0000000087f00000, 0x0000000087f00000, 0x0000000088000000|  0%| F|  |TAMS 0x0000000087f00000, 0x0000000087f00000| Untracked 
| 128|0x0000000088000000, 0x0000000088000000, 0x0000000088100000|  0%| F|  |TAMS 0x0000000088000000, 0x0000000088000000| Untracked 
| 129|0x0000000088100000, 0x0000000088100000, 0x0000000088200000|  0%| F|  |TAMS 0x0000000088100000, 0x0000000088100000| Untracked 
| 130|0x0000000088200000, 0x0000000088200000, 0x0000000088300000|  0%| F|  |TAMS 0x0000000088200000, 0x0000000088200000| Untracked 
| 131|0x0000000088300000, 0x0000000088300000, 0x0000000088400000|  0%| F|  |TAMS 0x0000000088300000, 0x0000000088300000| Untracked 
| 132|0x0000000088400000, 0x0000000088400000, 0x0000000088500000|  0%| F|  |TAMS 0x0000000088400000, 0x0000000088400000| Untracked 
| 133|0x0000000088500000, 0x0000000088500000, 0x0000000088600000|  0%| F|  |TAMS 0x0000000088500000, 0x0000000088500000| Untracked 
| 134|0x0000000088600000, 0x0000000088600000, 0x0000000088700000|  0%| F|  |TAMS 0x0000000088600000, 0x0000000088600000| Untracked 
| 135|0x0000000088700000, 0x0000000088700000, 0x0000000088800000|  0%| F|  |TAMS 0x0000000088700000, 0x0000000088700000| Untracked 
| 136|0x0000000088800000, 0x0000000088800000, 0x0000000088900000|  0%| F|  |TAMS 0x0000000088800000, 0x0000000088800000| Untracked 
| 137|0x0000000088900000, 0x0000000088900000, 0x0000000088a00000|  0%| F|  |TAMS 0x0000000088900000, 0x0000000088900000| Untracked 
| 138|0x0000000088a00000, 0x0000000088a00000, 0x0000000088b00000|  0%| F|  |TAMS 0x0000000088a00000, 0x0000000088a00000| Untracked 
| 139|0x0000000088b00000, 0x0000000088b00000, 0x0000000088c00000|  0%| F|  |TAMS 0x0000000088b00000, 0x0000000088b00000| Untracked 
| 140|0x0000000088c00000, 0x0000000088c00000, 0x0000000088d00000|  0%| F|  |TAMS 0x0000000088c00000, 0x0000000088c00000| Untracked 
| 141|0x0000000088d00000, 0x0000000088d00000, 0x0000000088e00000|  0%| F|  |TAMS 0x0000000088d00000, 0x0000000088d00000| Untracked 
| 142|0x0000000088e00000, 0x0000000088e00000, 0x0000000088f00000|  0%| F|  |TAMS 0x0000000088e00000, 0x0000000088e00000| Untracked 
| 143|0x0000000088f00000, 0x0000000088f00000, 0x0000000089000000|  0%| F|  |TAMS 0x0000000088f00000, 0x0000000088f00000| Untracked 
| 144|0x0000000089000000, 0x0000000089000000, 0x0000000089100000|  0%| F|  |TAMS 0x0000000089000000, 0x0000000089000000| Untracked 
| 145|0x0000000089100000, 0x0000000089100000, 0x0000000089200000|  0%| F|  |TAMS 0x0000000089100000, 0x0000000089100000| Untracked 
| 146|0x0000000089200000, 0x0000000089200000, 0x0000000089300000|  0%| F|  |TAMS 0x0000000089200000, 0x0000000089200000| Untracked 
| 147|0x0000000089300000, 0x0000000089400000, 0x0000000089400000|100%| E|  |TAMS 0x0000000089300000, 0x0000000089300000| Complete 
| 148|0x0000000089400000, 0x0000000089500000, 0x0000000089500000|100%| E|CS|TAMS 0x0000000089400000, 0x0000000089400000| Complete 
| 149|0x0000000089500000, 0x0000000089600000, 0x0000000089600000|100%| E|CS|TAMS 0x0000000089500000, 0x0000000089500000| Complete 
| 150|0x0000000089600000, 0x0000000089700000, 0x0000000089700000|100%| E|CS|TAMS 0x0000000089600000, 0x0000000089600000| Complete 
| 151|0x0000000089700000, 0x0000000089800000, 0x0000000089800000|100%| E|  |TAMS 0x0000000089700000, 0x0000000089700000| Complete 
| 152|0x0000000089800000, 0x0000000089900000, 0x0000000089900000|100%| E|CS|TAMS 0x0000000089800000, 0x0000000089800000| Complete 
| 153|0x0000000089900000, 0x0000000089a00000, 0x0000000089a00000|100%| E|CS|TAMS 0x0000000089900000, 0x0000000089900000| Complete 

Card table byte_map: [0x0000018a98020000,0x0000018a98420000] _byte_map_base: 0x0000018a97c20000

Marking Bits (Prev, Next): (CMBitMap*) 0x0000018a830c82a8, (CMBitMap*) 0x0000018a830c82e0
 Prev Bits: [0x0000018a98820000, 0x0000018a9a820000)
 Next Bits: [0x0000018a9a820000, 0x0000018a9c820000)

Polling page: 0x0000018a83130000

Metaspace:

Usage:
  Non-class:     46.71 MB capacity,    45.94 MB ( 98%) used,   664.70 KB (  1%) free+waste,   117.50 KB ( <1%) overhead. 
      Class:      7.13 MB capacity,     6.67 MB ( 94%) used,   410.14 KB (  6%) free+waste,    55.75 KB ( <1%) overhead. 
       Both:     53.83 MB capacity,    52.62 MB ( 98%) used,     1.05 MB (  2%) free+waste,   173.25 KB ( <1%) overhead. 

Virtual space:
  Non-class space:       48.00 MB reserved,      46.83 MB ( 98%) committed 
      Class space:        1.00 GB reserved,       7.25 MB ( <1%) committed 
             Both:        1.05 GB reserved,      54.08 MB (  5%) committed 

Chunk freelists:
   Non-Class:  60.00 KB
       Class:  29.00 KB
        Both:  89.00 KB

MaxMetaspaceSize: 17179869184.00 GB
CompressedClassSpaceSize: 1.00 GB

CodeHeap 'non-profiled nmethods': size=120000Kb used=2491Kb max_used=2491Kb free=117509Kb
 bounds [0x0000018a8fc90000, 0x0000018a8ff00000, 0x0000018a971c0000]
CodeHeap 'profiled nmethods': size=120000Kb used=9646Kb max_used=9646Kb free=110353Kb
 bounds [0x0000018a88760000, 0x0000018a890d0000, 0x0000018a8fc90000]
CodeHeap 'non-nmethods': size=5760Kb used=2219Kb max_used=2243Kb free=3540Kb
 bounds [0x0000018a881c0000, 0x0000018a88430000, 0x0000018a88760000]
 total_blobs=5411 nmethods=4619 adapters=703
 compilation: enabled
              stopped_count=0, restarted_count=0
 full_count=0

Compilation events (20 events):
Event: 6.742 Thread 0x0000018a9f32d000 4862       3       sun.security.util.ObjectIdentifier::hashCode (8 bytes)
Event: 6.742 Thread 0x0000018a9f32d000 nmethod 4862 0x0000018a890c3510 code [0x0000018a890c36c0, 0x0000018a890c37e8]
Event: 6.744 Thread 0x0000018aa1bc2000 nmethod 4811 0x0000018a8fefbb90 code [0x0000018a8fefbd20, 0x0000018a8fefbf78]
Event: 6.744 Thread 0x0000018aa1bc2000 4860       4       java.math.BigInteger::implMulAddCheck (173 bytes)
Event: 6.745 Thread 0x0000018aa1bc2000 nmethod 4860 0x0000018a8fefc090 code [0x0000018a8fefc220, 0x0000018a8fefc318]
Event: 6.745 Thread 0x0000018aa1bc2000 4861       4       java.math.BigInteger::addOne (77 bytes)
Event: 6.745 Thread 0x0000018a9f32d000 4864       3       java.math.MutableBigInteger::compare (106 bytes)
Event: 6.746 Thread 0x0000018a9f32d000 nmethod 4864 0x0000018a890c3890 code [0x0000018a890c3a60, 0x0000018a890c3dd8]
Event: 6.746 Thread 0x0000018a9f32d000 4863       3       java.math.BigInteger::bitLengthForInt (8 bytes)
Event: 6.746 Thread 0x0000018a9f32d000 nmethod 4863 0x0000018a890c3f90 code [0x0000018a890c4140, 0x0000018a890c4248]
Event: 6.747 Thread 0x0000018a9f32d000 4865       3       java.math.BigInteger::squareToLen (33 bytes)
Event: 6.747 Thread 0x0000018a9f32d000 nmethod 4865 0x0000018a890c4310 code [0x0000018a890c44e0, 0x0000018a890c4778]
Event: 6.747 Thread 0x0000018a9f32d000 4866       3       java.math.BigInteger::implSquareToLenChecks (198 bytes)
Event: 6.747 Thread 0x0000018aa1bc2000 nmethod 4861 0x0000018a8fefc490 code [0x0000018a8fefc620, 0x0000018a8fefc738]
Event: 6.747 Thread 0x0000018aa1bc2000 4787       4       java.nio.charset.Charset::lookup (44 bytes)
Event: 6.749 Thread 0x0000018a9f32d000 nmethod 4866 0x0000018a890c4890 code [0x0000018a890c4e60, 0x0000018a890c77b8]
Event: 6.749 Thread 0x0000018a9f32d000 4867       3       java.math.BigInteger::multiplyToLenCheck (28 bytes)
Event: 6.750 Thread 0x0000018a9f32d000 nmethod 4867 0x0000018a890c8590 code [0x0000018a890c8780, 0x0000018a890c8b18]
Event: 6.751 Thread 0x0000018aa1bc2000 nmethod 4787 0x0000018a8fefc890 code [0x0000018a8fefca40, 0x0000018a8fefcd08]
Event: 6.751 Thread 0x0000018aa1bc2000 4868 %     4       java.math.BigInteger::implMultiplyToLen @ 135 (216 bytes)

GC Heap History (16 events):
Event: 0.755 GC heap before
{Heap before GC invocations=0 (full 0):
 garbage-first heap   total 131072K, used 29696K [0x0000000080000000, 0x0000000100000000)
  region size 1024K, 24 young (24576K), 0 survivors (0K)
 Metaspace       used 10808K, capacity 11077K, committed 11264K, reserved 1058816K
  class space    used 1146K, capacity 1203K, committed 1280K, reserved 1048576K
}
Event: 0.761 GC heap after
{Heap after GC invocations=1 (full 0):
 garbage-first heap   total 131072K, used 8753K [0x0000000080000000, 0x0000000100000000)
  region size 1024K, 3 young (3072K), 3 survivors (3072K)
 Metaspace       used 10808K, capacity 11077K, committed 11264K, reserved 1058816K
  class space    used 1146K, capacity 1203K, committed 1280K, reserved 1048576K
}
Event: 2.386 GC heap before
{Heap before GC invocations=1 (full 0):
 garbage-first heap   total 131072K, used 82481K [0x0000000080000000, 0x0000000100000000)
  region size 1024K, 76 young (77824K), 3 survivors (3072K)
 Metaspace       used 19357K, capacity 19761K, committed 19968K, reserved 1067008K
  class space    used 2343K, capacity 2470K, committed 2560K, reserved 1048576K
}
Event: 2.393 GC heap after
{Heap after GC invocations=2 (full 0):
 garbage-first heap   total 131072K, used 15473K [0x0000000080000000, 0x0000000100000000)
  region size 1024K, 10 young (10240K), 10 survivors (10240K)
 Metaspace       used 19357K, capacity 19761K, committed 19968K, reserved 1067008K
  class space    used 2343K, capacity 2470K, committed 2560K, reserved 1048576K
}
Event: 2.445 GC heap before
{Heap before GC invocations=2 (full 0):
 garbage-first heap   total 131072K, used 20593K [0x0000000080000000, 0x0000000100000000)
  region size 1024K, 16 young (16384K), 10 survivors (10240K)
 Metaspace       used 20652K, capacity 21120K, committed 21296K, reserved 1069056K
  class space    used 2430K, capacity 2607K, committed 2688K, reserved 1048576K
}
Event: 2.452 GC heap after
{Heap after GC invocations=3 (full 0):
 garbage-first heap   total 131072K, used 16237K [0x0000000080000000, 0x0000000100000000)
  region size 1024K, 1 young (1024K), 1 survivors (1024K)
 Metaspace       used 20652K, capacity 21120K, committed 21296K, reserved 1069056K
  class space    used 2430K, capacity 2607K, committed 2688K, reserved 1048576K
}
Event: 3.062 GC heap before
{Heap before GC invocations=4 (full 0):
 garbage-first heap   total 131072K, used 68461K [0x0000000080000000, 0x0000000100000000)
  region size 1024K, 52 young (53248K), 1 survivors (1024K)
 Metaspace       used 26677K, capacity 27301K, committed 27440K, reserved 1073152K
  class space    used 3424K, capacity 3609K, committed 3712K, reserved 1048576K
}
Event: 3.066 GC heap after
{Heap after GC invocations=5 (full 0):
 garbage-first heap   total 131072K, used 17889K [0x0000000080000000, 0x0000000100000000)
  region size 1024K, 3 young (3072K), 3 survivors (3072K)
 Metaspace       used 26677K, capacity 27301K, committed 27440K, reserved 1073152K
  class space    used 3424K, capacity 3609K, committed 3712K, reserved 1048576K
}
Event: 3.714 GC heap before
{Heap before GC invocations=5 (full 0):
 garbage-first heap   total 131072K, used 60897K [0x0000000080000000, 0x0000000100000000)
  region size 1024K, 46 young (47104K), 3 survivors (3072K)
 Metaspace       used 35093K, capacity 35755K, committed 35920K, reserved 1081344K
  class space    used 4487K, capacity 4745K, committed 4864K, reserved 1048576K
}
Event: 3.723 GC heap after
{Heap after GC invocations=6 (full 0):
 garbage-first heap   total 131072K, used 20988K [0x0000000080000000, 0x0000000100000000)
  region size 1024K, 6 young (6144K), 6 survivors (6144K)
 Metaspace       used 35093K, capacity 35755K, committed 35920K, reserved 1081344K
  class space    used 4487K, capacity 4745K, committed 4864K, reserved 1048576K
}
Event: 4.498 GC heap before
{Heap before GC invocations=7 (full 0):
 garbage-first heap   total 131072K, used 86524K [0x0000000080000000, 0x0000000100000000)
  region size 1024K, 67 young (68608K), 6 survivors (6144K)
 Metaspace       used 40438K, capacity 41279K, committed 41424K, reserved 1085440K
  class space    used 5176K, capacity 5491K, committed 5504K, reserved 1048576K
}
Event: 4.508 GC heap after
{Heap after GC invocations=8 (full 0):
 garbage-first heap   total 131072K, used 25022K [0x0000000080000000, 0x0000000100000000)
  region size 1024K, 8 young (8192K), 8 survivors (8192K)
 Metaspace       used 40438K, capacity 41279K, committed 41424K, reserved 1085440K
  class space    used 5176K, capacity 5491K, committed 5504K, reserved 1048576K
}
Event: 5.251 GC heap before
{Heap before GC invocations=8 (full 0):
 garbage-first heap   total 131072K, used 88510K [0x0000000080000000, 0x0000000100000000)
  region size 1024K, 70 young (71680K), 8 survivors (8192K)
 Metaspace       used 43533K, capacity 44605K, committed 44752K, reserved 1087488K
  class space    used 5569K, capacity 5937K, committed 6016K, reserved 1048576K
}
Event: 5.262 GC heap after
{Heap after GC invocations=9 (full 0):
 garbage-first heap   total 157696K, used 28498K [0x0000000080000000, 0x0000000100000000)
  region size 1024K, 8 young (8192K), 8 survivors (8192K)
 Metaspace       used 43533K, capacity 44605K, committed 44752K, reserved 1087488K
  class space    used 5569K, capacity 5937K, committed 6016K, reserved 1048576K
}
Event: 6.685 GC heap before
{Heap before GC invocations=9 (full 0):
 garbage-first heap   total 157696K, used 112466K [0x0000000080000000, 0x0000000100000000)
  region size 1024K, 85 young (87040K), 8 survivors (8192K)
 Metaspace       used 53764K, capacity 54964K, committed 55248K, reserved 1097728K
  class space    used 6817K, capacity 7266K, committed 7296K, reserved 1048576K
}
Event: 6.702 GC heap after
{Heap after GC invocations=10 (full 0):
 garbage-first heap   total 157696K, used 44425K [0x0000000080000000, 0x0000000100000000)
  region size 1024K, 11 young (11264K), 11 survivors (11264K)
 Metaspace       used 53764K, capacity 54964K, committed 55248K, reserved 1097728K
  class space    used 6817K, capacity 7266K, committed 7296K, reserved 1048576K
}

Deoptimization events (20 events):
Event: 6.663 Thread 0x0000018aa177a800 DEOPT PACKING pc=0x0000018a8fec7da4 sp=0x0000005bb51f2b00
Event: 6.663 Thread 0x0000018aa177a800 DEOPT UNPACKING pc=0x0000018a881e74af sp=0x0000005bb51f2a10 mode 2
Event: 6.663 Thread 0x0000018aa177a800 Uncommon trap: trap_request=0xffffff4d fr.pc=0x0000018a8fe5f1f0 relative=0x0000000000001110
Event: 6.663 Thread 0x0000018aa177a800 Uncommon trap: reason=unstable_if action=reinterpret pc=0x0000018a8fe5f1f0 method=java.security.CodeSource.getCertificates()[Ljava/security/cert/Certificate; @ 4 c2
Event: 6.663 Thread 0x0000018aa177a800 DEOPT PACKING pc=0x0000018a8fe5f1f0 sp=0x0000005bb51f2bb0
Event: 6.663 Thread 0x0000018aa177a800 DEOPT UNPACKING pc=0x0000018a881e74af sp=0x0000005bb51f2b48 mode 2
Event: 6.728 Thread 0x0000018aa177a800 DEOPT PACKING pc=0x0000018a89096cf2 sp=0x0000005bb51f5420
Event: 6.729 Thread 0x0000018aa177a800 DEOPT UNPACKING pc=0x0000018a881e72ce sp=0x0000005bb51f4898 mode 0
Event: 6.729 Thread 0x0000018aa177a800 DEOPT PACKING pc=0x0000018a89096cf2 sp=0x0000005bb51f5420
Event: 6.729 Thread 0x0000018aa177a800 DEOPT UNPACKING pc=0x0000018a881e72ce sp=0x0000005bb51f4898 mode 0
Event: 6.729 Thread 0x0000018aa177a800 DEOPT PACKING pc=0x0000018a89096cf2 sp=0x0000005bb51f5420
Event: 6.729 Thread 0x0000018aa177a800 DEOPT UNPACKING pc=0x0000018a881e72ce sp=0x0000005bb51f4898 mode 0
Event: 6.729 Thread 0x0000018aa177a800 DEOPT PACKING pc=0x0000018a89096cf2 sp=0x0000005bb51f5420
Event: 6.729 Thread 0x0000018aa177a800 DEOPT UNPACKING pc=0x0000018a881e72ce sp=0x0000005bb51f4898 mode 0
Event: 6.729 Thread 0x0000018aa177a800 DEOPT PACKING pc=0x0000018a89096cf2 sp=0x0000005bb51f5420
Event: 6.729 Thread 0x0000018aa177a800 DEOPT UNPACKING pc=0x0000018a881e72ce sp=0x0000005bb51f4898 mode 0
Event: 6.730 Thread 0x0000018aa177a800 Uncommon trap: trap_request=0xffffff4d fr.pc=0x0000018a8fe1b138 relative=0x0000000000000278
Event: 6.730 Thread 0x0000018aa177a800 Uncommon trap: reason=unstable_if action=reinterpret pc=0x0000018a8fe1b138 method=java.util.LinkedHashMap.get(Ljava/lang/Object;)Ljava/lang/Object; @ 20 c2
Event: 6.730 Thread 0x0000018aa177a800 DEOPT PACKING pc=0x0000018a8fe1b138 sp=0x0000005bb51f5000
Event: 6.730 Thread 0x0000018aa177a800 DEOPT UNPACKING pc=0x0000018a881e74af sp=0x0000005bb51f4fb8 mode 2

Classes redefined (0 events):
No events

Internal exceptions (20 events):
Event: 5.593 Thread 0x0000018aa177a800 Exception <a 'java/lang/ClassNotFoundException'{0x0000000088996e28}: build_d5ushsb4qttoy41295vvnnvliBeanInfo> (0x0000000088996e28) thrown at [./src/hotspot/share/classfile/systemDictionary.cpp, line 231]
Event: 5.593 Thread 0x0000018aa177a800 Exception <a 'java/lang/ClassNotFoundException'{0x000000008899f720}: build_d5ushsb4qttoy41295vvnnvliCustomizer> (0x000000008899f720) thrown at [./src/hotspot/share/classfile/systemDictionary.cpp, line 231]
Event: 5.600 Thread 0x0000018aa177a800 Exception <a 'java/lang/ClassNotFoundException'{0x000000008880a130}: org/gradle/plugin/use/internal/PluginRequestCollector$PluginDependenciesSpecImplBeanInfo> (0x000000008880a130) thrown at [./src/hotspot/share/classfile/systemDictionary.cpp, line 231]
Event: 5.601 Thread 0x0000018aa177a800 Exception <a 'java/lang/ClassNotFoundException'{0x000000008882cb68}: org/gradle/plugin/use/internal/PluginRequestCollector$PluginDependenciesSpecImplCustomizer> (0x000000008882cb68) thrown at [./src/hotspot/share/classfile/systemDictionary.cpp, line 231]
Event: 5.607 Thread 0x0000018aa177a800 Exception <a 'java/lang/NoSuchMethodError'{0x000000008888e6f0}: 'void java.lang.invoke.DirectMethodHandle$Holder.invokeInterface(java.lang.Object, java.lang.Object)'> (0x000000008888e6f0) thrown at [./src/hotspot/share/interpreter/linkResolver.cpp, line 773]
Event: 5.631 Thread 0x0000018aa177a800 Exception <a 'java/lang/ClassNotFoundException'{0x0000000088676a68}: org/gradle/api/internal/plugins/DefaultObjectConfigurationActionBeanInfo> (0x0000000088676a68) thrown at [./src/hotspot/share/classfile/systemDictionary.cpp, line 231]
Event: 5.632 Thread 0x0000018aa177a800 Exception <a 'java/lang/ClassNotFoundException'{0x000000008869edd8}: org/gradle/api/internal/plugins/DefaultObjectConfigurationActionCustomizer> (0x000000008869edd8) thrown at [./src/hotspot/share/classfile/systemDictionary.cpp, line 231]
Event: 5.699 Thread 0x0000018aa177a800 Exception <a 'java/lang/NoSuchMethodError'{0x0000000088154f80}: 'void java.lang.invoke.DirectMethodHandle$Holder.invokeStatic(java.lang.Object, java.lang.Object, java.lang.Object, java.lang.Object, java.lang.Object)'> (0x0000000088154f80) thrown at [./src/hotspot/share/interpreter/linkResolver.cpp, line 773]
Event: 5.817 Thread 0x0000018aa177a800 Exception <a 'java/lang/NoSuchMethodError'{0x0000000087aa9230}: 'java.lang.Object java.lang.invoke.DelegatingMethodHandle$Holder.reinvoke_L(java.lang.Object, java.lang.Object, java.lang.Object, java.lang.Object, java.lang.Object, java.lang.Object, java.lang.Object, java.lang.Object, java.lang.Object, java.lang.Object, java.lang.Object, java.lang.Object, java.lang.Object, java.lang.Object, java.lang.Object, java.lang.Object, java.lang.Object)'> (0x0000000087aa9230) thrown at [./src/hotspot/share/interpreter
Event: 5.818 Thread 0x0000018aa177a800 Exception <a 'java/lang/NoSuchMethodError'{0x0000000087ab3b80}: 'java.lang.Object java.lang.invoke.Invokers$Holder.invoker(java.lang.Object, java.lang.Object, java.lang.Object, java.lang.Object, java.lang.Object, java.lang.Object, java.lang.Object, java.lang.Object, java.lang.Object, java.lang.Object, java.lang.Object, java.lang.Object, java.lang.Object, java.lang.Object, java.lang.Object, java.lang.Object, java.lang.Object)'> (0x0000000087ab3b80) thrown at [./src/hotspot/share/interpreter/linkResolver.cpp
Event: 5.818 Thread 0x0000018aa177a800 Exception <a 'java/lang/NoSuchMethodError'{0x0000000087aba488}: 'java.lang.Object java.lang.invoke.DelegatingMethodHandle$Holder.delegate(java.lang.Object, java.lang.Object, java.lang.Object, java.lang.Object, java.lang.Object, java.lang.Object, java.lang.Object, java.lang.Object, java.lang.Object, java.lang.Object, java.lang.Object, java.lang.Object, java.lang.Object, java.lang.Object, java.lang.Object, java.lang.Object, java.lang.Object)'> (0x0000000087aba488) thrown at [./src/hotspot/share/interpreter/l
Event: 5.823 Thread 0x0000018aa177a800 Exception <a 'java/lang/NoSuchMethodError'{0x0000000087afdf00}: 'java.lang.Object java.lang.invoke.DirectMethodHandle$Holder.invokeStatic(java.lang.Object, java.lang.Object, java.lang.Object, java.lang.Object, java.lang.Object, java.lang.Object, java.lang.Object, java.lang.Object, java.lang.Object, java.lang.Object, java.lang.Object, java.lang.Object, java.lang.Object, java.lang.Object, java.lang.Object)'> (0x0000000087afdf00) thrown at [./src/hotspot/share/interpreter/linkResolver.cpp, line 773]
Event: 5.825 Thread 0x0000018aa177a800 Exception <a 'java/lang/NoSuchMethodError'{0x000000008790de00}: 'java.lang.Object java.lang.invoke.DirectMethodHandle$Holder.invokeStatic(java.lang.Object, java.lang.Object, java.lang.Object, java.lang.Object, java.lang.Object, java.lang.Object, java.lang.Object, java.lang.Object, java.lang.Object, java.lang.Object, java.lang.Object, java.lang.Object, java.lang.Object, java.lang.Object, java.lang.Object, java.lang.Object)'> (0x000000008790de00) thrown at [./src/hotspot/share/interpreter/linkResolver.cpp, l
Event: 5.826 Thread 0x0000018aa177a800 Exception <a 'java/lang/NoSuchMethodError'{0x000000008791cfb0}: 'java.lang.Object java.lang.invoke.DelegatingMethodHandle$Holder.reinvoke_L(java.lang.Object, java.lang.Object, java.lang.Object, java.lang.Object, java.lang.Object, java.lang.Object, java.lang.Object, java.lang.Object, java.lang.Object, java.lang.Object, java.lang.Object, java.lang.Object, java.lang.Object, java.lang.Object, java.lang.Object, java.lang.Object)'> (0x000000008791cfb0) thrown at [./src/hotspot/share/interpreter/linkResolver.cpp,
Event: 5.875 Thread 0x0000018aa177a800 Exception <a 'java/lang/NoSuchMethodError'{0x0000000087782ad8}: 'java.lang.Object java.lang.invoke.DirectMethodHandle$Holder.invokeStatic(java.lang.Object, java.lang.Object, java.lang.Object, java.lang.Object, int)'> (0x0000000087782ad8) thrown at [./src/hotspot/share/interpreter/linkResolver.cpp, line 773]
Event: 5.876 Thread 0x0000018aa177a800 Exception <a 'java/lang/NoSuchMethodError'{0x00000000877874d0}: 'java.lang.Object java.lang.invoke.DirectMethodHandle$Holder.invokeSpecial(java.lang.Object, java.lang.Object, java.lang.Object, java.lang.Object, java.lang.Object, int)'> (0x00000000877874d0) thrown at [./src/hotspot/share/interpreter/linkResolver.cpp, line 773]
Event: 5.876 Thread 0x0000018aa177a800 Exception <a 'java/lang/NoSuchMethodError'{0x000000008778bb10}: 'java.lang.Object java.lang.invoke.Invokers$Holder.linkToTargetMethod(java.lang.Object, java.lang.Object, java.lang.Object, int, java.lang.Object)'> (0x000000008778bb10) thrown at [./src/hotspot/share/interpreter/linkResolver.cpp, line 773]
Event: 6.176 Thread 0x0000018aa177a800 Exception <a 'java/lang/IncompatibleClassChangeError'{0x00000000868e6c90}: Found class java.lang.Object, but interface was expected> (0x00000000868e6c90) thrown at [./src/hotspot/share/interpreter/linkResolver.cpp, line 839]
Event: 6.412 Thread 0x0000018aa177a800 Exception <a 'java/lang/NoSuchMethodError'{0x0000000085de6a20}: 'void java.lang.invoke.DirectMethodHandle$Holder.invokeInterface(java.lang.Object, java.lang.Object, java.lang.Object, java.lang.Object)'> (0x0000000085de6a20) thrown at [./src/hotspot/share/interpreter/linkResolver.cpp, line 773]
Event: 6.541 Thread 0x0000018aa177a800 Implicit null exception at 0x0000018a8fd76a0b to 0x0000018a8fd76ae4

Events (20 events):
Event: 6.635 loading class java/math/SignedMutableBigInteger
Event: 6.635 loading class java/math/SignedMutableBigInteger done
Event: 6.649 loading class sun/security/util/SignatureFileVerifier$ConfigurationHolder
Event: 6.650 loading class sun/security/util/SignatureFileVerifier$ConfigurationHolder done
Event: 6.655 loading class java/util/Base64
Event: 6.655 loading class java/util/Base64 done
Event: 6.655 loading class java/util/Base64$Decoder
Event: 6.656 loading class java/util/Base64$Decoder done
Event: 6.656 loading class java/util/Base64$Encoder
Event: 6.656 loading class java/util/Base64$Encoder done
Event: 6.658 loading class java/util/jar/JarVerifier$VerifierStream
Event: 6.658 loading class java/util/jar/JarVerifier$VerifierStream done
Event: 6.659 loading class sun/security/util/ManifestEntryVerifier$SunProviderHolder
Event: 6.659 loading class sun/security/util/ManifestEntryVerifier$SunProviderHolder done
Event: 6.661 loading class org/bouncycastle/operator/OperatorException
Event: 6.661 loading class org/bouncycastle/operator/OperatorException done
Event: 6.664 loading class org/bouncycastle/jce/provider/BouncyCastleProvider
Event: 6.664 loading class org/bouncycastle/jce/provider/BouncyCastleProvider done
Event: 6.683 Executing VM operation: G1CollectForAllocation
Event: 6.703 Executing VM operation: G1CollectForAllocation done


Dynamic libraries:
0x00007ff6e9f10000 - 0x00007ff6e9f1a000 	C:\Program Files\Android\Android Studio1\jre\bin\java.exe
0x00007ffba5110000 - 0x00007ffba5305000 	C:\WINDOWS\SYSTEM32\ntdll.dll
0x00007ffba3f60000 - 0x00007ffba401d000 	C:\WINDOWS\System32\KERNEL32.DLL
0x00007ffba2bf0000 - 0x00007ffba2eb8000 	C:\WINDOWS\System32\KERNELBASE.dll
0x00007ffba2f20000 - 0x00007ffba3020000 	C:\WINDOWS\System32\ucrtbase.dll
0x00007ffb8c9e0000 - 0x00007ffb8c9f7000 	C:\Program Files\Android\Android Studio1\jre\bin\VCRUNTIME140.dll
0x00007ffb8de80000 - 0x00007ffb8de99000 	C:\Program Files\Android\Android Studio1\jre\bin\jli.dll
0x00007ffba3930000 - 0x00007ffba3ad0000 	C:\WINDOWS\System32\USER32.dll
0x00007ffb8d670000 - 0x00007ffb8d90a000 	C:\WINDOWS\WinSxS\amd64_microsoft.windows.common-controls_6595b64144ccf1df_6.0.19041.1052_none_60b8f8fd71f5e8cb\COMCTL32.dll
0x00007ffba3150000 - 0x00007ffba3172000 	C:\WINDOWS\System32\win32u.dll
0x00007ffba3e40000 - 0x00007ffba3ede000 	C:\WINDOWS\System32\msvcrt.dll
0x00007ffba4020000 - 0x00007ffba404a000 	C:\WINDOWS\System32\GDI32.dll
0x00007ffba2950000 - 0x00007ffba2a5b000 	C:\WINDOWS\System32\gdi32full.dll
0x00007ffba3020000 - 0x00007ffba30bd000 	C:\WINDOWS\System32\msvcp_win.dll
0x00007ffba4070000 - 0x00007ffba40a0000 	C:\WINDOWS\System32\IMM32.DLL
0x00007ffb65a00000 - 0x00007ffb65a9d000 	C:\Program Files\Android\Android Studio1\jre\bin\msvcp140.dll
0x00007ffb5b560000 - 0x00007ffb5c01c000 	C:\Program Files\Android\Android Studio1\jre\bin\server\jvm.dll
0x00007ffba4f40000 - 0x00007ffba4fec000 	C:\WINDOWS\System32\ADVAPI32.dll
0x00007ffba40a0000 - 0x00007ffba413b000 	C:\WINDOWS\System32\sechost.dll
0x00007ffba3750000 - 0x00007ffba387b000 	C:\WINDOWS\System32\RPCRT4.dll
0x00007ffba4ad0000 - 0x00007ffba4ad8000 	C:\WINDOWS\System32\PSAPI.DLL
0x00007ffb88160000 - 0x00007ffb88169000 	C:\WINDOWS\SYSTEM32\WSOCK32.dll
0x00007ffb8f3f0000 - 0x00007ffb8f417000 	C:\WINDOWS\SYSTEM32\WINMM.dll
0x00007ffb99ec0000 - 0x00007ffb99eca000 	C:\WINDOWS\SYSTEM32\VERSION.dll
0x00007ffba3ef0000 - 0x00007ffba3f5b000 	C:\WINDOWS\System32\WS2_32.dll
0x00007ffba1120000 - 0x00007ffba1132000 	C:\WINDOWS\SYSTEM32\kernel.appcore.dll
0x00007ffb9b2f0000 - 0x00007ffb9b301000 	C:\Program Files\Android\Android Studio1\jre\bin\verify.dll
0x00007ffba04c0000 - 0x00007ffba06a4000 	C:\WINDOWS\SYSTEM32\DBGHELP.DLL
0x00007ffb8a280000 - 0x00007ffb8a2ac000 	C:\WINDOWS\SYSTEM32\dbgcore.DLL
0x00007ffba30c0000 - 0x00007ffba3143000 	C:\WINDOWS\System32\bcryptPrimitives.dll
0x00007ffb8e9d0000 - 0x00007ffb8e9f9000 	C:\Program Files\Android\Android Studio1\jre\bin\java.dll
0x00007ffba0480000 - 0x00007ffba048b000 	C:\Program Files\Android\Android Studio1\jre\bin\jimage.dll
0x00007ffb8f1e0000 - 0x00007ffb8f1f8000 	C:\Program Files\Android\Android Studio1\jre\bin\zip.dll
0x00007ffba4260000 - 0x00007ffba499f000 	C:\WINDOWS\System32\SHELL32.dll
0x00007ffba0980000 - 0x00007ffba1110000 	C:\WINDOWS\SYSTEM32\windows.storage.dll
0x00007ffba3ae0000 - 0x00007ffba3e35000 	C:\WINDOWS\System32\combase.dll
0x00007ffba22c0000 - 0x00007ffba22ec000 	C:\WINDOWS\SYSTEM32\Wldp.dll
0x00007ffba4a20000 - 0x00007ffba4ace000 	C:\WINDOWS\System32\SHCORE.dll
0x00007ffba4ee0000 - 0x00007ffba4f35000 	C:\WINDOWS\System32\shlwapi.dll
0x00007ffba2790000 - 0x00007ffba27af000 	C:\WINDOWS\SYSTEM32\profapi.dll
0x00007ffb8cd60000 - 0x00007ffb8cd7a000 	C:\Program Files\Android\Android Studio1\jre\bin\net.dll
0x00007ffb8f760000 - 0x00007ffb8f86b000 	C:\WINDOWS\SYSTEM32\WINHTTP.dll
0x00007ffba2030000 - 0x00007ffba209a000 	C:\WINDOWS\system32\mswsock.dll
0x00007ffb8cd40000 - 0x00007ffb8cd54000 	C:\Program Files\Android\Android Studio1\jre\bin\nio.dll
0x00007ffb71d90000 - 0x00007ffb71db7000 	C:\Users\DANY99SR\.gradle\native\f6784746aeab05261644944871eae4fe03e0ef1612fff0a4a95f87b438bc6780\windows-amd64\native-platform.dll
0x00007ffb9c700000 - 0x00007ffb9c70a000 	C:\Program Files\Android\Android Studio1\jre\bin\management.dll
0x00007ffb9c250000 - 0x00007ffb9c25c000 	C:\Program Files\Android\Android Studio1\jre\bin\management_ext.dll
0x00007ffba2210000 - 0x00007ffba2228000 	C:\WINDOWS\SYSTEM32\CRYPTSP.dll
0x00007ffba1960000 - 0x00007ffba1994000 	C:\WINDOWS\system32\rsaenh.dll
0x00007ffba2a60000 - 0x00007ffba2a87000 	C:\WINDOWS\System32\bcrypt.dll
0x00007ffba2750000 - 0x00007ffba277e000 	C:\WINDOWS\SYSTEM32\USERENV.dll
0x00007ffba2200000 - 0x00007ffba220c000 	C:\WINDOWS\SYSTEM32\CRYPTBASE.dll
0x00007ffba1cd0000 - 0x00007ffba1d0b000 	C:\WINDOWS\SYSTEM32\IPHLPAPI.DLL
0x00007ffba3ee0000 - 0x00007ffba3ee8000 	C:\WINDOWS\System32\NSI.dll
0x00007ffb98860000 - 0x00007ffb98877000 	C:\WINDOWS\SYSTEM32\dhcpcsvc6.DLL
0x00007ffb99180000 - 0x00007ffb9919d000 	C:\WINDOWS\SYSTEM32\dhcpcsvc.DLL
0x00007ffba1d20000 - 0x00007ffba1dec000 	C:\WINDOWS\SYSTEM32\DNSAPI.dll
0x00007ffb99ed0000 - 0x00007ffb99edb000 	C:\WINDOWS\SYSTEM32\WINNSI.DLL

dbghelp: loaded successfully - version: 4.0.5 - missing functions: none
symbol engine: initialized successfully - sym options: 0x614 - pdb path: .;C:\Program Files\Android\Android Studio1\jre\bin;C:\WINDOWS\SYSTEM32;C:\WINDOWS\WinSxS\amd64_microsoft.windows.common-controls_6595b64144ccf1df_6.0.19041.1052_none_60b8f8fd71f5e8cb;C:\Program Files\Android\Android Studio1\jre\bin\server;C:\Users\DANY99SR\.gradle\native\f6784746aeab05261644944871eae4fe03e0ef1612fff0a4a95f87b438bc6780\windows-amd64

VM Arguments:
jvm_args: --add-opens=java.base/java.util=ALL-UNNAMED --add-opens=java.base/java.lang=ALL-UNNAMED --add-opens=java.base/java.lang.invoke=ALL-UNNAMED --add-opens=java.prefs/java.util.prefs=ALL-UNNAMED -Xmx2048m -Dfile.encoding=UTF-8 -Duser.country=GB -Duser.language=en -Duser.variant 
java_command: org.gradle.launcher.daemon.bootstrap.GradleDaemon 6.5
java_class_path (initial): C:\Users\DANY99SR\.gradle\wrapper\dists\gradle-6.5-bin\6nifqtx7604sqp1q6g8wikw7p\gradle-6.5\lib\gradle-launcher-6.5.jar
Launcher Type: SUN_STANDARD

[Global flags]
     intx CICompilerCount                          = 4                                         {product} {ergonomic}
     uint ConcGCThreads                            = 2                                         {product} {ergonomic}
     uint G1ConcRefinementThreads                  = 8                                         {product} {ergonomic}
   size_t G1HeapRegionSize                         = 1048576                                   {product} {ergonomic}
    uintx GCDrainStackTargetSize                   = 64                                        {product} {ergonomic}
   size_t InitialHeapSize                          = 134217728                                 {product} {ergonomic}
   size_t MarkStackSize                            = 4194304                                   {product} {ergonomic}
   size_t MaxHeapSize                              = 2147483648                                {product} {command line}
   size_t MaxNewSize                               = 1287651328                                {product} {ergonomic}
   size_t MinHeapDeltaBytes                        = 1048576                                   {product} {ergonomic}
    uintx NonNMethodCodeHeapSize                   = 5836300                                {pd product} {ergonomic}
    uintx NonProfiledCodeHeapSize                  = 122910970                              {pd product} {ergonomic}
    uintx ProfiledCodeHeapSize                     = 122910970                              {pd product} {ergonomic}
    uintx ReservedCodeCacheSize                    = 251658240                              {pd product} {ergonomic}
     bool SegmentedCodeCache                       = true                                      {product} {ergonomic}
     bool UseCompressedClassPointers               = true                                 {lp64_product} {ergonomic}
     bool UseCompressedOops                        = true                                 {lp64_product} {ergonomic}
     bool UseG1GC                                  = true                                      {product} {ergonomic}
     bool UseLargePagesIndividualAllocation        = false                                  {pd product} {ergonomic}

Logging:
Log output configuration:
 #0: stdout all=warning uptime,level,tags
 #1: stderr all=off uptime,level,tags

Environment Variables:
JAVA_HOME=C:\Program Files\AdoptOpenJDK\jdk-8.0.252.09-hotspot
PATH=C:\Program Files\Microsoft MPI\Bin\;C:\Program Files\AdoptOpenJDK\jdk-8.0.252.09-hotspot\bin;C:\Program Files (x86)\Common Files\Oracle\Java\javapath;C:\Windows\system32;C:\Windows;C:\Windows\System32\Wbem;C:\Windows\System32\WindowsPowerShell\v1.0\;C:\Windows\System32\OpenSSH\;C:\Program Files\dotnet\;C:\Program Files\NVIDIA Corporation\NVIDIA NvDLISR;C:\Program Files (x86)\NVIDIA Corporation\PhysX\Common;C:\Android;C:\Program Files (x86)\Microsoft SQL Server\150\DTS\Binn\;C:\Program Files\Microsoft SQL Server\Client SDK\ODBC\170\Tools\Binn\;C:\Program Files (x86)\Microsoft SQL Server\150\Tools\Binn\;C:\Program Files\Microsoft SQL Server\150\Tools\Binn\;C:\Program Files\Microsoft SQL Server\150\DTS\Binn\;C:\Program Files\nodejs\;C:\Program Files\PostgreSQL\12\bin;C:\Program Files\Git\cmd;C:\Program Files\Microsoft SQL Server\130\Tools\Binn\;C:\WINDOWS\system32;C:\WINDOWS;C:\WINDOWS\System32\Wbem;C:\WINDOWS\System32\WindowsPowerShell\v1.0\;C:\WINDOWS\System32\OpenSSH\;C:\Program Files\Go\bin;C:\Users\DANY99SR\AppData\Local\Programs\Python\Python37\Scripts\;C:\Users\DANY99SR\AppData\Local\Programs\Python\Python37\;C:\Users\DANY99SR\AppData\Local\Microsoft\WindowsApps;C:\Users\DANY99SR\AppData\Local\Programs\Microsoft VS Code\bin;C:\Users\DANY99SR\AppData\Local\GitHubDesktop\bin;C:\Program Files\JetBrains\PyCharm 2020.1\bin;;C:\Users\DANY99SR\AppData\Roaming\npm;C:\Users\DANY99SR\.dotnet\tools;C:\Users\DANY99SR\AppData\Local\Microsoft\WindowsApps;C:\Users\DANY99SR\go\bin
USERNAME=DANY99SR
OS=Windows_NT
PROCESSOR_IDENTIFIER=Intel64 Family 6 Model 158 Stepping 9, GenuineIntel



---------------  S Y S T E M  ---------------

OS: Windows 10 , 64 bit Build 19041 (10.0.19041.1023)
OS uptime: 17 days 12:49 hours

CPU:total 8 (initial active 8) (4 cores per cpu, 2 threads per core) family 6 model 158 stepping 9, cmov, cx8, fxsr, mmx, sse, sse2, sse3, ssse3, sse4.1, sse4.2, popcnt, avx, avx2, aes, clmul, erms, 3dnowpref, lzcnt, ht, tsc, tscinvbit, bmi1, bmi2, adx, fma

Memory: 4k page, system-wide physical 8076M (559M free)
TotalPageFile size 32652M (AvailPageFile size 7M)
current process WorkingSet (physical memory assigned to process): 321M, peak: 323M
current process commit charge ("private bytes"): 375M, peak: 376M

vm_info: OpenJDK 64-Bit Server VM (11.0.8+10-b944.6842174) for windows-amd64 JRE (11.0.8+10-b944.6842174), built on Sep 19 2020 01:11:42 by "builder" with MS VC++ 14.0 (VS2015)

END.
