#
# There is insufficient memory for the Java Runtime Environment to continue.
# Native memory allocation (malloc) failed to allocate 1091216 bytes for Chunk::new
# Possible reasons:
#   The system is out of physical RAM or swap space
#   The process is running with CompressedOops enabled, and the Java Heap may be blocking the growth of the native heap
# Possible solutions:
#   Reduce memory load on the system
#   Increase physical memory or swap space
#   Check if swap backing store is full
#   Decrease Java heap size (-Xmx/-Xms)
#   Decrease number of Java threads
#   Decrease Java thread stack sizes (-Xss)
#   Set larger code cache with -XX:ReservedCodeCacheSize=
#   JVM is running with Unscaled Compressed Oops mode in which the Java heap is
#     placed in the first 4GB address space. The Java Heap base address is the
#     maximum limit for the native heap growth. Please use -XX:HeapBaseMinAddress
#     to set the Java Heap base and to place the Java Heap above 4GB virtual address.
# This output file may be truncated or incomplete.
#
#  Out of Memory Error (./src/hotspot/share/memory/arena.cpp:197), pid=12508, tid=4360
#
# JRE version: OpenJDK Runtime Environment (11.0.8+10) (build 11.0.8+10-b944.6842174)
# Java VM: OpenJDK 64-Bit Server VM (11.0.8+10-b944.6842174, mixed mode, tiered, compressed oops, g1 gc, windows-amd64)
# No core dump will be written. Minidumps are not enabled by default on client versions of Windows
#

---------------  S U M M A R Y ------------

Command Line: --add-opens=java.base/java.util=ALL-UNNAMED --add-opens=java.base/java.lang=ALL-UNNAMED --add-opens=java.base/java.lang.invoke=ALL-UNNAMED --add-opens=java.prefs/java.util.prefs=ALL-UNNAMED -Xmx2048m -Dfile.encoding=UTF-8 -Duser.country=GB -Duser.language=en -Duser.variant org.gradle.launcher.daemon.bootstrap.GradleDaemon 6.5

Host: Intel(R) Core(TM) i7-7700HQ CPU @ 2.80GHz, 8 cores, 7G,  Windows 10 , 64 bit Build 19041 (10.0.19041.1023)
Time: Mon Jun 28 22:48:45 2021 GTB Summer Time elapsed time: 6 seconds (0d 0h 0m 6s)

---------------  T H R E A D  ---------------

Current thread (0x0000016ec4d0f800):  JavaThread "C2 CompilerThread0" daemon [_thread_in_native, id=4360, stack(0x0000005971c00000,0x0000005971d00000)]


Current CompileTask:
C2:   6283 3828   !   4       java.util.zip.ZipFile::getInputStream (323 bytes)

Stack: [0x0000005971c00000,0x0000005971d00000]
Native frames: (J=compiled Java code, j=interpreted, Vv=VM code, C=native code)
V  [jvm.dll+0x5de50a]
V  [jvm.dll+0x7122f5]
V  [jvm.dll+0x71384d]
V  [jvm.dll+0x713f03]
V  [jvm.dll+0x23e728]
V  [jvm.dll+0xb899c]
V  [jvm.dll+0xb8e9c]
V  [jvm.dll+0x35020b]
V  [jvm.dll+0x31dea3]
V  [jvm.dll+0x31d39a]
V  [jvm.dll+0x1f7702]
V  [jvm.dll+0x1f68d4]
V  [jvm.dll+0x17f32c]
V  [jvm.dll+0x205047]
V  [jvm.dll+0x203891]
V  [jvm.dll+0x6dad3f]
V  [jvm.dll+0x6d3895]
V  [jvm.dll+0x5dd4a6]
C  [ucrtbase.dll+0x21bb2]
C  [KERNEL32.DLL+0x17034]
C  [ntdll.dll+0x52651]


---------------  P R O C E S S  ---------------

Threads class SMR info:
_java_thread_list=0x0000016ec9d03800, length=38, elements={
0x0000016ea8a43800, 0x0000016ec4ce7000, 0x0000016ec4cea800, 0x0000016ec4d0b000,
0x0000016ec4d0d000, 0x0000016ec4d0f800, 0x0000016ec4d07000, 0x0000016ec5664000,
0x0000016ec57b0000, 0x0000016ec57c4000, 0x0000016ec704d800, 0x0000016ec6856000,
0x0000016ec704c000, 0x0000016ec7007800, 0x0000016ec6754000, 0x0000016ec753a000,
0x0000016ec7609800, 0x0000016ec7053800, 0x0000016ec7054800, 0x0000016ec7057800,
0x0000016ec7186800, 0x0000016ec7183000, 0x0000016ec7184000, 0x0000016ec7187000,
0x0000016ec7184800, 0x0000016ec7188000, 0x0000016ec7182800, 0x0000016ec7189000,
0x0000016ec7185800, 0x0000016ec79cf000, 0x0000016ec79cf800, 0x0000016ec79d1000,
0x0000016ec79d0800, 0x0000016ec79d2000, 0x0000016ec79cd000, 0x0000016ec79d4800,
0x0000016ec79d6000, 0x0000016ec79d5800
}

Java Threads: ( => current thread )
  0x0000016ea8a43800 JavaThread "main" [_thread_blocked, id=716, stack(0x0000005971100000,0x0000005971200000)]
  0x0000016ec4ce7000 JavaThread "Reference Handler" daemon [_thread_blocked, id=9276, stack(0x0000005971800000,0x0000005971900000)]
  0x0000016ec4cea800 JavaThread "Finalizer" daemon [_thread_blocked, id=16668, stack(0x0000005971900000,0x0000005971a00000)]
  0x0000016ec4d0b000 JavaThread "Signal Dispatcher" daemon [_thread_blocked, id=10616, stack(0x0000005971a00000,0x0000005971b00000)]
  0x0000016ec4d0d000 JavaThread "Attach Listener" daemon [_thread_blocked, id=16288, stack(0x0000005971b00000,0x0000005971c00000)]
=>0x0000016ec4d0f800 JavaThread "C2 CompilerThread0" daemon [_thread_in_native, id=4360, stack(0x0000005971c00000,0x0000005971d00000)]
  0x0000016ec4d07000 JavaThread "C1 CompilerThread0" daemon [_thread_blocked, id=13288, stack(0x0000005971d00000,0x0000005971e00000)]
  0x0000016ec5664000 JavaThread "Sweeper thread" daemon [_thread_blocked, id=9396, stack(0x0000005971e00000,0x0000005971f00000)]
  0x0000016ec57b0000 JavaThread "Common-Cleaner" daemon [_thread_blocked, id=12184, stack(0x0000005971f00000,0x0000005972000000)]
  0x0000016ec57c4000 JavaThread "Service Thread" daemon [_thread_blocked, id=20732, stack(0x0000005972000000,0x0000005972100000)]
  0x0000016ec704d800 JavaThread "Daemon health stats" [_thread_blocked, id=20692, stack(0x0000005972500000,0x0000005972600000)]
  0x0000016ec6856000 JavaThread "Incoming local TCP Connector on port 64471" [_thread_in_native, id=15216, stack(0x0000005972700000,0x0000005972800000)]
  0x0000016ec704c000 JavaThread "Daemon periodic checks" [_thread_blocked, id=14400, stack(0x0000005972800000,0x0000005972900000)]
  0x0000016ec7007800 JavaThread "Daemon" [_thread_blocked, id=17184, stack(0x0000005972900000,0x0000005972a00000)]
  0x0000016ec6754000 JavaThread "Handler for socket connection from /127.0.0.1:64471 to /127.0.0.1:64472" [_thread_in_native, id=2632, stack(0x0000005972a00000,0x0000005972b00000)]
  0x0000016ec753a000 JavaThread "Cancel handler" [_thread_blocked, id=18604, stack(0x0000005972b00000,0x0000005972c00000)]
  0x0000016ec7609800 JavaThread "Daemon worker" [_thread_blocked, id=16992, stack(0x0000005972c00000,0x0000005972d00000)]
  0x0000016ec7053800 JavaThread "Asynchronous log dispatcher for DefaultDaemonConnection: socket connection from /127.0.0.1:64471 to /127.0.0.1:64472" [_thread_blocked, id=1000, stack(0x0000005972d00000,0x0000005972e00000)]
  0x0000016ec7054800 JavaThread "Stdin handler" [_thread_blocked, id=12244, stack(0x0000005972e00000,0x0000005972f00000)]
  0x0000016ec7057800 JavaThread "Thread-8" [_thread_blocked, id=1264, stack(0x0000005972f00000,0x0000005973000000)]
  0x0000016ec7186800 JavaThread "Cache worker for journal cache (C:\Users\DANY99SR\.gradle\caches\journal-1)" [_thread_blocked, id=13552, stack(0x0000005973000000,0x0000005973100000)]
  0x0000016ec7183000 JavaThread "File lock request listener" [_thread_in_native, id=10228, stack(0x0000005973600000,0x0000005973700000)]
  0x0000016ec7184000 JavaThread "Cache worker for file hash cache (C:\Users\DANY99SR\.gradle\caches\6.5\fileHashes)" [_thread_in_native, id=860, stack(0x0000005973700000,0x0000005973800000)]
  0x0000016ec7187000 JavaThread "Cache worker for file hash cache (D:\FACULTATE COZMA DANIEL NECULAI\Anul 3\Sem 1\Pam Tabarca\Aplicatie Android Licenta\Robot\.gradle\6.5\fileHashes)" [_thread_blocked, id=11824, stack(0x0000005973900000,0x0000005973a00000)]
  0x0000016ec7184800 JavaThread "Cache worker for checksums cache (D:\FACULTATE COZMA DANIEL NECULAI\Anul 3\Sem 1\Pam Tabarca\Aplicatie Android Licenta\Robot\.gradle\checksums)" [_thread_blocked, id=18192, stack(0x0000005973a00000,0x0000005973b00000)]
  0x0000016ec7188000 JavaThread "Cache worker for cache directory md-supplier (C:\Users\DANY99SR\.gradle\caches\6.5\md-supplier)" [_thread_blocked, id=12536, stack(0x0000005973b00000,0x0000005973c00000)]
  0x0000016ec7182800 JavaThread "Cache worker for cache directory md-rule (C:\Users\DANY99SR\.gradle\caches\6.5\md-rule)" [_thread_blocked, id=7752, stack(0x0000005973c00000,0x0000005973d00000)]
  0x0000016ec7189000 JavaThread "Cache worker for execution history cache (C:\Users\DANY99SR\.gradle\caches\6.5\executionHistory)" [_thread_blocked, id=10208, stack(0x0000005973d00000,0x0000005973e00000)]
  0x0000016ec7185800 JavaThread "jar transforms" [_thread_blocked, id=14236, stack(0x0000005973e00000,0x0000005973f00000)]
  0x0000016ec79cf000 JavaThread "Cache worker for file content cache (C:\Users\DANY99SR\.gradle\caches\6.5\fileContent)" [_thread_blocked, id=10256, stack(0x0000005973f00000,0x0000005974000000)]
  0x0000016ec79cf800 JavaThread "Build operations" [_thread_blocked, id=1268, stack(0x0000005974000000,0x0000005974100000)]
  0x0000016ec79d1000 JavaThread "Build operations Thread 2" [_thread_blocked, id=2456, stack(0x0000005974100000,0x0000005974200000)]
  0x0000016ec79d0800 JavaThread "Build operations Thread 3" [_thread_blocked, id=7720, stack(0x0000005974200000,0x0000005974300000)]
  0x0000016ec79d2000 JavaThread "Build operations Thread 4" [_thread_blocked, id=2316, stack(0x0000005974300000,0x0000005974400000)]
  0x0000016ec79cd000 JavaThread "Build operations Thread 5" [_thread_blocked, id=18760, stack(0x0000005974400000,0x0000005974500000)]
  0x0000016ec79d4800 JavaThread "Build operations Thread 6" [_thread_blocked, id=11236, stack(0x0000005974500000,0x0000005974600000)]
  0x0000016ec79d6000 JavaThread "Build operations Thread 7" [_thread_blocked, id=5656, stack(0x0000005974600000,0x0000005974700000)]
  0x0000016ec79d5800 JavaThread "Build operations Thread 8" [_thread_blocked, id=11144, stack(0x0000005974700000,0x0000005974800000)]

Other Threads:
  0x0000016ec4ce1800 VMThread "VM Thread" [stack: 0x0000005971700000,0x0000005971800000] [id=17880]
  0x0000016ec57da800 WatcherThread [stack: 0x0000005972100000,0x0000005972200000] [id=8096]
  0x0000016ea88ce800 GCTaskThread "GC Thread#0" [stack: 0x0000005971200000,0x0000005971300000] [id=16620]
  0x0000016ec6403000 GCTaskThread "GC Thread#1" [stack: 0x0000005972300000,0x0000005972400000] [id=5112]
  0x0000016ec63fe000 GCTaskThread "GC Thread#2" [stack: 0x0000005972400000,0x0000005972500000] [id=18888]
  0x0000016ec711b800 GCTaskThread "GC Thread#3" [stack: 0x0000005973100000,0x0000005973200000] [id=15400]
  0x0000016ec762b000 GCTaskThread "GC Thread#4" [stack: 0x0000005973200000,0x0000005973300000] [id=8572]
  0x0000016ec757c000 GCTaskThread "GC Thread#5" [stack: 0x0000005973300000,0x0000005973400000] [id=2800]
  0x0000016ec757c800 GCTaskThread "GC Thread#6" [stack: 0x0000005973400000,0x0000005973500000] [id=17048]
  0x0000016ec7551800 GCTaskThread "GC Thread#7" [stack: 0x0000005973500000,0x0000005973600000] [id=16916]
  0x0000016ea8a87000 ConcurrentGCThread "G1 Main Marker" [stack: 0x0000005971300000,0x0000005971400000] [id=1556]
  0x0000016ea8a89000 ConcurrentGCThread "G1 Conc#0" [stack: 0x0000005971400000,0x0000005971500000] [id=11200]
  0x0000016ec71ad000 ConcurrentGCThread "G1 Conc#1" [stack: 0x0000005973800000,0x0000005973900000] [id=10524]
  0x0000016ec4b30800 ConcurrentGCThread "G1 Refine#0" [stack: 0x0000005971500000,0x0000005971600000] [id=12972]
  0x0000016ec4b31800 ConcurrentGCThread "G1 Young RemSet Sampling" [stack: 0x0000005971600000,0x0000005971700000] [id=9656]

Threads with active compile tasks:
C2 CompilerThread0   6310 3828   !   4       java.util.zip.ZipFile::getInputStream (323 bytes)

VM state:not at safepoint (normal execution)

VM Mutex/Monitor currently owned by a thread: None

Heap address: 0x0000000080000000, size: 2048 MB, Compressed Oops mode: 32-bit
Narrow klass base: 0x0000000000000000, Narrow klass shift: 3
Compressed class space size: 1073741824 Address: 0x0000000100000000

Heap:
 garbage-first heap   total 131072K, used 63829K [0x0000000080000000, 0x0000000100000000)
  region size 1024K, 47 young (48128K), 8 survivors (8192K)
 Metaspace       used 43319K, capacity 44272K, committed 44496K, reserved 1087488K
  class space    used 5550K, capacity 5891K, committed 6016K, reserved 1048576K
Heap Regions: E=young(eden), S=young(survivor), O=old, HS=humongous(starts), HC=humongous(continues), CS=collection set, F=free, A=archive, TAMS=top-at-mark-start (previous, next)
|   0|0x0000000080000000, 0x0000000080000000, 0x0000000080100000|  0%| F|  |TAMS 0x0000000080000000, 0x0000000080000000| Untracked 
|   1|0x0000000080100000, 0x0000000080200000, 0x0000000080200000|100%| O|  |TAMS 0x0000000080200000, 0x0000000080100000| Untracked 
|   2|0x0000000080200000, 0x0000000080300000, 0x0000000080300000|100%| O|  |TAMS 0x0000000080300000, 0x0000000080200000| Untracked 
|   3|0x0000000080300000, 0x0000000080400000, 0x0000000080400000|100%|HS|  |TAMS 0x0000000080400000, 0x0000000080300000| Complete 
|   4|0x0000000080400000, 0x0000000080500000, 0x0000000080500000|100%|HC|  |TAMS 0x0000000080500000, 0x0000000080400000| Complete 
|   5|0x0000000080500000, 0x0000000080600000, 0x0000000080600000|100%|HC|  |TAMS 0x0000000080600000, 0x0000000080500000| Complete 
|   6|0x0000000080600000, 0x0000000080700000, 0x0000000080700000|100%| O|  |TAMS 0x0000000080700000, 0x0000000080600000| Untracked 
|   7|0x0000000080700000, 0x0000000080800000, 0x0000000080800000|100%| O|  |TAMS 0x0000000080800000, 0x0000000080700000| Untracked 
|   8|0x0000000080800000, 0x0000000080900000, 0x0000000080900000|100%| O|  |TAMS 0x0000000080900000, 0x0000000080800000| Untracked 
|   9|0x0000000080900000, 0x0000000080a00000, 0x0000000080a00000|100%| O|  |TAMS 0x0000000080a00000, 0x0000000080900000| Untracked 
|  10|0x0000000080a00000, 0x0000000080b00000, 0x0000000080b00000|100%| O|  |TAMS 0x0000000080b00000, 0x0000000080a00000| Untracked 
|  11|0x0000000080b00000, 0x0000000080c00000, 0x0000000080c00000|100%| O|  |TAMS 0x0000000080c00000, 0x0000000080b00000| Untracked 
|  12|0x0000000080c00000, 0x0000000080d00000, 0x0000000080d00000|100%| O|  |TAMS 0x0000000080d00000, 0x0000000080c00000| Untracked 
|  13|0x0000000080d00000, 0x0000000080e00000, 0x0000000080e00000|100%| O|  |TAMS 0x0000000080e00000, 0x0000000080d00000| Untracked 
|  14|0x0000000080e00000, 0x0000000080f00000, 0x0000000080f00000|100%| O|  |TAMS 0x0000000080f00000, 0x0000000080e00000| Untracked 
|  15|0x0000000080f00000, 0x0000000081000000, 0x0000000081000000|100%| O|  |TAMS 0x0000000081000000, 0x0000000080f00000| Untracked 
|  16|0x0000000081000000, 0x0000000081100000, 0x0000000081100000|100%| O|  |TAMS 0x0000000081006800, 0x0000000081000000| Untracked 
|  17|0x0000000081100000, 0x0000000081100000, 0x0000000081200000|  0%| F|  |TAMS 0x0000000081100000, 0x0000000081100000| Untracked 
|  18|0x0000000081200000, 0x0000000081200000, 0x0000000081300000|  0%| F|  |TAMS 0x0000000081200000, 0x0000000081200000| Untracked 
|  19|0x0000000081300000, 0x0000000081400000, 0x0000000081400000|100%| O|  |TAMS 0x0000000081300000, 0x0000000081300000| Untracked 
|  20|0x0000000081400000, 0x000000008141fa00, 0x0000000081500000| 12%| O|  |TAMS 0x0000000081400000, 0x0000000081400000| Untracked 
|  21|0x0000000081500000, 0x0000000081500000, 0x0000000081600000|  0%| F|  |TAMS 0x0000000081500000, 0x0000000081500000| Untracked 
|  22|0x0000000081600000, 0x0000000081600000, 0x0000000081700000|  0%| F|  |TAMS 0x0000000081600000, 0x0000000081600000| Untracked 
|  23|0x0000000081700000, 0x0000000081700000, 0x0000000081800000|  0%| F|  |TAMS 0x0000000081700000, 0x0000000081700000| Untracked 
|  24|0x0000000081800000, 0x0000000081800000, 0x0000000081900000|  0%| F|  |TAMS 0x0000000081800000, 0x0000000081800000| Untracked 
|  25|0x0000000081900000, 0x0000000081900000, 0x0000000081a00000|  0%| F|  |TAMS 0x0000000081900000, 0x0000000081900000| Untracked 
|  26|0x0000000081a00000, 0x0000000081a00000, 0x0000000081b00000|  0%| F|  |TAMS 0x0000000081a00000, 0x0000000081a00000| Untracked 
|  27|0x0000000081b00000, 0x0000000081b00000, 0x0000000081c00000|  0%| F|  |TAMS 0x0000000081b00000, 0x0000000081b00000| Untracked 
|  28|0x0000000081c00000, 0x0000000081c00000, 0x0000000081d00000|  0%| F|  |TAMS 0x0000000081c00000, 0x0000000081c00000| Untracked 
|  29|0x0000000081d00000, 0x0000000081d00000, 0x0000000081e00000|  0%| F|  |TAMS 0x0000000081d00000, 0x0000000081d00000| Untracked 
|  30|0x0000000081e00000, 0x0000000081e00000, 0x0000000081f00000|  0%| F|  |TAMS 0x0000000081e00000, 0x0000000081e00000| Untracked 
|  31|0x0000000081f00000, 0x0000000081f00000, 0x0000000082000000|  0%| F|  |TAMS 0x0000000081f00000, 0x0000000081f00000| Untracked 
|  32|0x0000000082000000, 0x0000000082000000, 0x0000000082100000|  0%| F|  |TAMS 0x0000000082000000, 0x0000000082000000| Untracked 
|  33|0x0000000082100000, 0x0000000082100000, 0x0000000082200000|  0%| F|  |TAMS 0x0000000082100000, 0x0000000082100000| Untracked 
|  34|0x0000000082200000, 0x0000000082200000, 0x0000000082300000|  0%| F|  |TAMS 0x0000000082200000, 0x0000000082200000| Untracked 
|  35|0x0000000082300000, 0x0000000082300000, 0x0000000082400000|  0%| F|  |TAMS 0x0000000082300000, 0x0000000082300000| Untracked 
|  36|0x0000000082400000, 0x0000000082400000, 0x0000000082500000|  0%| F|  |TAMS 0x0000000082400000, 0x0000000082400000| Untracked 
|  37|0x0000000082500000, 0x0000000082500000, 0x0000000082600000|  0%| F|  |TAMS 0x0000000082500000, 0x0000000082500000| Untracked 
|  38|0x0000000082600000, 0x0000000082600000, 0x0000000082700000|  0%| F|  |TAMS 0x0000000082600000, 0x0000000082600000| Untracked 
|  39|0x0000000082700000, 0x0000000082700000, 0x0000000082800000|  0%| F|  |TAMS 0x0000000082700000, 0x0000000082700000| Untracked 
|  40|0x0000000082800000, 0x0000000082800000, 0x0000000082900000|  0%| F|  |TAMS 0x0000000082800000, 0x0000000082800000| Untracked 
|  41|0x0000000082900000, 0x0000000082900000, 0x0000000082a00000|  0%| F|  |TAMS 0x0000000082900000, 0x0000000082900000| Untracked 
|  42|0x0000000082a00000, 0x0000000082a00000, 0x0000000082b00000|  0%| F|  |TAMS 0x0000000082a00000, 0x0000000082a00000| Untracked 
|  43|0x0000000082b00000, 0x0000000082b00000, 0x0000000082c00000|  0%| F|  |TAMS 0x0000000082b00000, 0x0000000082b00000| Untracked 
|  44|0x0000000082c00000, 0x0000000082c00000, 0x0000000082d00000|  0%| F|  |TAMS 0x0000000082c00000, 0x0000000082c00000| Untracked 
|  45|0x0000000082d00000, 0x0000000082d00000, 0x0000000082e00000|  0%| F|  |TAMS 0x0000000082d00000, 0x0000000082d00000| Untracked 
|  46|0x0000000082e00000, 0x0000000082e00000, 0x0000000082f00000|  0%| F|  |TAMS 0x0000000082e00000, 0x0000000082e00000| Untracked 
|  47|0x0000000082f00000, 0x0000000082f00000, 0x0000000083000000|  0%| F|  |TAMS 0x0000000082f00000, 0x0000000082f00000| Untracked 
|  48|0x0000000083000000, 0x0000000083000000, 0x0000000083100000|  0%| F|  |TAMS 0x0000000083000000, 0x0000000083000000| Untracked 
|  49|0x0000000083100000, 0x0000000083100000, 0x0000000083200000|  0%| F|  |TAMS 0x0000000083100000, 0x0000000083100000| Untracked 
|  50|0x0000000083200000, 0x0000000083200000, 0x0000000083300000|  0%| F|  |TAMS 0x0000000083200000, 0x0000000083200000| Untracked 
|  51|0x0000000083300000, 0x0000000083300000, 0x0000000083400000|  0%| F|  |TAMS 0x0000000083300000, 0x0000000083300000| Untracked 
|  52|0x0000000083400000, 0x0000000083400000, 0x0000000083500000|  0%| F|  |TAMS 0x0000000083400000, 0x0000000083400000| Untracked 
|  53|0x0000000083500000, 0x0000000083535b10, 0x0000000083600000| 20%| S|CS|TAMS 0x0000000083500000, 0x0000000083500000| Complete 
|  54|0x0000000083600000, 0x0000000083700000, 0x0000000083700000|100%| S|CS|TAMS 0x0000000083600000, 0x0000000083600000| Complete 
|  55|0x0000000083700000, 0x0000000083800000, 0x0000000083800000|100%| S|CS|TAMS 0x0000000083700000, 0x0000000083700000| Complete 
|  56|0x0000000083800000, 0x0000000083900000, 0x0000000083900000|100%| S|CS|TAMS 0x0000000083800000, 0x0000000083800000| Complete 
|  57|0x0000000083900000, 0x0000000083a00000, 0x0000000083a00000|100%| S|CS|TAMS 0x0000000083900000, 0x0000000083900000| Complete 
|  58|0x0000000083a00000, 0x0000000083b00000, 0x0000000083b00000|100%| S|CS|TAMS 0x0000000083a00000, 0x0000000083a00000| Complete 
|  59|0x0000000083b00000, 0x0000000083c00000, 0x0000000083c00000|100%| S|CS|TAMS 0x0000000083b00000, 0x0000000083b00000| Complete 
|  60|0x0000000083c00000, 0x0000000083d00000, 0x0000000083d00000|100%| S|CS|TAMS 0x0000000083c00000, 0x0000000083c00000| Complete 
|  61|0x0000000083d00000, 0x0000000083d00000, 0x0000000083e00000|  0%| F|  |TAMS 0x0000000083d00000, 0x0000000083d00000| Untracked 
|  62|0x0000000083e00000, 0x0000000083e00000, 0x0000000083f00000|  0%| F|  |TAMS 0x0000000083e00000, 0x0000000083e00000| Untracked 
|  63|0x0000000083f00000, 0x0000000083f00000, 0x0000000084000000|  0%| F|  |TAMS 0x0000000083f00000, 0x0000000083f00000| Untracked 
|  64|0x0000000084000000, 0x0000000084000000, 0x0000000084100000|  0%| F|  |TAMS 0x0000000084000000, 0x0000000084000000| Untracked 
|  65|0x0000000084100000, 0x0000000084100000, 0x0000000084200000|  0%| F|  |TAMS 0x0000000084100000, 0x0000000084100000| Untracked 
|  66|0x0000000084200000, 0x0000000084200000, 0x0000000084300000|  0%| F|  |TAMS 0x0000000084200000, 0x0000000084200000| Untracked 
|  67|0x0000000084300000, 0x0000000084300000, 0x0000000084400000|  0%| F|  |TAMS 0x0000000084300000, 0x0000000084300000| Untracked 
|  68|0x0000000084400000, 0x0000000084400000, 0x0000000084500000|  0%| F|  |TAMS 0x0000000084400000, 0x0000000084400000| Untracked 
|  69|0x0000000084500000, 0x0000000084500000, 0x0000000084600000|  0%| F|  |TAMS 0x0000000084500000, 0x0000000084500000| Untracked 
|  70|0x0000000084600000, 0x0000000084600000, 0x0000000084700000|  0%| F|  |TAMS 0x0000000084600000, 0x0000000084600000| Untracked 
|  71|0x0000000084700000, 0x0000000084700000, 0x0000000084800000|  0%| F|  |TAMS 0x0000000084700000, 0x0000000084700000| Untracked 
|  72|0x0000000084800000, 0x0000000084800000, 0x0000000084900000|  0%| F|  |TAMS 0x0000000084800000, 0x0000000084800000| Untracked 
|  73|0x0000000084900000, 0x0000000084900000, 0x0000000084a00000|  0%| F|  |TAMS 0x0000000084900000, 0x0000000084900000| Untracked 
|  74|0x0000000084a00000, 0x0000000084a00000, 0x0000000084b00000|  0%| F|  |TAMS 0x0000000084a00000, 0x0000000084a00000| Untracked 
|  75|0x0000000084b00000, 0x0000000084b00000, 0x0000000084c00000|  0%| F|  |TAMS 0x0000000084b00000, 0x0000000084b00000| Untracked 
|  76|0x0000000084c00000, 0x0000000084c00000, 0x0000000084d00000|  0%| F|  |TAMS 0x0000000084c00000, 0x0000000084c00000| Untracked 
|  77|0x0000000084d00000, 0x0000000084d00000, 0x0000000084e00000|  0%| F|  |TAMS 0x0000000084d00000, 0x0000000084d00000| Untracked 
|  78|0x0000000084e00000, 0x0000000084e00000, 0x0000000084f00000|  0%| F|  |TAMS 0x0000000084e00000, 0x0000000084e00000| Untracked 
|  79|0x0000000084f00000, 0x0000000084f00000, 0x0000000085000000|  0%| F|  |TAMS 0x0000000084f00000, 0x0000000084f00000| Untracked 
|  80|0x0000000085000000, 0x0000000085000000, 0x0000000085100000|  0%| F|  |TAMS 0x0000000085000000, 0x0000000085000000| Untracked 
|  81|0x0000000085100000, 0x0000000085100000, 0x0000000085200000|  0%| F|  |TAMS 0x0000000085100000, 0x0000000085100000| Untracked 
|  82|0x0000000085200000, 0x0000000085200000, 0x0000000085300000|  0%| F|  |TAMS 0x0000000085200000, 0x0000000085200000| Untracked 
|  83|0x0000000085300000, 0x0000000085300000, 0x0000000085400000|  0%| F|  |TAMS 0x0000000085300000, 0x0000000085300000| Untracked 
|  84|0x0000000085400000, 0x0000000085400000, 0x0000000085500000|  0%| F|  |TAMS 0x0000000085400000, 0x0000000085400000| Untracked 
|  85|0x0000000085500000, 0x0000000085500000, 0x0000000085600000|  0%| F|  |TAMS 0x0000000085500000, 0x0000000085500000| Untracked 
|  86|0x0000000085600000, 0x0000000085600000, 0x0000000085700000|  0%| F|  |TAMS 0x0000000085600000, 0x0000000085600000| Untracked 
|  87|0x0000000085700000, 0x0000000085700000, 0x0000000085800000|  0%| F|  |TAMS 0x0000000085700000, 0x0000000085700000| Untracked 
|  88|0x0000000085800000, 0x0000000085815900, 0x0000000085900000|  8%| E|  |TAMS 0x0000000085800000, 0x0000000085800000| Complete 
|  89|0x0000000085900000, 0x0000000085a00000, 0x0000000085a00000|100%| E|CS|TAMS 0x0000000085900000, 0x0000000085900000| Complete 
|  90|0x0000000085a00000, 0x0000000085b00000, 0x0000000085b00000|100%| E|CS|TAMS 0x0000000085a00000, 0x0000000085a00000| Complete 
|  91|0x0000000085b00000, 0x0000000085c00000, 0x0000000085c00000|100%| E|CS|TAMS 0x0000000085b00000, 0x0000000085b00000| Complete 
|  92|0x0000000085c00000, 0x0000000085d00000, 0x0000000085d00000|100%| E|CS|TAMS 0x0000000085c00000, 0x0000000085c00000| Complete 
|  93|0x0000000085d00000, 0x0000000085e00000, 0x0000000085e00000|100%| E|CS|TAMS 0x0000000085d00000, 0x0000000085d00000| Complete 
|  94|0x0000000085e00000, 0x0000000085f00000, 0x0000000085f00000|100%| E|CS|TAMS 0x0000000085e00000, 0x0000000085e00000| Complete 
|  95|0x0000000085f00000, 0x0000000086000000, 0x0000000086000000|100%| E|CS|TAMS 0x0000000085f00000, 0x0000000085f00000| Complete 
|  96|0x0000000086000000, 0x0000000086100000, 0x0000000086100000|100%| E|CS|TAMS 0x0000000086000000, 0x0000000086000000| Complete 
|  97|0x0000000086100000, 0x0000000086200000, 0x0000000086200000|100%| E|CS|TAMS 0x0000000086100000, 0x0000000086100000| Complete 
|  98|0x0000000086200000, 0x0000000086300000, 0x0000000086300000|100%| E|CS|TAMS 0x0000000086200000, 0x0000000086200000| Complete 
|  99|0x0000000086300000, 0x0000000086400000, 0x0000000086400000|100%| E|CS|TAMS 0x0000000086300000, 0x0000000086300000| Complete 
| 100|0x0000000086400000, 0x0000000086500000, 0x0000000086500000|100%| E|CS|TAMS 0x0000000086400000, 0x0000000086400000| Complete 
| 101|0x0000000086500000, 0x0000000086600000, 0x0000000086600000|100%| E|CS|TAMS 0x0000000086500000, 0x0000000086500000| Complete 
| 102|0x0000000086600000, 0x0000000086700000, 0x0000000086700000|100%| E|CS|TAMS 0x0000000086600000, 0x0000000086600000| Complete 
| 103|0x0000000086700000, 0x0000000086800000, 0x0000000086800000|100%| E|CS|TAMS 0x0000000086700000, 0x0000000086700000| Complete 
| 104|0x0000000086800000, 0x0000000086900000, 0x0000000086900000|100%| E|CS|TAMS 0x0000000086800000, 0x0000000086800000| Complete 
| 105|0x0000000086900000, 0x0000000086a00000, 0x0000000086a00000|100%| E|CS|TAMS 0x0000000086900000, 0x0000000086900000| Complete 
| 106|0x0000000086a00000, 0x0000000086b00000, 0x0000000086b00000|100%| E|CS|TAMS 0x0000000086a00000, 0x0000000086a00000| Complete 
| 107|0x0000000086b00000, 0x0000000086c00000, 0x0000000086c00000|100%| E|CS|TAMS 0x0000000086b00000, 0x0000000086b00000| Complete 
| 108|0x0000000086c00000, 0x0000000086d00000, 0x0000000086d00000|100%| E|CS|TAMS 0x0000000086c00000, 0x0000000086c00000| Complete 
| 109|0x0000000086d00000, 0x0000000086e00000, 0x0000000086e00000|100%| E|CS|TAMS 0x0000000086d00000, 0x0000000086d00000| Complete 
| 110|0x0000000086e00000, 0x0000000086f00000, 0x0000000086f00000|100%| E|CS|TAMS 0x0000000086e00000, 0x0000000086e00000| Complete 
| 111|0x0000000086f00000, 0x0000000087000000, 0x0000000087000000|100%| E|CS|TAMS 0x0000000086f00000, 0x0000000086f00000| Complete 
| 112|0x0000000087000000, 0x0000000087100000, 0x0000000087100000|100%| E|CS|TAMS 0x0000000087000000, 0x0000000087000000| Complete 
| 113|0x0000000087100000, 0x0000000087200000, 0x0000000087200000|100%| E|CS|TAMS 0x0000000087100000, 0x0000000087100000| Complete 
| 114|0x0000000087200000, 0x0000000087300000, 0x0000000087300000|100%| E|CS|TAMS 0x0000000087200000, 0x0000000087200000| Complete 
| 115|0x0000000087300000, 0x0000000087400000, 0x0000000087400000|100%| E|CS|TAMS 0x0000000087300000, 0x0000000087300000| Complete 
| 116|0x0000000087400000, 0x0000000087500000, 0x0000000087500000|100%| E|CS|TAMS 0x0000000087400000, 0x0000000087400000| Complete 
| 117|0x0000000087500000, 0x0000000087600000, 0x0000000087600000|100%| E|CS|TAMS 0x0000000087500000, 0x0000000087500000| Complete 
| 118|0x0000000087600000, 0x0000000087700000, 0x0000000087700000|100%| E|CS|TAMS 0x0000000087600000, 0x0000000087600000| Complete 
| 119|0x0000000087700000, 0x0000000087800000, 0x0000000087800000|100%| E|CS|TAMS 0x0000000087700000, 0x0000000087700000| Complete 
| 120|0x0000000087800000, 0x0000000087900000, 0x0000000087900000|100%| E|CS|TAMS 0x0000000087800000, 0x0000000087800000| Complete 
| 121|0x0000000087900000, 0x0000000087a00000, 0x0000000087a00000|100%| E|CS|TAMS 0x0000000087900000, 0x0000000087900000| Complete 
| 122|0x0000000087a00000, 0x0000000087b00000, 0x0000000087b00000|100%| E|CS|TAMS 0x0000000087a00000, 0x0000000087a00000| Complete 
| 123|0x0000000087b00000, 0x0000000087c00000, 0x0000000087c00000|100%| E|CS|TAMS 0x0000000087b00000, 0x0000000087b00000| Complete 
| 124|0x0000000087c00000, 0x0000000087d00000, 0x0000000087d00000|100%| E|CS|TAMS 0x0000000087c00000, 0x0000000087c00000| Complete 
| 125|0x0000000087d00000, 0x0000000087e00000, 0x0000000087e00000|100%| E|CS|TAMS 0x0000000087d00000, 0x0000000087d00000| Complete 
| 126|0x0000000087e00000, 0x0000000087f00000, 0x0000000087f00000|100%| E|CS|TAMS 0x0000000087e00000, 0x0000000087e00000| Complete 
| 127|0x0000000087f00000, 0x0000000088000000, 0x0000000088000000|100%| E|CS|TAMS 0x0000000087f00000, 0x0000000087f00000| Complete 

Card table byte_map: [0x0000016ebda10000,0x0000016ebde10000] _byte_map_base: 0x0000016ebd610000

Marking Bits (Prev, Next): (CMBitMap*) 0x0000016ea8a7e418, (CMBitMap*) 0x0000016ea8a7e450
 Prev Bits: [0x0000016ebe210000, 0x0000016ec0210000)
 Next Bits: [0x0000016ec0210000, 0x0000016ec2210000)

Polling page: 0x0000016ea8b20000

Metaspace:

Usage:
  Non-class:     37.48 MB capacity,    36.89 MB ( 98%) used,   516.29 KB (  1%) free+waste,    92.19 KB ( <1%) overhead. 
      Class:      5.75 MB capacity,     5.42 MB ( 94%) used,   295.95 KB (  5%) free+waste,    44.00 KB ( <1%) overhead. 
       Both:     43.23 MB capacity,    42.31 MB ( 98%) used,   812.23 KB (  2%) free+waste,   136.19 KB ( <1%) overhead. 

Virtual space:
  Non-class space:       38.00 MB reserved,      37.58 MB ( 99%) committed 
      Class space:        1.00 GB reserved,       5.88 MB ( <1%) committed 
             Both:        1.04 GB reserved,      43.45 MB (  4%) committed 

Chunk freelists:
   Non-Class:  35.00 KB
       Class:  0 bytes
        Both:  35.00 KB

MaxMetaspaceSize: 17179869184.00 GB
CompressedClassSpaceSize: 1.00 GB

CodeHeap 'non-profiled nmethods': size=120000Kb used=1566Kb max_used=1566Kb free=118433Kb
 bounds [0x0000016eb5680000, 0x0000016eb58f0000, 0x0000016ebcbb0000]
CodeHeap 'profiled nmethods': size=120000Kb used=7605Kb max_used=7605Kb free=112395Kb
 bounds [0x0000016eae150000, 0x0000016eae8c0000, 0x0000016eb5680000]
CodeHeap 'non-nmethods': size=5760Kb used=2196Kb max_used=2233Kb free=3564Kb
 bounds [0x0000016eadbb0000, 0x0000016eade20000, 0x0000016eae150000]
 total_blobs=4506 nmethods=3750 adapters=667
 compilation: enabled
              stopped_count=0, restarted_count=0
 full_count=0

Compilation events (20 events):
Event: 6.274 Thread 0x0000016ec4d07000 nmethod 3929 0x0000016eae891590 code [0x0000016eae891780, 0x0000016eae891bd8]
Event: 6.274 Thread 0x0000016ec4d07000 3930       3       java.util.concurrent.locks.LockSupport::park (23 bytes)
Event: 6.275 Thread 0x0000016ec4d07000 nmethod 3930 0x0000016eae891d10 code [0x0000016eae891ee0, 0x0000016eae8921c8]
Event: 6.277 Thread 0x0000016ec4d07000 3931   !   3       org.gradle.api.internal.artifacts.ivyservice.ivyresolve.ErrorHandlingModuleComponentRepository$ErrorHandlingModuleComponentRepositoryAccess::tryResolveAndMaybeBlacklist (221 bytes)
Event: 6.278 Thread 0x0000016ec4d07000 nmethod 3931 0x0000016eae892310 code [0x0000016eae892720, 0x0000016eae894988]
Event: 6.278 Thread 0x0000016ec4d07000 3932       3       org.gradle.internal.io.StreamByteBuffer::<init> (75 bytes)
Event: 6.279 Thread 0x0000016ec4d07000 nmethod 3932 0x0000016eae895610 code [0x0000016eae895860, 0x0000016eae8963d8]
Event: 6.279 Thread 0x0000016ec4d07000 3938       3       java.util.concurrent.locks.AbstractQueuedSynchronizer$ConditionObject::await (98 bytes)
Event: 6.280 Thread 0x0000016ec4d07000 nmethod 3938 0x0000016eae896710 code [0x0000016eae896a40, 0x0000016eae897c18]
Event: 6.280 Thread 0x0000016ec4d07000 3933       3       org.gradle.internal.io.StreamByteBuffer::allocateSpace (73 bytes)
Event: 6.280 Thread 0x0000016ec4d07000 nmethod 3933 0x0000016eae898310 code [0x0000016eae898520, 0x0000016eae898c88]
Event: 6.280 Thread 0x0000016ec4d07000 3934       3       org.gradle.internal.io.StreamByteBuffer$StreamByteBufferOutputStream::<init> (10 bytes)
Event: 6.280 Thread 0x0000016ec4d07000 nmethod 3934 0x0000016eae898f90 code [0x0000016eae899140, 0x0000016eae899358]
Event: 6.280 Thread 0x0000016ec4d07000 3935       3       org.gradle.internal.io.StreamByteBuffer$StreamByteBufferInputStream::<init> (10 bytes)
Event: 6.281 Thread 0x0000016ec4d07000 nmethod 3935 0x0000016eae899490 code [0x0000016eae899640, 0x0000016eae899858]
Event: 6.281 Thread 0x0000016ec4d07000 3936       1       org.gradle.cache.internal.filelock.DefaultLockStateSerializer$SequenceNumberLockState::access$100 (5 bytes)
Event: 6.281 Thread 0x0000016ec4d07000 nmethod 3936 0x0000016eb5803390 code [0x0000016eb5803540, 0x0000016eb58035d8]
Event: 6.281 Thread 0x0000016ec4d07000 3937       1       org.gradle.cache.internal.filelock.DefaultLockStateSerializer$SequenceNumberLockState::access$200 (5 bytes)
Event: 6.281 Thread 0x0000016ec4d07000 nmethod 3937 0x0000016eb5803690 code [0x0000016eb5803840, 0x0000016eb58038d8]
Event: 6.281 Thread 0x0000016ec4d07000 3940   !   3       java.util.concurrent.LinkedBlockingQueue::poll (128 bytes)

GC Heap History (12 events):
Event: 0.710 GC heap before
{Heap before GC invocations=0 (full 0):
 garbage-first heap   total 131072K, used 29696K [0x0000000080000000, 0x0000000100000000)
  region size 1024K, 24 young (24576K), 0 survivors (0K)
 Metaspace       used 10805K, capacity 11017K, committed 11264K, reserved 1058816K
  class space    used 1146K, capacity 1203K, committed 1280K, reserved 1048576K
}
Event: 0.716 GC heap after
{Heap after GC invocations=1 (full 0):
 garbage-first heap   total 131072K, used 8753K [0x0000000080000000, 0x0000000100000000)
  region size 1024K, 3 young (3072K), 3 survivors (3072K)
 Metaspace       used 10805K, capacity 11017K, committed 11264K, reserved 1058816K
  class space    used 1146K, capacity 1203K, committed 1280K, reserved 1048576K
}
Event: 2.442 GC heap before
{Heap before GC invocations=1 (full 0):
 garbage-first heap   total 131072K, used 82481K [0x0000000080000000, 0x0000000100000000)
  region size 1024K, 76 young (77824K), 3 survivors (3072K)
 Metaspace       used 19387K, capacity 19765K, committed 19968K, reserved 1067008K
  class space    used 2347K, capacity 2470K, committed 2560K, reserved 1048576K
}
Event: 2.450 GC heap after
{Heap after GC invocations=2 (full 0):
 garbage-first heap   total 131072K, used 15574K [0x0000000080000000, 0x0000000100000000)
  region size 1024K, 10 young (10240K), 10 survivors (10240K)
 Metaspace       used 19387K, capacity 19765K, committed 19968K, reserved 1067008K
  class space    used 2347K, capacity 2470K, committed 2560K, reserved 1048576K
}
Event: 2.528 GC heap before
{Heap before GC invocations=2 (full 0):
 garbage-first heap   total 131072K, used 19670K [0x0000000080000000, 0x0000000100000000)
  region size 1024K, 15 young (15360K), 10 survivors (10240K)
 Metaspace       used 20616K, capacity 21118K, committed 21296K, reserved 1069056K
  class space    used 2424K, capacity 2601K, committed 2688K, reserved 1048576K
}
Event: 2.536 GC heap after
{Heap after GC invocations=3 (full 0):
 garbage-first heap   total 131072K, used 16133K [0x0000000080000000, 0x0000000100000000)
  region size 1024K, 1 young (1024K), 1 survivors (1024K)
 Metaspace       used 20616K, capacity 21118K, committed 21296K, reserved 1069056K
  class space    used 2424K, capacity 2601K, committed 2688K, reserved 1048576K
}
Event: 3.276 GC heap before
{Heap before GC invocations=4 (full 0):
 garbage-first heap   total 131072K, used 67333K [0x0000000080000000, 0x0000000100000000)
  region size 1024K, 51 young (52224K), 1 survivors (1024K)
 Metaspace       used 26628K, capacity 27170K, committed 27440K, reserved 1073152K
  class space    used 3414K, capacity 3606K, committed 3712K, reserved 1048576K
}
Event: 3.279 GC heap after
{Heap after GC invocations=5 (full 0):
 garbage-first heap   total 131072K, used 17622K [0x0000000080000000, 0x0000000100000000)
  region size 1024K, 3 young (3072K), 3 survivors (3072K)
 Metaspace       used 26628K, capacity 27170K, committed 27440K, reserved 1073152K
  class space    used 3414K, capacity 3606K, committed 3712K, reserved 1048576K
}
Event: 4.129 GC heap before
{Heap before GC invocations=5 (full 0):
 garbage-first heap   total 131072K, used 62678K [0x0000000080000000, 0x0000000100000000)
  region size 1024K, 48 young (49152K), 3 survivors (3072K)
 Metaspace       used 35138K, capacity 35795K, committed 35920K, reserved 1081344K
  class space    used 4497K, capacity 4779K, committed 4864K, reserved 1048576K
}
Event: 4.137 GC heap after
{Heap after GC invocations=6 (full 0):
 garbage-first heap   total 131072K, used 20806K [0x0000000080000000, 0x0000000100000000)
  region size 1024K, 6 young (6144K), 6 survivors (6144K)
 Metaspace       used 35138K, capacity 35795K, committed 35920K, reserved 1081344K
  class space    used 4497K, capacity 4779K, committed 4864K, reserved 1048576K
}
Event: 5.293 GC heap before
{Heap before GC invocations=7 (full 0):
 garbage-first heap   total 131072K, used 85318K [0x0000000080000000, 0x0000000100000000)
  region size 1024K, 67 young (68608K), 6 survivors (6144K)
 Metaspace       used 40456K, capacity 41347K, committed 41424K, reserved 1085440K
  class space    used 5179K, capacity 5491K, committed 5504K, reserved 1048576K
}
Event: 5.301 GC heap after
{Heap after GC invocations=8 (full 0):
 garbage-first heap   total 131072K, used 24917K [0x0000000080000000, 0x0000000100000000)
  region size 1024K, 8 young (8192K), 8 survivors (8192K)
 Metaspace       used 40456K, capacity 41347K, committed 41424K, reserved 1085440K
  class space    used 5179K, capacity 5491K, committed 5504K, reserved 1048576K
}

Deoptimization events (20 events):
Event: 6.168 Thread 0x0000016ec7609800 DEOPT PACKING pc=0x0000016eb5783a6c sp=0x0000005972cf9d40
Event: 6.168 Thread 0x0000016ec7609800 DEOPT UNPACKING pc=0x0000016eadbd74af sp=0x0000005972cf9d00 mode 2
Event: 6.178 Thread 0x0000016ec7609800 DEOPT PACKING pc=0x0000016eae5612f9 sp=0x0000005972cf8d30
Event: 6.178 Thread 0x0000016ec7609800 DEOPT UNPACKING pc=0x0000016eadbd72ce sp=0x0000005972cf8278 mode 0
Event: 6.226 Thread 0x0000016ec79cd000 Uncommon trap: trap_request=0xffffff4d fr.pc=0x0000016eb57438d0 relative=0x0000000000000f10
Event: 6.226 Thread 0x0000016ec79d6000 Uncommon trap: trap_request=0xffffff4d fr.pc=0x0000016eb57438d0 relative=0x0000000000000f10
Event: 6.226 Thread 0x0000016ec79d6000 Uncommon trap: reason=unstable_if action=reinterpret pc=0x0000016eb57438d0 method=java.util.concurrent.ConcurrentHashMap.addCount(JI)V @ 34 c2
Event: 6.226 Thread 0x0000016ec79cd000 Uncommon trap: reason=unstable_if action=reinterpret pc=0x0000016eb57438d0 method=java.util.concurrent.ConcurrentHashMap.addCount(JI)V @ 34 c2
Event: 6.226 Thread 0x0000016ec79cd000 DEOPT PACKING pc=0x0000016eb57438d0 sp=0x00000059744fe820
Event: 6.226 Thread 0x0000016ec79d6000 DEOPT PACKING pc=0x0000016eb57438d0 sp=0x00000059746fe3f0
Event: 6.226 Thread 0x0000016ec79cd000 DEOPT UNPACKING pc=0x0000016eadbd74af sp=0x00000059744fe6f0 mode 2
Event: 6.226 Thread 0x0000016ec79d6000 DEOPT UNPACKING pc=0x0000016eadbd74af sp=0x00000059746fe2c0 mode 2
Event: 6.238 Thread 0x0000016ec79cf800 Uncommon trap: trap_request=0xffffff4d fr.pc=0x0000016eb5705428 relative=0x0000000000000148
Event: 6.238 Thread 0x0000016ec79cd000 Uncommon trap: trap_request=0xffffff4d fr.pc=0x0000016eb5705428 relative=0x0000000000000148
Event: 6.238 Thread 0x0000016ec79cf800 Uncommon trap: reason=unstable_if action=reinterpret pc=0x0000016eb5705428 method=java.util.concurrent.ConcurrentHashMap.addCount(JI)V @ 7 c2
Event: 6.238 Thread 0x0000016ec79cd000 Uncommon trap: reason=unstable_if action=reinterpret pc=0x0000016eb5705428 method=java.util.concurrent.ConcurrentHashMap.addCount(JI)V @ 7 c2
Event: 6.238 Thread 0x0000016ec79cd000 DEOPT PACKING pc=0x0000016eb5705428 sp=0x00000059744fe750
Event: 6.238 Thread 0x0000016ec79cf800 DEOPT PACKING pc=0x0000016eb5705428 sp=0x00000059740fea20
Event: 6.239 Thread 0x0000016ec79cf800 DEOPT UNPACKING pc=0x0000016eadbd74af sp=0x00000059740fe960 mode 2
Event: 6.239 Thread 0x0000016ec79cd000 DEOPT UNPACKING pc=0x0000016eadbd74af sp=0x00000059744fe690 mode 2

Classes redefined (0 events):
No events

Internal exceptions (20 events):
Event: 4.740 Thread 0x0000016ec7609800 Exception <a 'java/lang/ClassNotFoundException'{0x00000000855fd178}: org/gradle/api/internal/artifacts/dsl/DefaultRepositoryHandlerCustomizer> (0x00000000855fd178) thrown at [./src/hotspot/share/classfile/systemDictionary.cpp, line 231]
Event: 4.742 Thread 0x0000016ec7609800 Exception <a 'java/lang/ClassNotFoundException'{0x000000008544c5d8}: org/gradle/api/internal/artifacts/dsl/DefaultRepositoryHandler_DecoratedCustomizer> (0x000000008544c5d8) thrown at [./src/hotspot/share/classfile/systemDictionary.cpp, line 231]
Event: 4.798 Thread 0x0000016ec7609800 Exception <a 'java/lang/NoSuchMethodError'{0x0000000084bbbea0}: 'int java.lang.invoke.DirectMethodHandle$Holder.invokeStaticInit(java.lang.Object, java.lang.Object, java.lang.Object, java.lang.Object)'> (0x0000000084bbbea0) thrown at [./src/hotspot/share/interpreter/linkResolver.cpp, line 773]
Event: 5.061 Thread 0x0000016ec7609800 Exception <a 'java/lang/ClassNotFoundException'{0x00000000844299f0}: org/gradle/api/internal/artifacts/dsl/dependencies/DefaultDependencyHandler_DecoratedBeanInfo> (0x00000000844299f0) thrown at [./src/hotspot/share/classfile/systemDictionary.cpp, line 231]
Event: 5.063 Thread 0x0000016ec7609800 Exception <a 'java/lang/ClassNotFoundException'{0x000000008445a858}: org/gradle/api/internal/artifacts/dsl/dependencies/DefaultDependencyHandlerBeanInfo> (0x000000008445a858) thrown at [./src/hotspot/share/classfile/systemDictionary.cpp, line 231]
Event: 5.065 Thread 0x0000016ec7609800 Exception <a 'java/lang/ClassNotFoundException'{0x000000008448b978}: org/gradle/api/internal/artifacts/dsl/dependencies/DefaultDependencyHandlerCustomizer> (0x000000008448b978) thrown at [./src/hotspot/share/classfile/systemDictionary.cpp, line 231]
Event: 5.072 Thread 0x0000016ec7609800 Exception <a 'java/lang/ClassNotFoundException'{0x00000000844db5b8}: org/gradle/api/internal/artifacts/dsl/dependencies/DefaultDependencyHandler_DecoratedCustomizer> (0x00000000844db5b8) thrown at [./src/hotspot/share/classfile/systemDictionary.cpp, line 231]
Event: 5.121 Thread 0x0000016ec7609800 Exception <a 'java/lang/ClassNotFoundException'{0x0000000084268d78}: groovy/lang/GString$1BeanInfo> (0x0000000084268d78) thrown at [./src/hotspot/share/classfile/systemDictionary.cpp, line 231]
Event: 5.123 Thread 0x0000016ec7609800 Exception <a 'java/lang/ClassNotFoundException'{0x0000000084282d68}: groovy/lang/GStringBeanInfo> (0x0000000084282d68) thrown at [./src/hotspot/share/classfile/systemDictionary.cpp, line 231]
Event: 5.124 Thread 0x0000016ec7609800 Exception <a 'java/lang/ClassNotFoundException'{0x000000008429caa8}: groovy/lang/GStringCustomizer> (0x000000008429caa8) thrown at [./src/hotspot/share/classfile/systemDictionary.cpp, line 231]
Event: 5.126 Thread 0x0000016ec7609800 Exception <a 'java/lang/ClassNotFoundException'{0x00000000842c0758}: groovy/lang/GString$1Customizer> (0x00000000842c0758) thrown at [./src/hotspot/share/classfile/systemDictionary.cpp, line 231]
Event: 5.135 Thread 0x0000016ec7609800 Exception <a 'java/lang/ClassNotFoundException'{0x00000000841572e0}: org/codehaus/groovy/runtime/GStringImplBeanInfo> (0x00000000841572e0) thrown at [./src/hotspot/share/classfile/systemDictionary.cpp, line 231]
Event: 5.139 Thread 0x0000016ec7609800 Exception <a 'java/lang/ClassNotFoundException'{0x0000000084174190}: org/codehaus/groovy/runtime/GStringImplCustomizer> (0x0000000084174190) thrown at [./src/hotspot/share/classfile/systemDictionary.cpp, line 231]
Event: 5.484 Thread 0x0000016ec7609800 Exception <a 'java/lang/NoSuchMethodError'{0x00000000874b6580}: 'int java.lang.invoke.DirectMethodHandle$Holder.invokeInterface(java.lang.Object, java.lang.Object)'> (0x00000000874b6580) thrown at [./src/hotspot/share/interpreter/linkResolver.cpp, line 773]
Event: 5.484 Thread 0x0000016ec7609800 Exception <a 'java/lang/IncompatibleClassChangeError'{0x00000000874b9db8}: Found class java.lang.Object, but interface was expected> (0x00000000874b9db8) thrown at [./src/hotspot/share/interpreter/linkResolver.cpp, line 839]
Event: 5.503 Thread 0x0000016ec7609800 Exception <a 'java/lang/NoSuchMethodError'{0x00000000872963e8}: 'java.lang.Object java.lang.invoke.DirectMethodHandle$Holder.invokeStatic(java.lang.Object, java.lang.Object, java.lang.Object, int)'> (0x00000000872963e8) thrown at [./src/hotspot/share/interpreter/linkResolver.cpp, line 773]
Event: 5.503 Thread 0x0000016ec7609800 Exception <a 'java/lang/NoSuchMethodError'{0x000000008729aa00}: 'java.lang.Object java.lang.invoke.DirectMethodHandle$Holder.invokeSpecial(java.lang.Object, java.lang.Object, java.lang.Object, java.lang.Object, int)'> (0x000000008729aa00) thrown at [./src/hotspot/share/interpreter/linkResolver.cpp, line 773]
Event: 5.504 Thread 0x0000016ec7609800 Exception <a 'java/lang/NoSuchMethodError'{0x000000008729e938}: 'java.lang.Object java.lang.invoke.Invokers$Holder.linkToTargetMethod(java.lang.Object, java.lang.Object, int, java.lang.Object)'> (0x000000008729e938) thrown at [./src/hotspot/share/interpreter/linkResolver.cpp, line 773]
Event: 5.598 Thread 0x0000016ec7609800 Exception <a 'java/lang/NoSuchMethodError'{0x0000000086c82c48}: 'int java.lang.invoke.DirectMethodHandle$Holder.invokeStaticInit(java.lang.Object)'> (0x0000000086c82c48) thrown at [./src/hotspot/share/interpreter/linkResolver.cpp, line 773]
Event: 6.189 Thread 0x0000016ec7609800 Exception <a 'java/lang/NoSuchMethodError'{0x0000000086249720}: 'void java.lang.invoke.DirectMethodHandle$Holder.invokeStatic(java.lang.Object, java.lang.Object, java.lang.Object, int, java.lang.Object)'> (0x0000000086249720) thrown at [./src/hotspot/share/interpreter/linkResolver.cpp, line 773]

Events (20 events):
Event: 6.235 Executing VM operation: RevokeBias
Event: 6.235 Executing VM operation: RevokeBias done
Event: 6.235 loading class org/gradle/internal/component/model/ModuleSources
Event: 6.235 loading class org/gradle/internal/component/model/ModuleSources done
Event: 6.235 loading class org/gradle/internal/component/model/ModuleSources
Event: 6.235 loading class org/gradle/internal/component/model/ModuleSources done
Event: 6.236 loading class org/gradle/api/internal/artifacts/DefaultArtifactIdentifier
Event: 6.236 loading class org/gradle/api/internal/artifacts/DefaultArtifactIdentifier done
Event: 6.236 loading class org/gradle/api/internal/artifacts/ivyservice/resolutionstrategy/DefaultCachePolicy$CachedArtifactResolutionControl
Event: 6.236 loading class org/gradle/api/internal/artifacts/ivyservice/resolutionstrategy/DefaultCachePolicy$CachedArtifactResolutionControl done
Event: 6.237 loading class org/gradle/api/internal/artifacts/DownloadArtifactBuildOperationType
Event: 6.237 loading class org/gradle/api/internal/artifacts/DownloadArtifactBuildOperationType done
Event: 6.237 Executing VM operation: RevokeBias
Event: 6.237 Executing VM operation: RevokeBias done
Event: 6.238 Executing VM operation: RevokeBias
Event: 6.238 Executing VM operation: RevokeBias done
Event: 6.238 loading class org/gradle/api/internal/artifacts/DownloadArtifactBuildOperationType$Result
Event: 6.238 loading class org/gradle/api/internal/artifacts/DownloadArtifactBuildOperationType$Result done
Event: 6.238 loading class org/gradle/api/internal/artifacts/DownloadArtifactBuildOperationType$1
Event: 6.238 loading class org/gradle/api/internal/artifacts/DownloadArtifactBuildOperationType$1 done


Dynamic libraries:
0x00007ff6e9f10000 - 0x00007ff6e9f1a000 	C:\Program Files\Android\Android Studio1\jre\bin\java.exe
0x00007ffba5110000 - 0x00007ffba5305000 	C:\WINDOWS\SYSTEM32\ntdll.dll
0x00007ffba3f60000 - 0x00007ffba401d000 	C:\WINDOWS\System32\KERNEL32.DLL
0x00007ffba2bf0000 - 0x00007ffba2eb8000 	C:\WINDOWS\System32\KERNELBASE.dll
0x00007ffba2f20000 - 0x00007ffba3020000 	C:\WINDOWS\System32\ucrtbase.dll
0x00007ffb8c9e0000 - 0x00007ffb8c9f7000 	C:\Program Files\Android\Android Studio1\jre\bin\VCRUNTIME140.dll
0x00007ffb8de80000 - 0x00007ffb8de99000 	C:\Program Files\Android\Android Studio1\jre\bin\jli.dll
0x00007ffba3930000 - 0x00007ffba3ad0000 	C:\WINDOWS\System32\USER32.dll
0x00007ffb8d670000 - 0x00007ffb8d90a000 	C:\WINDOWS\WinSxS\amd64_microsoft.windows.common-controls_6595b64144ccf1df_6.0.19041.1052_none_60b8f8fd71f5e8cb\COMCTL32.dll
0x00007ffba3150000 - 0x00007ffba3172000 	C:\WINDOWS\System32\win32u.dll
0x00007ffba3e40000 - 0x00007ffba3ede000 	C:\WINDOWS\System32\msvcrt.dll
0x00007ffba4020000 - 0x00007ffba404a000 	C:\WINDOWS\System32\GDI32.dll
0x00007ffba2950000 - 0x00007ffba2a5b000 	C:\WINDOWS\System32\gdi32full.dll
0x00007ffba3020000 - 0x00007ffba30bd000 	C:\WINDOWS\System32\msvcp_win.dll
0x00007ffba4070000 - 0x00007ffba40a0000 	C:\WINDOWS\System32\IMM32.DLL
0x00007ffb65a00000 - 0x00007ffb65a9d000 	C:\Program Files\Android\Android Studio1\jre\bin\msvcp140.dll
0x00007ffb5b560000 - 0x00007ffb5c01c000 	C:\Program Files\Android\Android Studio1\jre\bin\server\jvm.dll
0x00007ffba4f40000 - 0x00007ffba4fec000 	C:\WINDOWS\System32\ADVAPI32.dll
0x00007ffba40a0000 - 0x00007ffba413b000 	C:\WINDOWS\System32\sechost.dll
0x00007ffba3750000 - 0x00007ffba387b000 	C:\WINDOWS\System32\RPCRT4.dll
0x00007ffba4ad0000 - 0x00007ffba4ad8000 	C:\WINDOWS\System32\PSAPI.DLL
0x00007ffb88160000 - 0x00007ffb88169000 	C:\WINDOWS\SYSTEM32\WSOCK32.dll
0x00007ffb8f3f0000 - 0x00007ffb8f417000 	C:\WINDOWS\SYSTEM32\WINMM.dll
0x00007ffb99ec0000 - 0x00007ffb99eca000 	C:\WINDOWS\SYSTEM32\VERSION.dll
0x00007ffba3ef0000 - 0x00007ffba3f5b000 	C:\WINDOWS\System32\WS2_32.dll
0x00007ffba1120000 - 0x00007ffba1132000 	C:\WINDOWS\SYSTEM32\kernel.appcore.dll
0x00007ffb9b2f0000 - 0x00007ffb9b301000 	C:\Program Files\Android\Android Studio1\jre\bin\verify.dll
0x00007ffba04c0000 - 0x00007ffba06a4000 	C:\WINDOWS\SYSTEM32\DBGHELP.DLL
0x00007ffb8a280000 - 0x00007ffb8a2ac000 	C:\WINDOWS\SYSTEM32\dbgcore.DLL
0x00007ffba30c0000 - 0x00007ffba3143000 	C:\WINDOWS\System32\bcryptPrimitives.dll
0x00007ffb8e9d0000 - 0x00007ffb8e9f9000 	C:\Program Files\Android\Android Studio1\jre\bin\java.dll
0x00007ffba0480000 - 0x00007ffba048b000 	C:\Program Files\Android\Android Studio1\jre\bin\jimage.dll
0x00007ffb8f1e0000 - 0x00007ffb8f1f8000 	C:\Program Files\Android\Android Studio1\jre\bin\zip.dll
0x00007ffba4260000 - 0x00007ffba499f000 	C:\WINDOWS\System32\SHELL32.dll
0x00007ffba0980000 - 0x00007ffba1110000 	C:\WINDOWS\SYSTEM32\windows.storage.dll
0x00007ffba3ae0000 - 0x00007ffba3e35000 	C:\WINDOWS\System32\combase.dll
0x00007ffba22c0000 - 0x00007ffba22ec000 	C:\WINDOWS\SYSTEM32\Wldp.dll
0x00007ffba4a20000 - 0x00007ffba4ace000 	C:\WINDOWS\System32\SHCORE.dll
0x00007ffba4ee0000 - 0x00007ffba4f35000 	C:\WINDOWS\System32\shlwapi.dll
0x00007ffba2790000 - 0x00007ffba27af000 	C:\WINDOWS\SYSTEM32\profapi.dll
0x00007ffb8cd60000 - 0x00007ffb8cd7a000 	C:\Program Files\Android\Android Studio1\jre\bin\net.dll
0x00007ffb8f760000 - 0x00007ffb8f86b000 	C:\WINDOWS\SYSTEM32\WINHTTP.dll
0x00007ffba2030000 - 0x00007ffba209a000 	C:\WINDOWS\system32\mswsock.dll
0x00007ffb8cd40000 - 0x00007ffb8cd54000 	C:\Program Files\Android\Android Studio1\jre\bin\nio.dll
0x00007ffb71d90000 - 0x00007ffb71db7000 	C:\Users\DANY99SR\.gradle\native\f6784746aeab05261644944871eae4fe03e0ef1612fff0a4a95f87b438bc6780\windows-amd64\native-platform.dll
0x00007ffb9c700000 - 0x00007ffb9c70a000 	C:\Program Files\Android\Android Studio1\jre\bin\management.dll
0x00007ffb9c250000 - 0x00007ffb9c25c000 	C:\Program Files\Android\Android Studio1\jre\bin\management_ext.dll
0x00007ffba2210000 - 0x00007ffba2228000 	C:\WINDOWS\SYSTEM32\CRYPTSP.dll
0x00007ffba1960000 - 0x00007ffba1994000 	C:\WINDOWS\system32\rsaenh.dll
0x00007ffba2a60000 - 0x00007ffba2a87000 	C:\WINDOWS\System32\bcrypt.dll
0x00007ffba2750000 - 0x00007ffba277e000 	C:\WINDOWS\SYSTEM32\USERENV.dll
0x00007ffba2200000 - 0x00007ffba220c000 	C:\WINDOWS\SYSTEM32\CRYPTBASE.dll
0x00007ffba1cd0000 - 0x00007ffba1d0b000 	C:\WINDOWS\SYSTEM32\IPHLPAPI.DLL
0x00007ffba3ee0000 - 0x00007ffba3ee8000 	C:\WINDOWS\System32\NSI.dll
0x00007ffb98860000 - 0x00007ffb98877000 	C:\WINDOWS\SYSTEM32\dhcpcsvc6.DLL
0x00007ffb99180000 - 0x00007ffb9919d000 	C:\WINDOWS\SYSTEM32\dhcpcsvc.DLL
0x00007ffba1d20000 - 0x00007ffba1dec000 	C:\WINDOWS\SYSTEM32\DNSAPI.dll
0x00007ffb99ed0000 - 0x00007ffb99edb000 	C:\WINDOWS\SYSTEM32\WINNSI.DLL

dbghelp: loaded successfully - version: 4.0.5 - missing functions: none
symbol engine: initialized successfully - sym options: 0x614 - pdb path: .;C:\Program Files\Android\Android Studio1\jre\bin;C:\WINDOWS\SYSTEM32;C:\WINDOWS\WinSxS\amd64_microsoft.windows.common-controls_6595b64144ccf1df_6.0.19041.1052_none_60b8f8fd71f5e8cb;C:\Program Files\Android\Android Studio1\jre\bin\server;C:\Users\DANY99SR\.gradle\native\f6784746aeab05261644944871eae4fe03e0ef1612fff0a4a95f87b438bc6780\windows-amd64

VM Arguments:
jvm_args: --add-opens=java.base/java.util=ALL-UNNAMED --add-opens=java.base/java.lang=ALL-UNNAMED --add-opens=java.base/java.lang.invoke=ALL-UNNAMED --add-opens=java.prefs/java.util.prefs=ALL-UNNAMED -Xmx2048m -Dfile.encoding=UTF-8 -Duser.country=GB -Duser.language=en -Duser.variant 
java_command: org.gradle.launcher.daemon.bootstrap.GradleDaemon 6.5
java_class_path (initial): C:\Users\DANY99SR\.gradle\wrapper\dists\gradle-6.5-bin\6nifqtx7604sqp1q6g8wikw7p\gradle-6.5\lib\gradle-launcher-6.5.jar
Launcher Type: SUN_STANDARD

[Global flags]
     intx CICompilerCount                          = 4                                         {product} {ergonomic}
     uint ConcGCThreads                            = 2                                         {product} {ergonomic}
     uint G1ConcRefinementThreads                  = 8                                         {product} {ergonomic}
   size_t G1HeapRegionSize                         = 1048576                                   {product} {ergonomic}
    uintx GCDrainStackTargetSize                   = 64                                        {product} {ergonomic}
   size_t InitialHeapSize                          = 134217728                                 {product} {ergonomic}
   size_t MarkStackSize                            = 4194304                                   {product} {ergonomic}
   size_t MaxHeapSize                              = 2147483648                                {product} {command line}
   size_t MaxNewSize                               = 1287651328                                {product} {ergonomic}
   size_t MinHeapDeltaBytes                        = 1048576                                   {product} {ergonomic}
    uintx NonNMethodCodeHeapSize                   = 5836300                                {pd product} {ergonomic}
    uintx NonProfiledCodeHeapSize                  = 122910970                              {pd product} {ergonomic}
    uintx ProfiledCodeHeapSize                     = 122910970                              {pd product} {ergonomic}
    uintx ReservedCodeCacheSize                    = 251658240                              {pd product} {ergonomic}
     bool SegmentedCodeCache                       = true                                      {product} {ergonomic}
     bool UseCompressedClassPointers               = true                                 {lp64_product} {ergonomic}
     bool UseCompressedOops                        = true                                 {lp64_product} {ergonomic}
     bool UseG1GC                                  = true                                      {product} {ergonomic}
     bool UseLargePagesIndividualAllocation        = false                                  {pd product} {ergonomic}

Logging:
Log output configuration:
 #0: stdout all=warning uptime,level,tags
 #1: stderr all=off uptime,level,tags

Environment Variables:
JAVA_HOME=C:\Program Files\AdoptOpenJDK\jdk-8.0.252.09-hotspot
PATH=C:\Program Files\Microsoft MPI\Bin\;C:\Program Files\AdoptOpenJDK\jdk-8.0.252.09-hotspot\bin;C:\Program Files (x86)\Common Files\Oracle\Java\javapath;C:\Windows\system32;C:\Windows;C:\Windows\System32\Wbem;C:\Windows\System32\WindowsPowerShell\v1.0\;C:\Windows\System32\OpenSSH\;C:\Program Files\dotnet\;C:\Program Files\NVIDIA Corporation\NVIDIA NvDLISR;C:\Program Files (x86)\NVIDIA Corporation\PhysX\Common;C:\Android;C:\Program Files (x86)\Microsoft SQL Server\150\DTS\Binn\;C:\Program Files\Microsoft SQL Server\Client SDK\ODBC\170\Tools\Binn\;C:\Program Files (x86)\Microsoft SQL Server\150\Tools\Binn\;C:\Program Files\Microsoft SQL Server\150\Tools\Binn\;C:\Program Files\Microsoft SQL Server\150\DTS\Binn\;C:\Program Files\nodejs\;C:\Program Files\PostgreSQL\12\bin;C:\Program Files\Git\cmd;C:\Program Files\Microsoft SQL Server\130\Tools\Binn\;C:\WINDOWS\system32;C:\WINDOWS;C:\WINDOWS\System32\Wbem;C:\WINDOWS\System32\WindowsPowerShell\v1.0\;C:\WINDOWS\System32\OpenSSH\;C:\Program Files\Go\bin;C:\Users\DANY99SR\AppData\Local\Programs\Python\Python37\Scripts\;C:\Users\DANY99SR\AppData\Local\Programs\Python\Python37\;C:\Users\DANY99SR\AppData\Local\Microsoft\WindowsApps;C:\Users\DANY99SR\AppData\Local\Programs\Microsoft VS Code\bin;C:\Users\DANY99SR\AppData\Local\GitHubDesktop\bin;C:\Program Files\JetBrains\PyCharm 2020.1\bin;;C:\Users\DANY99SR\AppData\Roaming\npm;C:\Users\DANY99SR\.dotnet\tools;C:\Users\DANY99SR\AppData\Local\Microsoft\WindowsApps;C:\Users\DANY99SR\go\bin
USERNAME=DANY99SR
OS=Windows_NT
PROCESSOR_IDENTIFIER=Intel64 Family 6 Model 158 Stepping 9, GenuineIntel



---------------  S Y S T E M  ---------------

OS: Windows 10 , 64 bit Build 19041 (10.0.19041.1023)
OS uptime: 17 days 12:46 hours

CPU:total 8 (initial active 8) (4 cores per cpu, 2 threads per core) family 6 model 158 stepping 9, cmov, cx8, fxsr, mmx, sse, sse2, sse3, ssse3, sse4.1, sse4.2, popcnt, avx, avx2, aes, clmul, erms, 3dnowpref, lzcnt, ht, tsc, tscinvbit, bmi1, bmi2, adx, fma

Memory: 4k page, system-wide physical 8076M (216M free)
TotalPageFile size 32652M (AvailPageFile size 1M)
current process WorkingSet (physical memory assigned to process): 243M, peak: 243M
current process commit charge ("private bytes"): 304M, peak: 304M

vm_info: OpenJDK 64-Bit Server VM (11.0.8+10-b944.6842174) for windows-amd64 JRE (11.0.8+10-b944.6842174), built on Sep 19 2020 01:11:42 by "builder" with MS VC++ 14.0 (VS2015)

END.
