#
# There is insufficient memory for the Java Runtime Environment to continue.
# Native memory allocation (malloc) failed to allocate 1204816 bytes for Chunk::new
# Possible reasons:
#   The system is out of physical RAM or swap space
#   The process is running with CompressedOops enabled, and the Java Heap may be blocking the growth of the native heap
# Possible solutions:
#   Reduce memory load on the system
#   Increase physical memory or swap space
#   Check if swap backing store is full
#   Decrease Java heap size (-Xmx/-Xms)
#   Decrease number of Java threads
#   Decrease Java thread stack sizes (-Xss)
#   Set larger code cache with -XX:ReservedCodeCacheSize=
#   JVM is running with Unscaled Compressed Oops mode in which the Java heap is
#     placed in the first 4GB address space. The Java Heap base address is the
#     maximum limit for the native heap growth. Please use -XX:HeapBaseMinAddress
#     to set the Java Heap base and to place the Java Heap above 4GB virtual address.
# This output file may be truncated or incomplete.
#
#  Out of Memory Error (./src/hotspot/share/memory/arena.cpp:197), pid=20716, tid=15892
#
# JRE version: OpenJDK Runtime Environment (11.0.8+10) (build 11.0.8+10-b944.6842174)
# Java VM: OpenJDK 64-Bit Server VM (11.0.8+10-b944.6842174, mixed mode, tiered, compressed oops, g1 gc, windows-amd64)
# No core dump will be written. Minidumps are not enabled by default on client versions of Windows
#

---------------  S U M M A R Y ------------

Command Line: --add-opens=java.base/java.util=ALL-UNNAMED --add-opens=java.base/java.lang=ALL-UNNAMED --add-opens=java.base/java.lang.invoke=ALL-UNNAMED --add-opens=java.prefs/java.util.prefs=ALL-UNNAMED -Xmx2048m -Dfile.encoding=UTF-8 -Duser.country=GB -Duser.language=en -Duser.variant org.gradle.launcher.daemon.bootstrap.GradleDaemon 6.5

Host: Intel(R) Core(TM) i7-7700HQ CPU @ 2.80GHz, 8 cores, 7G,  Windows 10 , 64 bit Build 19041 (10.0.19041.1023)
Time: Mon Jun 28 21:47:57 2021 GTB Summer Time elapsed time: 18 seconds (0d 0h 0m 18s)

---------------  T H R E A D  ---------------

Current thread (0x000001e8565fe800):  JavaThread "C2 CompilerThread0" daemon [_thread_in_native, id=15892, stack(0x0000009ec0300000,0x0000009ec0400000)]


Current CompileTask:
C2:  18104 8375       4       java.lang.reflect.AccessibleObject::checkCanSetAccessible (386 bytes)

Stack: [0x0000009ec0300000,0x0000009ec0400000]
Native frames: (J=compiled Java code, j=interpreted, Vv=VM code, C=native code)
V  [jvm.dll+0x5de50a]
V  [jvm.dll+0x7122f5]
V  [jvm.dll+0x71384d]
V  [jvm.dll+0x713f03]
V  [jvm.dll+0x23e728]
V  [jvm.dll+0xb899c]
V  [jvm.dll+0xb8e9c]
V  [jvm.dll+0x35020b]
V  [jvm.dll+0x31dea3]
V  [jvm.dll+0x31d39a]
V  [jvm.dll+0x1f7702]
V  [jvm.dll+0x1f68d4]
V  [jvm.dll+0x17f32c]
V  [jvm.dll+0x205047]
V  [jvm.dll+0x203891]
V  [jvm.dll+0x6dad3f]
V  [jvm.dll+0x6d3895]
V  [jvm.dll+0x5dd4a6]
C  [ucrtbase.dll+0x21bb2]
C  [KERNEL32.DLL+0x17034]
C  [ntdll.dll+0x52651]


---------------  P R O C E S S  ---------------

Threads class SMR info:
_java_thread_list=0x000001e85c8f07d0, length=163, elements={
0x000001e83babf000, 0x000001e855ddb800, 0x000001e855de9000, 0x000001e8565fa000,
0x000001e8565fb800, 0x000001e8565fe800, 0x000001e85660f000, 0x000001e856610000,
0x000001e8567c2800, 0x000001e8567e4000, 0x000001e8574b7000, 0x000001e857cc6800,
0x000001e8574aa000, 0x000001e857eff800, 0x000001e858841000, 0x000001e857f2d000,
0x000001e8580bf800, 0x000001e85876a800, 0x000001e85797a800, 0x000001e85809a800,
0x000001e858740000, 0x000001e858742800, 0x000001e858741000, 0x000001e858742000,
0x000001e85873f800, 0x000001e85873d000, 0x000001e858743800, 0x000001e85873e000,
0x000001e85873e800, 0x000001e85aa0d000, 0x000001e85aa0e000, 0x000001e85aa12000,
0x000001e85aa0c800, 0x000001e85aa10800, 0x000001e85aa11800, 0x000001e85aa13000,
0x000001e85aa13800, 0x000001e85aa14800, 0x000001e85aa0f000, 0x000001e85aa1b000,
0x000001e85aa1a800, 0x000001e85aa15800, 0x000001e85aa19800, 0x000001e85aa17000,
0x000001e85aa16000, 0x000001e85aa18000, 0x000001e85aa18800, 0x000001e85b564000,
0x000001e85b560000, 0x000001e85b565000, 0x000001e85b561800, 0x000001e85b562800,
0x000001e85b563000, 0x000001e85b565800, 0x000001e85b561000, 0x000001e85b56a800,
0x000001e85b56c000, 0x000001e85b566800, 0x000001e85b56b800, 0x000001e85b569000,
0x000001e85b56d000, 0x000001e85b56a000, 0x000001e85b567800, 0x000001e85b56e000,
0x000001e85b568000, 0x000001e85b56e800, 0x000001e85b79e000, 0x000001e85b79f800,
0x000001e85b7a2800, 0x000001e85b7a2000, 0x000001e85b7a0800, 0x000001e85b79e800,
0x000001e85b7a6000, 0x000001e85b7a1000, 0x000001e85b7a4800, 0x000001e85b7a5000,
0x000001e85b7a7000, 0x000001e85b7a7800, 0x000001e85b7a8800, 0x000001e85b7a3800,
0x000001e85b7a9800, 0x000001e85b7aa000, 0x000001e85b7ab000, 0x000001e85b7ab800,
0x000001e85b7ac800, 0x000001e85abc0000, 0x000001e85abbe000, 0x000001e85abba000,
0x000001e85abbb800, 0x000001e85abbc800, 0x000001e85abc0800, 0x000001e85abbb000,
0x000001e85abc1800, 0x000001e85abbd800, 0x000001e85abc2000, 0x000001e85abc3000,
0x000001e85abbf000, 0x000001e85abc6800, 0x000001e85abc4000, 0x000001e85abc7000,
0x000001e85abc4800, 0x000001e85abc9000, 0x000001e85abc8000, 0x000001e85abc5800,
0x000001e85b780800, 0x000001e85b785000, 0x000001e85b781800, 0x000001e85b783000,
0x000001e85b77f000, 0x000001e85b784000, 0x000001e85b785800, 0x000001e85b780000,
0x000001e85b782800, 0x000001e85b788000, 0x000001e85b786800, 0x000001e85b78d000,
0x000001e85b78a800, 0x000001e85b78b800, 0x000001e85b787000, 0x000001e85b78d800,
0x000001e85b789000, 0x000001e85b789800, 0x000001e85b78c000, 0x000001e85b74f800,
0x000001e85b750800, 0x000001e85b74e000, 0x000001e85b74f000, 0x000001e85b74d800,
0x000001e85b757000, 0x000001e85b754000, 0x000001e85b755800, 0x000001e85b756800,
0x000001e85b751800, 0x000001e85b754800, 0x000001e85b753000, 0x000001e85b758000,
0x000001e85b752000, 0x000001e85b758800, 0x000001e85b759800, 0x000001e85b75a800,
0x000001e85b75b000, 0x000001e85b75c000, 0x000001e85b5d5800, 0x000001e85b5d6800,
0x000001e85b5d1800, 0x000001e85b5d7000, 0x000001e85b5d8000, 0x000001e85b5d4800,
0x000001e85b5d2000, 0x000001e85b5d9000, 0x000001e85b5d3000, 0x000001e85b5d9800,
0x000001e85b5d4000, 0x000001e85b5dd800, 0x000001e85b5dd000, 0x000001e85b5de800,
0x000001e85b5e0000, 0x000001e85b5df800, 0x000001e85b5da800, 0x000001e85b5db000,
0x000001e85b5dc000, 0x000001e858e22000, 0x000001e858e1f800
}

Java Threads: ( => current thread )
  0x000001e83babf000 JavaThread "main" [_thread_blocked, id=12560, stack(0x0000009ebf800000,0x0000009ebf900000)]
  0x000001e855ddb800 JavaThread "Reference Handler" daemon [_thread_blocked, id=15596, stack(0x0000009ebff00000,0x0000009ec0000000)]
  0x000001e855de9000 JavaThread "Finalizer" daemon [_thread_blocked, id=14088, stack(0x0000009ec0000000,0x0000009ec0100000)]
  0x000001e8565fa000 JavaThread "Signal Dispatcher" daemon [_thread_blocked, id=6320, stack(0x0000009ec0100000,0x0000009ec0200000)]
  0x000001e8565fb800 JavaThread "Attach Listener" daemon [_thread_blocked, id=20096, stack(0x0000009ec0200000,0x0000009ec0300000)]
=>0x000001e8565fe800 JavaThread "C2 CompilerThread0" daemon [_thread_in_native, id=15892, stack(0x0000009ec0300000,0x0000009ec0400000)]
  0x000001e85660f000 JavaThread "C1 CompilerThread0" daemon [_thread_in_native, id=21080, stack(0x0000009ec0400000,0x0000009ec0500000)]
  0x000001e856610000 JavaThread "Sweeper thread" daemon [_thread_blocked, id=19524, stack(0x0000009ec0500000,0x0000009ec0600000)]
  0x000001e8567c2800 JavaThread "Common-Cleaner" daemon [_thread_blocked, id=6140, stack(0x0000009ec0600000,0x0000009ec0700000)]
  0x000001e8567e4000 JavaThread "Service Thread" daemon [_thread_blocked, id=4952, stack(0x0000009ec0700000,0x0000009ec0800000)]
  0x000001e8574b7000 JavaThread "Daemon health stats" [_thread_blocked, id=20524, stack(0x0000009ec0b00000,0x0000009ec0c00000)]
  0x000001e857cc6800 JavaThread "Incoming local TCP Connector on port 60958" [_thread_in_native, id=21124, stack(0x0000009ec0e00000,0x0000009ec0f00000)]
  0x000001e8574aa000 JavaThread "Daemon periodic checks" [_thread_blocked, id=4012, stack(0x0000009ec0f00000,0x0000009ec1000000)]
  0x000001e857eff800 JavaThread "Daemon" [_thread_blocked, id=11200, stack(0x0000009ec1000000,0x0000009ec1100000)]
  0x000001e858841000 JavaThread "Handler for socket connection from /127.0.0.1:60958 to /127.0.0.1:60959" [_thread_in_native, id=15640, stack(0x0000009ec1100000,0x0000009ec1200000)]
  0x000001e857f2d000 JavaThread "Cancel handler" [_thread_blocked, id=16700, stack(0x0000009ec1200000,0x0000009ec1300000)]
  0x000001e8580bf800 JavaThread "Daemon worker" [_thread_blocked, id=18932, stack(0x0000009ec1300000,0x0000009ec1400000)]
  0x000001e85876a800 JavaThread "Asynchronous log dispatcher for DefaultDaemonConnection: socket connection from /127.0.0.1:60958 to /127.0.0.1:60959" [_thread_blocked, id=12684, stack(0x0000009ec1400000,0x0000009ec1500000)]
  0x000001e85797a800 JavaThread "Stdin handler" [_thread_blocked, id=14436, stack(0x0000009ec1500000,0x0000009ec1600000)]
  0x000001e85809a800 JavaThread "Thread-8" [_thread_blocked, id=20068, stack(0x0000009ec1600000,0x0000009ec1700000)]
  0x000001e858740000 JavaThread "Cache worker for journal cache (C:\Users\DANY99SR\.gradle\caches\journal-1)" [_thread_blocked, id=13060, stack(0x0000009ec1700000,0x0000009ec1800000)]
  0x000001e858742800 JavaThread "File lock request listener" [_thread_in_native, id=14416, stack(0x0000009ec1d00000,0x0000009ec1e00000)]
  0x000001e858741000 JavaThread "Cache worker for file hash cache (C:\Users\DANY99SR\.gradle\caches\6.5\fileHashes)" [_thread_blocked, id=12372, stack(0x0000009ec1e00000,0x0000009ec1f00000)]
  0x000001e858742000 JavaThread "Cache worker for file hash cache (D:\FACULTATE COZMA DANIEL NECULAI\Anul 3\Sem 1\Pam Tabarca\Aplicatie Android Licenta\Robot\.gradle\6.5\fileHashes)" [_thread_blocked, id=8840, stack(0x0000009ec2000000,0x0000009ec2100000)]
  0x000001e85873f800 JavaThread "Cache worker for checksums cache (D:\FACULTATE COZMA DANIEL NECULAI\Anul 3\Sem 1\Pam Tabarca\Aplicatie Android Licenta\Robot\.gradle\checksums)" [_thread_blocked, id=20732, stack(0x0000009ec2100000,0x0000009ec2200000)]
  0x000001e85873d000 JavaThread "Cache worker for cache directory md-supplier (C:\Users\DANY99SR\.gradle\caches\6.5\md-supplier)" [_thread_blocked, id=9472, stack(0x0000009ec2200000,0x0000009ec2300000)]
  0x000001e858743800 JavaThread "Cache worker for cache directory md-rule (C:\Users\DANY99SR\.gradle\caches\6.5\md-rule)" [_thread_blocked, id=21104, stack(0x0000009ec2300000,0x0000009ec2400000)]
  0x000001e85873e000 JavaThread "Cache worker for execution history cache (C:\Users\DANY99SR\.gradle\caches\6.5\executionHistory)" [_thread_blocked, id=17116, stack(0x0000009ec2400000,0x0000009ec2500000)]
  0x000001e85873e800 JavaThread "jar transforms" [_thread_blocked, id=9588, stack(0x0000009ec2500000,0x0000009ec2600000)]
  0x000001e85aa0d000 JavaThread "Cache worker for file content cache (C:\Users\DANY99SR\.gradle\caches\6.5\fileContent)" [_thread_blocked, id=1920, stack(0x0000009ec2600000,0x0000009ec2700000)]
  0x000001e85aa0e000 JavaThread "Build operations" [_thread_blocked, id=18316, stack(0x0000009ec2700000,0x0000009ec2800000)]
  0x000001e85aa12000 JavaThread "Build operations Thread 2" [_thread_blocked, id=20172, stack(0x0000009ec2800000,0x0000009ec2900000)]
  0x000001e85aa0c800 JavaThread "Build operations Thread 3" [_thread_blocked, id=18868, stack(0x0000009ec2900000,0x0000009ec2a00000)]
  0x000001e85aa10800 JavaThread "Build operations Thread 4" [_thread_blocked, id=8144, stack(0x0000009ec2a00000,0x0000009ec2b00000)]
  0x000001e85aa11800 JavaThread "Build operations Thread 5" [_thread_blocked, id=21188, stack(0x0000009ec2b00000,0x0000009ec2c00000)]
  0x000001e85aa13000 JavaThread "Build operations Thread 6" [_thread_blocked, id=17176, stack(0x0000009ec2c00000,0x0000009ec2d00000)]
  0x000001e85aa13800 JavaThread "Build operations Thread 7" [_thread_blocked, id=8336, stack(0x0000009ec2d00000,0x0000009ec2e00000)]
  0x000001e85aa14800 JavaThread "Build operations Thread 8" [_thread_blocked, id=4680, stack(0x0000009ec2e00000,0x0000009ec2f00000)]
  0x000001e85aa0f000 JavaThread "jar transforms Thread 2" [_thread_blocked, id=9132, stack(0x0000009ec2f00000,0x0000009ec3000000)]
  0x000001e85aa1b000 JavaThread "jar transforms Thread 3" [_thread_blocked, id=12596, stack(0x0000009ec3000000,0x0000009ec3100000)]
  0x000001e85aa1a800 JavaThread "jar transforms Thread 4" [_thread_blocked, id=21144, stack(0x0000009ec3100000,0x0000009ec3200000)]
  0x000001e85aa15800 JavaThread "jar transforms Thread 5" [_thread_blocked, id=17900, stack(0x0000009ec3200000,0x0000009ec3300000)]
  0x000001e85aa19800 JavaThread "jar transforms Thread 6" [_thread_blocked, id=5116, stack(0x0000009ec3300000,0x0000009ec3400000)]
  0x000001e85aa17000 JavaThread "jar transforms Thread 7" [_thread_blocked, id=20976, stack(0x0000009ec3400000,0x0000009ec3500000)]
  0x000001e85aa16000 JavaThread "jar transforms Thread 8" [_thread_blocked, id=3972, stack(0x0000009ec3500000,0x0000009ec3600000)]
  0x000001e85aa18000 JavaThread "jar transforms Thread 9" [_thread_blocked, id=20728, stack(0x0000009ec3600000,0x0000009ec3700000)]
  0x000001e85aa18800 JavaThread "jar transforms Thread 10" [_thread_blocked, id=15432, stack(0x0000009ec3700000,0x0000009ec3800000)]
  0x000001e85b564000 JavaThread "jar transforms Thread 11" [_thread_blocked, id=5864, stack(0x0000009ec3800000,0x0000009ec3900000)]
  0x000001e85b560000 JavaThread "jar transforms Thread 12" [_thread_blocked, id=5360, stack(0x0000009ec3900000,0x0000009ec3a00000)]
  0x000001e85b565000 JavaThread "jar transforms Thread 13" [_thread_blocked, id=21292, stack(0x0000009ec3a00000,0x0000009ec3b00000)]
  0x000001e85b561800 JavaThread "jar transforms Thread 14" [_thread_blocked, id=18236, stack(0x0000009ec3b00000,0x0000009ec3c00000)]
  0x000001e85b562800 JavaThread "jar transforms Thread 15" [_thread_blocked, id=2028, stack(0x0000009ec3c00000,0x0000009ec3d00000)]
  0x000001e85b563000 JavaThread "jar transforms Thread 16" [_thread_blocked, id=13208, stack(0x0000009ec3d00000,0x0000009ec3e00000)]
  0x000001e85b565800 JavaThread "jar transforms Thread 17" [_thread_blocked, id=15112, stack(0x0000009ec3e00000,0x0000009ec3f00000)]
  0x000001e85b561000 JavaThread "jar transforms Thread 18" [_thread_blocked, id=21324, stack(0x0000009ec3f00000,0x0000009ec4000000)]
  0x000001e85b56a800 JavaThread "jar transforms Thread 19" [_thread_blocked, id=8460, stack(0x0000009ec4000000,0x0000009ec4100000)]
  0x000001e85b56c000 JavaThread "jar transforms Thread 20" [_thread_blocked, id=744, stack(0x0000009ec4100000,0x0000009ec4200000)]
  0x000001e85b566800 JavaThread "jar transforms Thread 21" [_thread_blocked, id=3952, stack(0x0000009ec4200000,0x0000009ec4300000)]
  0x000001e85b56b800 JavaThread "jar transforms Thread 22" [_thread_blocked, id=20788, stack(0x0000009ec4300000,0x0000009ec4400000)]
  0x000001e85b569000 JavaThread "jar transforms Thread 23" [_thread_blocked, id=12156, stack(0x0000009ec4400000,0x0000009ec4500000)]
  0x000001e85b56d000 JavaThread "jar transforms Thread 24" [_thread_blocked, id=12988, stack(0x0000009ec4500000,0x0000009ec4600000)]
  0x000001e85b56a000 JavaThread "jar transforms Thread 25" [_thread_blocked, id=18876, stack(0x0000009ec4600000,0x0000009ec4700000)]
  0x000001e85b567800 JavaThread "jar transforms Thread 26" [_thread_blocked, id=20868, stack(0x0000009ec4700000,0x0000009ec4800000)]
  0x000001e85b56e000 JavaThread "jar transforms Thread 27" [_thread_blocked, id=18528, stack(0x0000009ec4800000,0x0000009ec4900000)]
  0x000001e85b568000 JavaThread "jar transforms Thread 28" [_thread_blocked, id=16292, stack(0x0000009ec4900000,0x0000009ec4a00000)]
  0x000001e85b56e800 JavaThread "jar transforms Thread 29" [_thread_blocked, id=9100, stack(0x0000009ec4a00000,0x0000009ec4b00000)]
  0x000001e85b79e000 JavaThread "jar transforms Thread 30" [_thread_blocked, id=8676, stack(0x0000009ec4b00000,0x0000009ec4c00000)]
  0x000001e85b79f800 JavaThread "jar transforms Thread 31" [_thread_blocked, id=19760, stack(0x0000009ec4c00000,0x0000009ec4d00000)]
  0x000001e85b7a2800 JavaThread "jar transforms Thread 32" [_thread_blocked, id=19384, stack(0x0000009ec4d00000,0x0000009ec4e00000)]
  0x000001e85b7a2000 JavaThread "jar transforms Thread 33" [_thread_blocked, id=20416, stack(0x0000009ec4e00000,0x0000009ec4f00000)]
  0x000001e85b7a0800 JavaThread "jar transforms Thread 34" [_thread_blocked, id=8532, stack(0x0000009ec4f00000,0x0000009ec5000000)]
  0x000001e85b79e800 JavaThread "jar transforms Thread 35" [_thread_blocked, id=2128, stack(0x0000009ec5000000,0x0000009ec5100000)]
  0x000001e85b7a6000 JavaThread "jar transforms Thread 36" [_thread_blocked, id=3668, stack(0x0000009ec5100000,0x0000009ec5200000)]
  0x000001e85b7a1000 JavaThread "jar transforms Thread 37" [_thread_blocked, id=12068, stack(0x0000009ec5200000,0x0000009ec5300000)]
  0x000001e85b7a4800 JavaThread "jar transforms Thread 38" [_thread_blocked, id=976, stack(0x0000009ec5300000,0x0000009ec5400000)]
  0x000001e85b7a5000 JavaThread "jar transforms Thread 39" [_thread_blocked, id=10668, stack(0x0000009ec5400000,0x0000009ec5500000)]
  0x000001e85b7a7000 JavaThread "jar transforms Thread 40" [_thread_blocked, id=18564, stack(0x0000009ec5500000,0x0000009ec5600000)]
  0x000001e85b7a7800 JavaThread "jar transforms Thread 41" [_thread_blocked, id=18844, stack(0x0000009ec5600000,0x0000009ec5700000)]
  0x000001e85b7a8800 JavaThread "jar transforms Thread 42" [_thread_blocked, id=10404, stack(0x0000009ec5700000,0x0000009ec5800000)]
  0x000001e85b7a3800 JavaThread "jar transforms Thread 43" [_thread_blocked, id=10476, stack(0x0000009ec5800000,0x0000009ec5900000)]
  0x000001e85b7a9800 JavaThread "jar transforms Thread 44" [_thread_blocked, id=9220, stack(0x0000009ec5900000,0x0000009ec5a00000)]
  0x000001e85b7aa000 JavaThread "jar transforms Thread 45" [_thread_blocked, id=19308, stack(0x0000009ec5a00000,0x0000009ec5b00000)]
  0x000001e85b7ab000 JavaThread "jar transforms Thread 46" [_thread_blocked, id=17768, stack(0x0000009ec5b00000,0x0000009ec5c00000)]
  0x000001e85b7ab800 JavaThread "jar transforms Thread 47" [_thread_blocked, id=17272, stack(0x0000009ec5c00000,0x0000009ec5d00000)]
  0x000001e85b7ac800 JavaThread "jar transforms Thread 48" [_thread_blocked, id=12100, stack(0x0000009ec5d00000,0x0000009ec5e00000)]
  0x000001e85abc0000 JavaThread "jar transforms Thread 49" [_thread_blocked, id=16636, stack(0x0000009ec5e00000,0x0000009ec5f00000)]
  0x000001e85abbe000 JavaThread "jar transforms Thread 50" [_thread_blocked, id=13224, stack(0x0000009ec5f00000,0x0000009ec6000000)]
  0x000001e85abba000 JavaThread "jar transforms Thread 51" [_thread_blocked, id=10868, stack(0x0000009ec6000000,0x0000009ec6100000)]
  0x000001e85abbb800 JavaThread "jar transforms Thread 52" [_thread_blocked, id=18888, stack(0x0000009ec6100000,0x0000009ec6200000)]
  0x000001e85abbc800 JavaThread "jar transforms Thread 53" [_thread_blocked, id=11524, stack(0x0000009ec6200000,0x0000009ec6300000)]
  0x000001e85abc0800 JavaThread "jar transforms Thread 54" [_thread_blocked, id=8040, stack(0x0000009ec6300000,0x0000009ec6400000)]
  0x000001e85abbb000 JavaThread "jar transforms Thread 55" [_thread_blocked, id=18220, stack(0x0000009ec6400000,0x0000009ec6500000)]
  0x000001e85abc1800 JavaThread "jar transforms Thread 56" [_thread_blocked, id=7552, stack(0x0000009ec6500000,0x0000009ec6600000)]
  0x000001e85abbd800 JavaThread "jar transforms Thread 57" [_thread_blocked, id=20148, stack(0x0000009ec6600000,0x0000009ec6700000)]
  0x000001e85abc2000 JavaThread "jar transforms Thread 58" [_thread_blocked, id=20284, stack(0x0000009ec6700000,0x0000009ec6800000)]
  0x000001e85abc3000 JavaThread "jar transforms Thread 59" [_thread_blocked, id=12064, stack(0x0000009ec6800000,0x0000009ec6900000)]
  0x000001e85abbf000 JavaThread "jar transforms Thread 60" [_thread_blocked, id=9920, stack(0x0000009ec6900000,0x0000009ec6a00000)]
  0x000001e85abc6800 JavaThread "jar transforms Thread 61" [_thread_blocked, id=16712, stack(0x0000009ec6a00000,0x0000009ec6b00000)]
  0x000001e85abc4000 JavaThread "jar transforms Thread 62" [_thread_blocked, id=9028, stack(0x0000009ec6b00000,0x0000009ec6c00000)]
  0x000001e85abc7000 JavaThread "jar transforms Thread 63" [_thread_blocked, id=9696, stack(0x0000009ec6c00000,0x0000009ec6d00000)]
  0x000001e85abc4800 JavaThread "jar transforms Thread 64" [_thread_blocked, id=11080, stack(0x0000009ec6d00000,0x0000009ec6e00000)]
  0x000001e85abc9000 JavaThread "jar transforms Thread 65" [_thread_blocked, id=4984, stack(0x0000009ec6e00000,0x0000009ec6f00000)]
  0x000001e85abc8000 JavaThread "jar transforms Thread 66" [_thread_blocked, id=21332, stack(0x0000009ec6f00000,0x0000009ec7000000)]
  0x000001e85abc5800 JavaThread "jar transforms Thread 67" [_thread_blocked, id=16184, stack(0x0000009ec7000000,0x0000009ec7100000)]
  0x000001e85b780800 JavaThread "jar transforms Thread 68" [_thread_blocked, id=14216, stack(0x0000009ec7100000,0x0000009ec7200000)]
  0x000001e85b785000 JavaThread "jar transforms Thread 69" [_thread_blocked, id=5004, stack(0x0000009ec7200000,0x0000009ec7300000)]
  0x000001e85b781800 JavaThread "jar transforms Thread 70" [_thread_blocked, id=19720, stack(0x0000009ec7300000,0x0000009ec7400000)]
  0x000001e85b783000 JavaThread "jar transforms Thread 71" [_thread_blocked, id=1184, stack(0x0000009ec7400000,0x0000009ec7500000)]
  0x000001e85b77f000 JavaThread "jar transforms Thread 72" [_thread_blocked, id=21192, stack(0x0000009ec7500000,0x0000009ec7600000)]
  0x000001e85b784000 JavaThread "jar transforms Thread 73" [_thread_blocked, id=3536, stack(0x0000009ec7600000,0x0000009ec7700000)]
  0x000001e85b785800 JavaThread "jar transforms Thread 74" [_thread_blocked, id=10792, stack(0x0000009ec7700000,0x0000009ec7800000)]
  0x000001e85b780000 JavaThread "jar transforms Thread 75" [_thread_blocked, id=2332, stack(0x0000009ec7800000,0x0000009ec7900000)]
  0x000001e85b782800 JavaThread "jar transforms Thread 76" [_thread_blocked, id=8316, stack(0x0000009ec7900000,0x0000009ec7a00000)]
  0x000001e85b788000 JavaThread "jar transforms Thread 77" [_thread_blocked, id=2632, stack(0x0000009ec7a00000,0x0000009ec7b00000)]
  0x000001e85b786800 JavaThread "jar transforms Thread 78" [_thread_blocked, id=12184, stack(0x0000009ec7b00000,0x0000009ec7c00000)]
  0x000001e85b78d000 JavaThread "jar transforms Thread 79" [_thread_blocked, id=14872, stack(0x0000009ec7c00000,0x0000009ec7d00000)]
  0x000001e85b78a800 JavaThread "jar transforms Thread 80" [_thread_blocked, id=2436, stack(0x0000009ec7d00000,0x0000009ec7e00000)]
  0x000001e85b78b800 JavaThread "jar transforms Thread 81" [_thread_blocked, id=9420, stack(0x0000009ec7e00000,0x0000009ec7f00000)]
  0x000001e85b787000 JavaThread "jar transforms Thread 82" [_thread_blocked, id=8924, stack(0x0000009ec7f00000,0x0000009ec8000000)]
  0x000001e85b78d800 JavaThread "jar transforms Thread 83" [_thread_blocked, id=11120, stack(0x0000009ec8000000,0x0000009ec8100000)]
  0x000001e85b789000 JavaThread "jar transforms Thread 84" [_thread_blocked, id=16588, stack(0x0000009ec8100000,0x0000009ec8200000)]
  0x000001e85b789800 JavaThread "jar transforms Thread 85" [_thread_blocked, id=19744, stack(0x0000009ec8200000,0x0000009ec8300000)]
  0x000001e85b78c000 JavaThread "jar transforms Thread 86" [_thread_blocked, id=12928, stack(0x0000009ec8300000,0x0000009ec8400000)]
  0x000001e85b74f800 JavaThread "jar transforms Thread 87" [_thread_blocked, id=18620, stack(0x0000009ec8400000,0x0000009ec8500000)]
  0x000001e85b750800 JavaThread "jar transforms Thread 88" [_thread_blocked, id=3248, stack(0x0000009ec8500000,0x0000009ec8600000)]
  0x000001e85b74e000 JavaThread "jar transforms Thread 89" [_thread_blocked, id=5020, stack(0x0000009ec8600000,0x0000009ec8700000)]
  0x000001e85b74f000 JavaThread "jar transforms Thread 90" [_thread_blocked, id=19960, stack(0x0000009ec8700000,0x0000009ec8800000)]
  0x000001e85b74d800 JavaThread "jar transforms Thread 91" [_thread_blocked, id=17048, stack(0x0000009ec8800000,0x0000009ec8900000)]
  0x000001e85b757000 JavaThread "jar transforms Thread 92" [_thread_blocked, id=16408, stack(0x0000009ec8900000,0x0000009ec8a00000)]
  0x000001e85b754000 JavaThread "jar transforms Thread 93" [_thread_blocked, id=19284, stack(0x0000009ec8a00000,0x0000009ec8b00000)]
  0x000001e85b755800 JavaThread "jar transforms Thread 94" [_thread_blocked, id=14192, stack(0x0000009ec8b00000,0x0000009ec8c00000)]
  0x000001e85b756800 JavaThread "jar transforms Thread 95" [_thread_blocked, id=18644, stack(0x0000009ec8c00000,0x0000009ec8d00000)]
  0x000001e85b751800 JavaThread "jar transforms Thread 96" [_thread_blocked, id=19372, stack(0x0000009ec8d00000,0x0000009ec8e00000)]
  0x000001e85b754800 JavaThread "jar transforms Thread 97" [_thread_blocked, id=18452, stack(0x0000009ec8e00000,0x0000009ec8f00000)]
  0x000001e85b753000 JavaThread "jar transforms Thread 98" [_thread_blocked, id=8308, stack(0x0000009ec8f00000,0x0000009ec9000000)]
  0x000001e85b758000 JavaThread "jar transforms Thread 99" [_thread_blocked, id=17516, stack(0x0000009ec9000000,0x0000009ec9100000)]
  0x000001e85b752000 JavaThread "jar transforms Thread 100" [_thread_blocked, id=19788, stack(0x0000009ec9100000,0x0000009ec9200000)]
  0x000001e85b758800 JavaThread "jar transforms Thread 101" [_thread_blocked, id=11288, stack(0x0000009ec9200000,0x0000009ec9300000)]
  0x000001e85b759800 JavaThread "jar transforms Thread 102" [_thread_blocked, id=19444, stack(0x0000009ec9300000,0x0000009ec9400000)]
  0x000001e85b75a800 JavaThread "jar transforms Thread 103" [_thread_blocked, id=18336, stack(0x0000009ec9400000,0x0000009ec9500000)]
  0x000001e85b75b000 JavaThread "jar transforms Thread 104" [_thread_blocked, id=14596, stack(0x0000009ec9500000,0x0000009ec9600000)]
  0x000001e85b75c000 JavaThread "jar transforms Thread 105" [_thread_blocked, id=16592, stack(0x0000009ec9600000,0x0000009ec9700000)]
  0x000001e85b5d5800 JavaThread "jar transforms Thread 106" [_thread_blocked, id=16932, stack(0x0000009ec9700000,0x0000009ec9800000)]
  0x000001e85b5d6800 JavaThread "jar transforms Thread 107" [_thread_blocked, id=4144, stack(0x0000009ec9800000,0x0000009ec9900000)]
  0x000001e85b5d1800 JavaThread "jar transforms Thread 108" [_thread_blocked, id=12972, stack(0x0000009ec9900000,0x0000009ec9a00000)]
  0x000001e85b5d7000 JavaThread "jar transforms Thread 109" [_thread_blocked, id=13276, stack(0x0000009ec9a00000,0x0000009ec9b00000)]
  0x000001e85b5d8000 JavaThread "jar transforms Thread 110" [_thread_blocked, id=15168, stack(0x0000009ec9b00000,0x0000009ec9c00000)]
  0x000001e85b5d4800 JavaThread "jar transforms Thread 111" [_thread_blocked, id=18356, stack(0x0000009ec9c00000,0x0000009ec9d00000)]
  0x000001e85b5d2000 JavaThread "jar transforms Thread 112" [_thread_blocked, id=17728, stack(0x0000009ec9d00000,0x0000009ec9e00000)]
  0x000001e85b5d9000 JavaThread "jar transforms Thread 113" [_thread_blocked, id=4784, stack(0x0000009ec9e00000,0x0000009ec9f00000)]
  0x000001e85b5d3000 JavaThread "jar transforms Thread 114" [_thread_blocked, id=15580, stack(0x0000009ec9f00000,0x0000009eca000000)]
  0x000001e85b5d9800 JavaThread "jar transforms Thread 115" [_thread_blocked, id=9800, stack(0x0000009eca000000,0x0000009eca100000)]
  0x000001e85b5d4000 JavaThread "Cache worker for Build Output Cleanup Cache (D:\FACULTATE COZMA DANIEL NECULAI\Anul 3\Sem 1\Pam Tabarca\Aplicatie Android Licenta\Robot\.gradle\buildOutputCleanup)" [_thread_blocked, id=19076, stack(0x0000009eca100000,0x0000009eca200000)]
  0x000001e85b5dd800 JavaThread "Memory manager" [_thread_blocked, id=4496, stack(0x0000009eca200000,0x0000009eca300000)]
  0x000001e85b5dd000 JavaThread "Cache worker for file content cache (D:\FACULTATE COZMA DANIEL NECULAI\Anul 3\Sem 1\Pam Tabarca\Aplicatie Android Licenta\Robot\.gradle\6.5\fileContent)" [_thread_blocked, id=16800, stack(0x0000009eca300000,0x0000009eca400000)]
  0x000001e85b5de800 JavaThread "Execution worker for ':'" [_thread_in_native, id=19472, stack(0x0000009eca400000,0x0000009eca500000)]
  0x000001e85b5e0000 JavaThread "Execution worker for ':' Thread 2" [_thread_blocked, id=19928, stack(0x0000009eca500000,0x0000009eca600000)]
  0x000001e85b5df800 JavaThread "Execution worker for ':' Thread 3" [_thread_blocked, id=19036, stack(0x0000009eca600000,0x0000009eca700000)]
  0x000001e85b5da800 JavaThread "Execution worker for ':' Thread 4" [_thread_blocked, id=14344, stack(0x0000009eca700000,0x0000009eca800000)]
  0x000001e85b5db000 JavaThread "Execution worker for ':' Thread 5" [_thread_blocked, id=6892, stack(0x0000009eca800000,0x0000009eca900000)]
  0x000001e85b5dc000 JavaThread "Execution worker for ':' Thread 6" [_thread_blocked, id=11108, stack(0x0000009eca900000,0x0000009ecaa00000)]
  0x000001e858e22000 JavaThread "Execution worker for ':' Thread 7" [_thread_blocked, id=17932, stack(0x0000009ecaa00000,0x0000009ecab00000)]
  0x000001e858e1f800 JavaThread "Cache worker for execution history cache (D:\FACULTATE COZMA DANIEL NECULAI\Anul 3\Sem 1\Pam Tabarca\Aplicatie Android Licenta\Robot\.gradle\6.5\executionHistory)" [_thread_blocked, id=5924, stack(0x0000009ecab00000,0x0000009ecac00000)]

Other Threads:
  0x000001e8565f0800 VMThread "VM Thread" [stack: 0x0000009ebfe00000,0x0000009ebff00000] [id=20780]
  0x000001e8567fd000 WatcherThread [stack: 0x0000009ec0800000,0x0000009ec0900000] [id=21232]
  0x000001e83bad6000 GCTaskThread "GC Thread#0" [stack: 0x0000009ebf900000,0x0000009ebfa00000] [id=5788]
  0x000001e85723f000 GCTaskThread "GC Thread#1" [stack: 0x0000009ec0900000,0x0000009ec0a00000] [id=13624]
  0x000001e8570cb000 GCTaskThread "GC Thread#2" [stack: 0x0000009ec0a00000,0x0000009ec0b00000] [id=6276]
  0x000001e85876b800 GCTaskThread "GC Thread#3" [stack: 0x0000009ec1800000,0x0000009ec1900000] [id=9996]
  0x000001e8580c0000 GCTaskThread "GC Thread#4" [stack: 0x0000009ec1900000,0x0000009ec1a00000] [id=17960]
  0x000001e8581f9000 GCTaskThread "GC Thread#5" [stack: 0x0000009ec1a00000,0x0000009ec1b00000] [id=11064]
  0x000001e857e59800 GCTaskThread "GC Thread#6" [stack: 0x0000009ec1b00000,0x0000009ec1c00000] [id=15556]
  0x000001e858730000 GCTaskThread "GC Thread#7" [stack: 0x0000009ec1c00000,0x0000009ec1d00000] [id=8332]
  0x000001e83bb07800 ConcurrentGCThread "G1 Main Marker" [stack: 0x0000009ebfa00000,0x0000009ebfb00000] [id=10192]
  0x000001e83bb0b000 ConcurrentGCThread "G1 Conc#0" [stack: 0x0000009ebfb00000,0x0000009ebfc00000] [id=19668]
  0x000001e858083800 ConcurrentGCThread "G1 Conc#1" [stack: 0x0000009ec1f00000,0x0000009ec2000000] [id=1816]
  0x000001e855c00800 ConcurrentGCThread "G1 Refine#0" [stack: 0x0000009ebfc00000,0x0000009ebfd00000] [id=1844]
  0x000001e855c01800 ConcurrentGCThread "G1 Young RemSet Sampling" [stack: 0x0000009ebfd00000,0x0000009ebfe00000] [id=12200]

Threads with active compile tasks:
C2 CompilerThread0  18153 8375       4       java.lang.reflect.AccessibleObject::checkCanSetAccessible (386 bytes)

VM state:not at safepoint (normal execution)

VM Mutex/Monitor currently owned by a thread: None

Heap address: 0x0000000080000000, size: 2048 MB, Compressed Oops mode: 32-bit
Narrow klass base: 0x0000000000000000, Narrow klass shift: 3
Compressed class space size: 1073741824 Address: 0x0000000100000000

Heap:
 garbage-first heap   total 157696K, used 88255K [0x0000000080000000, 0x0000000100000000)
  region size 1024K, 24 young (24576K), 4 survivors (4096K)
 Metaspace       used 77227K, capacity 79226K, committed 79568K, reserved 1118208K
  class space    used 10009K, capacity 10768K, committed 10880K, reserved 1048576K
Heap Regions: E=young(eden), S=young(survivor), O=old, HS=humongous(starts), HC=humongous(continues), CS=collection set, F=free, A=archive, TAMS=top-at-mark-start (previous, next)
|   0|0x0000000080000000, 0x0000000080100000, 0x0000000080100000|100%| O|  |TAMS 0x0000000080100000, 0x0000000080000000| Untracked 
|   1|0x0000000080100000, 0x0000000080200000, 0x0000000080200000|100%| O|  |TAMS 0x0000000080200000, 0x0000000080100000| Untracked 
|   2|0x0000000080200000, 0x0000000080300000, 0x0000000080300000|100%| O|  |TAMS 0x0000000080300000, 0x0000000080200000| Untracked 
|   3|0x0000000080300000, 0x0000000080400000, 0x0000000080400000|100%|HS|  |TAMS 0x0000000080400000, 0x0000000080300000| Complete 
|   4|0x0000000080400000, 0x0000000080500000, 0x0000000080500000|100%|HC|  |TAMS 0x0000000080500000, 0x0000000080400000| Complete 
|   5|0x0000000080500000, 0x0000000080600000, 0x0000000080600000|100%|HC|  |TAMS 0x0000000080600000, 0x0000000080500000| Complete 
|   6|0x0000000080600000, 0x0000000080700000, 0x0000000080700000|100%| O|  |TAMS 0x0000000080700000, 0x0000000080600000| Untracked 
|   7|0x0000000080700000, 0x0000000080800000, 0x0000000080800000|100%| O|  |TAMS 0x0000000080800000, 0x0000000080700000| Untracked 
|   8|0x0000000080800000, 0x0000000080900000, 0x0000000080900000|100%| O|  |TAMS 0x0000000080900000, 0x0000000080800000| Untracked 
|   9|0x0000000080900000, 0x0000000080a00000, 0x0000000080a00000|100%| O|  |TAMS 0x0000000080a00000, 0x0000000080900000| Untracked 
|  10|0x0000000080a00000, 0x0000000080b00000, 0x0000000080b00000|100%| O|  |TAMS 0x0000000080b00000, 0x0000000080a00000| Untracked 
|  11|0x0000000080b00000, 0x0000000080c00000, 0x0000000080c00000|100%| O|  |TAMS 0x0000000080c00000, 0x0000000080b00000| Untracked 
|  12|0x0000000080c00000, 0x0000000080d00000, 0x0000000080d00000|100%| O|  |TAMS 0x0000000080d00000, 0x0000000080c00000| Untracked 
|  13|0x0000000080d00000, 0x0000000080e00000, 0x0000000080e00000|100%| O|  |TAMS 0x0000000080e00000, 0x0000000080d00000| Untracked 
|  14|0x0000000080e00000, 0x0000000080f00000, 0x0000000080f00000|100%| O|  |TAMS 0x0000000080f00000, 0x0000000080e00000| Untracked 
|  15|0x0000000080f00000, 0x0000000081000000, 0x0000000081000000|100%| O|  |TAMS 0x0000000081000000, 0x0000000080f00000| Untracked 
|  16|0x0000000081000000, 0x0000000081100000, 0x0000000081100000|100%| O|  |TAMS 0x0000000081100000, 0x0000000081000000| Untracked 
|  17|0x0000000081100000, 0x0000000081200000, 0x0000000081200000|100%| O|  |TAMS 0x0000000081200000, 0x0000000081100000| Untracked 
|  18|0x0000000081200000, 0x0000000081300000, 0x0000000081300000|100%| O|  |TAMS 0x0000000081300000, 0x0000000081200000| Untracked 
|  19|0x0000000081300000, 0x0000000081400000, 0x0000000081400000|100%| O|  |TAMS 0x0000000081400000, 0x0000000081300000| Untracked 
|  20|0x0000000081400000, 0x0000000081500000, 0x0000000081500000|100%| O|  |TAMS 0x0000000081500000, 0x0000000081400000| Untracked 
|  21|0x0000000081500000, 0x0000000081600000, 0x0000000081600000|100%|HS|  |TAMS 0x0000000081600000, 0x0000000081500000| Complete 
|  22|0x0000000081600000, 0x0000000081700000, 0x0000000081700000|100%|HS|  |TAMS 0x0000000081700000, 0x0000000081600000| Complete 
|  23|0x0000000081700000, 0x0000000081800000, 0x0000000081800000|100%|HC|  |TAMS 0x0000000081800000, 0x0000000081700000| Complete 
|  24|0x0000000081800000, 0x0000000081900000, 0x0000000081900000|100%|HC|  |TAMS 0x0000000081900000, 0x0000000081800000| Complete 
|  25|0x0000000081900000, 0x0000000081a00000, 0x0000000081a00000|100%|HS|  |TAMS 0x0000000081a00000, 0x0000000081900000| Complete 
|  26|0x0000000081a00000, 0x0000000081b00000, 0x0000000081b00000|100%|HC|  |TAMS 0x0000000081b00000, 0x0000000081a00000| Complete 
|  27|0x0000000081b00000, 0x0000000081c00000, 0x0000000081c00000|100%| O|  |TAMS 0x0000000081c00000, 0x0000000081b00000| Untracked 
|  28|0x0000000081c00000, 0x0000000081d00000, 0x0000000081d00000|100%| O|  |TAMS 0x0000000081d00000, 0x0000000081c00000| Untracked 
|  29|0x0000000081d00000, 0x0000000081e00000, 0x0000000081e00000|100%| O|  |TAMS 0x0000000081e00000, 0x0000000081d00000| Untracked 
|  30|0x0000000081e00000, 0x0000000081f00000, 0x0000000081f00000|100%| O|  |TAMS 0x0000000081f00000, 0x0000000081e00000| Untracked 
|  31|0x0000000081f00000, 0x0000000082000000, 0x0000000082000000|100%| O|  |TAMS 0x0000000082000000, 0x0000000081f00000| Untracked 
|  32|0x0000000082000000, 0x0000000082100000, 0x0000000082100000|100%| O|  |TAMS 0x0000000082100000, 0x0000000082000000| Untracked 
|  33|0x0000000082100000, 0x0000000082200000, 0x0000000082200000|100%| O|  |TAMS 0x0000000082200000, 0x0000000082100000| Untracked 
|  34|0x0000000082200000, 0x0000000082300000, 0x0000000082300000|100%| O|  |TAMS 0x0000000082300000, 0x0000000082200000| Untracked 
|  35|0x0000000082300000, 0x0000000082400000, 0x0000000082400000|100%| O|  |TAMS 0x0000000082400000, 0x0000000082300000| Untracked 
|  36|0x0000000082400000, 0x0000000082500000, 0x0000000082500000|100%| O|  |TAMS 0x0000000082500000, 0x0000000082400000| Untracked 
|  37|0x0000000082500000, 0x0000000082600000, 0x0000000082600000|100%| O|  |TAMS 0x0000000082600000, 0x0000000082500000| Untracked 
|  38|0x0000000082600000, 0x0000000082700000, 0x0000000082700000|100%| O|  |TAMS 0x0000000082700000, 0x0000000082600000| Untracked 
|  39|0x0000000082700000, 0x0000000082800000, 0x0000000082800000|100%| O|  |TAMS 0x0000000082800000, 0x0000000082700000| Untracked 
|  40|0x0000000082800000, 0x0000000082900000, 0x0000000082900000|100%| O|  |TAMS 0x00000000828f0e00, 0x0000000082800000| Untracked 
|  41|0x0000000082900000, 0x0000000082a00000, 0x0000000082a00000|100%| O|  |TAMS 0x0000000082900000, 0x0000000082900000| Untracked 
|  42|0x0000000082a00000, 0x0000000082b00000, 0x0000000082b00000|100%| O|  |TAMS 0x0000000082a00000, 0x0000000082a00000| Untracked 
|  43|0x0000000082b00000, 0x0000000082c00000, 0x0000000082c00000|100%| O|  |TAMS 0x0000000082b00000, 0x0000000082b00000| Untracked 
|  44|0x0000000082c00000, 0x0000000082d00000, 0x0000000082d00000|100%| O|  |TAMS 0x0000000082c00000, 0x0000000082c00000| Untracked 
|  45|0x0000000082d00000, 0x0000000082e00000, 0x0000000082e00000|100%| O|  |TAMS 0x0000000082d00000, 0x0000000082d00000| Untracked 
|  46|0x0000000082e00000, 0x0000000082f00000, 0x0000000082f00000|100%| O|  |TAMS 0x0000000082e00000, 0x0000000082e00000| Untracked 
|  47|0x0000000082f00000, 0x0000000083000000, 0x0000000083000000|100%| O|  |TAMS 0x0000000082f00000, 0x0000000082f00000| Untracked 
|  48|0x0000000083000000, 0x0000000083100000, 0x0000000083100000|100%| O|  |TAMS 0x0000000083000000, 0x0000000083000000| Untracked 
|  49|0x0000000083100000, 0x0000000083200000, 0x0000000083200000|100%| O|  |TAMS 0x0000000083100000, 0x0000000083100000| Untracked 
|  50|0x0000000083200000, 0x0000000083300000, 0x0000000083300000|100%| O|  |TAMS 0x0000000083200000, 0x0000000083200000| Untracked 
|  51|0x0000000083300000, 0x0000000083400000, 0x0000000083400000|100%| O|  |TAMS 0x0000000083300000, 0x0000000083300000| Untracked 
|  52|0x0000000083400000, 0x0000000083500000, 0x0000000083500000|100%| O|  |TAMS 0x0000000083400000, 0x0000000083400000| Untracked 
|  53|0x0000000083500000, 0x0000000083600000, 0x0000000083600000|100%| O|  |TAMS 0x0000000083500000, 0x0000000083500000| Untracked 
|  54|0x0000000083600000, 0x0000000083700000, 0x0000000083700000|100%| O|  |TAMS 0x0000000083600000, 0x0000000083600000| Untracked 
|  55|0x0000000083700000, 0x0000000083800000, 0x0000000083800000|100%| O|  |TAMS 0x0000000083700000, 0x0000000083700000| Untracked 
|  56|0x0000000083800000, 0x0000000083900000, 0x0000000083900000|100%| O|  |TAMS 0x0000000083800000, 0x0000000083800000| Untracked 
|  57|0x0000000083900000, 0x0000000083900000, 0x0000000083a00000|  0%| F|  |TAMS 0x0000000083900000, 0x0000000083900000| Untracked 
|  58|0x0000000083a00000, 0x0000000083b00000, 0x0000000083b00000|100%| O|  |TAMS 0x0000000083a00000, 0x0000000083a00000| Untracked 
|  59|0x0000000083b00000, 0x0000000083c00000, 0x0000000083c00000|100%| O|  |TAMS 0x0000000083b00000, 0x0000000083b00000| Untracked 
|  60|0x0000000083c00000, 0x0000000083d00000, 0x0000000083d00000|100%| O|  |TAMS 0x0000000083c00000, 0x0000000083c00000| Untracked 
|  61|0x0000000083d00000, 0x0000000083e00000, 0x0000000083e00000|100%| O|  |TAMS 0x0000000083d00000, 0x0000000083d00000| Untracked 
|  62|0x0000000083e00000, 0x0000000083f00000, 0x0000000083f00000|100%| O|  |TAMS 0x0000000083e00000, 0x0000000083e00000| Untracked 
|  63|0x0000000083f00000, 0x0000000084000000, 0x0000000084000000|100%| O|  |TAMS 0x0000000083f00000, 0x0000000083f00000| Untracked 
|  64|0x0000000084000000, 0x0000000084100000, 0x0000000084100000|100%| O|  |TAMS 0x0000000084000000, 0x0000000084000000| Untracked 
|  65|0x0000000084100000, 0x000000008412fc00, 0x0000000084200000| 18%| O|  |TAMS 0x0000000084100000, 0x0000000084100000| Untracked 
|  66|0x0000000084200000, 0x0000000084200000, 0x0000000084300000|  0%| F|  |TAMS 0x0000000084200000, 0x0000000084200000| Untracked 
|  67|0x0000000084300000, 0x0000000084300000, 0x0000000084400000|  0%| F|  |TAMS 0x0000000084300000, 0x0000000084300000| Untracked 
|  68|0x0000000084400000, 0x0000000084400000, 0x0000000084500000|  0%| F|  |TAMS 0x0000000084400000, 0x0000000084400000| Untracked 
|  69|0x0000000084500000, 0x0000000084500000, 0x0000000084600000|  0%| F|  |TAMS 0x0000000084500000, 0x0000000084500000| Untracked 
|  70|0x0000000084600000, 0x0000000084600000, 0x0000000084700000|  0%| F|  |TAMS 0x0000000084600000, 0x0000000084600000| Untracked 
|  71|0x0000000084700000, 0x0000000084700000, 0x0000000084800000|  0%| F|  |TAMS 0x0000000084700000, 0x0000000084700000| Untracked 
|  72|0x0000000084800000, 0x0000000084800000, 0x0000000084900000|  0%| F|  |TAMS 0x0000000084800000, 0x0000000084800000| Untracked 
|  73|0x0000000084900000, 0x0000000084900000, 0x0000000084a00000|  0%| F|  |TAMS 0x0000000084900000, 0x0000000084900000| Untracked 
|  74|0x0000000084a00000, 0x0000000084a00000, 0x0000000084b00000|  0%| F|  |TAMS 0x0000000084a00000, 0x0000000084a00000| Untracked 
|  75|0x0000000084b00000, 0x0000000084b00000, 0x0000000084c00000|  0%| F|  |TAMS 0x0000000084b00000, 0x0000000084b00000| Untracked 
|  76|0x0000000084c00000, 0x0000000084c00000, 0x0000000084d00000|  0%| F|  |TAMS 0x0000000084c00000, 0x0000000084c00000| Untracked 
|  77|0x0000000084d00000, 0x0000000084d00000, 0x0000000084e00000|  0%| F|  |TAMS 0x0000000084d00000, 0x0000000084d00000| Untracked 
|  78|0x0000000084e00000, 0x0000000084e00000, 0x0000000084f00000|  0%| F|  |TAMS 0x0000000084e00000, 0x0000000084e00000| Untracked 
|  79|0x0000000084f00000, 0x0000000084f00000, 0x0000000085000000|  0%| F|  |TAMS 0x0000000084f00000, 0x0000000084f00000| Untracked 
|  80|0x0000000085000000, 0x0000000085000000, 0x0000000085100000|  0%| F|  |TAMS 0x0000000085000000, 0x0000000085000000| Untracked 
|  81|0x0000000085100000, 0x0000000085100000, 0x0000000085200000|  0%| F|  |TAMS 0x0000000085100000, 0x0000000085100000| Untracked 
|  82|0x0000000085200000, 0x0000000085200000, 0x0000000085300000|  0%| F|  |TAMS 0x0000000085200000, 0x0000000085200000| Untracked 
|  83|0x0000000085300000, 0x0000000085300000, 0x0000000085400000|  0%| F|  |TAMS 0x0000000085300000, 0x0000000085300000| Untracked 
|  84|0x0000000085400000, 0x0000000085400000, 0x0000000085500000|  0%| F|  |TAMS 0x0000000085400000, 0x0000000085400000| Untracked 
|  85|0x0000000085500000, 0x0000000085500000, 0x0000000085600000|  0%| F|  |TAMS 0x0000000085500000, 0x0000000085500000| Untracked 
|  86|0x0000000085600000, 0x0000000085600000, 0x0000000085700000|  0%| F|  |TAMS 0x0000000085600000, 0x0000000085600000| Untracked 
|  87|0x0000000085700000, 0x0000000085700000, 0x0000000085800000|  0%| F|  |TAMS 0x0000000085700000, 0x0000000085700000| Untracked 
|  88|0x0000000085800000, 0x0000000085800000, 0x0000000085900000|  0%| F|  |TAMS 0x0000000085800000, 0x0000000085800000| Untracked 
|  89|0x0000000085900000, 0x0000000085a00000, 0x0000000085a00000|100%| S|CS|TAMS 0x0000000085900000, 0x0000000085900000| Complete 
|  90|0x0000000085a00000, 0x0000000085a00000, 0x0000000085b00000|  0%| F|  |TAMS 0x0000000085a00000, 0x0000000085a00000| Untracked 
|  91|0x0000000085b00000, 0x0000000085b00000, 0x0000000085c00000|  0%| F|  |TAMS 0x0000000085b00000, 0x0000000085b00000| Untracked 
|  92|0x0000000085c00000, 0x0000000085c00000, 0x0000000085d00000|  0%| F|  |TAMS 0x0000000085c00000, 0x0000000085c00000| Untracked 
|  93|0x0000000085d00000, 0x0000000085d00000, 0x0000000085e00000|  0%| F|  |TAMS 0x0000000085d00000, 0x0000000085d00000| Untracked 
|  94|0x0000000085e00000, 0x0000000085e00000, 0x0000000085f00000|  0%| F|  |TAMS 0x0000000085e00000, 0x0000000085e00000| Untracked 
|  95|0x0000000085f00000, 0x0000000086000000, 0x0000000086000000|100%| S|CS|TAMS 0x0000000085f00000, 0x0000000085f00000| Complete 
|  96|0x0000000086000000, 0x0000000086100000, 0x0000000086100000|100%| S|CS|TAMS 0x0000000086000000, 0x0000000086000000| Complete 
|  97|0x0000000086100000, 0x0000000086200000, 0x0000000086200000|100%| S|CS|TAMS 0x0000000086100000, 0x0000000086100000| Complete 
|  98|0x0000000086200000, 0x0000000086200000, 0x0000000086300000|  0%| F|  |TAMS 0x0000000086200000, 0x0000000086200000| Untracked 
|  99|0x0000000086300000, 0x0000000086300000, 0x0000000086400000|  0%| F|  |TAMS 0x0000000086300000, 0x0000000086300000| Untracked 
| 100|0x0000000086400000, 0x0000000086400000, 0x0000000086500000|  0%| F|  |TAMS 0x0000000086400000, 0x0000000086400000| Untracked 
| 101|0x0000000086500000, 0x0000000086500000, 0x0000000086600000|  0%| F|  |TAMS 0x0000000086500000, 0x0000000086500000| Untracked 
| 102|0x0000000086600000, 0x0000000086600000, 0x0000000086700000|  0%| F|  |TAMS 0x0000000086600000, 0x0000000086600000| Untracked 
| 103|0x0000000086700000, 0x0000000086700000, 0x0000000086800000|  0%| F|  |TAMS 0x0000000086700000, 0x0000000086700000| Untracked 
| 104|0x0000000086800000, 0x0000000086800000, 0x0000000086900000|  0%| F|  |TAMS 0x0000000086800000, 0x0000000086800000| Untracked 
| 105|0x0000000086900000, 0x0000000086900000, 0x0000000086a00000|  0%| F|  |TAMS 0x0000000086900000, 0x0000000086900000| Untracked 
| 106|0x0000000086a00000, 0x0000000086a00000, 0x0000000086b00000|  0%| F|  |TAMS 0x0000000086a00000, 0x0000000086a00000| Untracked 
| 107|0x0000000086b00000, 0x0000000086b00000, 0x0000000086c00000|  0%| F|  |TAMS 0x0000000086b00000, 0x0000000086b00000| Untracked 
| 108|0x0000000086c00000, 0x0000000086c00000, 0x0000000086d00000|  0%| F|  |TAMS 0x0000000086c00000, 0x0000000086c00000| Untracked 
| 109|0x0000000086d00000, 0x0000000086d00000, 0x0000000086e00000|  0%| F|  |TAMS 0x0000000086d00000, 0x0000000086d00000| Untracked 
| 110|0x0000000086e00000, 0x0000000086e00000, 0x0000000086f00000|  0%| F|  |TAMS 0x0000000086e00000, 0x0000000086e00000| Untracked 
| 111|0x0000000086f00000, 0x0000000086f00000, 0x0000000087000000|  0%| F|  |TAMS 0x0000000086f00000, 0x0000000086f00000| Untracked 
| 112|0x0000000087000000, 0x0000000087000000, 0x0000000087100000|  0%| F|  |TAMS 0x0000000087000000, 0x0000000087000000| Untracked 
| 113|0x0000000087100000, 0x0000000087100000, 0x0000000087200000|  0%| F|  |TAMS 0x0000000087100000, 0x0000000087100000| Untracked 
| 114|0x0000000087200000, 0x0000000087200000, 0x0000000087300000|  0%| F|  |TAMS 0x0000000087200000, 0x0000000087200000| Untracked 
| 115|0x0000000087300000, 0x0000000087300000, 0x0000000087400000|  0%| F|  |TAMS 0x0000000087300000, 0x0000000087300000| Untracked 
| 116|0x0000000087400000, 0x0000000087400000, 0x0000000087500000|  0%| F|  |TAMS 0x0000000087400000, 0x0000000087400000| Untracked 
| 117|0x0000000087500000, 0x0000000087500000, 0x0000000087600000|  0%| F|  |TAMS 0x0000000087500000, 0x0000000087500000| Untracked 
| 118|0x0000000087600000, 0x0000000087600000, 0x0000000087700000|  0%| F|  |TAMS 0x0000000087600000, 0x0000000087600000| Untracked 
| 119|0x0000000087700000, 0x0000000087700000, 0x0000000087800000|  0%| F|  |TAMS 0x0000000087700000, 0x0000000087700000| Untracked 
| 120|0x0000000087800000, 0x0000000087800000, 0x0000000087900000|  0%| F|  |TAMS 0x0000000087800000, 0x0000000087800000| Untracked 
| 121|0x0000000087900000, 0x0000000087900000, 0x0000000087a00000|  0%| F|  |TAMS 0x0000000087900000, 0x0000000087900000| Untracked 
| 122|0x0000000087a00000, 0x0000000087a00000, 0x0000000087b00000|  0%| F|  |TAMS 0x0000000087a00000, 0x0000000087a00000| Untracked 
| 123|0x0000000087b00000, 0x0000000087b00000, 0x0000000087c00000|  0%| F|  |TAMS 0x0000000087b00000, 0x0000000087b00000| Untracked 
| 124|0x0000000087c00000, 0x0000000087c00000, 0x0000000087d00000|  0%| F|  |TAMS 0x0000000087c00000, 0x0000000087c00000| Untracked 
| 125|0x0000000087d00000, 0x0000000087d00000, 0x0000000087e00000|  0%| F|  |TAMS 0x0000000087d00000, 0x0000000087d00000| Untracked 
| 126|0x0000000087e00000, 0x0000000087e00000, 0x0000000087f00000|  0%| F|  |TAMS 0x0000000087e00000, 0x0000000087e00000| Untracked 
| 127|0x0000000087f00000, 0x0000000087f00000, 0x0000000088000000|  0%| F|  |TAMS 0x0000000087f00000, 0x0000000087f00000| Untracked 
| 128|0x0000000088000000, 0x0000000088000000, 0x0000000088100000|  0%| F|  |TAMS 0x0000000088000000, 0x0000000088000000| Untracked 
| 129|0x0000000088100000, 0x0000000088100000, 0x0000000088200000|  0%| F|  |TAMS 0x0000000088100000, 0x0000000088100000| Untracked 
| 130|0x0000000088200000, 0x0000000088200000, 0x0000000088300000|  0%| F|  |TAMS 0x0000000088200000, 0x0000000088200000| Untracked 
| 131|0x0000000088300000, 0x0000000088300000, 0x0000000088400000|  0%| F|  |TAMS 0x0000000088300000, 0x0000000088300000| Untracked 
| 132|0x0000000088400000, 0x0000000088400000, 0x0000000088500000|  0%| F|  |TAMS 0x0000000088400000, 0x0000000088400000| Untracked 
| 133|0x0000000088500000, 0x0000000088500000, 0x0000000088600000|  0%| F|  |TAMS 0x0000000088500000, 0x0000000088500000| Untracked 
| 134|0x0000000088600000, 0x00000000886e08c8, 0x0000000088700000| 87%| E|  |TAMS 0x0000000088600000, 0x0000000088600000| Complete 
| 135|0x0000000088700000, 0x0000000088800000, 0x0000000088800000|100%| E|CS|TAMS 0x0000000088700000, 0x0000000088700000| Complete 
| 136|0x0000000088800000, 0x0000000088900000, 0x0000000088900000|100%| E|  |TAMS 0x0000000088800000, 0x0000000088800000| Complete 
| 137|0x0000000088900000, 0x0000000088a00000, 0x0000000088a00000|100%| E|CS|TAMS 0x0000000088900000, 0x0000000088900000| Complete 
| 138|0x0000000088a00000, 0x0000000088b00000, 0x0000000088b00000|100%| E|CS|TAMS 0x0000000088a00000, 0x0000000088a00000| Complete 
| 139|0x0000000088b00000, 0x0000000088c00000, 0x0000000088c00000|100%| E|CS|TAMS 0x0000000088b00000, 0x0000000088b00000| Complete 
| 140|0x0000000088c00000, 0x0000000088d00000, 0x0000000088d00000|100%| E|CS|TAMS 0x0000000088c00000, 0x0000000088c00000| Complete 
| 141|0x0000000088d00000, 0x0000000088e00000, 0x0000000088e00000|100%| E|CS|TAMS 0x0000000088d00000, 0x0000000088d00000| Complete 
| 142|0x0000000088e00000, 0x0000000088f00000, 0x0000000088f00000|100%| E|CS|TAMS 0x0000000088e00000, 0x0000000088e00000| Complete 
| 143|0x0000000088f00000, 0x0000000089000000, 0x0000000089000000|100%| E|CS|TAMS 0x0000000088f00000, 0x0000000088f00000| Complete 
| 144|0x0000000089000000, 0x0000000089100000, 0x0000000089100000|100%| E|CS|TAMS 0x0000000089000000, 0x0000000089000000| Complete 
| 145|0x0000000089100000, 0x0000000089200000, 0x0000000089200000|100%| E|CS|TAMS 0x0000000089100000, 0x0000000089100000| Complete 
| 146|0x0000000089200000, 0x0000000089300000, 0x0000000089300000|100%| E|CS|TAMS 0x0000000089200000, 0x0000000089200000| Complete 
| 147|0x0000000089300000, 0x0000000089400000, 0x0000000089400000|100%| E|CS|TAMS 0x0000000089300000, 0x0000000089300000| Complete 
| 148|0x0000000089400000, 0x0000000089500000, 0x0000000089500000|100%| E|CS|TAMS 0x0000000089400000, 0x0000000089400000| Complete 
| 149|0x0000000089500000, 0x0000000089600000, 0x0000000089600000|100%| E|CS|TAMS 0x0000000089500000, 0x0000000089500000| Complete 
| 150|0x0000000089600000, 0x0000000089700000, 0x0000000089700000|100%| E|CS|TAMS 0x0000000089600000, 0x0000000089600000| Complete 
| 151|0x0000000089700000, 0x0000000089800000, 0x0000000089800000|100%| E|CS|TAMS 0x0000000089700000, 0x0000000089700000| Complete 
| 152|0x0000000089800000, 0x0000000089900000, 0x0000000089900000|100%| E|CS|TAMS 0x0000000089800000, 0x0000000089800000| Complete 
| 153|0x0000000089900000, 0x0000000089a00000, 0x0000000089a00000|100%| E|CS|TAMS 0x0000000089900000, 0x0000000089900000| Complete 

Card table byte_map: [0x000001e84eb70000,0x000001e84ef70000] _byte_map_base: 0x000001e84e770000

Marking Bits (Prev, Next): (CMBitMap*) 0x000001e83bafe990, (CMBitMap*) 0x000001e83bafe958
 Prev Bits: [0x000001e851370000, 0x000001e853370000)
 Next Bits: [0x000001e84f370000, 0x000001e851370000)

Polling page: 0x000001e8399d0000

Metaspace:

Usage:
  Non-class:     66.85 MB capacity,    65.64 MB ( 98%) used,     1.01 MB (  2%) free+waste,   204.63 KB ( <1%) overhead. 
      Class:     10.52 MB capacity,     9.78 MB ( 93%) used,   663.23 KB (  6%) free+waste,    94.81 KB ( <1%) overhead. 
       Both:     77.37 MB capacity,    75.42 MB ( 97%) used,     1.66 MB (  2%) free+waste,   299.44 KB ( <1%) overhead. 

Virtual space:
  Non-class space:       68.00 MB reserved,      67.08 MB ( 99%) committed 
      Class space:        1.00 GB reserved,      10.63 MB (  1%) committed 
             Both:        1.07 GB reserved,      77.70 MB (  7%) committed 

Chunk freelists:
   Non-Class:  2.00 KB
       Class:  16.00 KB
        Both:  18.00 KB

MaxMetaspaceSize: 17179869184.00 GB
CompressedClassSpaceSize: 1.00 GB

CodeHeap 'non-profiled nmethods': size=120000Kb used=3400Kb max_used=3400Kb free=116599Kb
 bounds [0x000001e846f10000, 0x000001e847270000, 0x000001e84e440000]
CodeHeap 'profiled nmethods': size=120000Kb used=16582Kb max_used=16582Kb free=103417Kb
 bounds [0x000001e83f9e0000, 0x000001e840a20000, 0x000001e846f10000]
CodeHeap 'non-nmethods': size=5760Kb used=2247Kb max_used=2278Kb free=3512Kb
 bounds [0x000001e83f440000, 0x000001e83f6b0000, 0x000001e83f9e0000]
 total_blobs=9035 nmethods=8197 adapters=749
 compilation: enabled
              stopped_count=0, restarted_count=0
 full_count=0

Compilation events (20 events):
Event: 18.085 Thread 0x000001e85660f000 8603       2       org.gradle.internal.execution.steps.CaptureStateBeforeExecutionStep$ImplementationsBuilder::visitImplementation (23 bytes)
Event: 18.085 Thread 0x000001e85660f000 nmethod 8603 0x000001e840a09290 code [0x000001e840a09460, 0x000001e840a09688]
Event: 18.085 Thread 0x000001e85660f000 8604       2       org.gradle.internal.execution.steps.CaptureStateBeforeExecutionStep::fingerprintInputProperties (24 bytes)
Event: 18.086 Thread 0x000001e85660f000 nmethod 8604 0x000001e840a09790 code [0x000001e840a09980, 0x000001e840a09bf8]
Event: 18.086 Thread 0x000001e85660f000 8605       2       org.gradle.api.internal.file.DefaultFileCollectionFactory::resolving (42 bytes)
Event: 18.086 Thread 0x000001e85660f000 nmethod 8605 0x000001e840a09d90 code [0x000001e840a09f80, 0x000001e840a0a1e8]
Event: 18.086 Thread 0x000001e85660f000 8606       2       java.io.ExpiringCache::entryFor (57 bytes)
Event: 18.087 Thread 0x000001e85660f000 nmethod 8606 0x000001e840a0a310 code [0x000001e840a0a4e0, 0x000001e840a0a6d8]
Event: 18.092 Thread 0x000001e85660f000 8607       1       java.io.SerialCallbackContext::getDesc (5 bytes)
Event: 18.092 Thread 0x000001e85660f000 nmethod 8607 0x000001e847261890 code [0x000001e847261a40, 0x000001e847261af8]
Event: 18.092 Thread 0x000001e85660f000 8608       2       java.io.ObjectOutputStream::writeInt (9 bytes)
Event: 18.092 Thread 0x000001e85660f000 nmethod 8608 0x000001e840a0a810 code [0x000001e840a0a9c0, 0x000001e840a0aae8]
Event: 18.093 Thread 0x000001e85660f000 8609       1       org.gradle.api.internal.tasks.properties.AbstractPropertyNode::getTypeMetadata (5 bytes)
Event: 18.094 Thread 0x000001e85660f000 nmethod 8609 0x000001e847261b90 code [0x000001e847261d40, 0x000001e847261df8]
Event: 18.094 Thread 0x000001e85660f000 8610       2       org.gradle.api.internal.tasks.properties.annotations.AbstractInputFilePropertyAnnotationHandler::visitPropertyValue (150 bytes)
Event: 18.096 Thread 0x000001e85660f000 nmethod 8610 0x000001e840a0ab90 code [0x000001e840a0ae80, 0x000001e840a0ba18]
Event: 18.096 Thread 0x000001e85660f000 8612       2       org.gradle.api.internal.DefaultNamedDomainObjectCollection$AbstractDomainObjectCreatingProvider::wasElementRemoved (27 bytes)
Event: 18.097 Thread 0x000001e85660f000 nmethod 8612 0x000001e840a0c110 code [0x000001e840a0c2e0, 0x000001e840a0c558]
Event: 18.097 Thread 0x000001e85660f000 8611       2       org.gradle.api.internal.tasks.properties.DefaultTypeMetadataStore$DefaultPropertyMetadata::getAnnotationForCategory (17 bytes)
Event: 18.097 Thread 0x000001e85660f000 nmethod 8611 0x000001e840a0c710 code [0x000001e840a0c8e0, 0x000001e840a0ca88]

GC Heap History (20 events):
Event: 7.637 GC heap before
{Heap before GC invocations=7 (full 0):
 garbage-first heap   total 131072K, used 78188K [0x0000000080000000, 0x0000000100000000)
  region size 1024K, 60 young (61440K), 6 survivors (6144K)
 Metaspace       used 40079K, capacity 40938K, committed 41168K, reserved 1085440K
  class space    used 5118K, capacity 5418K, committed 5504K, reserved 1048576K
}
Event: 7.646 GC heap after
{Heap after GC invocations=8 (full 0):
 garbage-first heap   total 131072K, used 24716K [0x0000000080000000, 0x0000000100000000)
  region size 1024K, 8 young (8192K), 8 survivors (8192K)
 Metaspace       used 40079K, capacity 40938K, committed 41168K, reserved 1085440K
  class space    used 5118K, capacity 5418K, committed 5504K, reserved 1048576K
}
Event: 8.758 GC heap before
{Heap before GC invocations=8 (full 0):
 garbage-first heap   total 131072K, used 82060K [0x0000000080000000, 0x0000000100000000)
  region size 1024K, 64 young (65536K), 8 survivors (8192K)
 Metaspace       used 43347K, capacity 44348K, committed 44496K, reserved 1087488K
  class space    used 5549K, capacity 5894K, committed 6016K, reserved 1048576K
}
Event: 8.768 GC heap after
{Heap after GC invocations=9 (full 0):
 garbage-first heap   total 131072K, used 27528K [0x0000000080000000, 0x0000000100000000)
  region size 1024K, 7 young (7168K), 7 survivors (7168K)
 Metaspace       used 43347K, capacity 44348K, committed 44496K, reserved 1087488K
  class space    used 5549K, capacity 5894K, committed 6016K, reserved 1048576K
}
Event: 9.862 GC heap before
{Heap before GC invocations=9 (full 0):
 garbage-first heap   total 131072K, used 94088K [0x0000000080000000, 0x0000000100000000)
  region size 1024K, 66 young (67584K), 7 survivors (7168K)
 Metaspace       used 48779K, capacity 50081K, committed 50384K, reserved 1093632K
  class space    used 6247K, capacity 6705K, committed 6784K, reserved 1048576K
}
Event: 9.874 GC heap after
{Heap after GC invocations=10 (full 0):
 garbage-first heap   total 131072K, used 41294K [0x0000000080000000, 0x0000000100000000)
  region size 1024K, 9 young (9216K), 9 survivors (9216K)
 Metaspace       used 48779K, capacity 50081K, committed 50384K, reserved 1093632K
  class space    used 6247K, capacity 6705K, committed 6784K, reserved 1048576K
}
Event: 11.236 GC heap before
{Heap before GC invocations=10 (full 0):
 garbage-first heap   total 131072K, used 91470K [0x0000000080000000, 0x0000000100000000)
  region size 1024K, 59 young (60416K), 9 survivors (9216K)
 Metaspace       used 55473K, capacity 56739K, committed 56784K, reserved 1099776K
  class space    used 7044K, capacity 7507K, committed 7552K, reserved 1048576K
}
Event: 11.247 GC heap after
{Heap after GC invocations=11 (full 0):
 garbage-first heap   total 157696K, used 46713K [0x0000000080000000, 0x0000000100000000)
  region size 1024K, 5 young (5120K), 5 survivors (5120K)
 Metaspace       used 55473K, capacity 56739K, committed 56784K, reserved 1099776K
  class space    used 7044K, capacity 7507K, committed 7552K, reserved 1048576K
}
Event: 11.776 GC heap before
{Heap before GC invocations=11 (full 0):
 garbage-first heap   total 157696K, used 66169K [0x0000000080000000, 0x0000000100000000)
  region size 1024K, 25 young (25600K), 5 survivors (5120K)
 Metaspace       used 58870K, capacity 60142K, committed 60240K, reserved 1101824K
  class space    used 7419K, capacity 7917K, committed 7936K, reserved 1048576K
}
Event: 11.785 GC heap after
{Heap after GC invocations=12 (full 0):
 garbage-first heap   total 157696K, used 47811K [0x0000000080000000, 0x0000000100000000)
  region size 1024K, 6 young (6144K), 6 survivors (6144K)
 Metaspace       used 58870K, capacity 60142K, committed 60240K, reserved 1101824K
  class space    used 7419K, capacity 7917K, committed 7936K, reserved 1048576K
}
Event: 13.014 GC heap before
{Heap before GC invocations=13 (full 0):
 garbage-first heap   total 157696K, used 109251K [0x0000000080000000, 0x0000000100000000)
  region size 1024K, 66 young (67584K), 6 survivors (6144K)
 Metaspace       used 63013K, capacity 64496K, committed 64720K, reserved 1105920K
  class space    used 7936K, capacity 8471K, committed 8576K, reserved 1048576K
}
Event: 13.028 GC heap after
{Heap after GC invocations=14 (full 0):
 garbage-first heap   total 157696K, used 52451K [0x0000000080000000, 0x0000000100000000)
  region size 1024K, 7 young (7168K), 7 survivors (7168K)
 Metaspace       used 63013K, capacity 64496K, committed 64720K, reserved 1105920K
  class space    used 7936K, capacity 8471K, committed 8576K, reserved 1048576K
}
Event: 14.525 GC heap before
{Heap before GC invocations=14 (full 0):
 garbage-first heap   total 157696K, used 112867K [0x0000000080000000, 0x0000000100000000)
  region size 1024K, 66 young (67584K), 7 survivors (7168K)
 Metaspace       used 68157K, capacity 69707K, committed 69968K, reserved 1110016K
  class space    used 8766K, capacity 9352K, committed 9472K, reserved 1048576K
}
Event: 14.534 GC heap after
{Heap after GC invocations=15 (full 0):
 garbage-first heap   total 157696K, used 57295K [0x0000000080000000, 0x0000000100000000)
  region size 1024K, 5 young (5120K), 5 survivors (5120K)
 Metaspace       used 68157K, capacity 69707K, committed 69968K, reserved 1110016K
  class space    used 8766K, capacity 9352K, committed 9472K, reserved 1048576K
}
Event: 15.582 GC heap before
{Heap before GC invocations=15 (full 0):
 garbage-first heap   total 157696K, used 116687K [0x0000000080000000, 0x0000000100000000)
  region size 1024K, 63 young (64512K), 5 survivors (5120K)
 Metaspace       used 73132K, capacity 74796K, committed 75088K, reserved 1114112K
  class space    used 9510K, capacity 10131K, committed 10240K, reserved 1048576K
}
Event: 15.591 GC heap after
{Heap after GC invocations=16 (full 0):
 garbage-first heap   total 157696K, used 61000K [0x0000000080000000, 0x0000000100000000)
  region size 1024K, 4 young (4096K), 4 survivors (4096K)
 Metaspace       used 73132K, capacity 74796K, committed 75088K, reserved 1114112K
  class space    used 9510K, capacity 10131K, committed 10240K, reserved 1048576K
}
Event: 16.871 GC heap before
{Heap before GC invocations=16 (full 0):
 garbage-first heap   total 157696K, used 119368K [0x0000000080000000, 0x0000000100000000)
  region size 1024K, 62 young (63488K), 4 survivors (4096K)
 Metaspace       used 76558K, capacity 78557K, committed 78672K, reserved 1118208K
  class space    used 9994K, capacity 10720K, committed 10752K, reserved 1048576K
}
Event: 16.883 GC heap after
{Heap after GC invocations=17 (full 0):
 garbage-first heap   total 157696K, used 65987K [0x0000000080000000, 0x0000000100000000)
  region size 1024K, 8 young (8192K), 8 survivors (8192K)
 Metaspace       used 76558K, capacity 78557K, committed 78672K, reserved 1118208K
  class space    used 9994K, capacity 10720K, committed 10752K, reserved 1048576K
}
Event: 17.867 GC heap before
{Heap before GC invocations=17 (full 0):
 garbage-first heap   total 157696K, used 123331K [0x0000000080000000, 0x0000000100000000)
  region size 1024K, 64 young (65536K), 8 survivors (8192K)
 Metaspace       used 77032K, capacity 79050K, committed 79184K, reserved 1118208K
  class space    used 10001K, capacity 10725K, committed 10752K, reserved 1048576K
}
Event: 17.880 GC heap after
{Heap after GC invocations=18 (full 0):
 garbage-first heap   total 157696K, used 69823K [0x0000000080000000, 0x0000000100000000)
  region size 1024K, 4 young (4096K), 4 survivors (4096K)
 Metaspace       used 77032K, capacity 79050K, committed 79184K, reserved 1118208K
  class space    used 10001K, capacity 10725K, committed 10752K, reserved 1048576K
}

Deoptimization events (20 events):
Event: 17.515 Thread 0x000001e85aa11800 Uncommon trap: trap_request=0xffffff4d fr.pc=0x000001e8470da6ac relative=0x00000000000000ec
Event: 17.515 Thread 0x000001e85aa11800 Uncommon trap: reason=unstable_if action=reinterpret pc=0x000001e8470da6ac method=java.util.concurrent.locks.LockSupport.unpark(Ljava/lang/Thread;)V @ 1 c2
Event: 17.515 Thread 0x000001e85aa11800 DEOPT PACKING pc=0x000001e8470da6ac sp=0x0000009ec2bfc120
Event: 17.515 Thread 0x000001e85aa11800 DEOPT UNPACKING pc=0x000001e83f4674af sp=0x0000009ec2bfbfc8 mode 2
Event: 17.658 Thread 0x000001e858742000 DEOPT PACKING pc=0x000001e8401aec75 sp=0x0000009ec20fe450
Event: 17.658 Thread 0x000001e858742000 DEOPT UNPACKING pc=0x000001e83f4672ce sp=0x0000009ec20fd8b8 mode 0
Event: 17.763 Thread 0x000001e85b5de800 DEOPT PACKING pc=0x000001e84088f2b1 sp=0x0000009eca4fbd00
Event: 17.763 Thread 0x000001e85b5de800 DEOPT UNPACKING pc=0x000001e83f4672ce sp=0x0000009eca4fb1c8 mode 0
Event: 17.818 Thread 0x000001e85aa0c800 DEOPT PACKING pc=0x000001e84064d31c sp=0x0000009ec29fd860
Event: 17.818 Thread 0x000001e85aa0c800 DEOPT UNPACKING pc=0x000001e83f4672ce sp=0x0000009ec29fce00 mode 0
Event: 17.842 Thread 0x000001e85aa10800 DEOPT PACKING pc=0x000001e84064d31c sp=0x0000009ec2afc440
Event: 17.842 Thread 0x000001e85aa10800 DEOPT UNPACKING pc=0x000001e83f4672ce sp=0x0000009ec2afb9e0 mode 0
Event: 17.886 Thread 0x000001e85aa12000 DEOPT PACKING pc=0x000001e84064d31c sp=0x0000009ec28fd4c0
Event: 17.886 Thread 0x000001e85aa12000 DEOPT UNPACKING pc=0x000001e83f4672ce sp=0x0000009ec28fca60 mode 0
Event: 17.950 Thread 0x000001e85b5de800 Uncommon trap: trap_request=0xffffff6e fr.pc=0x000001e847241e78 relative=0x0000000000000718
Event: 17.950 Thread 0x000001e85b5de800 Uncommon trap: reason=speculate_class_check action=maybe_recompile pc=0x000001e847241e78 method=sun.security.provider.DigestBase.implCompressMultiBlock([BII)I @ 11 c2
Event: 17.950 Thread 0x000001e85b5de800 DEOPT PACKING pc=0x000001e847241e78 sp=0x0000009eca4fa940
Event: 17.950 Thread 0x000001e85b5de800 DEOPT UNPACKING pc=0x000001e83f4674af sp=0x0000009eca4fa868 mode 2
Event: 18.025 Thread 0x000001e85aa0c800 DEOPT PACKING pc=0x000001e83fc60297 sp=0x0000009ec29fcc50
Event: 18.025 Thread 0x000001e85aa0c800 DEOPT UNPACKING pc=0x000001e83f4672ce sp=0x0000009ec29fc1d8 mode 0

Classes redefined (0 events):
No events

Internal exceptions (20 events):
Event: 15.760 Thread 0x000001e8580bf800 Exception <a 'java/lang/ClassNotFoundException'{0x00000000891d9be0}: com/android/build/gradle/tasks/MergeResourcesBeanInfo> (0x00000000891d9be0) thrown at [./src/hotspot/share/classfile/systemDictionary.cpp, line 231]
Event: 15.760 Thread 0x000001e8580bf800 Exception <a 'java/lang/ClassNotFoundException'{0x00000000891edb00}: com/android/build/gradle/tasks/ResourceAwareTaskBeanInfo> (0x00000000891edb00) thrown at [./src/hotspot/share/classfile/systemDictionary.cpp, line 231]
Event: 15.761 Thread 0x000001e8580bf800 Exception <a 'java/lang/ClassNotFoundException'{0x0000000089002e68}: com/android/build/gradle/internal/tasks/IncrementalTaskBeanInfo> (0x0000000089002e68) thrown at [./src/hotspot/share/classfile/systemDictionary.cpp, line 231]
Event: 15.761 Thread 0x000001e8580bf800 Exception <a 'java/lang/ClassNotFoundException'{0x0000000089018668}: com/android/build/gradle/internal/tasks/AndroidVariantTaskBeanInfo> (0x0000000089018668) thrown at [./src/hotspot/share/classfile/systemDictionary.cpp, line 231]
Event: 15.762 Thread 0x000001e8580bf800 Exception <a 'java/lang/ClassNotFoundException'{0x000000008902e228}: com/android/build/gradle/internal/tasks/AndroidVariantTaskCustomizer> (0x000000008902e228) thrown at [./src/hotspot/share/classfile/systemDictionary.cpp, line 231]
Event: 15.763 Thread 0x000001e8580bf800 Exception <a 'java/lang/ClassNotFoundException'{0x0000000089054b58}: com/android/build/gradle/internal/tasks/IncrementalTaskCustomizer> (0x0000000089054b58) thrown at [./src/hotspot/share/classfile/systemDictionary.cpp, line 231]
Event: 15.764 Thread 0x000001e8580bf800 Exception <a 'java/lang/ClassNotFoundException'{0x00000000890787b0}: com/android/build/gradle/tasks/ResourceAwareTaskCustomizer> (0x00000000890787b0) thrown at [./src/hotspot/share/classfile/systemDictionary.cpp, line 231]
Event: 15.765 Thread 0x000001e8580bf800 Exception <a 'java/lang/ClassNotFoundException'{0x00000000890a37a8}: com/android/build/gradle/tasks/MergeResourcesCustomizer> (0x00000000890a37a8) thrown at [./src/hotspot/share/classfile/systemDictionary.cpp, line 231]
Event: 15.767 Thread 0x000001e8580bf800 Exception <a 'java/lang/ClassNotFoundException'{0x00000000890eaa50}: com/android/build/gradle/tasks/MergeResources_DecoratedCustomizer> (0x00000000890eaa50) thrown at [./src/hotspot/share/classfile/systemDictionary.cpp, line 231]
Event: 16.020 Thread 0x000001e85809a800 Exception <a 'java/lang/NoSuchMethodError'{0x0000000088135540}: <clinit>> (0x0000000088135540) thrown at [./src/hotspot/share/prims/jni.cpp, line 1362]
Event: 16.021 Thread 0x000001e85809a800 Exception <a 'java/lang/NoSuchMethodError'{0x000000008813fef0}: <clinit>> (0x000000008813fef0) thrown at [./src/hotspot/share/prims/jni.cpp, line 1362]
Event: 16.063 Thread 0x000001e85809a800 Exception <a 'java/lang/NoSuchMethodError'{0x0000000088035da0}: <clinit>> (0x0000000088035da0) thrown at [./src/hotspot/share/prims/jni.cpp, line 1362]
Event: 16.065 Thread 0x000001e85809a800 Exception <a 'java/lang/NoSuchMethodError'{0x000000008805e958}: <clinit>> (0x000000008805e958) thrown at [./src/hotspot/share/prims/jni.cpp, line 1362]
Event: 16.065 Thread 0x000001e85809a800 Exception <a 'java/lang/NoSuchMethodError'{0x000000008805feb0}: <clinit>> (0x000000008805feb0) thrown at [./src/hotspot/share/prims/jni.cpp, line 1362]
Event: 16.194 Thread 0x000001e85809a800 Exception <a 'java/lang/NoSuchMethodError'{0x0000000087e64750}: <clinit>> (0x0000000087e64750) thrown at [./src/hotspot/share/prims/jni.cpp, line 1362]
Event: 16.680 Thread 0x000001e85aa0c800 Exception <a 'java/lang/NoSuchMethodError'{0x00000000871540e8}: 'java.lang.Object java.lang.invoke.DirectMethodHandle$Holder.invokeSpecialIFC(java.lang.Object, java.lang.Object, java.lang.Object)'> (0x00000000871540e8) thrown at [./src/hotspot/share/interpreter/linkResolver.cpp, line 773]
Event: 16.680 Thread 0x000001e85aa10800 Exception <a 'java/lang/NoSuchMethodError'{0x00000000872f35d8}: 'java.lang.Object java.lang.invoke.DirectMethodHandle$Holder.invokeSpecialIFC(java.lang.Object, java.lang.Object, java.lang.Object)'> (0x00000000872f35d8) thrown at [./src/hotspot/share/interpreter/linkResolver.cpp, line 773]
Event: 16.680 Thread 0x000001e85aa11800 Exception <a 'java/lang/NoSuchMethodError'{0x0000000087141098}: 'java.lang.Object java.lang.invoke.DirectMethodHandle$Holder.invokeSpecialIFC(java.lang.Object, java.lang.Object, java.lang.Object)'> (0x0000000087141098) thrown at [./src/hotspot/share/interpreter/linkResolver.cpp, line 773]
Event: 16.680 Thread 0x000001e85aa13800 Exception <a 'java/lang/NoSuchMethodError'{0x000000008712fac8}: 'java.lang.Object java.lang.invoke.DirectMethodHandle$Holder.invokeSpecialIFC(java.lang.Object, java.lang.Object, java.lang.Object)'> (0x000000008712fac8) thrown at [./src/hotspot/share/interpreter/linkResolver.cpp, line 773]
Event: 17.950 Thread 0x000001e85b5de800 Exception <a 'java/lang/NoSuchMethodError'{0x0000000089593e30}: <clinit>> (0x0000000089593e30) thrown at [./src/hotspot/share/prims/jni.cpp, line 1362]

Events (20 events):
Event: 17.553 loading class org/gradle/internal/fingerprint/impl/IgnoredPathFingerprintingStrategy$1 done
Event: 17.613 loading class org/gradle/internal/snapshot/impl/SetValueSnapshot
Event: 17.613 loading class org/gradle/internal/snapshot/impl/SetValueSnapshot done
Event: 17.621 loading class com/android/build/gradle/tasks/MergeResources$Flag
Event: 17.621 loading class com/android/build/gradle/tasks/MergeResources$Flag done
Event: 17.622 loading class java/util/stream/SortedOps$SizedRefSortingSink
Event: 17.622 loading class java/util/stream/SortedOps$SizedRefSortingSink done
Event: 17.813 loading class org/gradle/internal/fingerprint/impl/RelativePathFingerprintingStrategy$1
Event: 17.813 loading class org/gradle/internal/fingerprint/impl/RelativePathFingerprintingStrategy$1 done
Event: 17.867 Executing VM operation: G1CollectForAllocation
Event: 17.880 Executing VM operation: G1CollectForAllocation done
Event: 17.930 loading class org/gradle/internal/snapshot/MissingFileSnapshot
Event: 17.930 loading class org/gradle/internal/snapshot/MissingFileSnapshot done
Event: 17.931 loading class org/gradle/internal/snapshot/MissingFileSnapshot
Event: 17.931 loading class org/gradle/internal/snapshot/MissingFileSnapshot done
Event: 17.931 loading class org/gradle/internal/snapshot/MissingFileSnapshot
Event: 17.931 loading class org/gradle/internal/snapshot/MissingFileSnapshot done
Event: 17.969 loading class com/android/build/gradle/tasks/ProcessApplicationManifest$optionalFeaturesString$1
Event: 17.969 loading class com/android/build/gradle/tasks/ProcessApplicationManifest$optionalFeaturesString$1 done
Event: 18.054 Loaded shared library C:\Program Files\Android\Android Studio1\jre\bin\nio.dll


Dynamic libraries:
0x00007ff767170000 - 0x00007ff76717a000 	C:\Program Files\Android\Android Studio1\jre\bin\java.exe
0x00007ffba5110000 - 0x00007ffba5305000 	C:\WINDOWS\SYSTEM32\ntdll.dll
0x00007ffba3f60000 - 0x00007ffba401d000 	C:\WINDOWS\System32\KERNEL32.DLL
0x00007ffba2bf0000 - 0x00007ffba2eb8000 	C:\WINDOWS\System32\KERNELBASE.dll
0x00007ffba2f20000 - 0x00007ffba3020000 	C:\WINDOWS\System32\ucrtbase.dll
0x00007ffb9b2f0000 - 0x00007ffb9b309000 	C:\Program Files\Android\Android Studio1\jre\bin\jli.dll
0x00007ffba3930000 - 0x00007ffba3ad0000 	C:\WINDOWS\System32\USER32.dll
0x00007ffba3150000 - 0x00007ffba3172000 	C:\WINDOWS\System32\win32u.dll
0x00007ffb8f1e0000 - 0x00007ffb8f1f7000 	C:\Program Files\Android\Android Studio1\jre\bin\VCRUNTIME140.dll
0x00007ffba4020000 - 0x00007ffba404a000 	C:\WINDOWS\System32\GDI32.dll
0x00007ffba2950000 - 0x00007ffba2a5b000 	C:\WINDOWS\System32\gdi32full.dll
0x00007ffba3020000 - 0x00007ffba30bd000 	C:\WINDOWS\System32\msvcp_win.dll
0x00007ffb8d670000 - 0x00007ffb8d90a000 	C:\WINDOWS\WinSxS\amd64_microsoft.windows.common-controls_6595b64144ccf1df_6.0.19041.1052_none_60b8f8fd71f5e8cb\COMCTL32.dll
0x00007ffba3e40000 - 0x00007ffba3ede000 	C:\WINDOWS\System32\msvcrt.dll
0x00007ffba4070000 - 0x00007ffba40a0000 	C:\WINDOWS\System32\IMM32.DLL
0x00007ffb6cca0000 - 0x00007ffb6cd3d000 	C:\Program Files\Android\Android Studio1\jre\bin\msvcp140.dll
0x00007ffb50e20000 - 0x00007ffb518dc000 	C:\Program Files\Android\Android Studio1\jre\bin\server\jvm.dll
0x00007ffba4f40000 - 0x00007ffba4fec000 	C:\WINDOWS\System32\ADVAPI32.dll
0x00007ffba40a0000 - 0x00007ffba413b000 	C:\WINDOWS\System32\sechost.dll
0x00007ffba3750000 - 0x00007ffba387b000 	C:\WINDOWS\System32\RPCRT4.dll
0x00007ffba4ad0000 - 0x00007ffba4ad8000 	C:\WINDOWS\System32\PSAPI.DLL
0x00007ffb88160000 - 0x00007ffb88169000 	C:\WINDOWS\SYSTEM32\WSOCK32.dll
0x00007ffb99ec0000 - 0x00007ffb99eca000 	C:\WINDOWS\SYSTEM32\VERSION.dll
0x00007ffba3ef0000 - 0x00007ffba3f5b000 	C:\WINDOWS\System32\WS2_32.dll
0x00007ffb8f3f0000 - 0x00007ffb8f417000 	C:\WINDOWS\SYSTEM32\WINMM.dll
0x00007ffba1120000 - 0x00007ffba1132000 	C:\WINDOWS\SYSTEM32\kernel.appcore.dll
0x00007ffb8c9e0000 - 0x00007ffb8c9f1000 	C:\Program Files\Android\Android Studio1\jre\bin\verify.dll
0x00007ffba04c0000 - 0x00007ffba06a4000 	C:\WINDOWS\SYSTEM32\DBGHELP.DLL
0x00007ffb8a280000 - 0x00007ffb8a2ac000 	C:\WINDOWS\SYSTEM32\dbgcore.DLL
0x00007ffba30c0000 - 0x00007ffba3143000 	C:\WINDOWS\System32\bcryptPrimitives.dll
0x00007ffb7afc0000 - 0x00007ffb7afe9000 	C:\Program Files\Android\Android Studio1\jre\bin\java.dll
0x00007ffb9c250000 - 0x00007ffb9c25b000 	C:\Program Files\Android\Android Studio1\jre\bin\jimage.dll
0x00007ffb78a50000 - 0x00007ffb78a68000 	C:\Program Files\Android\Android Studio1\jre\bin\zip.dll
0x00007ffba4260000 - 0x00007ffba499f000 	C:\WINDOWS\System32\SHELL32.dll
0x00007ffba0980000 - 0x00007ffba1110000 	C:\WINDOWS\SYSTEM32\windows.storage.dll
0x00007ffba3ae0000 - 0x00007ffba3e35000 	C:\WINDOWS\System32\combase.dll
0x00007ffba22c0000 - 0x00007ffba22ec000 	C:\WINDOWS\SYSTEM32\Wldp.dll
0x00007ffba4a20000 - 0x00007ffba4ace000 	C:\WINDOWS\System32\SHCORE.dll
0x00007ffba4ee0000 - 0x00007ffba4f35000 	C:\WINDOWS\System32\shlwapi.dll
0x00007ffba2790000 - 0x00007ffba27af000 	C:\WINDOWS\SYSTEM32\profapi.dll
0x00007ffb74860000 - 0x00007ffb7487a000 	C:\Program Files\Android\Android Studio1\jre\bin\net.dll
0x00007ffb8f760000 - 0x00007ffb8f86b000 	C:\WINDOWS\SYSTEM32\WINHTTP.dll
0x00007ffba2030000 - 0x00007ffba209a000 	C:\WINDOWS\system32\mswsock.dll
0x00007ffb747c0000 - 0x00007ffb747d4000 	C:\Program Files\Android\Android Studio1\jre\bin\nio.dll
0x00007ffb71d90000 - 0x00007ffb71db7000 	C:\Users\DANY99SR\.gradle\native\f6784746aeab05261644944871eae4fe03e0ef1612fff0a4a95f87b438bc6780\windows-amd64\native-platform.dll
0x00007ffb9c070000 - 0x00007ffb9c07a000 	C:\Program Files\Android\Android Studio1\jre\bin\management.dll
0x00007ffb9c050000 - 0x00007ffb9c05c000 	C:\Program Files\Android\Android Studio1\jre\bin\management_ext.dll
0x00007ffba2210000 - 0x00007ffba2228000 	C:\WINDOWS\SYSTEM32\CRYPTSP.dll
0x00007ffba1960000 - 0x00007ffba1994000 	C:\WINDOWS\system32\rsaenh.dll
0x00007ffba2a60000 - 0x00007ffba2a87000 	C:\WINDOWS\System32\bcrypt.dll
0x00007ffba2750000 - 0x00007ffba277e000 	C:\WINDOWS\SYSTEM32\USERENV.dll
0x00007ffba2200000 - 0x00007ffba220c000 	C:\WINDOWS\SYSTEM32\CRYPTBASE.dll
0x00007ffba1cd0000 - 0x00007ffba1d0b000 	C:\WINDOWS\SYSTEM32\IPHLPAPI.DLL
0x00007ffba3ee0000 - 0x00007ffba3ee8000 	C:\WINDOWS\System32\NSI.dll
0x00007ffb98860000 - 0x00007ffb98877000 	C:\WINDOWS\SYSTEM32\dhcpcsvc6.DLL
0x00007ffb99180000 - 0x00007ffb9919d000 	C:\WINDOWS\SYSTEM32\dhcpcsvc.DLL
0x00007ffba1d20000 - 0x00007ffba1dec000 	C:\WINDOWS\SYSTEM32\DNSAPI.dll
0x00007ffb99ed0000 - 0x00007ffb99edb000 	C:\WINDOWS\SYSTEM32\WINNSI.DLL

dbghelp: loaded successfully - version: 4.0.5 - missing functions: none
symbol engine: initialized successfully - sym options: 0x614 - pdb path: .;C:\Program Files\Android\Android Studio1\jre\bin;C:\WINDOWS\SYSTEM32;C:\WINDOWS\WinSxS\amd64_microsoft.windows.common-controls_6595b64144ccf1df_6.0.19041.1052_none_60b8f8fd71f5e8cb;C:\Program Files\Android\Android Studio1\jre\bin\server;C:\Users\DANY99SR\.gradle\native\f6784746aeab05261644944871eae4fe03e0ef1612fff0a4a95f87b438bc6780\windows-amd64

VM Arguments:
jvm_args: --add-opens=java.base/java.util=ALL-UNNAMED --add-opens=java.base/java.lang=ALL-UNNAMED --add-opens=java.base/java.lang.invoke=ALL-UNNAMED --add-opens=java.prefs/java.util.prefs=ALL-UNNAMED -Xmx2048m -Dfile.encoding=UTF-8 -Duser.country=GB -Duser.language=en -Duser.variant 
java_command: org.gradle.launcher.daemon.bootstrap.GradleDaemon 6.5
java_class_path (initial): C:\Users\DANY99SR\.gradle\wrapper\dists\gradle-6.5-bin\6nifqtx7604sqp1q6g8wikw7p\gradle-6.5\lib\gradle-launcher-6.5.jar
Launcher Type: SUN_STANDARD

[Global flags]
     intx CICompilerCount                          = 4                                         {product} {ergonomic}
     uint ConcGCThreads                            = 2                                         {product} {ergonomic}
     uint G1ConcRefinementThreads                  = 8                                         {product} {ergonomic}
   size_t G1HeapRegionSize                         = 1048576                                   {product} {ergonomic}
    uintx GCDrainStackTargetSize                   = 64                                        {product} {ergonomic}
   size_t InitialHeapSize                          = 134217728                                 {product} {ergonomic}
   size_t MarkStackSize                            = 4194304                                   {product} {ergonomic}
   size_t MaxHeapSize                              = 2147483648                                {product} {command line}
   size_t MaxNewSize                               = 1287651328                                {product} {ergonomic}
   size_t MinHeapDeltaBytes                        = 1048576                                   {product} {ergonomic}
    uintx NonNMethodCodeHeapSize                   = 5836300                                {pd product} {ergonomic}
    uintx NonProfiledCodeHeapSize                  = 122910970                              {pd product} {ergonomic}
    uintx ProfiledCodeHeapSize                     = 122910970                              {pd product} {ergonomic}
    uintx ReservedCodeCacheSize                    = 251658240                              {pd product} {ergonomic}
     bool SegmentedCodeCache                       = true                                      {product} {ergonomic}
     bool UseCompressedClassPointers               = true                                 {lp64_product} {ergonomic}
     bool UseCompressedOops                        = true                                 {lp64_product} {ergonomic}
     bool UseG1GC                                  = true                                      {product} {ergonomic}
     bool UseLargePagesIndividualAllocation        = false                                  {pd product} {ergonomic}

Logging:
Log output configuration:
 #0: stdout all=warning uptime,level,tags
 #1: stderr all=off uptime,level,tags

Environment Variables:
JAVA_HOME=C:\Program Files\AdoptOpenJDK\jdk-8.0.252.09-hotspot
PATH=C:\Program Files (x86)\Google\Chrome\Application;C:\Program Files\Microsoft MPI\Bin\;C:\Program Files\AdoptOpenJDK\jdk-8.0.252.09-hotspot\bin;C:\Program Files (x86)\Common Files\Oracle\Java\javapath;C:\Windows\system32;C:\Windows;C:\Windows\System32\Wbem;C:\Windows\System32\WindowsPowerShell\v1.0\;C:\Windows\System32\OpenSSH\;C:\Program Files\dotnet\;C:\Program Files\NVIDIA Corporation\NVIDIA NvDLISR;C:\Program Files (x86)\NVIDIA Corporation\PhysX\Common;C:\Android;C:\Program Files (x86)\Microsoft SQL Server\150\DTS\Binn\;C:\Program Files\Microsoft SQL Server\Client SDK\ODBC\170\Tools\Binn\;C:\Program Files (x86)\Microsoft SQL Server\150\Tools\Binn\;C:\Program Files\Microsoft SQL Server\150\Tools\Binn\;C:\Program Files\Microsoft SQL Server\150\DTS\Binn\;C:\Program Files\nodejs\;C:\Program Files\PostgreSQL\12\bin;C:\Program Files\Git\cmd;C:\Program Files\Microsoft SQL Server\130\Tools\Binn\;C:\WINDOWS\system32;C:\WINDOWS;C:\WINDOWS\System32\Wbem;C:\WINDOWS\System32\WindowsPowerShell\v1.0\;C:\WINDOWS\System32\OpenSSH\;C:\Program Files\Go\bin;C:\Users\DANY99SR\AppData\Local\Programs\Python\Python37\Scripts\;C:\Users\DANY99SR\AppData\Local\Programs\Python\Python37\;C:\Users\DANY99SR\AppData\Local\Microsoft\WindowsApps;C:\Users\DANY99SR\AppData\Local\Programs\Microsoft VS Code\bin;C:\Users\DANY99SR\AppData\Local\GitHubDesktop\bin;C:\Program Files\JetBrains\PyCharm 2020.1\bin;;C:\Users\DANY99SR\AppData\Roaming\npm;C:\Users\DANY99SR\.dotnet\tools;C:\Users\DANY99SR\AppData\Local\Microsoft\WindowsApps;C:\Users\DANY99SR\go\bin
USERNAME=DANY99SR
OS=Windows_NT
PROCESSOR_IDENTIFIER=Intel64 Family 6 Model 158 Stepping 9, GenuineIntel



---------------  S Y S T E M  ---------------

OS: Windows 10 , 64 bit Build 19041 (10.0.19041.1023)
OS uptime: 17 days 11:45 hours

CPU:total 8 (initial active 8) (4 cores per cpu, 2 threads per core) family 6 model 158 stepping 9, cmov, cx8, fxsr, mmx, sse, sse2, sse3, ssse3, sse4.1, sse4.2, popcnt, avx, avx2, aes, clmul, erms, 3dnowpref, lzcnt, ht, tsc, tscinvbit, bmi1, bmi2, adx, fma

Memory: 4k page, system-wide physical 8076M (203M free)
TotalPageFile size 32652M (AvailPageFile size 3M)
current process WorkingSet (physical memory assigned to process): 362M, peak: 362M
current process commit charge ("private bytes"): 403M, peak: 404M

vm_info: OpenJDK 64-Bit Server VM (11.0.8+10-b944.6842174) for windows-amd64 JRE (11.0.8+10-b944.6842174), built on Sep 19 2020 01:11:42 by "builder" with MS VC++ 14.0 (VS2015)

END.
