#
# There is insufficient memory for the Java Runtime Environment to continue.
# Native memory allocation (malloc) failed to allocate 1071936 bytes for Chunk::new
# Possible reasons:
#   The system is out of physical RAM or swap space
#   The process is running with CompressedOops enabled, and the Java Heap may be blocking the growth of the native heap
# Possible solutions:
#   Reduce memory load on the system
#   Increase physical memory or swap space
#   Check if swap backing store is full
#   Decrease Java heap size (-Xmx/-Xms)
#   Decrease number of Java threads
#   Decrease Java thread stack sizes (-Xss)
#   Set larger code cache with -XX:ReservedCodeCacheSize=
#   JVM is running with Unscaled Compressed Oops mode in which the Java heap is
#     placed in the first 4GB address space. The Java Heap base address is the
#     maximum limit for the native heap growth. Please use -XX:HeapBaseMinAddress
#     to set the Java Heap base and to place the Java Heap above 4GB virtual address.
# This output file may be truncated or incomplete.
#
#  Out of Memory Error (./src/hotspot/share/memory/arena.cpp:197), pid=11684, tid=11324
#
# JRE version: OpenJDK Runtime Environment (11.0.8+10) (build 11.0.8+10-b944.6842174)
# Java VM: OpenJDK 64-Bit Server VM (11.0.8+10-b944.6842174, mixed mode, tiered, compressed oops, g1 gc, windows-amd64)
# No core dump will be written. Minidumps are not enabled by default on client versions of Windows
#

---------------  S U M M A R Y ------------

Command Line: --add-opens=java.base/java.util=ALL-UNNAMED --add-opens=java.base/java.lang=ALL-UNNAMED --add-opens=java.base/java.lang.invoke=ALL-UNNAMED --add-opens=java.prefs/java.util.prefs=ALL-UNNAMED -Xmx2048m -Dfile.encoding=UTF-8 -Duser.country=GB -Duser.language=en -Duser.variant org.gradle.launcher.daemon.bootstrap.GradleDaemon 6.5

Host: Intel(R) Core(TM) i7-7700HQ CPU @ 2.80GHz, 8 cores, 7G,  Windows 10 , 64 bit Build 19041 (10.0.19041.1023)
Time: Mon Jun 28 22:34:14 2021 GTB Summer Time elapsed time: 10 seconds (0d 0h 0m 10s)

---------------  T H R E A D  ---------------

Current thread (0x000001e3683c6000):  JavaThread "C2 CompilerThread0" daemon [_thread_in_native, id=11324, stack(0x00000001f1000000,0x00000001f1100000)]


Current CompileTask:
C2:  10496 6137 %     4       groovy.lang.MetaClassImpl::inheritInterfaceNewMetaMethods @ 104 (199 bytes)

Stack: [0x00000001f1000000,0x00000001f1100000]
Native frames: (J=compiled Java code, j=interpreted, Vv=VM code, C=native code)
V  [jvm.dll+0x5de50a]
V  [jvm.dll+0x7122f5]
V  [jvm.dll+0x71384d]
V  [jvm.dll+0x713f03]
V  [jvm.dll+0x23e728]
V  [jvm.dll+0xb899c]
V  [jvm.dll+0xb8e9c]
V  [jvm.dll+0x2b20e4]
V  [jvm.dll+0x502098]
V  [jvm.dll+0x1f8df6]
V  [jvm.dll+0x1f685f]
V  [jvm.dll+0x17f32c]
V  [jvm.dll+0x205047]
V  [jvm.dll+0x203891]
V  [jvm.dll+0x6dad3f]
V  [jvm.dll+0x6d3895]
V  [jvm.dll+0x5dd4a6]
C  [ucrtbase.dll+0x21bb2]
C  [KERNEL32.DLL+0x17034]
C  [ntdll.dll+0x52651]


---------------  P R O C E S S  ---------------

Threads class SMR info:
_java_thread_list=0x000001e36c370ad0, length=154, elements={
0x000001e34d73f000, 0x000001e367a46000, 0x000001e367a47800, 0x000001e3683c2800,
0x000001e3683c3800, 0x000001e3683c6000, 0x000001e367a5d800, 0x000001e367a5e800,
0x000001e368526800, 0x000001e368551000, 0x000001e369794800, 0x000001e369b41000,
0x000001e369d0c800, 0x000001e369751000, 0x000001e369751800, 0x000001e369c1f800,
0x000001e369e86000, 0x000001e36a18f000, 0x000001e36a425000, 0x000001e369ead000,
0x000001e369db5800, 0x000001e369db7800, 0x000001e369db8800, 0x000001e36a4e3800,
0x000001e369db3000, 0x000001e369db3800, 0x000001e369db6000, 0x000001e369db9800,
0x000001e369db4800, 0x000001e369db7000, 0x000001e36cc25000, 0x000001e36cc21000,
0x000001e36cc1f800, 0x000001e36cc22800, 0x000001e36cc26800, 0x000001e36cc26000,
0x000001e36cc27800, 0x000001e36cc21800, 0x000001e36cc28800, 0x000001e36cc29000,
0x000001e36cc23800, 0x000001e36cc2a000, 0x000001e36cc24000, 0x000001e36cc2c800,
0x000001e36cc2e000, 0x000001e36cc2a800, 0x000001e36cc2d000, 0x000001e36cc2b800,
0x000001e36ac75800, 0x000001e36ac77000, 0x000001e36ac78000, 0x000001e36ac76000,
0x000001e36ac78800, 0x000001e36ac74800, 0x000001e36ac79800, 0x000001e36ac74000,
0x000001e36ac7a800, 0x000001e36ca82800, 0x000001e36ca85000, 0x000001e36ca83000,
0x000001e36ca7f000, 0x000001e36ca84000, 0x000001e36ca85800, 0x000001e36ca81800,
0x000001e36ca80800, 0x000001e36ca80000, 0x000001e36ca89800, 0x000001e36ca8a800,
0x000001e36ca8b800, 0x000001e36ca88000, 0x000001e36ca8c000, 0x000001e36ca86800,
0x000001e36ca87000, 0x000001e36ca8d000, 0x000001e36ca8e000, 0x000001e36ca89000,
0x000001e36cade000, 0x000001e36cadf800, 0x000001e36cada000, 0x000001e36cae0800,
0x000001e36cadd000, 0x000001e36cada800, 0x000001e36cadc800, 0x000001e36cadb800,
0x000001e36cae1000, 0x000001e36cae2000, 0x000001e36cadf000, 0x000001e36cae4800,
0x000001e36cae7000, 0x000001e36cae3000, 0x000001e36cae8800, 0x000001e36cae7800,
0x000001e36cae3800, 0x000001e36cae5800, 0x000001e36cae6000, 0x000001e36a251000,
0x000001e36a252000, 0x000001e36a256000, 0x000001e36a257000, 0x000001e36a254800,
0x000001e36a255000, 0x000001e36a257800, 0x000001e36a258800, 0x000001e36a252800,
0x000001e36a259000, 0x000001e36a253800, 0x000001e36a25f000, 0x000001e36a25b000,
0x000001e36a25c800, 0x000001e36a25b800, 0x000001e36a25f800, 0x000001e36a25d800,
0x000001e36a25e000, 0x000001e36a25a000, 0x000001e36c7d3800, 0x000001e36c7d5000,
0x000001e36c7d7000, 0x000001e36c7d7800, 0x000001e36c7d4800, 0x000001e36c7d3000,
0x000001e36c7d6000, 0x000001e36c7d2000, 0x000001e36c7dc000, 0x000001e36c7de000,
0x000001e36c7dc800, 0x000001e36c7dd800, 0x000001e36c7d8800, 0x000001e36c7df000,
0x000001e36c7d9800, 0x000001e36c7e0000, 0x000001e36c7da000, 0x000001e36c7e0800,
0x000001e36c7db000, 0x000001e36890f000, 0x000001e368910000, 0x000001e36890b000,
0x000001e36890d000, 0x000001e368911800, 0x000001e36890d800, 0x000001e368911000,
0x000001e36890c000, 0x000001e368912800, 0x000001e36890e800, 0x000001e368919000,
0x000001e368914000, 0x000001e368916800, 0x000001e368917800, 0x000001e368918000,
0x000001e368913800, 0x000001e368916000, 0x000001e368915000, 0x000001e36891a000,
0x000001e36ad2d000, 0x000001e36ad27800
}

Java Threads: ( => current thread )
  0x000001e34d73f000 JavaThread "main" [_thread_blocked, id=420, stack(0x00000001f0500000,0x00000001f0600000)]
  0x000001e367a46000 JavaThread "Reference Handler" daemon [_thread_blocked, id=20688, stack(0x00000001f0c00000,0x00000001f0d00000)]
  0x000001e367a47800 JavaThread "Finalizer" daemon [_thread_blocked, id=3500, stack(0x00000001f0d00000,0x00000001f0e00000)]
  0x000001e3683c2800 JavaThread "Signal Dispatcher" daemon [_thread_blocked, id=17968, stack(0x00000001f0e00000,0x00000001f0f00000)]
  0x000001e3683c3800 JavaThread "Attach Listener" daemon [_thread_blocked, id=1220, stack(0x00000001f0f00000,0x00000001f1000000)]
=>0x000001e3683c6000 JavaThread "C2 CompilerThread0" daemon [_thread_in_native, id=11324, stack(0x00000001f1000000,0x00000001f1100000)]
  0x000001e367a5d800 JavaThread "C1 CompilerThread0" daemon [_thread_blocked, id=16952, stack(0x00000001f1100000,0x00000001f1200000)]
  0x000001e367a5e800 JavaThread "Sweeper thread" daemon [_thread_blocked, id=2592, stack(0x00000001f1200000,0x00000001f1300000)]
  0x000001e368526800 JavaThread "Common-Cleaner" daemon [_thread_blocked, id=11664, stack(0x00000001f1300000,0x00000001f1400000)]
  0x000001e368551000 JavaThread "Service Thread" daemon [_thread_blocked, id=17060, stack(0x00000001f1400000,0x00000001f1500000)]
  0x000001e369794800 JavaThread "Daemon health stats" [_thread_blocked, id=3940, stack(0x00000001f1900000,0x00000001f1a00000)]
  0x000001e369b41000 JavaThread "Incoming local TCP Connector on port 57875" [_thread_in_native, id=18880, stack(0x00000001f1b00000,0x00000001f1c00000)]
  0x000001e369d0c800 JavaThread "Daemon periodic checks" [_thread_blocked, id=14940, stack(0x00000001f1d00000,0x00000001f1e00000)]
  0x000001e369751000 JavaThread "Daemon" [_thread_blocked, id=5176, stack(0x00000001f1e00000,0x00000001f1f00000)]
  0x000001e369751800 JavaThread "Handler for socket connection from /127.0.0.1:57875 to /127.0.0.1:57876" [_thread_in_native, id=11036, stack(0x00000001f1f00000,0x00000001f2000000)]
  0x000001e369c1f800 JavaThread "Cancel handler" [_thread_blocked, id=10756, stack(0x00000001f2000000,0x00000001f2100000)]
  0x000001e369e86000 JavaThread "Daemon worker" [_thread_in_Java, id=3060, stack(0x00000001f2100000,0x00000001f2200000)]
  0x000001e36a18f000 JavaThread "Asynchronous log dispatcher for DefaultDaemonConnection: socket connection from /127.0.0.1:57875 to /127.0.0.1:57876" [_thread_blocked, id=8292, stack(0x00000001f2200000,0x00000001f2300000)]
  0x000001e36a425000 JavaThread "Stdin handler" [_thread_blocked, id=9572, stack(0x00000001f2300000,0x00000001f2400000)]
  0x000001e369ead000 JavaThread "Thread-8" [_thread_blocked, id=18564, stack(0x00000001f2400000,0x00000001f2500000)]
  0x000001e369db5800 JavaThread "Cache worker for journal cache (C:\Users\DANY99SR\.gradle\caches\journal-1)" [_thread_blocked, id=7544, stack(0x00000001f2500000,0x00000001f2600000)]
  0x000001e369db7800 JavaThread "File lock request listener" [_thread_in_native, id=9708, stack(0x00000001f2b00000,0x00000001f2c00000)]
  0x000001e369db8800 JavaThread "Cache worker for file hash cache (C:\Users\DANY99SR\.gradle\caches\6.5\fileHashes)" [_thread_blocked, id=17864, stack(0x00000001f1c00000,0x00000001f1d00000)]
  0x000001e36a4e3800 JavaThread "C2 CompilerThread1" daemon [_thread_in_native, id=4016, stack(0x00000001f2d00000,0x00000001f2e00000)]
  0x000001e369db3000 JavaThread "Cache worker for file hash cache (D:\FACULTATE COZMA DANIEL NECULAI\Anul 3\Sem 1\Pam Tabarca\Aplicatie Android Licenta\Robot\.gradle\6.5\fileHashes)" [_thread_blocked, id=8640, stack(0x00000001f2f00000,0x00000001f3000000)]
  0x000001e369db3800 JavaThread "Cache worker for checksums cache (D:\FACULTATE COZMA DANIEL NECULAI\Anul 3\Sem 1\Pam Tabarca\Aplicatie Android Licenta\Robot\.gradle\checksums)" [_thread_blocked, id=9228, stack(0x00000001f3000000,0x00000001f3100000)]
  0x000001e369db6000 JavaThread "Cache worker for cache directory md-supplier (C:\Users\DANY99SR\.gradle\caches\6.5\md-supplier)" [_thread_blocked, id=20300, stack(0x00000001f3100000,0x00000001f3200000)]
  0x000001e369db9800 JavaThread "Cache worker for cache directory md-rule (C:\Users\DANY99SR\.gradle\caches\6.5\md-rule)" [_thread_blocked, id=6552, stack(0x00000001f3200000,0x00000001f3300000)]
  0x000001e369db4800 JavaThread "Cache worker for execution history cache (C:\Users\DANY99SR\.gradle\caches\6.5\executionHistory)" [_thread_blocked, id=17288, stack(0x00000001f3300000,0x00000001f3400000)]
  0x000001e369db7000 JavaThread "jar transforms" [_thread_blocked, id=624, stack(0x00000001f3400000,0x00000001f3500000)]
  0x000001e36cc25000 JavaThread "Cache worker for file content cache (C:\Users\DANY99SR\.gradle\caches\6.5\fileContent)" [_thread_blocked, id=18604, stack(0x00000001f3500000,0x00000001f3600000)]
  0x000001e36cc21000 JavaThread "Build operations" [_thread_blocked, id=18240, stack(0x00000001f3600000,0x00000001f3700000)]
  0x000001e36cc1f800 JavaThread "Build operations Thread 2" [_thread_blocked, id=1460, stack(0x00000001f3700000,0x00000001f3800000)]
  0x000001e36cc22800 JavaThread "Build operations Thread 3" [_thread_blocked, id=4980, stack(0x00000001f3800000,0x00000001f3900000)]
  0x000001e36cc26800 JavaThread "Build operations Thread 4" [_thread_blocked, id=20788, stack(0x00000001f3900000,0x00000001f3a00000)]
  0x000001e36cc26000 JavaThread "Build operations Thread 5" [_thread_blocked, id=3208, stack(0x00000001f3a00000,0x00000001f3b00000)]
  0x000001e36cc27800 JavaThread "Build operations Thread 6" [_thread_blocked, id=11096, stack(0x00000001f3b00000,0x00000001f3c00000)]
  0x000001e36cc21800 JavaThread "Build operations Thread 7" [_thread_blocked, id=18024, stack(0x00000001f3c00000,0x00000001f3d00000)]
  0x000001e36cc28800 JavaThread "Build operations Thread 8" [_thread_blocked, id=19832, stack(0x00000001f3d00000,0x00000001f3e00000)]
  0x000001e36cc29000 JavaThread "jar transforms Thread 2" [_thread_blocked, id=1284, stack(0x00000001f3e00000,0x00000001f3f00000)]
  0x000001e36cc23800 JavaThread "jar transforms Thread 3" [_thread_blocked, id=20328, stack(0x00000001f3f00000,0x00000001f4000000)]
  0x000001e36cc2a000 JavaThread "jar transforms Thread 4" [_thread_blocked, id=19284, stack(0x00000001f4000000,0x00000001f4100000)]
  0x000001e36cc24000 JavaThread "jar transforms Thread 5" [_thread_blocked, id=5956, stack(0x00000001f4100000,0x00000001f4200000)]
  0x000001e36cc2c800 JavaThread "jar transforms Thread 6" [_thread_blocked, id=19056, stack(0x00000001f4200000,0x00000001f4300000)]
  0x000001e36cc2e000 JavaThread "jar transforms Thread 7" [_thread_blocked, id=10228, stack(0x00000001f4300000,0x00000001f4400000)]
  0x000001e36cc2a800 JavaThread "jar transforms Thread 8" [_thread_blocked, id=6720, stack(0x00000001f4400000,0x00000001f4500000)]
  0x000001e36cc2d000 JavaThread "jar transforms Thread 9" [_thread_blocked, id=17552, stack(0x00000001f4500000,0x00000001f4600000)]
  0x000001e36cc2b800 JavaThread "jar transforms Thread 10" [_thread_blocked, id=20868, stack(0x00000001f4600000,0x00000001f4700000)]
  0x000001e36ac75800 JavaThread "jar transforms Thread 11" [_thread_blocked, id=7768, stack(0x00000001f4700000,0x00000001f4800000)]
  0x000001e36ac77000 JavaThread "jar transforms Thread 12" [_thread_blocked, id=17980, stack(0x00000001f4800000,0x00000001f4900000)]
  0x000001e36ac78000 JavaThread "jar transforms Thread 13" [_thread_blocked, id=14800, stack(0x00000001f4900000,0x00000001f4a00000)]
  0x000001e36ac76000 JavaThread "jar transforms Thread 14" [_thread_blocked, id=20904, stack(0x00000001f4a00000,0x00000001f4b00000)]
  0x000001e36ac78800 JavaThread "jar transforms Thread 15" [_thread_blocked, id=13660, stack(0x00000001f4b00000,0x00000001f4c00000)]
  0x000001e36ac74800 JavaThread "jar transforms Thread 16" [_thread_blocked, id=4080, stack(0x00000001f4c00000,0x00000001f4d00000)]
  0x000001e36ac79800 JavaThread "jar transforms Thread 17" [_thread_blocked, id=5360, stack(0x00000001f4d00000,0x00000001f4e00000)]
  0x000001e36ac74000 JavaThread "jar transforms Thread 18" [_thread_blocked, id=15812, stack(0x00000001f4e00000,0x00000001f4f00000)]
  0x000001e36ac7a800 JavaThread "jar transforms Thread 19" [_thread_blocked, id=18640, stack(0x00000001f4f00000,0x00000001f5000000)]
  0x000001e36ca82800 JavaThread "jar transforms Thread 20" [_thread_blocked, id=3924, stack(0x00000001f5000000,0x00000001f5100000)]
  0x000001e36ca85000 JavaThread "jar transforms Thread 21" [_thread_blocked, id=8188, stack(0x00000001f5100000,0x00000001f5200000)]
  0x000001e36ca83000 JavaThread "jar transforms Thread 22" [_thread_blocked, id=8168, stack(0x00000001f5200000,0x00000001f5300000)]
  0x000001e36ca7f000 JavaThread "jar transforms Thread 23" [_thread_blocked, id=3344, stack(0x00000001f5300000,0x00000001f5400000)]
  0x000001e36ca84000 JavaThread "jar transforms Thread 24" [_thread_blocked, id=21188, stack(0x00000001f5400000,0x00000001f5500000)]
  0x000001e36ca85800 JavaThread "jar transforms Thread 25" [_thread_blocked, id=13884, stack(0x00000001f5500000,0x00000001f5600000)]
  0x000001e36ca81800 JavaThread "jar transforms Thread 26" [_thread_blocked, id=21392, stack(0x00000001f5600000,0x00000001f5700000)]
  0x000001e36ca80800 JavaThread "jar transforms Thread 27" [_thread_blocked, id=9492, stack(0x00000001f5700000,0x00000001f5800000)]
  0x000001e36ca80000 JavaThread "jar transforms Thread 28" [_thread_blocked, id=10244, stack(0x00000001f5800000,0x00000001f5900000)]
  0x000001e36ca89800 JavaThread "jar transforms Thread 29" [_thread_blocked, id=2064, stack(0x00000001f5900000,0x00000001f5a00000)]
  0x000001e36ca8a800 JavaThread "jar transforms Thread 30" [_thread_blocked, id=20660, stack(0x00000001f5a00000,0x00000001f5b00000)]
  0x000001e36ca8b800 JavaThread "jar transforms Thread 31" [_thread_blocked, id=20316, stack(0x00000001f5b00000,0x00000001f5c00000)]
  0x000001e36ca88000 JavaThread "jar transforms Thread 32" [_thread_blocked, id=20284, stack(0x00000001f5c00000,0x00000001f5d00000)]
  0x000001e36ca8c000 JavaThread "jar transforms Thread 33" [_thread_blocked, id=4784, stack(0x00000001f5d00000,0x00000001f5e00000)]
  0x000001e36ca86800 JavaThread "jar transforms Thread 34" [_thread_blocked, id=2344, stack(0x00000001f5e00000,0x00000001f5f00000)]
  0x000001e36ca87000 JavaThread "jar transforms Thread 35" [_thread_blocked, id=2464, stack(0x00000001f5f00000,0x00000001f6000000)]
  0x000001e36ca8d000 JavaThread "jar transforms Thread 36" [_thread_blocked, id=7556, stack(0x00000001f6000000,0x00000001f6100000)]
  0x000001e36ca8e000 JavaThread "jar transforms Thread 37" [_thread_blocked, id=15264, stack(0x00000001f6100000,0x00000001f6200000)]
  0x000001e36ca89000 JavaThread "jar transforms Thread 38" [_thread_blocked, id=4588, stack(0x00000001f6200000,0x00000001f6300000)]
  0x000001e36cade000 JavaThread "jar transforms Thread 39" [_thread_blocked, id=10968, stack(0x00000001f6300000,0x00000001f6400000)]
  0x000001e36cadf800 JavaThread "jar transforms Thread 40" [_thread_blocked, id=8620, stack(0x00000001f6400000,0x00000001f6500000)]
  0x000001e36cada000 JavaThread "jar transforms Thread 41" [_thread_blocked, id=9780, stack(0x00000001f6500000,0x00000001f6600000)]
  0x000001e36cae0800 JavaThread "jar transforms Thread 42" [_thread_blocked, id=12300, stack(0x00000001f6600000,0x00000001f6700000)]
  0x000001e36cadd000 JavaThread "jar transforms Thread 43" [_thread_blocked, id=15928, stack(0x00000001f6700000,0x00000001f6800000)]
  0x000001e36cada800 JavaThread "jar transforms Thread 44" [_thread_blocked, id=17880, stack(0x00000001f6800000,0x00000001f6900000)]
  0x000001e36cadc800 JavaThread "jar transforms Thread 45" [_thread_blocked, id=16408, stack(0x00000001f6900000,0x00000001f6a00000)]
  0x000001e36cadb800 JavaThread "jar transforms Thread 46" [_thread_blocked, id=19996, stack(0x00000001f6a00000,0x00000001f6b00000)]
  0x000001e36cae1000 JavaThread "jar transforms Thread 47" [_thread_blocked, id=10476, stack(0x00000001f6b00000,0x00000001f6c00000)]
  0x000001e36cae2000 JavaThread "jar transforms Thread 48" [_thread_blocked, id=13212, stack(0x00000001f6c00000,0x00000001f6d00000)]
  0x000001e36cadf000 JavaThread "jar transforms Thread 49" [_thread_blocked, id=16956, stack(0x00000001f6d00000,0x00000001f6e00000)]
  0x000001e36cae4800 JavaThread "jar transforms Thread 50" [_thread_blocked, id=16496, stack(0x00000001f6e00000,0x00000001f6f00000)]
  0x000001e36cae7000 JavaThread "jar transforms Thread 51" [_thread_blocked, id=14360, stack(0x00000001f6f00000,0x00000001f7000000)]
  0x000001e36cae3000 JavaThread "jar transforms Thread 52" [_thread_blocked, id=17484, stack(0x00000001f7000000,0x00000001f7100000)]
  0x000001e36cae8800 JavaThread "jar transforms Thread 53" [_thread_blocked, id=7820, stack(0x00000001f7100000,0x00000001f7200000)]
  0x000001e36cae7800 JavaThread "jar transforms Thread 54" [_thread_blocked, id=11824, stack(0x00000001f7200000,0x00000001f7300000)]
  0x000001e36cae3800 JavaThread "jar transforms Thread 55" [_thread_blocked, id=17576, stack(0x00000001f7300000,0x00000001f7400000)]
  0x000001e36cae5800 JavaThread "jar transforms Thread 56" [_thread_blocked, id=20076, stack(0x00000001f7400000,0x00000001f7500000)]
  0x000001e36cae6000 JavaThread "jar transforms Thread 57" [_thread_blocked, id=14132, stack(0x00000001f7500000,0x00000001f7600000)]
  0x000001e36a251000 JavaThread "jar transforms Thread 58" [_thread_blocked, id=12320, stack(0x00000001f7600000,0x00000001f7700000)]
  0x000001e36a252000 JavaThread "jar transforms Thread 59" [_thread_blocked, id=18920, stack(0x00000001f7700000,0x00000001f7800000)]
  0x000001e36a256000 JavaThread "jar transforms Thread 60" [_thread_blocked, id=18440, stack(0x00000001f7800000,0x00000001f7900000)]
  0x000001e36a257000 JavaThread "jar transforms Thread 61" [_thread_blocked, id=15752, stack(0x00000001f7900000,0x00000001f7a00000)]
  0x000001e36a254800 JavaThread "jar transforms Thread 62" [_thread_blocked, id=2124, stack(0x00000001f7a00000,0x00000001f7b00000)]
  0x000001e36a255000 JavaThread "jar transforms Thread 63" [_thread_blocked, id=19564, stack(0x00000001f7b00000,0x00000001f7c00000)]
  0x000001e36a257800 JavaThread "jar transforms Thread 64" [_thread_blocked, id=15332, stack(0x00000001f7c00000,0x00000001f7d00000)]
  0x000001e36a258800 JavaThread "jar transforms Thread 65" [_thread_blocked, id=8096, stack(0x00000001f7d00000,0x00000001f7e00000)]
  0x000001e36a252800 JavaThread "jar transforms Thread 66" [_thread_blocked, id=4360, stack(0x00000001f7e00000,0x00000001f7f00000)]
  0x000001e36a259000 JavaThread "jar transforms Thread 67" [_thread_blocked, id=17232, stack(0x00000001f7f00000,0x00000001f8000000)]
  0x000001e36a253800 JavaThread "jar transforms Thread 68" [_thread_blocked, id=4576, stack(0x00000001f8000000,0x00000001f8100000)]
  0x000001e36a25f000 JavaThread "jar transforms Thread 69" [_thread_blocked, id=19760, stack(0x00000001f8100000,0x00000001f8200000)]
  0x000001e36a25b000 JavaThread "jar transforms Thread 70" [_thread_blocked, id=19960, stack(0x00000001f8200000,0x00000001f8300000)]
  0x000001e36a25c800 JavaThread "jar transforms Thread 71" [_thread_blocked, id=13080, stack(0x00000001f8300000,0x00000001f8400000)]
  0x000001e36a25b800 JavaThread "jar transforms Thread 72" [_thread_blocked, id=412, stack(0x00000001f8400000,0x00000001f8500000)]
  0x000001e36a25f800 JavaThread "jar transforms Thread 73" [_thread_blocked, id=20052, stack(0x00000001f8500000,0x00000001f8600000)]
  0x000001e36a25d800 JavaThread "jar transforms Thread 74" [_thread_blocked, id=10120, stack(0x00000001f8600000,0x00000001f8700000)]
  0x000001e36a25e000 JavaThread "jar transforms Thread 75" [_thread_blocked, id=3536, stack(0x00000001f8700000,0x00000001f8800000)]
  0x000001e36a25a000 JavaThread "jar transforms Thread 76" [_thread_blocked, id=17256, stack(0x00000001f8800000,0x00000001f8900000)]
  0x000001e36c7d3800 JavaThread "jar transforms Thread 77" [_thread_blocked, id=20472, stack(0x00000001f8900000,0x00000001f8a00000)]
  0x000001e36c7d5000 JavaThread "jar transforms Thread 78" [_thread_blocked, id=21320, stack(0x00000001f8a00000,0x00000001f8b00000)]
  0x000001e36c7d7000 JavaThread "jar transforms Thread 79" [_thread_blocked, id=10628, stack(0x00000001f8b00000,0x00000001f8c00000)]
  0x000001e36c7d7800 JavaThread "jar transforms Thread 80" [_thread_blocked, id=8068, stack(0x00000001f8c00000,0x00000001f8d00000)]
  0x000001e36c7d4800 JavaThread "jar transforms Thread 81" [_thread_blocked, id=3292, stack(0x00000001f8d00000,0x00000001f8e00000)]
  0x000001e36c7d3000 JavaThread "jar transforms Thread 82" [_thread_blocked, id=12200, stack(0x00000001f8e00000,0x00000001f8f00000)]
  0x000001e36c7d6000 JavaThread "jar transforms Thread 83" [_thread_blocked, id=13748, stack(0x00000001f8f00000,0x00000001f9000000)]
  0x000001e36c7d2000 JavaThread "jar transforms Thread 84" [_thread_blocked, id=20464, stack(0x00000001f9000000,0x00000001f9100000)]
  0x000001e36c7dc000 JavaThread "jar transforms Thread 85" [_thread_blocked, id=10452, stack(0x00000001f9100000,0x00000001f9200000)]
  0x000001e36c7de000 JavaThread "jar transforms Thread 86" [_thread_blocked, id=12508, stack(0x00000001f9200000,0x00000001f9300000)]
  0x000001e36c7dc800 JavaThread "jar transforms Thread 87" [_thread_blocked, id=10812, stack(0x00000001f9300000,0x00000001f9400000)]
  0x000001e36c7dd800 JavaThread "jar transforms Thread 88" [_thread_blocked, id=12264, stack(0x00000001f9400000,0x00000001f9500000)]
  0x000001e36c7d8800 JavaThread "jar transforms Thread 89" [_thread_blocked, id=16336, stack(0x00000001f9500000,0x00000001f9600000)]
  0x000001e36c7df000 JavaThread "jar transforms Thread 90" [_thread_blocked, id=8684, stack(0x00000001f9600000,0x00000001f9700000)]
  0x000001e36c7d9800 JavaThread "jar transforms Thread 91" [_thread_blocked, id=5808, stack(0x00000001f9700000,0x00000001f9800000)]
  0x000001e36c7e0000 JavaThread "jar transforms Thread 92" [_thread_blocked, id=18928, stack(0x00000001f9800000,0x00000001f9900000)]
  0x000001e36c7da000 JavaThread "jar transforms Thread 93" [_thread_blocked, id=12232, stack(0x00000001f9900000,0x00000001f9a00000)]
  0x000001e36c7e0800 JavaThread "jar transforms Thread 94" [_thread_blocked, id=1264, stack(0x00000001f9a00000,0x00000001f9b00000)]
  0x000001e36c7db000 JavaThread "jar transforms Thread 95" [_thread_blocked, id=21088, stack(0x00000001f9b00000,0x00000001f9c00000)]
  0x000001e36890f000 JavaThread "jar transforms Thread 96" [_thread_blocked, id=4824, stack(0x00000001f9c00000,0x00000001f9d00000)]
  0x000001e368910000 JavaThread "jar transforms Thread 97" [_thread_blocked, id=15144, stack(0x00000001f9d00000,0x00000001f9e00000)]
  0x000001e36890b000 JavaThread "jar transforms Thread 98" [_thread_blocked, id=18508, stack(0x00000001f9e00000,0x00000001f9f00000)]
  0x000001e36890d000 JavaThread "jar transforms Thread 99" [_thread_blocked, id=1696, stack(0x00000001f9f00000,0x00000001fa000000)]
  0x000001e368911800 JavaThread "jar transforms Thread 100" [_thread_blocked, id=9944, stack(0x00000001fa000000,0x00000001fa100000)]
  0x000001e36890d800 JavaThread "jar transforms Thread 101" [_thread_blocked, id=9480, stack(0x00000001fa100000,0x00000001fa200000)]
  0x000001e368911000 JavaThread "jar transforms Thread 102" [_thread_blocked, id=20332, stack(0x00000001fa200000,0x00000001fa300000)]
  0x000001e36890c000 JavaThread "jar transforms Thread 103" [_thread_blocked, id=14164, stack(0x00000001fa300000,0x00000001fa400000)]
  0x000001e368912800 JavaThread "jar transforms Thread 104" [_thread_blocked, id=17612, stack(0x00000001fa400000,0x00000001fa500000)]
  0x000001e36890e800 JavaThread "jar transforms Thread 105" [_thread_blocked, id=8460, stack(0x00000001fa500000,0x00000001fa600000)]
  0x000001e368919000 JavaThread "jar transforms Thread 106" [_thread_blocked, id=16540, stack(0x00000001fa600000,0x00000001fa700000)]
  0x000001e368914000 JavaThread "jar transforms Thread 107" [_thread_blocked, id=8348, stack(0x00000001fa700000,0x00000001fa800000)]
  0x000001e368916800 JavaThread "jar transforms Thread 108" [_thread_blocked, id=9100, stack(0x00000001fa800000,0x00000001fa900000)]
  0x000001e368917800 JavaThread "jar transforms Thread 109" [_thread_blocked, id=16372, stack(0x00000001fa900000,0x00000001faa00000)]
  0x000001e368918000 JavaThread "jar transforms Thread 110" [_thread_blocked, id=13060, stack(0x00000001faa00000,0x00000001fab00000)]
  0x000001e368913800 JavaThread "jar transforms Thread 111" [_thread_blocked, id=15048, stack(0x00000001fab00000,0x00000001fac00000)]
  0x000001e368916000 JavaThread "jar transforms Thread 112" [_thread_blocked, id=2588, stack(0x00000001fac00000,0x00000001fad00000)]
  0x000001e368915000 JavaThread "jar transforms Thread 113" [_thread_blocked, id=11640, stack(0x00000001fad00000,0x00000001fae00000)]
  0x000001e36891a000 JavaThread "jar transforms Thread 114" [_thread_blocked, id=9500, stack(0x00000001fae00000,0x00000001faf00000)]
  0x000001e36ad2d000 JavaThread "jar transforms Thread 115" [_thread_blocked, id=12016, stack(0x00000001faf00000,0x00000001fb000000)]
  0x000001e36ad27800 JavaThread "Cache worker for Build Output Cleanup Cache (D:\FACULTATE COZMA DANIEL NECULAI\Anul 3\Sem 1\Pam Tabarca\Aplicatie Android Licenta\Robot\.gradle\buildOutputCleanup)" [_thread_blocked, id=10784, stack(0x00000001f2e00000,0x00000001f2f00000)]

Other Threads:
  0x000001e367a40000 VMThread "VM Thread" [stack: 0x00000001f0b00000,0x00000001f0c00000] [id=1624]
  0x000001e368551800 WatcherThread [stack: 0x00000001f1500000,0x00000001f1600000] [id=9164]
  0x000001e34d755800 GCTaskThread "GC Thread#0" [stack: 0x00000001f0600000,0x00000001f0700000] [id=7616]
  0x000001e36914a000 GCTaskThread "GC Thread#1" [stack: 0x00000001f1700000,0x00000001f1800000] [id=7712]
  0x000001e368ee7000 GCTaskThread "GC Thread#2" [stack: 0x00000001f1800000,0x00000001f1900000] [id=21132]
  0x000001e369ea0000 GCTaskThread "GC Thread#3" [stack: 0x00000001f2600000,0x00000001f2700000] [id=17776]
  0x000001e36a18c800 GCTaskThread "GC Thread#4" [stack: 0x00000001f2700000,0x00000001f2800000] [id=14884]
  0x000001e36a15f800 GCTaskThread "GC Thread#5" [stack: 0x00000001f2800000,0x00000001f2900000] [id=21096]
  0x000001e369f20800 GCTaskThread "GC Thread#6" [stack: 0x00000001f2900000,0x00000001f2a00000] [id=14232]
  0x000001e36890a000 GCTaskThread "GC Thread#7" [stack: 0x00000001f2a00000,0x00000001f2b00000] [id=20184]
  0x000001e34d787000 ConcurrentGCThread "G1 Main Marker" [stack: 0x00000001f0700000,0x00000001f0800000] [id=17280]
  0x000001e34d788800 ConcurrentGCThread "G1 Conc#0" [stack: 0x00000001f0800000,0x00000001f0900000] [id=11120]
  0x000001e36a30e800 ConcurrentGCThread "G1 Conc#1" [stack: 0x00000001f2c00000,0x00000001f2d00000] [id=2724]
  0x000001e367890800 ConcurrentGCThread "G1 Refine#0" [stack: 0x00000001f0900000,0x00000001f0a00000] [id=8864]
  0x000001e367891800 ConcurrentGCThread "G1 Young RemSet Sampling" [stack: 0x00000001f0a00000,0x00000001f0b00000] [id=10116]

Threads with active compile tasks:
C2 CompilerThread0  10542 6137 %     4       groovy.lang.MetaClassImpl::inheritInterfaceNewMetaMethods @ 104 (199 bytes)
C2 CompilerThread1  10542 6267       4       sun.net.www.protocol.jar.Handler::parseContextSpec (150 bytes)

VM state:not at safepoint (normal execution)

VM Mutex/Monitor currently owned by a thread: None

Heap address: 0x0000000080000000, size: 2048 MB, Compressed Oops mode: 32-bit
Narrow klass base: 0x0000000000000000, Narrow klass shift: 3
Compressed class space size: 1073741824 Address: 0x0000000100000000

Heap:
 garbage-first heap   total 157696K, used 60122K [0x0000000080000000, 0x0000000100000000)
  region size 1024K, 9 young (9216K), 6 survivors (6144K)
 Metaspace       used 68574K, capacity 70130K, committed 70224K, reserved 1110016K
  class space    used 8831K, capacity 9404K, committed 9472K, reserved 1048576K
Heap Regions: E=young(eden), S=young(survivor), O=old, HS=humongous(starts), HC=humongous(continues), CS=collection set, F=free, A=archive, TAMS=top-at-mark-start (previous, next)
|   0|0x0000000080000000, 0x0000000080100000, 0x0000000080100000|100%|HS|  |TAMS 0x0000000080100000, 0x0000000080000000| Complete 
|   1|0x0000000080100000, 0x0000000080200000, 0x0000000080200000|100%| O|  |TAMS 0x0000000080200000, 0x0000000080100000| Untracked 
|   2|0x0000000080200000, 0x0000000080300000, 0x0000000080300000|100%| O|  |TAMS 0x0000000080300000, 0x0000000080200000| Untracked 
|   3|0x0000000080300000, 0x0000000080400000, 0x0000000080400000|100%|HS|  |TAMS 0x0000000080400000, 0x0000000080300000| Complete 
|   4|0x0000000080400000, 0x0000000080500000, 0x0000000080500000|100%|HC|  |TAMS 0x0000000080500000, 0x0000000080400000| Complete 
|   5|0x0000000080500000, 0x0000000080600000, 0x0000000080600000|100%|HC|  |TAMS 0x0000000080600000, 0x0000000080500000| Complete 
|   6|0x0000000080600000, 0x0000000080700000, 0x0000000080700000|100%| O|  |TAMS 0x0000000080700000, 0x0000000080600000| Untracked 
|   7|0x0000000080700000, 0x0000000080800000, 0x0000000080800000|100%| O|  |TAMS 0x0000000080800000, 0x0000000080700000| Untracked 
|   8|0x0000000080800000, 0x0000000080900000, 0x0000000080900000|100%| O|  |TAMS 0x0000000080900000, 0x0000000080800000| Untracked 
|   9|0x0000000080900000, 0x0000000080a00000, 0x0000000080a00000|100%| O|  |TAMS 0x0000000080a00000, 0x0000000080900000| Untracked 
|  10|0x0000000080a00000, 0x0000000080b00000, 0x0000000080b00000|100%| O|  |TAMS 0x0000000080b00000, 0x0000000080a00000| Untracked 
|  11|0x0000000080b00000, 0x0000000080c00000, 0x0000000080c00000|100%| O|  |TAMS 0x0000000080c00000, 0x0000000080b00000| Untracked 
|  12|0x0000000080c00000, 0x0000000080d00000, 0x0000000080d00000|100%| O|  |TAMS 0x0000000080d00000, 0x0000000080c00000| Untracked 
|  13|0x0000000080d00000, 0x0000000080e00000, 0x0000000080e00000|100%| O|  |TAMS 0x0000000080e00000, 0x0000000080d00000| Untracked 
|  14|0x0000000080e00000, 0x0000000080f00000, 0x0000000080f00000|100%| O|  |TAMS 0x0000000080f00000, 0x0000000080e00000| Untracked 
|  15|0x0000000080f00000, 0x0000000081000000, 0x0000000081000000|100%| O|  |TAMS 0x0000000081000000, 0x0000000080f00000| Untracked 
|  16|0x0000000081000000, 0x0000000081100000, 0x0000000081100000|100%| O|  |TAMS 0x0000000081100000, 0x0000000081000000| Untracked 
|  17|0x0000000081100000, 0x0000000081200000, 0x0000000081200000|100%|HS|  |TAMS 0x0000000081200000, 0x0000000081100000| Complete 
|  18|0x0000000081200000, 0x0000000081300000, 0x0000000081300000|100%|HC|  |TAMS 0x0000000081300000, 0x0000000081200000| Complete 
|  19|0x0000000081300000, 0x0000000081400000, 0x0000000081400000|100%| O|  |TAMS 0x0000000081400000, 0x0000000081300000| Untracked 
|  20|0x0000000081400000, 0x0000000081500000, 0x0000000081500000|100%| O|  |TAMS 0x0000000081500000, 0x0000000081400000| Untracked 
|  21|0x0000000081500000, 0x0000000081600000, 0x0000000081600000|100%|HS|  |TAMS 0x0000000081600000, 0x0000000081500000| Complete 
|  22|0x0000000081600000, 0x0000000081700000, 0x0000000081700000|100%|HC|  |TAMS 0x0000000081700000, 0x0000000081600000| Complete 
|  23|0x0000000081700000, 0x0000000081800000, 0x0000000081800000|100%|HC|  |TAMS 0x0000000081800000, 0x0000000081700000| Complete 
|  24|0x0000000081800000, 0x0000000081900000, 0x0000000081900000|100%| O|  |TAMS 0x0000000081900000, 0x0000000081800000| Untracked 
|  25|0x0000000081900000, 0x0000000081a00000, 0x0000000081a00000|100%| O|  |TAMS 0x0000000081a00000, 0x0000000081900000| Untracked 
|  26|0x0000000081a00000, 0x0000000081b00000, 0x0000000081b00000|100%| O|  |TAMS 0x0000000081b00000, 0x0000000081a00000| Untracked 
|  27|0x0000000081b00000, 0x0000000081c00000, 0x0000000081c00000|100%| O|  |TAMS 0x0000000081c00000, 0x0000000081b00000| Untracked 
|  28|0x0000000081c00000, 0x0000000081d00000, 0x0000000081d00000|100%| O|  |TAMS 0x0000000081d00000, 0x0000000081c00000| Untracked 
|  29|0x0000000081d00000, 0x0000000081e00000, 0x0000000081e00000|100%| O|  |TAMS 0x0000000081e00000, 0x0000000081d00000| Untracked 
|  30|0x0000000081e00000, 0x0000000081f00000, 0x0000000081f00000|100%| O|  |TAMS 0x0000000081f00000, 0x0000000081e00000| Untracked 
|  31|0x0000000081f00000, 0x0000000082000000, 0x0000000082000000|100%| O|  |TAMS 0x0000000082000000, 0x0000000081f00000| Untracked 
|  32|0x0000000082000000, 0x0000000082100000, 0x0000000082100000|100%| O|  |TAMS 0x0000000082100000, 0x0000000082000000| Untracked 
|  33|0x0000000082100000, 0x0000000082200000, 0x0000000082200000|100%| O|  |TAMS 0x0000000082200000, 0x0000000082100000| Untracked 
|  34|0x0000000082200000, 0x0000000082300000, 0x0000000082300000|100%| O|  |TAMS 0x0000000082300000, 0x0000000082200000| Untracked 
|  35|0x0000000082300000, 0x0000000082400000, 0x0000000082400000|100%| O|  |TAMS 0x0000000082400000, 0x0000000082300000| Untracked 
|  36|0x0000000082400000, 0x0000000082500000, 0x0000000082500000|100%| O|  |TAMS 0x0000000082500000, 0x0000000082400000| Untracked 
|  37|0x0000000082500000, 0x0000000082600000, 0x0000000082600000|100%| O|  |TAMS 0x0000000082600000, 0x0000000082500000| Untracked 
|  38|0x0000000082600000, 0x0000000082700000, 0x0000000082700000|100%| O|  |TAMS 0x0000000082700000, 0x0000000082600000| Untracked 
|  39|0x0000000082700000, 0x0000000082800000, 0x0000000082800000|100%| O|  |TAMS 0x000000008272fc00, 0x0000000082700000| Untracked 
|  40|0x0000000082800000, 0x0000000082900000, 0x0000000082900000|100%| O|  |TAMS 0x0000000082800000, 0x0000000082800000| Untracked 
|  41|0x0000000082900000, 0x0000000082a00000, 0x0000000082a00000|100%| O|  |TAMS 0x0000000082900000, 0x0000000082900000| Untracked 
|  42|0x0000000082a00000, 0x0000000082b00000, 0x0000000082b00000|100%| O|  |TAMS 0x0000000082a00000, 0x0000000082a00000| Untracked 
|  43|0x0000000082b00000, 0x0000000082c00000, 0x0000000082c00000|100%| O|  |TAMS 0x0000000082b00000, 0x0000000082b00000| Untracked 
|  44|0x0000000082c00000, 0x0000000082d00000, 0x0000000082d00000|100%| O|  |TAMS 0x0000000082c00000, 0x0000000082c00000| Untracked 
|  45|0x0000000082d00000, 0x0000000082e00000, 0x0000000082e00000|100%| O|  |TAMS 0x0000000082d00000, 0x0000000082d00000| Untracked 
|  46|0x0000000082e00000, 0x0000000082f00000, 0x0000000082f00000|100%| O|  |TAMS 0x0000000082e00000, 0x0000000082e00000| Untracked 
|  47|0x0000000082f00000, 0x0000000083000000, 0x0000000083000000|100%| O|  |TAMS 0x0000000082f00000, 0x0000000082f00000| Untracked 
|  48|0x0000000083000000, 0x0000000083100000, 0x0000000083100000|100%| O|  |TAMS 0x0000000083000000, 0x0000000083000000| Untracked 
|  49|0x0000000083100000, 0x0000000083200000, 0x0000000083200000|100%| O|  |TAMS 0x0000000083100000, 0x0000000083100000| Untracked 
|  50|0x0000000083200000, 0x0000000083300000, 0x0000000083300000|100%| O|  |TAMS 0x0000000083200000, 0x0000000083200000| Untracked 
|  51|0x0000000083300000, 0x000000008332ac00, 0x0000000083400000| 16%| O|  |TAMS 0x0000000083300000, 0x0000000083300000| Untracked 
|  52|0x0000000083400000, 0x0000000083400000, 0x0000000083500000|  0%| F|  |TAMS 0x0000000083400000, 0x0000000083400000| Untracked 
|  53|0x0000000083500000, 0x0000000083500000, 0x0000000083600000|  0%| F|  |TAMS 0x0000000083500000, 0x0000000083500000| Untracked 
|  54|0x0000000083600000, 0x0000000083600000, 0x0000000083700000|  0%| F|  |TAMS 0x0000000083600000, 0x0000000083600000| Untracked 
|  55|0x0000000083700000, 0x0000000083700000, 0x0000000083800000|  0%| F|  |TAMS 0x0000000083700000, 0x0000000083700000| Untracked 
|  56|0x0000000083800000, 0x0000000083800000, 0x0000000083900000|  0%| F|  |TAMS 0x0000000083800000, 0x0000000083800000| Untracked 
|  57|0x0000000083900000, 0x0000000083900000, 0x0000000083a00000|  0%| F|  |TAMS 0x0000000083900000, 0x0000000083900000| Untracked 
|  58|0x0000000083a00000, 0x0000000083a00000, 0x0000000083b00000|  0%| F|  |TAMS 0x0000000083a00000, 0x0000000083a00000| Untracked 
|  59|0x0000000083b00000, 0x0000000083b00000, 0x0000000083c00000|  0%| F|  |TAMS 0x0000000083b00000, 0x0000000083b00000| Untracked 
|  60|0x0000000083c00000, 0x0000000083c00000, 0x0000000083d00000|  0%| F|  |TAMS 0x0000000083c00000, 0x0000000083c00000| Untracked 
|  61|0x0000000083d00000, 0x0000000083d00000, 0x0000000083e00000|  0%| F|  |TAMS 0x0000000083d00000, 0x0000000083d00000| Untracked 
|  62|0x0000000083e00000, 0x0000000083e00000, 0x0000000083f00000|  0%| F|  |TAMS 0x0000000083e00000, 0x0000000083e00000| Untracked 
|  63|0x0000000083f00000, 0x0000000083f00000, 0x0000000084000000|  0%| F|  |TAMS 0x0000000083f00000, 0x0000000083f00000| Untracked 
|  64|0x0000000084000000, 0x0000000084000000, 0x0000000084100000|  0%| F|  |TAMS 0x0000000084000000, 0x0000000084000000| Untracked 
|  65|0x0000000084100000, 0x0000000084100000, 0x0000000084200000|  0%| F|  |TAMS 0x0000000084100000, 0x0000000084100000| Untracked 
|  66|0x0000000084200000, 0x0000000084200000, 0x0000000084300000|  0%| F|  |TAMS 0x0000000084200000, 0x0000000084200000| Untracked 
|  67|0x0000000084300000, 0x0000000084300000, 0x0000000084400000|  0%| F|  |TAMS 0x0000000084300000, 0x0000000084300000| Untracked 
|  68|0x0000000084400000, 0x0000000084400000, 0x0000000084500000|  0%| F|  |TAMS 0x0000000084400000, 0x0000000084400000| Untracked 
|  69|0x0000000084500000, 0x0000000084500000, 0x0000000084600000|  0%| F|  |TAMS 0x0000000084500000, 0x0000000084500000| Untracked 
|  70|0x0000000084600000, 0x0000000084600000, 0x0000000084700000|  0%| F|  |TAMS 0x0000000084600000, 0x0000000084600000| Untracked 
|  71|0x0000000084700000, 0x0000000084700000, 0x0000000084800000|  0%| F|  |TAMS 0x0000000084700000, 0x0000000084700000| Untracked 
|  72|0x0000000084800000, 0x0000000084800000, 0x0000000084900000|  0%| F|  |TAMS 0x0000000084800000, 0x0000000084800000| Untracked 
|  73|0x0000000084900000, 0x0000000084900000, 0x0000000084a00000|  0%| F|  |TAMS 0x0000000084900000, 0x0000000084900000| Untracked 
|  74|0x0000000084a00000, 0x0000000084a00000, 0x0000000084b00000|  0%| F|  |TAMS 0x0000000084a00000, 0x0000000084a00000| Untracked 
|  75|0x0000000084b00000, 0x0000000084b00000, 0x0000000084c00000|  0%| F|  |TAMS 0x0000000084b00000, 0x0000000084b00000| Untracked 
|  76|0x0000000084c00000, 0x0000000084c00000, 0x0000000084d00000|  0%| F|  |TAMS 0x0000000084c00000, 0x0000000084c00000| Untracked 
|  77|0x0000000084d00000, 0x0000000084d00000, 0x0000000084e00000|  0%| F|  |TAMS 0x0000000084d00000, 0x0000000084d00000| Untracked 
|  78|0x0000000084e00000, 0x0000000084e00000, 0x0000000084f00000|  0%| F|  |TAMS 0x0000000084e00000, 0x0000000084e00000| Untracked 
|  79|0x0000000084f00000, 0x0000000084f00000, 0x0000000085000000|  0%| F|  |TAMS 0x0000000084f00000, 0x0000000084f00000| Untracked 
|  80|0x0000000085000000, 0x0000000085000000, 0x0000000085100000|  0%| F|  |TAMS 0x0000000085000000, 0x0000000085000000| Untracked 
|  81|0x0000000085100000, 0x0000000085100000, 0x0000000085200000|  0%| F|  |TAMS 0x0000000085100000, 0x0000000085100000| Untracked 
|  82|0x0000000085200000, 0x0000000085200000, 0x0000000085300000|  0%| F|  |TAMS 0x0000000085200000, 0x0000000085200000| Untracked 
|  83|0x0000000085300000, 0x000000008538bf98, 0x0000000085400000| 54%| S|CS|TAMS 0x0000000085300000, 0x0000000085300000| Complete 
|  84|0x0000000085400000, 0x0000000085500000, 0x0000000085500000|100%| S|CS|TAMS 0x0000000085400000, 0x0000000085400000| Complete 
|  85|0x0000000085500000, 0x0000000085600000, 0x0000000085600000|100%| S|CS|TAMS 0x0000000085500000, 0x0000000085500000| Complete 
|  86|0x0000000085600000, 0x0000000085700000, 0x0000000085700000|100%| S|CS|TAMS 0x0000000085600000, 0x0000000085600000| Complete 
|  87|0x0000000085700000, 0x0000000085800000, 0x0000000085800000|100%| S|CS|TAMS 0x0000000085700000, 0x0000000085700000| Complete 
|  88|0x0000000085800000, 0x0000000085900000, 0x0000000085900000|100%| S|CS|TAMS 0x0000000085800000, 0x0000000085800000| Complete 
|  89|0x0000000085900000, 0x0000000085900000, 0x0000000085a00000|  0%| F|  |TAMS 0x0000000085900000, 0x0000000085900000| Untracked 
|  90|0x0000000085a00000, 0x0000000085a00000, 0x0000000085b00000|  0%| F|  |TAMS 0x0000000085a00000, 0x0000000085a00000| Untracked 
|  91|0x0000000085b00000, 0x0000000085b00000, 0x0000000085c00000|  0%| F|  |TAMS 0x0000000085b00000, 0x0000000085b00000| Untracked 
|  92|0x0000000085c00000, 0x0000000085c00000, 0x0000000085d00000|  0%| F|  |TAMS 0x0000000085c00000, 0x0000000085c00000| Untracked 
|  93|0x0000000085d00000, 0x0000000085d00000, 0x0000000085e00000|  0%| F|  |TAMS 0x0000000085d00000, 0x0000000085d00000| Untracked 
|  94|0x0000000085e00000, 0x0000000085e00000, 0x0000000085f00000|  0%| F|  |TAMS 0x0000000085e00000, 0x0000000085e00000| Untracked 
|  95|0x0000000085f00000, 0x0000000085f00000, 0x0000000086000000|  0%| F|  |TAMS 0x0000000085f00000, 0x0000000085f00000| Untracked 
|  96|0x0000000086000000, 0x0000000086000000, 0x0000000086100000|  0%| F|  |TAMS 0x0000000086000000, 0x0000000086000000| Untracked 
|  97|0x0000000086100000, 0x0000000086100000, 0x0000000086200000|  0%| F|  |TAMS 0x0000000086100000, 0x0000000086100000| Untracked 
|  98|0x0000000086200000, 0x0000000086200000, 0x0000000086300000|  0%| F|  |TAMS 0x0000000086200000, 0x0000000086200000| Untracked 
|  99|0x0000000086300000, 0x0000000086300000, 0x0000000086400000|  0%| F|  |TAMS 0x0000000086300000, 0x0000000086300000| Untracked 
| 100|0x0000000086400000, 0x0000000086400000, 0x0000000086500000|  0%| F|  |TAMS 0x0000000086400000, 0x0000000086400000| Untracked 
| 101|0x0000000086500000, 0x0000000086500000, 0x0000000086600000|  0%| F|  |TAMS 0x0000000086500000, 0x0000000086500000| Untracked 
| 102|0x0000000086600000, 0x0000000086600000, 0x0000000086700000|  0%| F|  |TAMS 0x0000000086600000, 0x0000000086600000| Untracked 
| 103|0x0000000086700000, 0x0000000086700000, 0x0000000086800000|  0%| F|  |TAMS 0x0000000086700000, 0x0000000086700000| Untracked 
| 104|0x0000000086800000, 0x0000000086800000, 0x0000000086900000|  0%| F|  |TAMS 0x0000000086800000, 0x0000000086800000| Untracked 
| 105|0x0000000086900000, 0x0000000086900000, 0x0000000086a00000|  0%| F|  |TAMS 0x0000000086900000, 0x0000000086900000| Untracked 
| 106|0x0000000086a00000, 0x0000000086a00000, 0x0000000086b00000|  0%| F|  |TAMS 0x0000000086a00000, 0x0000000086a00000| Untracked 
| 107|0x0000000086b00000, 0x0000000086b00000, 0x0000000086c00000|  0%| F|  |TAMS 0x0000000086b00000, 0x0000000086b00000| Untracked 
| 108|0x0000000086c00000, 0x0000000086c00000, 0x0000000086d00000|  0%| F|  |TAMS 0x0000000086c00000, 0x0000000086c00000| Untracked 
| 109|0x0000000086d00000, 0x0000000086d00000, 0x0000000086e00000|  0%| F|  |TAMS 0x0000000086d00000, 0x0000000086d00000| Untracked 
| 110|0x0000000086e00000, 0x0000000086e00000, 0x0000000086f00000|  0%| F|  |TAMS 0x0000000086e00000, 0x0000000086e00000| Untracked 
| 111|0x0000000086f00000, 0x0000000086f00000, 0x0000000087000000|  0%| F|  |TAMS 0x0000000086f00000, 0x0000000086f00000| Untracked 
| 112|0x0000000087000000, 0x0000000087000000, 0x0000000087100000|  0%| F|  |TAMS 0x0000000087000000, 0x0000000087000000| Untracked 
| 113|0x0000000087100000, 0x0000000087100000, 0x0000000087200000|  0%| F|  |TAMS 0x0000000087100000, 0x0000000087100000| Untracked 
| 114|0x0000000087200000, 0x0000000087200000, 0x0000000087300000|  0%| F|  |TAMS 0x0000000087200000, 0x0000000087200000| Untracked 
| 115|0x0000000087300000, 0x0000000087300000, 0x0000000087400000|  0%| F|  |TAMS 0x0000000087300000, 0x0000000087300000| Untracked 
| 116|0x0000000087400000, 0x0000000087400000, 0x0000000087500000|  0%| F|  |TAMS 0x0000000087400000, 0x0000000087400000| Untracked 
| 117|0x0000000087500000, 0x0000000087500000, 0x0000000087600000|  0%| F|  |TAMS 0x0000000087500000, 0x0000000087500000| Untracked 
| 118|0x0000000087600000, 0x0000000087600000, 0x0000000087700000|  0%| F|  |TAMS 0x0000000087600000, 0x0000000087600000| Untracked 
| 119|0x0000000087700000, 0x0000000087700000, 0x0000000087800000|  0%| F|  |TAMS 0x0000000087700000, 0x0000000087700000| Untracked 
| 120|0x0000000087800000, 0x0000000087800000, 0x0000000087900000|  0%| F|  |TAMS 0x0000000087800000, 0x0000000087800000| Untracked 
| 121|0x0000000087900000, 0x0000000087900000, 0x0000000087a00000|  0%| F|  |TAMS 0x0000000087900000, 0x0000000087900000| Untracked 
| 122|0x0000000087a00000, 0x0000000087a00000, 0x0000000087b00000|  0%| F|  |TAMS 0x0000000087a00000, 0x0000000087a00000| Untracked 
| 123|0x0000000087b00000, 0x0000000087b00000, 0x0000000087c00000|  0%| F|  |TAMS 0x0000000087b00000, 0x0000000087b00000| Untracked 
| 124|0x0000000087c00000, 0x0000000087c00000, 0x0000000087d00000|  0%| F|  |TAMS 0x0000000087c00000, 0x0000000087c00000| Untracked 
| 125|0x0000000087d00000, 0x0000000087d00000, 0x0000000087e00000|  0%| F|  |TAMS 0x0000000087d00000, 0x0000000087d00000| Untracked 
| 126|0x0000000087e00000, 0x0000000087e00000, 0x0000000087f00000|  0%| F|  |TAMS 0x0000000087e00000, 0x0000000087e00000| Untracked 
| 127|0x0000000087f00000, 0x0000000087f00000, 0x0000000088000000|  0%| F|  |TAMS 0x0000000087f00000, 0x0000000087f00000| Untracked 
| 128|0x0000000088000000, 0x0000000088000000, 0x0000000088100000|  0%| F|  |TAMS 0x0000000088000000, 0x0000000088000000| Untracked 
| 129|0x0000000088100000, 0x0000000088100000, 0x0000000088200000|  0%| F|  |TAMS 0x0000000088100000, 0x0000000088100000| Untracked 
| 130|0x0000000088200000, 0x0000000088200000, 0x0000000088300000|  0%| F|  |TAMS 0x0000000088200000, 0x0000000088200000| Untracked 
| 131|0x0000000088300000, 0x0000000088300000, 0x0000000088400000|  0%| F|  |TAMS 0x0000000088300000, 0x0000000088300000| Untracked 
| 132|0x0000000088400000, 0x0000000088400000, 0x0000000088500000|  0%| F|  |TAMS 0x0000000088400000, 0x0000000088400000| Untracked 
| 133|0x0000000088500000, 0x0000000088500000, 0x0000000088600000|  0%| F|  |TAMS 0x0000000088500000, 0x0000000088500000| Untracked 
| 134|0x0000000088600000, 0x0000000088600000, 0x0000000088700000|  0%| F|  |TAMS 0x0000000088600000, 0x0000000088600000| Untracked 
| 135|0x0000000088700000, 0x0000000088700000, 0x0000000088800000|  0%| F|  |TAMS 0x0000000088700000, 0x0000000088700000| Untracked 
| 136|0x0000000088800000, 0x0000000088800000, 0x0000000088900000|  0%| F|  |TAMS 0x0000000088800000, 0x0000000088800000| Untracked 
| 137|0x0000000088900000, 0x0000000088900000, 0x0000000088a00000|  0%| F|  |TAMS 0x0000000088900000, 0x0000000088900000| Untracked 
| 138|0x0000000088a00000, 0x0000000088a00000, 0x0000000088b00000|  0%| F|  |TAMS 0x0000000088a00000, 0x0000000088a00000| Untracked 
| 139|0x0000000088b00000, 0x0000000088b00000, 0x0000000088c00000|  0%| F|  |TAMS 0x0000000088b00000, 0x0000000088b00000| Untracked 
| 140|0x0000000088c00000, 0x0000000088c00000, 0x0000000088d00000|  0%| F|  |TAMS 0x0000000088c00000, 0x0000000088c00000| Untracked 
| 141|0x0000000088d00000, 0x0000000088d00000, 0x0000000088e00000|  0%| F|  |TAMS 0x0000000088d00000, 0x0000000088d00000| Untracked 
| 142|0x0000000088e00000, 0x0000000088e00000, 0x0000000088f00000|  0%| F|  |TAMS 0x0000000088e00000, 0x0000000088e00000| Untracked 
| 143|0x0000000088f00000, 0x0000000088f00000, 0x0000000089000000|  0%| F|  |TAMS 0x0000000088f00000, 0x0000000088f00000| Untracked 
| 144|0x0000000089000000, 0x0000000089000000, 0x0000000089100000|  0%| F|  |TAMS 0x0000000089000000, 0x0000000089000000| Untracked 
| 145|0x0000000089100000, 0x0000000089100000, 0x0000000089200000|  0%| F|  |TAMS 0x0000000089100000, 0x0000000089100000| Untracked 
| 146|0x0000000089200000, 0x0000000089200000, 0x0000000089300000|  0%| F|  |TAMS 0x0000000089200000, 0x0000000089200000| Untracked 
| 147|0x0000000089300000, 0x0000000089300000, 0x0000000089400000|  0%| F|  |TAMS 0x0000000089300000, 0x0000000089300000| Untracked 
| 148|0x0000000089400000, 0x0000000089400000, 0x0000000089500000|  0%| F|  |TAMS 0x0000000089400000, 0x0000000089400000| Untracked 
| 149|0x0000000089500000, 0x0000000089500000, 0x0000000089600000|  0%| F|  |TAMS 0x0000000089500000, 0x0000000089500000| Untracked 
| 150|0x0000000089600000, 0x0000000089600000, 0x0000000089700000|  0%| F|  |TAMS 0x0000000089600000, 0x0000000089600000| Untracked 
| 151|0x0000000089700000, 0x0000000089800000, 0x0000000089800000|100%| E|  |TAMS 0x0000000089700000, 0x0000000089700000| Complete 
| 152|0x0000000089800000, 0x0000000089900000, 0x0000000089900000|100%| E|CS|TAMS 0x0000000089800000, 0x0000000089800000| Complete 
| 153|0x0000000089900000, 0x0000000089a00000, 0x0000000089a00000|100%| E|CS|TAMS 0x0000000089900000, 0x0000000089900000| Complete 

Card table byte_map: [0x000001e3607f0000,0x000001e360bf0000] _byte_map_base: 0x000001e3603f0000

Marking Bits (Prev, Next): (CMBitMap*) 0x000001e34d77e680, (CMBitMap*) 0x000001e34d77e648
 Prev Bits: [0x000001e362ff0000, 0x000001e364ff0000)
 Next Bits: [0x000001e360ff0000, 0x000001e362ff0000)

Polling page: 0x000001e34cf20000

Metaspace:

Usage:
  Non-class:     59.30 MB capacity,    58.36 MB ( 98%) used,   810.71 KB (  1%) free+waste,   154.69 KB ( <1%) overhead. 
      Class:      9.18 MB capacity,     8.63 MB ( 94%) used,   494.44 KB (  5%) free+waste,    73.50 KB ( <1%) overhead. 
       Both:     68.49 MB capacity,    66.99 MB ( 98%) used,     1.27 MB (  2%) free+waste,   228.19 KB ( <1%) overhead. 

Virtual space:
  Non-class space:       60.00 MB reserved,      59.33 MB ( 99%) committed 
      Class space:        1.00 GB reserved,       9.25 MB ( <1%) committed 
             Both:        1.06 GB reserved,      68.58 MB (  6%) committed 

Chunk freelists:
   Non-Class:  26.00 KB
       Class:  4.00 KB
        Both:  30.00 KB

MaxMetaspaceSize: 17179869184.00 GB
CompressedClassSpaceSize: 1.00 GB

CodeHeap 'non-profiled nmethods': size=120000Kb used=3386Kb max_used=3386Kb free=116613Kb
 bounds [0x000001e358b90000, 0x000001e358ee0000, 0x000001e3600c0000]
CodeHeap 'profiled nmethods': size=120000Kb used=13333Kb max_used=13333Kb free=106666Kb
 bounds [0x000001e351660000, 0x000001e352370000, 0x000001e358b90000]
CodeHeap 'non-nmethods': size=5760Kb used=2239Kb max_used=2282Kb free=3520Kb
 bounds [0x000001e3510c0000, 0x000001e351330000, 0x000001e351660000]
 total_blobs=6820 nmethods=5998 adapters=732
 compilation: enabled
              stopped_count=0, restarted_count=0
 full_count=0

Compilation events (20 events):
Event: 10.378 Thread 0x000001e367a5d800 6217       3       groovyjarjarasm.asm.MethodWriter::visitMethodInsn (191 bytes)
Event: 10.379 Thread 0x000001e367a5d800 nmethod 6217 0x000001e352348790 code [0x000001e3523489e0, 0x000001e352349268]
Event: 10.379 Thread 0x000001e367a5d800 6218       3       groovyjarjarasm.asm.SymbolTable::addConstantMethodref (24 bytes)
Event: 10.380 Thread 0x000001e367a5d800 nmethod 6218 0x000001e352349610 code [0x000001e3523497c0, 0x000001e352349968]
Event: 10.405 Thread 0x000001e367a5d800 6219       3       org.codehaus.groovy.runtime.MetaClassHelper::getMaximumInterfaceDistance (101 bytes)
Event: 10.405 Thread 0x000001e367a5d800 nmethod 6219 0x000001e352349a10 code [0x000001e352349c20, 0x000001e35234a198]
Event: 10.429 Thread 0x000001e367a5d800 6221       3       groovyjarjarasm.asm.Frame::getInputStackSize (6 bytes)
Event: 10.429 Thread 0x000001e367a5d800 nmethod 6221 0x000001e35234a410 code [0x000001e35234a5c0, 0x000001e35234a6d8]
Event: 10.430 Thread 0x000001e367a5d800 6222       3       groovyjarjarasm.asm.Frame::pop (53 bytes)
Event: 10.431 Thread 0x000001e367a5d800 nmethod 6222 0x000001e35234a790 code [0x000001e35234a9e0, 0x000001e35234b178]
Event: 10.431 Thread 0x000001e367a5d800 6224       3       groovyjarjarasm.asm.ByteVector::putInt (74 bytes)
Event: 10.431 Thread 0x000001e367a5d800 nmethod 6224 0x000001e35234b490 code [0x000001e35234b660, 0x000001e35234b8a8]
Event: 10.431 Thread 0x000001e367a5d800 6223       3       groovyjarjarasm.asm.SymbolTable::addTypeInternal (85 bytes)
Event: 10.431 Thread 0x000001e367a5d800 nmethod 6223 0x000001e35234ba10 code [0x000001e35234bc00, 0x000001e35234c1f8]
Event: 10.433 Thread 0x000001e367a5d800 6225   !   3       org.codehaus.groovy.reflection.ClassInfo::getMetaClass (33 bytes)
Event: 10.435 Thread 0x000001e367a5d800 nmethod 6225 0x000001e35234c390 code [0x000001e35234c700, 0x000001e35234daf8]
Event: 10.435 Thread 0x000001e367a5d800 6227       3       groovyjarjarasm.asm.Frame::push (59 bytes)
Event: 10.436 Thread 0x000001e367a5d800 nmethod 6227 0x000001e35234e310 code [0x000001e35234e560, 0x000001e35234ed18]
Event: 10.436 Thread 0x000001e367a5d800 6226       3       org.codehaus.groovy.reflection.ClassInfo::getMetaClassForClass (27 bytes)
Event: 10.436 Thread 0x000001e367a5d800 nmethod 6226 0x000001e35234f090 code [0x000001e35234f2c0, 0x000001e35234fb28]

GC Heap History (20 events):
Event: 2.445 GC heap before
{Heap before GC invocations=1 (full 0):
 garbage-first heap   total 131072K, used 82564K [0x0000000080000000, 0x0000000100000000)
  region size 1024K, 76 young (77824K), 3 survivors (3072K)
 Metaspace       used 19393K, capacity 19765K, committed 19968K, reserved 1067008K
  class space    used 2346K, capacity 2470K, committed 2560K, reserved 1048576K
}
Event: 2.457 GC heap after
{Heap after GC invocations=2 (full 0):
 garbage-first heap   total 131072K, used 15572K [0x0000000080000000, 0x0000000100000000)
  region size 1024K, 10 young (10240K), 10 survivors (10240K)
 Metaspace       used 19393K, capacity 19765K, committed 19968K, reserved 1067008K
  class space    used 2346K, capacity 2470K, committed 2560K, reserved 1048576K
}
Event: 2.583 GC heap before
{Heap before GC invocations=2 (full 0):
 garbage-first heap   total 131072K, used 19668K [0x0000000080000000, 0x0000000100000000)
  region size 1024K, 15 young (15360K), 10 survivors (10240K)
 Metaspace       used 20682K, capacity 21124K, committed 21296K, reserved 1069056K
  class space    used 2429K, capacity 2607K, committed 2688K, reserved 1048576K
}
Event: 2.594 GC heap after
{Heap after GC invocations=3 (full 0):
 garbage-first heap   total 131072K, used 16354K [0x0000000080000000, 0x0000000100000000)
  region size 1024K, 1 young (1024K), 1 survivors (1024K)
 Metaspace       used 20682K, capacity 21124K, committed 21296K, reserved 1069056K
  class space    used 2429K, capacity 2607K, committed 2688K, reserved 1048576K
}
Event: 3.405 GC heap before
{Heap before GC invocations=4 (full 0):
 garbage-first heap   total 131072K, used 68578K [0x0000000080000000, 0x0000000100000000)
  region size 1024K, 52 young (53248K), 1 survivors (1024K)
 Metaspace       used 26683K, capacity 27305K, committed 27440K, reserved 1073152K
  class space    used 3422K, capacity 3609K, committed 3712K, reserved 1048576K
}
Event: 3.408 GC heap after
{Heap after GC invocations=5 (full 0):
 garbage-first heap   total 131072K, used 17994K [0x0000000080000000, 0x0000000100000000)
  region size 1024K, 3 young (3072K), 3 survivors (3072K)
 Metaspace       used 26683K, capacity 27305K, committed 27440K, reserved 1073152K
  class space    used 3422K, capacity 3609K, committed 3712K, reserved 1048576K
}
Event: 4.111 GC heap before
{Heap before GC invocations=5 (full 0):
 garbage-first heap   total 131072K, used 61002K [0x0000000080000000, 0x0000000100000000)
  region size 1024K, 47 young (48128K), 3 survivors (3072K)
 Metaspace       used 35108K, capacity 35791K, committed 35920K, reserved 1081344K
  class space    used 4488K, capacity 4777K, committed 4864K, reserved 1048576K
}
Event: 4.119 GC heap after
{Heap after GC invocations=6 (full 0):
 garbage-first heap   total 131072K, used 21167K [0x0000000080000000, 0x0000000100000000)
  region size 1024K, 6 young (6144K), 6 survivors (6144K)
 Metaspace       used 35108K, capacity 35791K, committed 35920K, reserved 1081344K
  class space    used 4488K, capacity 4777K, committed 4864K, reserved 1048576K
}
Event: 5.102 GC heap before
{Heap before GC invocations=7 (full 0):
 garbage-first heap   total 131072K, used 86703K [0x0000000080000000, 0x0000000100000000)
  region size 1024K, 67 young (68608K), 6 survivors (6144K)
 Metaspace       used 40487K, capacity 41347K, committed 41424K, reserved 1085440K
  class space    used 5180K, capacity 5491K, committed 5504K, reserved 1048576K
}
Event: 5.118 GC heap after
{Heap after GC invocations=8 (full 0):
 garbage-first heap   total 157696K, used 25183K [0x0000000080000000, 0x0000000100000000)
  region size 1024K, 8 young (8192K), 8 survivors (8192K)
 Metaspace       used 40487K, capacity 41347K, committed 41424K, reserved 1085440K
  class space    used 5180K, capacity 5491K, committed 5504K, reserved 1048576K
}
Event: 6.385 GC heap before
{Heap before GC invocations=8 (full 0):
 garbage-first heap   total 157696K, used 107103K [0x0000000080000000, 0x0000000100000000)
  region size 1024K, 83 young (84992K), 8 survivors (8192K)
 Metaspace       used 43666K, capacity 44689K, committed 44752K, reserved 1087488K
  class space    used 5585K, capacity 5963K, committed 6016K, reserved 1048576K
}
Event: 6.394 GC heap after
{Heap after GC invocations=9 (full 0):
 garbage-first heap   total 157696K, used 40124K [0x0000000080000000, 0x0000000100000000)
  region size 1024K, 11 young (11264K), 11 survivors (11264K)
 Metaspace       used 43666K, capacity 44689K, committed 44752K, reserved 1087488K
  class space    used 5585K, capacity 5963K, committed 6016K, reserved 1048576K
}
Event: 7.651 GC heap before
{Heap before GC invocations=9 (full 0):
 garbage-first heap   total 157696K, used 109756K [0x0000000080000000, 0x0000000100000000)
  region size 1024K, 79 young (80896K), 11 survivors (11264K)
 Metaspace       used 53760K, capacity 55016K, committed 55248K, reserved 1097728K
  class space    used 6814K, capacity 7260K, committed 7296K, reserved 1048576K
}
Event: 7.662 GC heap after
{Heap after GC invocations=10 (full 0):
 garbage-first heap   total 157696K, used 46062K [0x0000000080000000, 0x0000000100000000)
  region size 1024K, 6 young (6144K), 6 survivors (6144K)
 Metaspace       used 53760K, capacity 55016K, committed 55248K, reserved 1097728K
  class space    used 6814K, capacity 7260K, committed 7296K, reserved 1048576K
}
Event: 8.329 GC heap before
{Heap before GC invocations=10 (full 0):
 garbage-first heap   total 157696K, used 87022K [0x0000000080000000, 0x0000000100000000)
  region size 1024K, 47 young (48128K), 6 survivors (6144K)
 Metaspace       used 58872K, capacity 60187K, committed 60240K, reserved 1101824K
  class space    used 7418K, capacity 7910K, committed 7936K, reserved 1048576K
}
Event: 8.341 GC heap after
{Heap after GC invocations=11 (full 0):
 garbage-first heap   total 157696K, used 47418K [0x0000000080000000, 0x0000000100000000)
  region size 1024K, 8 young (8192K), 8 survivors (8192K)
 Metaspace       used 58872K, capacity 60187K, committed 60240K, reserved 1101824K
  class space    used 7418K, capacity 7910K, committed 7936K, reserved 1048576K
}
Event: 9.245 GC heap before
{Heap before GC invocations=12 (full 0):
 garbage-first heap   total 157696K, used 115002K [0x0000000080000000, 0x0000000100000000)
  region size 1024K, 74 young (75776K), 8 survivors (8192K)
 Metaspace       used 63676K, capacity 65200K, committed 65360K, reserved 1105920K
  class space    used 8069K, capacity 8602K, committed 8704K, reserved 1048576K
}
Event: 9.255 GC heap after
{Heap after GC invocations=13 (full 0):
 garbage-first heap   total 157696K, used 52580K [0x0000000080000000, 0x0000000100000000)
  region size 1024K, 8 young (8192K), 8 survivors (8192K)
 Metaspace       used 63676K, capacity 65200K, committed 65360K, reserved 1105920K
  class space    used 8069K, capacity 8602K, committed 8704K, reserved 1048576K
}
Event: 10.447 GC heap before
{Heap before GC invocations=13 (full 0):
 garbage-first heap   total 157696K, used 119140K [0x0000000080000000, 0x0000000100000000)
  region size 1024K, 73 young (74752K), 8 survivors (8192K)
 Metaspace       used 68360K, capacity 69967K, committed 70224K, reserved 1110016K
  class space    used 8799K, capacity 9395K, committed 9472K, reserved 1048576K
}
Event: 10.461 GC heap after
{Heap after GC invocations=14 (full 0):
 garbage-first heap   total 157696K, used 58074K [0x0000000080000000, 0x0000000100000000)
  region size 1024K, 6 young (6144K), 6 survivors (6144K)
 Metaspace       used 68360K, capacity 69967K, committed 70224K, reserved 1110016K
  class space    used 8799K, capacity 9395K, committed 9472K, reserved 1048576K
}

Deoptimization events (20 events):
Event: 9.683 Thread 0x000001e369e86000 DEOPT PACKING pc=0x000001e358d79524 sp=0x00000001f21f8620
Event: 9.683 Thread 0x000001e369e86000 DEOPT UNPACKING pc=0x000001e3510e74af sp=0x00000001f21f8628 mode 2
Event: 9.836 Thread 0x000001e369e86000 Uncommon trap: trap_request=0xffffff4d fr.pc=0x000001e358e66a8c relative=0x00000000000019ac
Event: 9.836 Thread 0x000001e369e86000 Uncommon trap: reason=unstable_if action=reinterpret pc=0x000001e358e66a8c method=org.codehaus.groovy.runtime.metaclass.MetaMethodIndex.addMethodToList(Ljava/lang/Object;Lgroovy/lang/MetaMethod;)Ljava/lang/Object; @ 256 c2
Event: 9.836 Thread 0x000001e369e86000 DEOPT PACKING pc=0x000001e358e66a8c sp=0x00000001f21f82f0
Event: 9.836 Thread 0x000001e369e86000 DEOPT UNPACKING pc=0x000001e3510e74af sp=0x00000001f21f82a8 mode 2
Event: 10.114 Thread 0x000001e369e86000 DEOPT PACKING pc=0x000001e351eda76e sp=0x00000001f21f7c60
Event: 10.114 Thread 0x000001e369e86000 DEOPT UNPACKING pc=0x000001e3510e72ce sp=0x00000001f21f7180 mode 0
Event: 10.223 Thread 0x000001e369e86000 DEOPT PACKING pc=0x000001e351eda76e sp=0x00000001f21f9350
Event: 10.223 Thread 0x000001e369e86000 DEOPT UNPACKING pc=0x000001e3510e72ce sp=0x00000001f21f8870 mode 0
Event: 10.288 Thread 0x000001e369e86000 Uncommon trap: trap_request=0xffffff4d fr.pc=0x000001e358bad670 relative=0x0000000000000590
Event: 10.288 Thread 0x000001e369e86000 Uncommon trap: reason=unstable_if action=reinterpret pc=0x000001e358bad670 method=java.lang.String.regionMatches(ZILjava/lang/String;II)Z @ 52 c2
Event: 10.288 Thread 0x000001e369e86000 DEOPT PACKING pc=0x000001e358bad670 sp=0x00000001f21f9f80
Event: 10.288 Thread 0x000001e369e86000 DEOPT UNPACKING pc=0x000001e3510e74af sp=0x00000001f21f9f30 mode 2
Event: 10.288 Thread 0x000001e369e86000 Uncommon trap: trap_request=0xffffff4d fr.pc=0x000001e358ba3dd0 relative=0x0000000000000410
Event: 10.288 Thread 0x000001e369e86000 Uncommon trap: reason=unstable_if action=reinterpret pc=0x000001e358ba3dd0 method=java.lang.StringLatin1.regionMatchesCI([BI[BII)Z @ 66 c2
Event: 10.288 Thread 0x000001e369e86000 DEOPT PACKING pc=0x000001e358ba3dd0 sp=0x00000001f21f9ef0
Event: 10.288 Thread 0x000001e369e86000 DEOPT UNPACKING pc=0x000001e3510e74af sp=0x00000001f21f9e80 mode 2
Event: 10.328 Thread 0x000001e369e86000 DEOPT PACKING pc=0x000001e352283f3b sp=0x00000001f21f97a0
Event: 10.328 Thread 0x000001e369e86000 DEOPT UNPACKING pc=0x000001e3510e72ce sp=0x00000001f21f8ce0 mode 0

Classes redefined (0 events):
No events

Internal exceptions (20 events):
Event: 10.130 Thread 0x000001e369e86000 Exception <a 'java/lang/ClassNotFoundException'{0x000000008674fe48}: org/gradle/api/internal/file/CompositeFileTreeCustomizer> (0x000000008674fe48) thrown at [./src/hotspot/share/classfile/systemDictionary.cpp, line 231]
Event: 10.131 Thread 0x000001e369e86000 Exception <a 'java/lang/ClassNotFoundException'{0x000000008676c538}: org/gradle/api/internal/file/collections/DefaultConfigurableFileTreeCustomizer> (0x000000008676c538) thrown at [./src/hotspot/share/classfile/systemDictionary.cpp, line 231]
Event: 10.369 Thread 0x000001e369e86000 Exception <a 'java/lang/ClassNotFoundException'{0x0000000086031a90}: com/google/android/gms/dependencies/DependencyAnalyzerBeanInfo> (0x0000000086031a90) thrown at [./src/hotspot/share/classfile/systemDictionary.cpp, line 231]
Event: 10.369 Thread 0x000001e369e86000 Exception <a 'java/lang/ClassNotFoundException'{0x0000000086046070}: com/google/android/gms/dependencies/DependencyAnalyzerCustomizer> (0x0000000086046070) thrown at [./src/hotspot/share/classfile/systemDictionary.cpp, line 231]
Event: 10.383 Thread 0x000001e369e86000 Exception <a 'java/lang/ClassNotFoundException'{0x00000000860b5538}: com/google/android/gms/dependencies/DependencyInspectorBeanInfo> (0x00000000860b5538) thrown at [./src/hotspot/share/classfile/systemDictionary.cpp, line 231]
Event: 10.384 Thread 0x000001e369e86000 Exception <a 'java/lang/ClassNotFoundException'{0x00000000860c9b98}: com/google/android/gms/dependencies/DependencyInspectorCustomizer> (0x00000000860c9b98) thrown at [./src/hotspot/share/classfile/systemDictionary.cpp, line 231]
Event: 10.396 Thread 0x000001e369e86000 Exception <a 'java/lang/ClassNotFoundException'{0x0000000085d53720}: org/gradle/api/internal/artifacts/configurations/DefaultConfigurationContainer_DecoratedBeanInfo> (0x0000000085d53720) thrown at [./src/hotspot/share/classfile/systemDictionary.cpp, line 231]
Event: 10.397 Thread 0x000001e369e86000 Exception <a 'java/lang/ClassNotFoundException'{0x0000000085d72c90}: org/gradle/api/internal/artifacts/configurations/DefaultConfigurationContainerBeanInfo> (0x0000000085d72c90) thrown at [./src/hotspot/share/classfile/systemDictionary.cpp, line 231]
Event: 10.398 Thread 0x000001e369e86000 Exception <a 'java/lang/ClassNotFoundException'{0x0000000085d84fb8}: org/gradle/api/internal/AbstractValidatingNamedDomainObjectContainerBeanInfo> (0x0000000085d84fb8) thrown at [./src/hotspot/share/classfile/systemDictionary.cpp, line 231]
Event: 10.399 Thread 0x000001e369e86000 Exception <a 'java/lang/ClassNotFoundException'{0x0000000085d97060}: org/gradle/api/internal/AbstractValidatingNamedDomainObjectContainerCustomizer> (0x0000000085d97060) thrown at [./src/hotspot/share/classfile/systemDictionary.cpp, line 231]
Event: 10.400 Thread 0x000001e369e86000 Exception <a 'java/lang/ClassNotFoundException'{0x0000000085dc1318}: org/gradle/api/internal/artifacts/configurations/DefaultConfigurationContainerCustomizer> (0x0000000085dc1318) thrown at [./src/hotspot/share/classfile/systemDictionary.cpp, line 231]
Event: 10.402 Thread 0x000001e369e86000 Exception <a 'java/lang/ClassNotFoundException'{0x0000000085df5f98}: org/gradle/api/internal/artifacts/configurations/DefaultConfigurationContainer_DecoratedCustomizer> (0x0000000085df5f98) thrown at [./src/hotspot/share/classfile/systemDictionary.cpp, line 231]
Event: 10.415 Thread 0x000001e369e86000 Exception <a 'java/lang/ClassNotFoundException'{0x0000000085a21f48}: org/gradle/api/internal/artifacts/configurations/DefaultConfiguration_DecoratedBeanInfo> (0x0000000085a21f48) thrown at [./src/hotspot/share/classfile/systemDictionary.cpp, line 231]
Event: 10.416 Thread 0x000001e369e86000 Exception <a 'java/lang/ClassNotFoundException'{0x0000000085a411b0}: org/gradle/api/internal/artifacts/configurations/DefaultConfigurationBeanInfo> (0x0000000085a411b0) thrown at [./src/hotspot/share/classfile/systemDictionary.cpp, line 231]
Event: 10.417 Thread 0x000001e369e86000 Exception <a 'java/lang/ClassNotFoundException'{0x0000000085a604d0}: org/gradle/api/internal/artifacts/configurations/DefaultConfigurationCustomizer> (0x0000000085a604d0) thrown at [./src/hotspot/share/classfile/systemDictionary.cpp, line 231]
Event: 10.427 Thread 0x000001e369e86000 Exception <a 'java/lang/ClassNotFoundException'{0x0000000085acc128}: org/gradle/api/internal/artifacts/configurations/DefaultConfiguration_DecoratedCustomizer> (0x0000000085acc128) thrown at [./src/hotspot/share/classfile/systemDictionary.cpp, line 231]
Event: 10.441 Thread 0x000001e369e86000 Exception <a 'java/lang/ClassNotFoundException'{0x0000000085985e38}: org/codehaus/groovy/runtime/MethodClosureBeanInfo> (0x0000000085985e38) thrown at [./src/hotspot/share/classfile/systemDictionary.cpp, line 231]
Event: 10.441 Thread 0x000001e369e86000 Exception <a 'java/lang/ClassNotFoundException'{0x0000000085996db8}: org/codehaus/groovy/runtime/MethodClosureCustomizer> (0x0000000085996db8) thrown at [./src/hotspot/share/classfile/systemDictionary.cpp, line 231]
Event: 10.446 Thread 0x000001e369e86000 Exception <a 'java/lang/ClassNotFoundException'{0x00000000859ed140}: org/gradle/api/internal/artifacts/configurations/DefaultConfiguration$ConfigurationResolvableDependencies_DecoratedBeanInfo> (0x00000000859ed140) thrown at [./src/hotspot/share/classfile/systemDictionary.cpp, line 231]
Event: 10.462 Thread 0x000001e369e86000 Exception <a 'java/lang/ClassNotFoundException'{0x00000000899147c8}: org/gradle/api/internal/artifacts/configurations/DefaultConfiguration$ConfigurationResolvableDependenciesBeanInfo> (0x00000000899147c8) thrown at [./src/hotspot/share/classfile/systemDictionary.cpp, line 231]

Events (20 events):
Event: 10.441 loading class org/codehaus/groovy/runtime/MethodClosureCustomizer
Event: 10.441 loading class org/codehaus/groovy/runtime/MethodClosureCustomizer done
Event: 10.443 loading class groovy/runtime/metaclass/org/gradle/api/internal/artifacts/configurations/DefaultConfiguration$ConfigurationResolvableDependencies_DecoratedMetaClass
Event: 10.443 loading class groovy/runtime/metaclass/org/gradle/api/internal/artifacts/configurations/DefaultConfiguration$ConfigurationResolvableDependencies_DecoratedMetaClass done
Event: 10.445 loading class org/gradle/api/internal/artifacts/configurations/DefaultConfiguration$ConfigurationResolvableDependencies_DecoratedBeanInfo
Event: 10.445 loading class org/gradle/api/internal/artifacts/configurations/DefaultConfiguration$ConfigurationResolvableDependencies_DecoratedBeanInfo done
Event: 10.446 loading class org/gradle/api/internal/artifacts/configurations/DefaultConfiguration$ConfigurationResolvableDependencies_DecoratedBeanInfo
Event: 10.446 loading class org/gradle/api/internal/artifacts/configurations/DefaultConfiguration$ConfigurationResolvableDependencies_DecoratedBeanInfo done
Event: 10.446 loading class org/gradle/api/internal/artifacts/configurations/DefaultConfiguration$ConfigurationResolvableDependencies_DecoratedBeanInfo
Event: 10.446 loading class org/gradle/api/internal/artifacts/configurations/DefaultConfiguration$ConfigurationResolvableDependencies_DecoratedBeanInfo done
Event: 10.446 loading class org/gradle/api/internal/artifacts/configurations/DefaultConfiguration$ConfigurationResolvableDependenciesBeanInfo
Event: 10.446 loading class org/gradle/api/internal/artifacts/configurations/DefaultConfiguration$ConfigurationResolvableDependenciesBeanInfo done
Event: 10.447 Executing VM operation: G1CollectForAllocation
Event: 10.461 Executing VM operation: G1CollectForAllocation done
Event: 10.462 loading class org/gradle/api/internal/artifacts/configurations/DefaultConfiguration$ConfigurationResolvableDependenciesBeanInfo
Event: 10.462 loading class org/gradle/api/internal/artifacts/configurations/DefaultConfiguration$ConfigurationResolvableDependenciesBeanInfo done
Event: 10.462 loading class org/gradle/api/internal/artifacts/configurations/DefaultConfiguration$ConfigurationResolvableDependenciesBeanInfo
Event: 10.462 loading class org/gradle/api/internal/artifacts/configurations/DefaultConfiguration$ConfigurationResolvableDependenciesBeanInfo done
Event: 10.462 loading class org/gradle/api/internal/artifacts/configurations/DefaultConfiguration$ConfigurationResolvableDependenciesCustomizer
Event: 10.462 loading class org/gradle/api/internal/artifacts/configurations/DefaultConfiguration$ConfigurationResolvableDependenciesCustomizer done


Dynamic libraries:
0x00007ff6e9f10000 - 0x00007ff6e9f1a000 	C:\Program Files\Android\Android Studio1\jre\bin\java.exe
0x00007ffba5110000 - 0x00007ffba5305000 	C:\WINDOWS\SYSTEM32\ntdll.dll
0x00007ffba3f60000 - 0x00007ffba401d000 	C:\WINDOWS\System32\KERNEL32.DLL
0x00007ffba2bf0000 - 0x00007ffba2eb8000 	C:\WINDOWS\System32\KERNELBASE.dll
0x00007ffba2f20000 - 0x00007ffba3020000 	C:\WINDOWS\System32\ucrtbase.dll
0x00007ffb8c9e0000 - 0x00007ffb8c9f7000 	C:\Program Files\Android\Android Studio1\jre\bin\VCRUNTIME140.dll
0x00007ffb8de80000 - 0x00007ffb8de99000 	C:\Program Files\Android\Android Studio1\jre\bin\jli.dll
0x00007ffba3930000 - 0x00007ffba3ad0000 	C:\WINDOWS\System32\USER32.dll
0x00007ffba3150000 - 0x00007ffba3172000 	C:\WINDOWS\System32\win32u.dll
0x00007ffb8d670000 - 0x00007ffb8d90a000 	C:\WINDOWS\WinSxS\amd64_microsoft.windows.common-controls_6595b64144ccf1df_6.0.19041.1052_none_60b8f8fd71f5e8cb\COMCTL32.dll
0x00007ffba4020000 - 0x00007ffba404a000 	C:\WINDOWS\System32\GDI32.dll
0x00007ffba3e40000 - 0x00007ffba3ede000 	C:\WINDOWS\System32\msvcrt.dll
0x00007ffba2950000 - 0x00007ffba2a5b000 	C:\WINDOWS\System32\gdi32full.dll
0x00007ffba3020000 - 0x00007ffba30bd000 	C:\WINDOWS\System32\msvcp_win.dll
0x00007ffba4070000 - 0x00007ffba40a0000 	C:\WINDOWS\System32\IMM32.DLL
0x00007ffb65a00000 - 0x00007ffb65a9d000 	C:\Program Files\Android\Android Studio1\jre\bin\msvcp140.dll
0x00007ffb5b560000 - 0x00007ffb5c01c000 	C:\Program Files\Android\Android Studio1\jre\bin\server\jvm.dll
0x00007ffba4f40000 - 0x00007ffba4fec000 	C:\WINDOWS\System32\ADVAPI32.dll
0x00007ffba40a0000 - 0x00007ffba413b000 	C:\WINDOWS\System32\sechost.dll
0x00007ffba3750000 - 0x00007ffba387b000 	C:\WINDOWS\System32\RPCRT4.dll
0x00007ffba4ad0000 - 0x00007ffba4ad8000 	C:\WINDOWS\System32\PSAPI.DLL
0x00007ffb8f3f0000 - 0x00007ffb8f417000 	C:\WINDOWS\SYSTEM32\WINMM.dll
0x00007ffb88160000 - 0x00007ffb88169000 	C:\WINDOWS\SYSTEM32\WSOCK32.dll
0x00007ffb99ec0000 - 0x00007ffb99eca000 	C:\WINDOWS\SYSTEM32\VERSION.dll
0x00007ffba3ef0000 - 0x00007ffba3f5b000 	C:\WINDOWS\System32\WS2_32.dll
0x00007ffba1120000 - 0x00007ffba1132000 	C:\WINDOWS\SYSTEM32\kernel.appcore.dll
0x00007ffb9b2f0000 - 0x00007ffb9b301000 	C:\Program Files\Android\Android Studio1\jre\bin\verify.dll
0x00007ffba04c0000 - 0x00007ffba06a4000 	C:\WINDOWS\SYSTEM32\DBGHELP.DLL
0x00007ffb8a280000 - 0x00007ffb8a2ac000 	C:\WINDOWS\SYSTEM32\dbgcore.DLL
0x00007ffba30c0000 - 0x00007ffba3143000 	C:\WINDOWS\System32\bcryptPrimitives.dll
0x00007ffb8e9d0000 - 0x00007ffb8e9f9000 	C:\Program Files\Android\Android Studio1\jre\bin\java.dll
0x00007ffba0480000 - 0x00007ffba048b000 	C:\Program Files\Android\Android Studio1\jre\bin\jimage.dll
0x00007ffb8f1e0000 - 0x00007ffb8f1f8000 	C:\Program Files\Android\Android Studio1\jre\bin\zip.dll
0x00007ffba4260000 - 0x00007ffba499f000 	C:\WINDOWS\System32\SHELL32.dll
0x00007ffba0980000 - 0x00007ffba1110000 	C:\WINDOWS\SYSTEM32\windows.storage.dll
0x00007ffba3ae0000 - 0x00007ffba3e35000 	C:\WINDOWS\System32\combase.dll
0x00007ffba22c0000 - 0x00007ffba22ec000 	C:\WINDOWS\SYSTEM32\Wldp.dll
0x00007ffba4a20000 - 0x00007ffba4ace000 	C:\WINDOWS\System32\SHCORE.dll
0x00007ffba4ee0000 - 0x00007ffba4f35000 	C:\WINDOWS\System32\shlwapi.dll
0x00007ffba2790000 - 0x00007ffba27af000 	C:\WINDOWS\SYSTEM32\profapi.dll
0x00007ffb8cd60000 - 0x00007ffb8cd7a000 	C:\Program Files\Android\Android Studio1\jre\bin\net.dll
0x00007ffb8f760000 - 0x00007ffb8f86b000 	C:\WINDOWS\SYSTEM32\WINHTTP.dll
0x00007ffba2030000 - 0x00007ffba209a000 	C:\WINDOWS\system32\mswsock.dll
0x00007ffb8cd40000 - 0x00007ffb8cd54000 	C:\Program Files\Android\Android Studio1\jre\bin\nio.dll
0x00007ffb71d90000 - 0x00007ffb71db7000 	C:\Users\DANY99SR\.gradle\native\f6784746aeab05261644944871eae4fe03e0ef1612fff0a4a95f87b438bc6780\windows-amd64\native-platform.dll
0x00007ffb9c700000 - 0x00007ffb9c70a000 	C:\Program Files\Android\Android Studio1\jre\bin\management.dll
0x00007ffb9c250000 - 0x00007ffb9c25c000 	C:\Program Files\Android\Android Studio1\jre\bin\management_ext.dll
0x00007ffba2210000 - 0x00007ffba2228000 	C:\WINDOWS\SYSTEM32\CRYPTSP.dll
0x00007ffba1960000 - 0x00007ffba1994000 	C:\WINDOWS\system32\rsaenh.dll
0x00007ffba2a60000 - 0x00007ffba2a87000 	C:\WINDOWS\System32\bcrypt.dll
0x00007ffba2750000 - 0x00007ffba277e000 	C:\WINDOWS\SYSTEM32\USERENV.dll
0x00007ffba2200000 - 0x00007ffba220c000 	C:\WINDOWS\SYSTEM32\CRYPTBASE.dll
0x00007ffba1cd0000 - 0x00007ffba1d0b000 	C:\WINDOWS\SYSTEM32\IPHLPAPI.DLL
0x00007ffba3ee0000 - 0x00007ffba3ee8000 	C:\WINDOWS\System32\NSI.dll
0x00007ffb98860000 - 0x00007ffb98877000 	C:\WINDOWS\SYSTEM32\dhcpcsvc6.DLL
0x00007ffb99180000 - 0x00007ffb9919d000 	C:\WINDOWS\SYSTEM32\dhcpcsvc.DLL
0x00007ffba1d20000 - 0x00007ffba1dec000 	C:\WINDOWS\SYSTEM32\DNSAPI.dll
0x00007ffb99ed0000 - 0x00007ffb99edb000 	C:\WINDOWS\SYSTEM32\WINNSI.DLL

dbghelp: loaded successfully - version: 4.0.5 - missing functions: none
symbol engine: initialized successfully - sym options: 0x614 - pdb path: .;C:\Program Files\Android\Android Studio1\jre\bin;C:\WINDOWS\SYSTEM32;C:\WINDOWS\WinSxS\amd64_microsoft.windows.common-controls_6595b64144ccf1df_6.0.19041.1052_none_60b8f8fd71f5e8cb;C:\Program Files\Android\Android Studio1\jre\bin\server;C:\Users\DANY99SR\.gradle\native\f6784746aeab05261644944871eae4fe03e0ef1612fff0a4a95f87b438bc6780\windows-amd64

VM Arguments:
jvm_args: --add-opens=java.base/java.util=ALL-UNNAMED --add-opens=java.base/java.lang=ALL-UNNAMED --add-opens=java.base/java.lang.invoke=ALL-UNNAMED --add-opens=java.prefs/java.util.prefs=ALL-UNNAMED -Xmx2048m -Dfile.encoding=UTF-8 -Duser.country=GB -Duser.language=en -Duser.variant 
java_command: org.gradle.launcher.daemon.bootstrap.GradleDaemon 6.5
java_class_path (initial): C:\Users\DANY99SR\.gradle\wrapper\dists\gradle-6.5-bin\6nifqtx7604sqp1q6g8wikw7p\gradle-6.5\lib\gradle-launcher-6.5.jar
Launcher Type: SUN_STANDARD

[Global flags]
     intx CICompilerCount                          = 4                                         {product} {ergonomic}
     uint ConcGCThreads                            = 2                                         {product} {ergonomic}
     uint G1ConcRefinementThreads                  = 8                                         {product} {ergonomic}
   size_t G1HeapRegionSize                         = 1048576                                   {product} {ergonomic}
    uintx GCDrainStackTargetSize                   = 64                                        {product} {ergonomic}
   size_t InitialHeapSize                          = 134217728                                 {product} {ergonomic}
   size_t MarkStackSize                            = 4194304                                   {product} {ergonomic}
   size_t MaxHeapSize                              = 2147483648                                {product} {command line}
   size_t MaxNewSize                               = 1287651328                                {product} {ergonomic}
   size_t MinHeapDeltaBytes                        = 1048576                                   {product} {ergonomic}
    uintx NonNMethodCodeHeapSize                   = 5836300                                {pd product} {ergonomic}
    uintx NonProfiledCodeHeapSize                  = 122910970                              {pd product} {ergonomic}
    uintx ProfiledCodeHeapSize                     = 122910970                              {pd product} {ergonomic}
    uintx ReservedCodeCacheSize                    = 251658240                              {pd product} {ergonomic}
     bool SegmentedCodeCache                       = true                                      {product} {ergonomic}
     bool UseCompressedClassPointers               = true                                 {lp64_product} {ergonomic}
     bool UseCompressedOops                        = true                                 {lp64_product} {ergonomic}
     bool UseG1GC                                  = true                                      {product} {ergonomic}
     bool UseLargePagesIndividualAllocation        = false                                  {pd product} {ergonomic}

Logging:
Log output configuration:
 #0: stdout all=warning uptime,level,tags
 #1: stderr all=off uptime,level,tags

Environment Variables:
JAVA_HOME=C:\Program Files\AdoptOpenJDK\jdk-8.0.252.09-hotspot
PATH=C:\Program Files\Microsoft MPI\Bin\;C:\Program Files\AdoptOpenJDK\jdk-8.0.252.09-hotspot\bin;C:\Program Files (x86)\Common Files\Oracle\Java\javapath;C:\Windows\system32;C:\Windows;C:\Windows\System32\Wbem;C:\Windows\System32\WindowsPowerShell\v1.0\;C:\Windows\System32\OpenSSH\;C:\Program Files\dotnet\;C:\Program Files\NVIDIA Corporation\NVIDIA NvDLISR;C:\Program Files (x86)\NVIDIA Corporation\PhysX\Common;C:\Android;C:\Program Files (x86)\Microsoft SQL Server\150\DTS\Binn\;C:\Program Files\Microsoft SQL Server\Client SDK\ODBC\170\Tools\Binn\;C:\Program Files (x86)\Microsoft SQL Server\150\Tools\Binn\;C:\Program Files\Microsoft SQL Server\150\Tools\Binn\;C:\Program Files\Microsoft SQL Server\150\DTS\Binn\;C:\Program Files\nodejs\;C:\Program Files\PostgreSQL\12\bin;C:\Program Files\Git\cmd;C:\Program Files\Microsoft SQL Server\130\Tools\Binn\;C:\WINDOWS\system32;C:\WINDOWS;C:\WINDOWS\System32\Wbem;C:\WINDOWS\System32\WindowsPowerShell\v1.0\;C:\WINDOWS\System32\OpenSSH\;C:\Program Files\Go\bin;C:\Users\DANY99SR\AppData\Local\Programs\Python\Python37\Scripts\;C:\Users\DANY99SR\AppData\Local\Programs\Python\Python37\;C:\Users\DANY99SR\AppData\Local\Microsoft\WindowsApps;C:\Users\DANY99SR\AppData\Local\Programs\Microsoft VS Code\bin;C:\Users\DANY99SR\AppData\Local\GitHubDesktop\bin;C:\Program Files\JetBrains\PyCharm 2020.1\bin;;C:\Users\DANY99SR\AppData\Roaming\npm;C:\Users\DANY99SR\.dotnet\tools;C:\Users\DANY99SR\AppData\Local\Microsoft\WindowsApps;C:\Users\DANY99SR\go\bin
USERNAME=DANY99SR
OS=Windows_NT
PROCESSOR_IDENTIFIER=Intel64 Family 6 Model 158 Stepping 9, GenuineIntel



---------------  S Y S T E M  ---------------

OS: Windows 10 , 64 bit Build 19041 (10.0.19041.1023)
OS uptime: 17 days 12:32 hours

CPU:total 8 (initial active 8) (4 cores per cpu, 2 threads per core) family 6 model 158 stepping 9, cmov, cx8, fxsr, mmx, sse, sse2, sse3, ssse3, sse4.1, sse4.2, popcnt, avx, avx2, aes, clmul, erms, 3dnowpref, lzcnt, ht, tsc, tscinvbit, bmi1, bmi2, adx, fma

Memory: 4k page, system-wide physical 8076M (342M free)
TotalPageFile size 32652M (AvailPageFile size 0M)
current process WorkingSet (physical memory assigned to process): 359M, peak: 367M
current process commit charge ("private bytes"): 400M, peak: 409M

vm_info: OpenJDK 64-Bit Server VM (11.0.8+10-b944.6842174) for windows-amd64 JRE (11.0.8+10-b944.6842174), built on Sep 19 2020 01:11:42 by "builder" with MS VC++ 14.0 (VS2015)

END.
